[0.104s] Invoking command in '/home/vboxuser/UAV_UGV_netmonitoring/build/uav_msgs': CMAKE_PREFIX_PATH=${CMAKE_PREFIX_PATH}:/home/vboxuser/ros2_ws/install/weather_server:/home/vboxuser/ros2_ws/install/ugv_charger:/home/vboxuser/ros2_ws/install/uav_controller:/home/vboxuser/ros2_ws/install/traffic_generator:/home/vboxuser/ros2_ws/install/system_launcher:/home/vboxuser/ros2_ws/install/net_emulator:/home/vboxuser/ros2_ws/install/metrics_aggregator:/home/vboxuser/ros2_ws/install/fault_injector:/home/vboxuser/ros2_ws/install/coverage_planner:/home/vboxuser/ros2_ws/install/ch_manager:/home/vboxuser/ros2_ws/install/battery_manager:/home/vboxuser/ros2_ws/install/turtle_square_py:/home/vboxuser/ros2_ws/install/python_parameters:/home/vboxuser/ros2_ws/install/py_srvcli:/home/vboxuser/ros2_ws/install/py_pubsub:/home/vboxuser/ros2_ws/install/fibonacci_action:/opt/ros/humble /usr/bin/cmake --build /home/vboxuser/UAV_UGV_netmonitoring/build/uav_msgs -- -j6 -l6
[0.202s] -- Found ament_cmake: 1.3.12 (/opt/ros/humble/share/ament_cmake/cmake)
[0.770s] -- Found rosidl_default_generators: 1.2.0 (/opt/ros/humble/share/rosidl_default_generators/cmake)
[0.778s] -- Using all available rosidl_typesupport_c: rosidl_typesupport_fastrtps_c;rosidl_typesupport_introspection_c
[0.779s] -- Found rosidl_adapter: 3.1.7 (/opt/ros/humble/share/rosidl_adapter/cmake)
[0.808s] -- Using all available rosidl_typesupport_cpp: rosidl_typesupport_fastrtps_cpp;rosidl_typesupport_introspection_cpp
[0.857s] -- Found builtin_interfaces: 1.2.2 (/opt/ros/humble/share/builtin_interfaces/cmake)
[0.872s] -- Found geometry_msgs: 4.9.0 (/opt/ros/humble/share/geometry_msgs/cmake)
[1.405s] -- Found ament_cmake_ros: 0.10.0 (/opt/ros/humble/share/ament_cmake_ros/cmake)
[1.655s] -- Using all available rosidl_typesupport_c: rosidl_typesupport_fastrtps_c;rosidl_typesupport_introspection_c
[1.951s] -- Using all available rosidl_typesupport_cpp: rosidl_typesupport_fastrtps_cpp;rosidl_typesupport_introspection_cpp
[1.993s] -- Found python_cmake_module: 0.10.0 (/opt/ros/humble/share/python_cmake_module/cmake)
[2.017s] -- Using PYTHON_EXECUTABLE: /usr/bin/python3
[2.018s] -- Using PYTHON_INCLUDE_DIRS: /usr/include/python3.10
[2.018s] -- Using PYTHON_LIBRARIES: /usr/lib/x86_64-linux-gnu/libpython3.10.so
[2.061s] -- Found ament_lint_auto: 0.12.14 (/opt/ros/humble/share/ament_lint_auto/cmake)
[2.067s] -- Configuring done
[2.198s] -- Generating done
[2.221s] -- Build files have been written to: /home/vboxuser/UAV_UGV_netmonitoring/build/uav_msgs
[2.257s] [  1%] [34m[1mGenerating C code for ROS interfaces[0m
[2.274s] [  1%] [34m[1mGenerating C++ code for ROS interfaces[0m
[2.337s] [  1%] Built target ament_cmake_python_copy_uav_msgs
[2.754s] running egg_info
[2.765s] writing uav_msgs.egg-info/PKG-INFO
[2.785s] writing dependency_links to uav_msgs.egg-info/dependency_links.txt
[2.785s] writing top-level names to uav_msgs.egg-info/top_level.txt
[2.825s] reading manifest file 'uav_msgs.egg-info/SOURCES.txt'
[2.825s] writing manifest file 'uav_msgs.egg-info/SOURCES.txt'
[2.906s] [  1%] Built target ament_cmake_python_build_uav_msgs_egg
[4.153s] [35m[1mConsolidate compiler generated dependencies of target uav_msgs__rosidl_generator_c[0m
[4.196s] [  2%] [32mBuilding C object CMakeFiles/uav_msgs__rosidl_generator_c.dir/rosidl_generator_c/uav_msgs/msg/detail/uav_status__functions.c.o[0m
[4.256s] [  3%] [32mBuilding C object CMakeFiles/uav_msgs__rosidl_generator_c.dir/rosidl_generator_c/uav_msgs/msg/detail/traffic_message__functions.c.o[0m
[4.265s] [  4%] [32mBuilding C object CMakeFiles/uav_msgs__rosidl_generator_c.dir/rosidl_generator_c/uav_msgs/msg/detail/heartbeat__functions.c.o[0m
[4.276s] [  4%] [32mBuilding C object CMakeFiles/uav_msgs__rosidl_generator_c.dir/rosidl_generator_c/uav_msgs/msg/detail/cluster_info__functions.c.o[0m
[4.363s] [  5%] [32mBuilding C object CMakeFiles/uav_msgs__rosidl_generator_c.dir/rosidl_generator_c/uav_msgs/msg/detail/charge_decision__functions.c.o[0m
[4.386s] [  6%] [32mBuilding C object CMakeFiles/uav_msgs__rosidl_generator_c.dir/rosidl_generator_c/uav_msgs/msg/detail/charge_request__functions.c.o[0m
[4.390s] [  7%] [32mBuilding C object CMakeFiles/uav_msgs__rosidl_generator_c.dir/rosidl_generator_c/uav_msgs/srv/detail/send_debug_text__functions.c.o[0m
[4.392s] [  8%] [32mBuilding C object CMakeFiles/uav_msgs__rosidl_generator_c.dir/rosidl_generator_c/uav_msgs/srv/detail/request_charge__functions.c.o[0m
[4.398s] [  9%] [32mBuilding C object CMakeFiles/uav_msgs__rosidl_generator_c.dir/rosidl_generator_c/uav_msgs/action/detail/dock_and_charge__functions.c.o[0m
[4.566s] [  9%] [32mBuilding C object CMakeFiles/uav_msgs__rosidl_generator_c.dir/rosidl_generator_c/uav_msgs/msg/detail/weather_status__functions.c.o[0m
[4.666s] [ 10%] [32mBuilding C object CMakeFiles/uav_msgs__rosidl_generator_c.dir/rosidl_generator_c/uav_msgs/msg/detail/failure_event__functions.c.o[0m
[4.684s] [ 11%] [32mBuilding C object CMakeFiles/uav_msgs__rosidl_generator_c.dir/rosidl_generator_c/uav_msgs/msg/detail/uav_deployment__functions.c.o[0m
[4.945s] [ 12%] [32m[1mLinking C shared library libuav_msgs__rosidl_generator_c.so[0m
[4.983s] [ 12%] Built target uav_msgs__cpp
[5.081s] [ 12%] [34m[1mGenerating C++ type support for eProsima Fast-RTPS[0m
[5.085s] [ 13%] [34m[1mGenerating C++ type support dispatch for ROS interfaces[0m
[5.111s] [ 14%] [34m[1mGenerating C++ introspection for ROS interfaces[0m
[5.141s] [ 14%] Built target uav_msgs__rosidl_generator_c
[5.242s] [ 15%] [34m[1mGenerating C type support dispatch for ROS interfaces[0m
[5.251s] [ 16%] [34m[1mGenerating C type support for eProsima Fast-RTPS[0m
[5.251s] [ 17%] [34m[1mGenerating C introspection for ROS interfaces[0m
[6.571s] [35m[1mConsolidate compiler generated dependencies of target uav_msgs__rosidl_typesupport_cpp[0m
[6.604s] [ 18%] [32mBuilding CXX object CMakeFiles/uav_msgs__rosidl_typesupport_cpp.dir/rosidl_typesupport_cpp/uav_msgs/msg/uav_status__type_support.cpp.o[0m
[6.945s] [35m[1mConsolidate compiler generated dependencies of target uav_msgs__rosidl_typesupport_c[0m
[6.972s] [ 19%] [32mBuilding CXX object CMakeFiles/uav_msgs__rosidl_typesupport_c.dir/rosidl_typesupport_c/uav_msgs/msg/uav_status__type_support.cpp.o[0m
[7.023s] [ 19%] [32mBuilding CXX object CMakeFiles/uav_msgs__rosidl_typesupport_c.dir/rosidl_typesupport_c/uav_msgs/msg/heartbeat__type_support.cpp.o[0m
[7.043s] [ 20%] [32mBuilding CXX object CMakeFiles/uav_msgs__rosidl_typesupport_cpp.dir/rosidl_typesupport_cpp/uav_msgs/msg/heartbeat__type_support.cpp.o[0m
[7.082s] [ 21%] [32mBuilding CXX object CMakeFiles/uav_msgs__rosidl_typesupport_c.dir/rosidl_typesupport_c/uav_msgs/msg/traffic_message__type_support.cpp.o[0m
[7.128s] [35m[1mConsolidate compiler generated dependencies of target uav_msgs__rosidl_typesupport_introspection_cpp[0m
[7.130s] [ 22%] [32mBuilding CXX object CMakeFiles/uav_msgs__rosidl_typesupport_c.dir/rosidl_typesupport_c/uav_msgs/msg/cluster_info__type_support.cpp.o[0m
[7.192s] [ 22%] [32mBuilding CXX object CMakeFiles/uav_msgs__rosidl_typesupport_introspection_cpp.dir/rosidl_typesupport_introspection_cpp/uav_msgs/msg/detail/uav_status__type_support.cpp.o[0m
[7.223s] [ 23%] [32mBuilding CXX object CMakeFiles/uav_msgs__rosidl_typesupport_c.dir/rosidl_typesupport_c/uav_msgs/msg/charge_decision__type_support.cpp.o[0m
[7.284s] [35m[1mConsolidate compiler generated dependencies of target uav_msgs__rosidl_typesupport_fastrtps_c[0m
[7.312s] [ 24%] [32mBuilding CXX object CMakeFiles/uav_msgs__rosidl_typesupport_c.dir/rosidl_typesupport_c/uav_msgs/msg/charge_request__type_support.cpp.o[0m
[7.337s] [35m[1mConsolidate compiler generated dependencies of target uav_msgs__rosidl_typesupport_introspection_c[0m
[7.359s] [ 25%] [32mBuilding CXX object CMakeFiles/uav_msgs__rosidl_typesupport_fastrtps_c.dir/rosidl_typesupport_fastrtps_c/uav_msgs/msg/detail/uav_status__type_support_c.cpp.o[0m
[7.433s] [ 26%] [32mBuilding CXX object CMakeFiles/uav_msgs__rosidl_typesupport_c.dir/rosidl_typesupport_c/uav_msgs/srv/request_charge__type_support.cpp.o[0m
[7.464s] [ 27%] [32mBuilding C object CMakeFiles/uav_msgs__rosidl_typesupport_introspection_c.dir/rosidl_typesupport_introspection_c/uav_msgs/msg/detail/uav_status__type_support.c.o[0m
[7.497s] [ 27%] [32mBuilding CXX object CMakeFiles/uav_msgs__rosidl_typesupport_c.dir/rosidl_typesupport_c/uav_msgs/srv/send_debug_text__type_support.cpp.o[0m
[7.505s] [ 28%] [32mBuilding CXX object CMakeFiles/uav_msgs__rosidl_typesupport_cpp.dir/rosidl_typesupport_cpp/uav_msgs/msg/traffic_message__type_support.cpp.o[0m
[7.614s] [ 30%] [32mBuilding CXX object CMakeFiles/uav_msgs__rosidl_typesupport_c.dir/rosidl_typesupport_c/uav_msgs/action/dock_and_charge__type_support.cpp.o[0m
[7.616s] [ 30%] [32mBuilding C object CMakeFiles/uav_msgs__rosidl_typesupport_introspection_c.dir/rosidl_typesupport_introspection_c/uav_msgs/msg/detail/heartbeat__type_support.c.o[0m
[7.704s] [ 31%] [32mBuilding C object CMakeFiles/uav_msgs__rosidl_typesupport_introspection_c.dir/rosidl_typesupport_introspection_c/uav_msgs/msg/detail/traffic_message__type_support.c.o[0m
[7.807s] [ 32%] [32mBuilding CXX object CMakeFiles/uav_msgs__rosidl_typesupport_c.dir/rosidl_typesupport_c/uav_msgs/msg/weather_status__type_support.cpp.o[0m
[7.825s] [ 32%] [32mBuilding C object CMakeFiles/uav_msgs__rosidl_typesupport_introspection_c.dir/rosidl_typesupport_introspection_c/uav_msgs/msg/detail/cluster_info__type_support.c.o[0m
[7.915s] [ 33%] [32mBuilding CXX object CMakeFiles/uav_msgs__rosidl_typesupport_c.dir/rosidl_typesupport_c/uav_msgs/msg/failure_event__type_support.cpp.o[0m
[7.983s] [35m[1mConsolidate compiler generated dependencies of target uav_msgs__rosidl_typesupport_fastrtps_cpp[0m
[8.013s] [ 34%] [32mBuilding C object CMakeFiles/uav_msgs__rosidl_typesupport_introspection_c.dir/rosidl_typesupport_introspection_c/uav_msgs/msg/detail/charge_decision__type_support.c.o[0m
[8.019s] [ 35%] [32mBuilding CXX object CMakeFiles/uav_msgs__rosidl_typesupport_fastrtps_cpp.dir/rosidl_typesupport_fastrtps_cpp/uav_msgs/msg/detail/dds_fastrtps/uav_status__type_support.cpp.o[0m
[8.144s] [ 36%] [32mBuilding CXX object CMakeFiles/uav_msgs__rosidl_typesupport_c.dir/rosidl_typesupport_c/uav_msgs/msg/uav_deployment__type_support.cpp.o[0m
[8.156s] [ 37%] [32mBuilding C object CMakeFiles/uav_msgs__rosidl_typesupport_introspection_c.dir/rosidl_typesupport_introspection_c/uav_msgs/msg/detail/charge_request__type_support.c.o[0m
[8.281s] [ 38%] [32m[1mLinking CXX shared library libuav_msgs__rosidl_typesupport_c.so[0m
[8.410s] [ 39%] [32mBuilding CXX object CMakeFiles/uav_msgs__rosidl_typesupport_fastrtps_c.dir/rosidl_typesupport_fastrtps_c/uav_msgs/msg/detail/heartbeat__type_support_c.cpp.o[0m
[8.411s] [ 40%] [32mBuilding CXX object CMakeFiles/uav_msgs__rosidl_typesupport_cpp.dir/rosidl_typesupport_cpp/uav_msgs/msg/cluster_info__type_support.cpp.o[0m
[8.426s] [ 41%] [32mBuilding C object CMakeFiles/uav_msgs__rosidl_typesupport_introspection_c.dir/rosidl_typesupport_introspection_c/uav_msgs/srv/detail/request_charge__type_support.c.o[0m
[8.437s] [ 42%] [32mBuilding CXX object CMakeFiles/uav_msgs__rosidl_typesupport_introspection_cpp.dir/rosidl_typesupport_introspection_cpp/uav_msgs/msg/detail/heartbeat__type_support.cpp.o[0m
[8.572s] [ 42%] Built target uav_msgs__rosidl_typesupport_c
[8.632s] [ 42%] [32mBuilding CXX object CMakeFiles/uav_msgs__rosidl_typesupport_fastrtps_c.dir/rosidl_typesupport_fastrtps_c/uav_msgs/msg/detail/traffic_message__type_support_c.cpp.o[0m
[8.651s] [ 43%] [32mBuilding C object CMakeFiles/uav_msgs__rosidl_typesupport_introspection_c.dir/rosidl_typesupport_introspection_c/uav_msgs/srv/detail/send_debug_text__type_support.c.o[0m
[9.049s] [ 44%] [32mBuilding C object CMakeFiles/uav_msgs__rosidl_typesupport_introspection_c.dir/rosidl_typesupport_introspection_c/uav_msgs/action/detail/dock_and_charge__type_support.c.o[0m
[9.052s] [ 44%] [32mBuilding CXX object CMakeFiles/uav_msgs__rosidl_typesupport_cpp.dir/rosidl_typesupport_cpp/uav_msgs/msg/charge_decision__type_support.cpp.o[0m
[9.157s] [ 45%] [32mBuilding CXX object CMakeFiles/uav_msgs__rosidl_typesupport_fastrtps_c.dir/rosidl_typesupport_fastrtps_c/uav_msgs/msg/detail/cluster_info__type_support_c.cpp.o[0m
[9.188s] [ 46%] [32mBuilding CXX object CMakeFiles/uav_msgs__rosidl_typesupport_fastrtps_cpp.dir/rosidl_typesupport_fastrtps_cpp/uav_msgs/msg/detail/dds_fastrtps/heartbeat__type_support.cpp.o[0m
[9.220s] [ 47%] [32mBuilding C object CMakeFiles/uav_msgs__rosidl_typesupport_introspection_c.dir/rosidl_typesupport_introspection_c/uav_msgs/msg/detail/weather_status__type_support.c.o[0m
[9.264s] [ 48%] [32mBuilding CXX object CMakeFiles/uav_msgs__rosidl_typesupport_fastrtps_c.dir/rosidl_typesupport_fastrtps_c/uav_msgs/msg/detail/charge_decision__type_support_c.cpp.o[0m
[9.276s] [ 48%] [32mBuilding C object CMakeFiles/uav_msgs__rosidl_typesupport_introspection_c.dir/rosidl_typesupport_introspection_c/uav_msgs/msg/detail/failure_event__type_support.c.o[0m
[9.308s] [ 49%] [32mBuilding CXX object CMakeFiles/uav_msgs__rosidl_typesupport_introspection_cpp.dir/rosidl_typesupport_introspection_cpp/uav_msgs/msg/detail/traffic_message__type_support.cpp.o[0m
[9.319s] [ 50%] [32mBuilding C object CMakeFiles/uav_msgs__rosidl_typesupport_introspection_c.dir/rosidl_typesupport_introspection_c/uav_msgs/msg/detail/uav_deployment__type_support.c.o[0m
[9.358s] [ 51%] [32m[1mLinking C shared library libuav_msgs__rosidl_typesupport_introspection_c.so[0m
[9.407s] [ 52%] [32mBuilding CXX object CMakeFiles/uav_msgs__rosidl_typesupport_cpp.dir/rosidl_typesupport_cpp/uav_msgs/msg/charge_request__type_support.cpp.o[0m
[9.412s] [ 52%] Built target uav_msgs__rosidl_typesupport_introspection_c
[9.437s] [ 53%] [32mBuilding CXX object CMakeFiles/uav_msgs__rosidl_typesupport_fastrtps_cpp.dir/rosidl_typesupport_fastrtps_cpp/uav_msgs/msg/detail/dds_fastrtps/traffic_message__type_support.cpp.o[0m
[9.563s] [ 54%] [32mBuilding CXX object CMakeFiles/uav_msgs__rosidl_typesupport_fastrtps_c.dir/rosidl_typesupport_fastrtps_c/uav_msgs/msg/detail/charge_request__type_support_c.cpp.o[0m
[9.711s] [ 55%] [32mBuilding CXX object CMakeFiles/uav_msgs__rosidl_typesupport_fastrtps_c.dir/rosidl_typesupport_fastrtps_c/uav_msgs/srv/detail/request_charge__type_support_c.cpp.o[0m
[9.899s] [ 56%] [32mBuilding CXX object CMakeFiles/uav_msgs__rosidl_typesupport_introspection_cpp.dir/rosidl_typesupport_introspection_cpp/uav_msgs/msg/detail/cluster_info__type_support.cpp.o[0m
[9.947s] [ 57%] [32mBuilding CXX object CMakeFiles/uav_msgs__rosidl_typesupport_fastrtps_cpp.dir/rosidl_typesupport_fastrtps_cpp/uav_msgs/msg/detail/dds_fastrtps/cluster_info__type_support.cpp.o[0m
[10.138s] [ 58%] [32mBuilding CXX object CMakeFiles/uav_msgs__rosidl_typesupport_cpp.dir/rosidl_typesupport_cpp/uav_msgs/srv/request_charge__type_support.cpp.o[0m
[10.147s] [ 59%] [32mBuilding CXX object CMakeFiles/uav_msgs__rosidl_typesupport_fastrtps_cpp.dir/rosidl_typesupport_fastrtps_cpp/uav_msgs/msg/detail/dds_fastrtps/charge_decision__type_support.cpp.o[0m
[10.285s] [ 60%] [32mBuilding CXX object CMakeFiles/uav_msgs__rosidl_typesupport_fastrtps_c.dir/rosidl_typesupport_fastrtps_c/uav_msgs/srv/detail/send_debug_text__type_support_c.cpp.o[0m
[10.366s] [ 60%] [32mBuilding CXX object CMakeFiles/uav_msgs__rosidl_typesupport_fastrtps_c.dir/rosidl_typesupport_fastrtps_c/uav_msgs/action/detail/dock_and_charge__type_support_c.cpp.o[0m
[10.612s] [ 61%] [32mBuilding CXX object CMakeFiles/uav_msgs__rosidl_typesupport_introspection_cpp.dir/rosidl_typesupport_introspection_cpp/uav_msgs/msg/detail/charge_decision__type_support.cpp.o[0m
[10.620s] [ 62%] [32mBuilding CXX object CMakeFiles/uav_msgs__rosidl_typesupport_cpp.dir/rosidl_typesupport_cpp/uav_msgs/srv/send_debug_text__type_support.cpp.o[0m
[10.740s] [ 63%] [32mBuilding CXX object CMakeFiles/uav_msgs__rosidl_typesupport_introspection_cpp.dir/rosidl_typesupport_introspection_cpp/uav_msgs/msg/detail/charge_request__type_support.cpp.o[0m
[10.767s] [ 63%] [32mBuilding CXX object CMakeFiles/uav_msgs__rosidl_typesupport_fastrtps_cpp.dir/rosidl_typesupport_fastrtps_cpp/uav_msgs/msg/detail/dds_fastrtps/charge_request__type_support.cpp.o[0m
[10.852s] [ 64%] [32mBuilding CXX object CMakeFiles/uav_msgs__rosidl_typesupport_fastrtps_c.dir/rosidl_typesupport_fastrtps_c/uav_msgs/msg/detail/weather_status__type_support_c.cpp.o[0m
[10.886s] [ 65%] [32mBuilding CXX object CMakeFiles/uav_msgs__rosidl_typesupport_fastrtps_c.dir/rosidl_typesupport_fastrtps_c/uav_msgs/msg/detail/failure_event__type_support_c.cpp.o[0m
[10.932s] [ 66%] [32mBuilding CXX object CMakeFiles/uav_msgs__rosidl_typesupport_cpp.dir/rosidl_typesupport_cpp/uav_msgs/action/dock_and_charge__type_support.cpp.o[0m
[11.017s] [ 66%] [32mBuilding CXX object CMakeFiles/uav_msgs__rosidl_typesupport_introspection_cpp.dir/rosidl_typesupport_introspection_cpp/uav_msgs/srv/detail/request_charge__type_support.cpp.o[0m
[11.095s] [ 67%] [32mBuilding CXX object CMakeFiles/uav_msgs__rosidl_typesupport_introspection_cpp.dir/rosidl_typesupport_introspection_cpp/uav_msgs/srv/detail/send_debug_text__type_support.cpp.o[0m
[11.327s] [ 68%] [32mBuilding CXX object CMakeFiles/uav_msgs__rosidl_typesupport_introspection_cpp.dir/rosidl_typesupport_introspection_cpp/uav_msgs/action/detail/dock_and_charge__type_support.cpp.o[0m
[11.391s] [ 69%] [32mBuilding CXX object CMakeFiles/uav_msgs__rosidl_typesupport_fastrtps_c.dir/rosidl_typesupport_fastrtps_c/uav_msgs/msg/detail/uav_deployment__type_support_c.cpp.o[0m
[11.434s] [ 70%] [32mBuilding CXX object CMakeFiles/uav_msgs__rosidl_typesupport_fastrtps_cpp.dir/rosidl_typesupport_fastrtps_cpp/uav_msgs/srv/detail/dds_fastrtps/request_charge__type_support.cpp.o[0m
[11.589s] [ 71%] [32mBuilding CXX object CMakeFiles/uav_msgs__rosidl_typesupport_cpp.dir/rosidl_typesupport_cpp/uav_msgs/msg/weather_status__type_support.cpp.o[0m
[11.597s] [ 71%] [32mBuilding CXX object CMakeFiles/uav_msgs__rosidl_typesupport_cpp.dir/rosidl_typesupport_cpp/uav_msgs/msg/failure_event__type_support.cpp.o[0m
[11.882s] [ 72%] [32mBuilding CXX object CMakeFiles/uav_msgs__rosidl_typesupport_cpp.dir/rosidl_typesupport_cpp/uav_msgs/msg/uav_deployment__type_support.cpp.o[0m
[11.947s] [ 73%] [32mBuilding CXX object CMakeFiles/uav_msgs__rosidl_typesupport_introspection_cpp.dir/rosidl_typesupport_introspection_cpp/uav_msgs/msg/detail/failure_event__type_support.cpp.o[0m
[11.967s] [ 74%] [32mBuilding CXX object CMakeFiles/uav_msgs__rosidl_typesupport_introspection_cpp.dir/rosidl_typesupport_introspection_cpp/uav_msgs/msg/detail/weather_status__type_support.cpp.o[0m
[12.042s] [ 75%] [32m[1mLinking CXX shared library libuav_msgs__rosidl_typesupport_fastrtps_c.so[0m
[12.050s] [ 76%] [32mBuilding CXX object CMakeFiles/uav_msgs__rosidl_typesupport_introspection_cpp.dir/rosidl_typesupport_introspection_cpp/uav_msgs/msg/detail/uav_deployment__type_support.cpp.o[0m
[12.265s] [ 77%] [32mBuilding CXX object CMakeFiles/uav_msgs__rosidl_typesupport_fastrtps_cpp.dir/rosidl_typesupport_fastrtps_cpp/uav_msgs/srv/detail/dds_fastrtps/send_debug_text__type_support.cpp.o[0m
[12.457s] [ 78%] [32m[1mLinking CXX shared library libuav_msgs__rosidl_typesupport_cpp.so[0m
[12.494s] [ 78%] Built target uav_msgs__rosidl_typesupport_fastrtps_c
[12.552s] [ 79%] [32mBuilding CXX object CMakeFiles/uav_msgs__rosidl_typesupport_fastrtps_cpp.dir/rosidl_typesupport_fastrtps_cpp/uav_msgs/action/detail/dds_fastrtps/dock_and_charge__type_support.cpp.o[0m
[12.645s] [ 80%] [32mBuilding CXX object CMakeFiles/uav_msgs__rosidl_typesupport_fastrtps_cpp.dir/rosidl_typesupport_fastrtps_cpp/uav_msgs/msg/detail/dds_fastrtps/weather_status__type_support.cpp.o[0m
[12.655s] [ 80%] Built target uav_msgs__rosidl_typesupport_cpp
[12.834s] [ 81%] [32mBuilding CXX object CMakeFiles/uav_msgs__rosidl_typesupport_fastrtps_cpp.dir/rosidl_typesupport_fastrtps_cpp/uav_msgs/msg/detail/dds_fastrtps/failure_event__type_support.cpp.o[0m
[12.907s] [ 81%] [32mBuilding CXX object CMakeFiles/uav_msgs__rosidl_typesupport_fastrtps_cpp.dir/rosidl_typesupport_fastrtps_cpp/uav_msgs/msg/detail/dds_fastrtps/uav_deployment__type_support.cpp.o[0m
[13.100s] [ 82%] [32m[1mLinking CXX shared library libuav_msgs__rosidl_typesupport_introspection_cpp.so[0m
[13.353s] [ 82%] Built target uav_msgs__rosidl_typesupport_introspection_cpp
[13.905s] [ 83%] [32m[1mLinking CXX shared library libuav_msgs__rosidl_typesupport_fastrtps_cpp.so[0m
[14.002s] [ 83%] Built target uav_msgs__rosidl_typesupport_fastrtps_cpp
[14.034s] [ 83%] Built target uav_msgs
[14.124s] [ 84%] [34m[1mGenerating Python code for ROS interfaces[0m
[15.946s] [ 84%] Built target uav_msgs__py
[16.008s] [35m[1mConsolidate compiler generated dependencies of target uav_msgs__rosidl_generator_py[0m
[16.034s] [ 86%] [32mBuilding C object CMakeFiles/uav_msgs__rosidl_generator_py.dir/rosidl_generator_py/uav_msgs/msg/_heartbeat_s.c.o[0m
[16.035s] [ 86%] [32mBuilding C object CMakeFiles/uav_msgs__rosidl_generator_py.dir/rosidl_generator_py/uav_msgs/msg/_uav_status_s.c.o[0m
[16.035s] [ 87%] [32mBuilding C object CMakeFiles/uav_msgs__rosidl_generator_py.dir/rosidl_generator_py/uav_msgs/msg/_traffic_message_s.c.o[0m
[16.035s] [ 88%] [32mBuilding C object CMakeFiles/uav_msgs__rosidl_generator_py.dir/rosidl_generator_py/uav_msgs/msg/_charge_decision_s.c.o[0m
[16.035s] [ 88%] [32mBuilding C object CMakeFiles/uav_msgs__rosidl_generator_py.dir/rosidl_generator_py/uav_msgs/msg/_cluster_info_s.c.o[0m
[16.038s] [ 89%] [32mBuilding C object CMakeFiles/uav_msgs__rosidl_generator_py.dir/rosidl_generator_py/uav_msgs/msg/_charge_request_s.c.o[0m
[16.198s] [ 90%] [32mBuilding C object CMakeFiles/uav_msgs__rosidl_generator_py.dir/rosidl_generator_py/uav_msgs/srv/_request_charge_s.c.o[0m
[16.206s] [ 91%] [32mBuilding C object CMakeFiles/uav_msgs__rosidl_generator_py.dir/rosidl_generator_py/uav_msgs/srv/_send_debug_text_s.c.o[0m
[16.206s] [ 92%] [32mBuilding C object CMakeFiles/uav_msgs__rosidl_generator_py.dir/rosidl_generator_py/uav_msgs/action/_dock_and_charge_s.c.o[0m
[16.230s] [ 92%] [32mBuilding C object CMakeFiles/uav_msgs__rosidl_generator_py.dir/rosidl_generator_py/uav_msgs/msg/_weather_status_s.c.o[0m
[16.241s] [ 93%] [32mBuilding C object CMakeFiles/uav_msgs__rosidl_generator_py.dir/rosidl_generator_py/uav_msgs/msg/_uav_deployment_s.c.o[0m
[16.279s] [ 94%] [32mBuilding C object CMakeFiles/uav_msgs__rosidl_generator_py.dir/rosidl_generator_py/uav_msgs/msg/_failure_event_s.c.o[0m
[16.414s] [ 95%] [32m[1mLinking C shared library rosidl_generator_py/uav_msgs/libuav_msgs__rosidl_generator_py.so[0m
[16.521s] [ 95%] Built target uav_msgs__rosidl_generator_py
[16.546s] [35m[1mConsolidate compiler generated dependencies of target uav_msgs__rosidl_typesupport_fastrtps_c__pyext[0m
[16.546s] [35m[1mConsolidate compiler generated dependencies of target uav_msgs__rosidl_typesupport_introspection_c__pyext[0m
[16.546s] [35m[1mConsolidate compiler generated dependencies of target uav_msgs__rosidl_typesupport_c__pyext[0m
[16.562s] [ 95%] [32mBuilding C object CMakeFiles/uav_msgs__rosidl_typesupport_c__pyext.dir/rosidl_generator_py/uav_msgs/_uav_msgs_s.ep.rosidl_typesupport_c.c.o[0m
[16.562s] [ 96%] [32mBuilding C object CMakeFiles/uav_msgs__rosidl_typesupport_introspection_c__pyext.dir/rosidl_generator_py/uav_msgs/_uav_msgs_s.ep.rosidl_typesupport_introspection_c.c.o[0m
[16.562s] [ 97%] [32mBuilding C object CMakeFiles/uav_msgs__rosidl_typesupport_fastrtps_c__pyext.dir/rosidl_generator_py/uav_msgs/_uav_msgs_s.ep.rosidl_typesupport_fastrtps_c.c.o[0m
[16.789s] [ 98%] [32m[1mLinking C shared library rosidl_generator_py/uav_msgs/uav_msgs_s__rosidl_typesupport_introspection_c.cpython-310-x86_64-linux-gnu.so[0m
[16.793s] [ 99%] [32m[1mLinking C shared library rosidl_generator_py/uav_msgs/uav_msgs_s__rosidl_typesupport_c.cpython-310-x86_64-linux-gnu.so[0m
[16.819s] [100%] [32m[1mLinking C shared library rosidl_generator_py/uav_msgs/uav_msgs_s__rosidl_typesupport_fastrtps_c.cpython-310-x86_64-linux-gnu.so[0m
[16.954s] [100%] Built target uav_msgs__rosidl_typesupport_introspection_c__pyext
[16.958s] [100%] Built target uav_msgs__rosidl_typesupport_c__pyext
[16.969s] [100%] Built target uav_msgs__rosidl_typesupport_fastrtps_c__pyext
[17.051s] Invoked command in '/home/vboxuser/UAV_UGV_netmonitoring/build/uav_msgs' returned '0': CMAKE_PREFIX_PATH=${CMAKE_PREFIX_PATH}:/home/vboxuser/ros2_ws/install/weather_server:/home/vboxuser/ros2_ws/install/ugv_charger:/home/vboxuser/ros2_ws/install/uav_controller:/home/vboxuser/ros2_ws/install/traffic_generator:/home/vboxuser/ros2_ws/install/system_launcher:/home/vboxuser/ros2_ws/install/net_emulator:/home/vboxuser/ros2_ws/install/metrics_aggregator:/home/vboxuser/ros2_ws/install/fault_injector:/home/vboxuser/ros2_ws/install/coverage_planner:/home/vboxuser/ros2_ws/install/ch_manager:/home/vboxuser/ros2_ws/install/battery_manager:/home/vboxuser/ros2_ws/install/turtle_square_py:/home/vboxuser/ros2_ws/install/python_parameters:/home/vboxuser/ros2_ws/install/py_srvcli:/home/vboxuser/ros2_ws/install/py_pubsub:/home/vboxuser/ros2_ws/install/fibonacci_action:/opt/ros/humble /usr/bin/cmake --build /home/vboxuser/UAV_UGV_netmonitoring/build/uav_msgs -- -j6 -l6
[17.051s] Invoking command in '/home/vboxuser/UAV_UGV_netmonitoring/build/uav_msgs': CMAKE_PREFIX_PATH=${CMAKE_PREFIX_PATH}:/home/vboxuser/ros2_ws/install/weather_server:/home/vboxuser/ros2_ws/install/ugv_charger:/home/vboxuser/ros2_ws/install/uav_controller:/home/vboxuser/ros2_ws/install/traffic_generator:/home/vboxuser/ros2_ws/install/system_launcher:/home/vboxuser/ros2_ws/install/net_emulator:/home/vboxuser/ros2_ws/install/metrics_aggregator:/home/vboxuser/ros2_ws/install/fault_injector:/home/vboxuser/ros2_ws/install/coverage_planner:/home/vboxuser/ros2_ws/install/ch_manager:/home/vboxuser/ros2_ws/install/battery_manager:/home/vboxuser/ros2_ws/install/turtle_square_py:/home/vboxuser/ros2_ws/install/python_parameters:/home/vboxuser/ros2_ws/install/py_srvcli:/home/vboxuser/ros2_ws/install/py_pubsub:/home/vboxuser/ros2_ws/install/fibonacci_action:/opt/ros/humble /usr/bin/cmake --install /home/vboxuser/UAV_UGV_netmonitoring/build/uav_msgs
[17.055s] -- Install configuration: ""
[17.055s] -- Installing: /home/vboxuser/UAV_UGV_netmonitoring/install/uav_msgs/share/ament_index/resource_index/rosidl_interfaces/uav_msgs
[17.058s] -- Up-to-date: /home/vboxuser/UAV_UGV_netmonitoring/install/uav_msgs/include/uav_msgs/uav_msgs
[17.058s] -- Up-to-date: /home/vboxuser/UAV_UGV_netmonitoring/install/uav_msgs/include/uav_msgs/uav_msgs/msg
[17.058s] -- Installing: /home/vboxuser/UAV_UGV_netmonitoring/install/uav_msgs/include/uav_msgs/uav_msgs/msg/charge_request.h
[17.058s] -- Installing: /home/vboxuser/UAV_UGV_netmonitoring/install/uav_msgs/include/uav_msgs/uav_msgs/msg/uav_status.h
[17.058s] -- Installing: /home/vboxuser/UAV_UGV_netmonitoring/install/uav_msgs/include/uav_msgs/uav_msgs/msg/failure_event.h
[17.058s] -- Installing: /home/vboxuser/UAV_UGV_netmonitoring/install/uav_msgs/include/uav_msgs/uav_msgs/msg/weather_status.h
[17.058s] -- Installing: /home/vboxuser/UAV_UGV_netmonitoring/install/uav_msgs/include/uav_msgs/uav_msgs/msg/uav_deployment.h
[17.058s] -- Installing: /home/vboxuser/UAV_UGV_netmonitoring/install/uav_msgs/include/uav_msgs/uav_msgs/msg/traffic_message.h
[17.058s] -- Up-to-date: /home/vboxuser/UAV_UGV_netmonitoring/install/uav_msgs/include/uav_msgs/uav_msgs/msg/rosidl_generator_c__visibility_control.h
[17.059s] -- Installing: /home/vboxuser/UAV_UGV_netmonitoring/install/uav_msgs/include/uav_msgs/uav_msgs/msg/cluster_info.h
[17.059s] -- Installing: /home/vboxuser/UAV_UGV_netmonitoring/install/uav_msgs/include/uav_msgs/uav_msgs/msg/heartbeat.h
[17.059s] -- Installing: /home/vboxuser/UAV_UGV_netmonitoring/install/uav_msgs/include/uav_msgs/uav_msgs/msg/charge_decision.h
[17.059s] -- Up-to-date: /home/vboxuser/UAV_UGV_netmonitoring/install/uav_msgs/include/uav_msgs/uav_msgs/msg/detail
[17.059s] -- Installing: /home/vboxuser/UAV_UGV_netmonitoring/install/uav_msgs/include/uav_msgs/uav_msgs/msg/detail/weather_status__functions.c
[17.059s] -- Installing: /home/vboxuser/UAV_UGV_netmonitoring/install/uav_msgs/include/uav_msgs/uav_msgs/msg/detail/failure_event__type_support.h
[17.059s] -- Installing: /home/vboxuser/UAV_UGV_netmonitoring/install/uav_msgs/include/uav_msgs/uav_msgs/msg/detail/traffic_message__functions.c
[17.059s] -- Installing: /home/vboxuser/UAV_UGV_netmonitoring/install/uav_msgs/include/uav_msgs/uav_msgs/msg/detail/weather_status__functions.h
[17.059s] -- Installing: /home/vboxuser/UAV_UGV_netmonitoring/install/uav_msgs/include/uav_msgs/uav_msgs/msg/detail/failure_event__struct.h
[17.059s] -- Installing: /home/vboxuser/UAV_UGV_netmonitoring/install/uav_msgs/include/uav_msgs/uav_msgs/msg/detail/weather_status__struct.h
[17.059s] -- Installing: /home/vboxuser/UAV_UGV_netmonitoring/install/uav_msgs/include/uav_msgs/uav_msgs/msg/detail/heartbeat__functions.h
[17.059s] -- Installing: /home/vboxuser/UAV_UGV_netmonitoring/install/uav_msgs/include/uav_msgs/uav_msgs/msg/detail/heartbeat__functions.c
[17.059s] -- Installing: /home/vboxuser/UAV_UGV_netmonitoring/install/uav_msgs/include/uav_msgs/uav_msgs/msg/detail/uav_deployment__struct.h
[17.059s] -- Installing: /home/vboxuser/UAV_UGV_netmonitoring/install/uav_msgs/include/uav_msgs/uav_msgs/msg/detail/uav_deployment__functions.c
[17.059s] -- Installing: /home/vboxuser/UAV_UGV_netmonitoring/install/uav_msgs/include/uav_msgs/uav_msgs/msg/detail/charge_decision__struct.h
[17.059s] -- Installing: /home/vboxuser/UAV_UGV_netmonitoring/install/uav_msgs/include/uav_msgs/uav_msgs/msg/detail/cluster_info__functions.c
[17.059s] -- Installing: /home/vboxuser/UAV_UGV_netmonitoring/install/uav_msgs/include/uav_msgs/uav_msgs/msg/detail/charge_decision__functions.h
[17.060s] -- Installing: /home/vboxuser/UAV_UGV_netmonitoring/install/uav_msgs/include/uav_msgs/uav_msgs/msg/detail/failure_event__functions.h
[17.060s] -- Installing: /home/vboxuser/UAV_UGV_netmonitoring/install/uav_msgs/include/uav_msgs/uav_msgs/msg/detail/charge_request__functions.h
[17.060s] -- Installing: /home/vboxuser/UAV_UGV_netmonitoring/install/uav_msgs/include/uav_msgs/uav_msgs/msg/detail/uav_status__functions.h
[17.060s] -- Installing: /home/vboxuser/UAV_UGV_netmonitoring/install/uav_msgs/include/uav_msgs/uav_msgs/msg/detail/uav_status__type_support.h
[17.060s] -- Installing: /home/vboxuser/UAV_UGV_netmonitoring/install/uav_msgs/include/uav_msgs/uav_msgs/msg/detail/heartbeat__struct.h
[17.060s] -- Installing: /home/vboxuser/UAV_UGV_netmonitoring/install/uav_msgs/include/uav_msgs/uav_msgs/msg/detail/heartbeat__type_support.h
[17.060s] -- Installing: /home/vboxuser/UAV_UGV_netmonitoring/install/uav_msgs/include/uav_msgs/uav_msgs/msg/detail/charge_decision__type_support.h
[17.060s] -- Installing: /home/vboxuser/UAV_UGV_netmonitoring/install/uav_msgs/include/uav_msgs/uav_msgs/msg/detail/charge_request__struct.h
[17.060s] -- Installing: /home/vboxuser/UAV_UGV_netmonitoring/install/uav_msgs/include/uav_msgs/uav_msgs/msg/detail/uav_status__struct.h
[17.060s] -- Installing: /home/vboxuser/UAV_UGV_netmonitoring/install/uav_msgs/include/uav_msgs/uav_msgs/msg/detail/charge_request__functions.c
[17.060s] -- Installing: /home/vboxuser/UAV_UGV_netmonitoring/install/uav_msgs/include/uav_msgs/uav_msgs/msg/detail/uav_deployment__type_support.h
[17.060s] -- Installing: /home/vboxuser/UAV_UGV_netmonitoring/install/uav_msgs/include/uav_msgs/uav_msgs/msg/detail/failure_event__functions.c
[17.060s] -- Installing: /home/vboxuser/UAV_UGV_netmonitoring/install/uav_msgs/include/uav_msgs/uav_msgs/msg/detail/traffic_message__type_support.h
[17.060s] -- Installing: /home/vboxuser/UAV_UGV_netmonitoring/install/uav_msgs/include/uav_msgs/uav_msgs/msg/detail/cluster_info__functions.h
[17.060s] -- Installing: /home/vboxuser/UAV_UGV_netmonitoring/install/uav_msgs/include/uav_msgs/uav_msgs/msg/detail/weather_status__type_support.h
[17.060s] -- Installing: /home/vboxuser/UAV_UGV_netmonitoring/install/uav_msgs/include/uav_msgs/uav_msgs/msg/detail/uav_deployment__functions.h
[17.060s] -- Installing: /home/vboxuser/UAV_UGV_netmonitoring/install/uav_msgs/include/uav_msgs/uav_msgs/msg/detail/cluster_info__struct.h
[17.060s] -- Installing: /home/vboxuser/UAV_UGV_netmonitoring/install/uav_msgs/include/uav_msgs/uav_msgs/msg/detail/charge_request__type_support.h
[17.060s] -- Installing: /home/vboxuser/UAV_UGV_netmonitoring/install/uav_msgs/include/uav_msgs/uav_msgs/msg/detail/uav_status__functions.c
[17.060s] -- Installing: /home/vboxuser/UAV_UGV_netmonitoring/install/uav_msgs/include/uav_msgs/uav_msgs/msg/detail/traffic_message__struct.h
[17.060s] -- Installing: /home/vboxuser/UAV_UGV_netmonitoring/install/uav_msgs/include/uav_msgs/uav_msgs/msg/detail/traffic_message__functions.h
[17.060s] -- Installing: /home/vboxuser/UAV_UGV_netmonitoring/install/uav_msgs/include/uav_msgs/uav_msgs/msg/detail/cluster_info__type_support.h
[17.061s] -- Installing: /home/vboxuser/UAV_UGV_netmonitoring/install/uav_msgs/include/uav_msgs/uav_msgs/msg/detail/charge_decision__functions.c
[17.061s] -- Up-to-date: /home/vboxuser/UAV_UGV_netmonitoring/install/uav_msgs/include/uav_msgs/uav_msgs/action
[17.061s] -- Up-to-date: /home/vboxuser/UAV_UGV_netmonitoring/install/uav_msgs/include/uav_msgs/uav_msgs/action/detail
[17.061s] -- Installing: /home/vboxuser/UAV_UGV_netmonitoring/install/uav_msgs/include/uav_msgs/uav_msgs/action/detail/dock_and_charge__type_support.h
[17.061s] -- Installing: /home/vboxuser/UAV_UGV_netmonitoring/install/uav_msgs/include/uav_msgs/uav_msgs/action/detail/dock_and_charge__functions.c
[17.061s] -- Installing: /home/vboxuser/UAV_UGV_netmonitoring/install/uav_msgs/include/uav_msgs/uav_msgs/action/detail/dock_and_charge__struct.h
[17.061s] -- Installing: /home/vboxuser/UAV_UGV_netmonitoring/install/uav_msgs/include/uav_msgs/uav_msgs/action/detail/dock_and_charge__functions.h
[17.061s] -- Installing: /home/vboxuser/UAV_UGV_netmonitoring/install/uav_msgs/include/uav_msgs/uav_msgs/action/dock_and_charge.h
[17.061s] -- Up-to-date: /home/vboxuser/UAV_UGV_netmonitoring/install/uav_msgs/include/uav_msgs/uav_msgs/srv
[17.062s] -- Installing: /home/vboxuser/UAV_UGV_netmonitoring/install/uav_msgs/include/uav_msgs/uav_msgs/srv/send_debug_text.h
[17.062s] -- Installing: /home/vboxuser/UAV_UGV_netmonitoring/install/uav_msgs/include/uav_msgs/uav_msgs/srv/request_charge.h
[17.062s] -- Up-to-date: /home/vboxuser/UAV_UGV_netmonitoring/install/uav_msgs/include/uav_msgs/uav_msgs/srv/detail
[17.062s] -- Installing: /home/vboxuser/UAV_UGV_netmonitoring/install/uav_msgs/include/uav_msgs/uav_msgs/srv/detail/request_charge__type_support.h
[17.062s] -- Installing: /home/vboxuser/UAV_UGV_netmonitoring/install/uav_msgs/include/uav_msgs/uav_msgs/srv/detail/send_debug_text__type_support.h
[17.062s] -- Installing: /home/vboxuser/UAV_UGV_netmonitoring/install/uav_msgs/include/uav_msgs/uav_msgs/srv/detail/request_charge__functions.h
[17.062s] -- Installing: /home/vboxuser/UAV_UGV_netmonitoring/install/uav_msgs/include/uav_msgs/uav_msgs/srv/detail/send_debug_text__functions.c
[17.062s] -- Installing: /home/vboxuser/UAV_UGV_netmonitoring/install/uav_msgs/include/uav_msgs/uav_msgs/srv/detail/request_charge__struct.h
[17.062s] -- Installing: /home/vboxuser/UAV_UGV_netmonitoring/install/uav_msgs/include/uav_msgs/uav_msgs/srv/detail/request_charge__functions.c
[17.063s] -- Installing: /home/vboxuser/UAV_UGV_netmonitoring/install/uav_msgs/include/uav_msgs/uav_msgs/srv/detail/send_debug_text__struct.h
[17.063s] -- Installing: /home/vboxuser/UAV_UGV_netmonitoring/install/uav_msgs/include/uav_msgs/uav_msgs/srv/detail/send_debug_text__functions.h
[17.063s] -- Up-to-date: /home/vboxuser/UAV_UGV_netmonitoring/install/uav_msgs/share/uav_msgs/environment/library_path.sh
[17.063s] -- Installing: /home/vboxuser/UAV_UGV_netmonitoring/install/uav_msgs/share/uav_msgs/environment/library_path.dsv
[17.063s] -- Installing: /home/vboxuser/UAV_UGV_netmonitoring/install/uav_msgs/lib/libuav_msgs__rosidl_generator_c.so
[17.063s] -- Set runtime path of "/home/vboxuser/UAV_UGV_netmonitoring/install/uav_msgs/lib/libuav_msgs__rosidl_generator_c.so" to ""
[17.063s] -- Up-to-date: /home/vboxuser/UAV_UGV_netmonitoring/install/uav_msgs/include/uav_msgs/uav_msgs
[17.063s] -- Up-to-date: /home/vboxuser/UAV_UGV_netmonitoring/install/uav_msgs/include/uav_msgs/uav_msgs/msg
[17.063s] -- Up-to-date: /home/vboxuser/UAV_UGV_netmonitoring/install/uav_msgs/include/uav_msgs/uav_msgs/msg/rosidl_typesupport_fastrtps_c__visibility_control.h
[17.063s] -- Up-to-date: /home/vboxuser/UAV_UGV_netmonitoring/install/uav_msgs/include/uav_msgs/uav_msgs/msg/detail
[17.063s] -- Installing: /home/vboxuser/UAV_UGV_netmonitoring/install/uav_msgs/include/uav_msgs/uav_msgs/msg/detail/heartbeat__rosidl_typesupport_fastrtps_c.h
[17.063s] -- Installing: /home/vboxuser/UAV_UGV_netmonitoring/install/uav_msgs/include/uav_msgs/uav_msgs/msg/detail/charge_request__rosidl_typesupport_fastrtps_c.h
[17.063s] -- Installing: /home/vboxuser/UAV_UGV_netmonitoring/install/uav_msgs/include/uav_msgs/uav_msgs/msg/detail/uav_status__rosidl_typesupport_fastrtps_c.h
[17.064s] -- Installing: /home/vboxuser/UAV_UGV_netmonitoring/install/uav_msgs/include/uav_msgs/uav_msgs/msg/detail/cluster_info__rosidl_typesupport_fastrtps_c.h
[17.064s] -- Installing: /home/vboxuser/UAV_UGV_netmonitoring/install/uav_msgs/include/uav_msgs/uav_msgs/msg/detail/weather_status__rosidl_typesupport_fastrtps_c.h
[17.064s] -- Installing: /home/vboxuser/UAV_UGV_netmonitoring/install/uav_msgs/include/uav_msgs/uav_msgs/msg/detail/failure_event__rosidl_typesupport_fastrtps_c.h
[17.064s] -- Installing: /home/vboxuser/UAV_UGV_netmonitoring/install/uav_msgs/include/uav_msgs/uav_msgs/msg/detail/traffic_message__rosidl_typesupport_fastrtps_c.h
[17.064s] -- Installing: /home/vboxuser/UAV_UGV_netmonitoring/install/uav_msgs/include/uav_msgs/uav_msgs/msg/detail/uav_deployment__rosidl_typesupport_fastrtps_c.h
[17.064s] -- Installing: /home/vboxuser/UAV_UGV_netmonitoring/install/uav_msgs/include/uav_msgs/uav_msgs/msg/detail/charge_decision__rosidl_typesupport_fastrtps_c.h
[17.064s] -- Up-to-date: /home/vboxuser/UAV_UGV_netmonitoring/install/uav_msgs/include/uav_msgs/uav_msgs/action
[17.064s] -- Up-to-date: /home/vboxuser/UAV_UGV_netmonitoring/install/uav_msgs/include/uav_msgs/uav_msgs/action/detail
[17.065s] -- Installing: /home/vboxuser/UAV_UGV_netmonitoring/install/uav_msgs/include/uav_msgs/uav_msgs/action/detail/dock_and_charge__rosidl_typesupport_fastrtps_c.h
[17.065s] -- Up-to-date: /home/vboxuser/UAV_UGV_netmonitoring/install/uav_msgs/include/uav_msgs/uav_msgs/srv
[17.065s] -- Up-to-date: /home/vboxuser/UAV_UGV_netmonitoring/install/uav_msgs/include/uav_msgs/uav_msgs/srv/detail
[17.066s] -- Installing: /home/vboxuser/UAV_UGV_netmonitoring/install/uav_msgs/include/uav_msgs/uav_msgs/srv/detail/request_charge__rosidl_typesupport_fastrtps_c.h
[17.066s] -- Installing: /home/vboxuser/UAV_UGV_netmonitoring/install/uav_msgs/include/uav_msgs/uav_msgs/srv/detail/send_debug_text__rosidl_typesupport_fastrtps_c.h
[17.066s] -- Installing: /home/vboxuser/UAV_UGV_netmonitoring/install/uav_msgs/lib/libuav_msgs__rosidl_typesupport_fastrtps_c.so
[17.066s] -- Set runtime path of "/home/vboxuser/UAV_UGV_netmonitoring/install/uav_msgs/lib/libuav_msgs__rosidl_typesupport_fastrtps_c.so" to ""
[17.066s] -- Up-to-date: /home/vboxuser/UAV_UGV_netmonitoring/install/uav_msgs/include/uav_msgs/uav_msgs
[17.066s] -- Up-to-date: /home/vboxuser/UAV_UGV_netmonitoring/install/uav_msgs/include/uav_msgs/uav_msgs/msg
[17.066s] -- Up-to-date: /home/vboxuser/UAV_UGV_netmonitoring/install/uav_msgs/include/uav_msgs/uav_msgs/msg/detail
[17.066s] -- Installing: /home/vboxuser/UAV_UGV_netmonitoring/install/uav_msgs/include/uav_msgs/uav_msgs/msg/detail/charge_decision__rosidl_typesupport_introspection_c.h
[17.066s] -- Installing: /home/vboxuser/UAV_UGV_netmonitoring/install/uav_msgs/include/uav_msgs/uav_msgs/msg/detail/cluster_info__rosidl_typesupport_introspection_c.h
[17.066s] -- Installing: /home/vboxuser/UAV_UGV_netmonitoring/install/uav_msgs/include/uav_msgs/uav_msgs/msg/detail/heartbeat__rosidl_typesupport_introspection_c.h
[17.066s] -- Installing: /home/vboxuser/UAV_UGV_netmonitoring/install/uav_msgs/include/uav_msgs/uav_msgs/msg/detail/weather_status__rosidl_typesupport_introspection_c.h
[17.066s] -- Installing: /home/vboxuser/UAV_UGV_netmonitoring/install/uav_msgs/include/uav_msgs/uav_msgs/msg/detail/cluster_info__type_support.c
[17.066s] -- Installing: /home/vboxuser/UAV_UGV_netmonitoring/install/uav_msgs/include/uav_msgs/uav_msgs/msg/detail/failure_event__type_support.c
[17.066s] -- Installing: /home/vboxuser/UAV_UGV_netmonitoring/install/uav_msgs/include/uav_msgs/uav_msgs/msg/detail/uav_deployment__type_support.c
[17.066s] -- Installing: /home/vboxuser/UAV_UGV_netmonitoring/install/uav_msgs/include/uav_msgs/uav_msgs/msg/detail/uav_status__type_support.c
[17.067s] -- Installing: /home/vboxuser/UAV_UGV_netmonitoring/install/uav_msgs/include/uav_msgs/uav_msgs/msg/detail/uav_status__rosidl_typesupport_introspection_c.h
[17.067s] -- Installing: /home/vboxuser/UAV_UGV_netmonitoring/install/uav_msgs/include/uav_msgs/uav_msgs/msg/detail/charge_request__type_support.c
[17.067s] -- Installing: /home/vboxuser/UAV_UGV_netmonitoring/install/uav_msgs/include/uav_msgs/uav_msgs/msg/detail/charge_decision__type_support.c
[17.067s] -- Installing: /home/vboxuser/UAV_UGV_netmonitoring/install/uav_msgs/include/uav_msgs/uav_msgs/msg/detail/weather_status__type_support.c
[17.067s] -- Installing: /home/vboxuser/UAV_UGV_netmonitoring/install/uav_msgs/include/uav_msgs/uav_msgs/msg/detail/traffic_message__rosidl_typesupport_introspection_c.h
[17.067s] -- Installing: /home/vboxuser/UAV_UGV_netmonitoring/install/uav_msgs/include/uav_msgs/uav_msgs/msg/detail/charge_request__rosidl_typesupport_introspection_c.h
[17.067s] -- Installing: /home/vboxuser/UAV_UGV_netmonitoring/install/uav_msgs/include/uav_msgs/uav_msgs/msg/detail/uav_deployment__rosidl_typesupport_introspection_c.h
[17.067s] -- Installing: /home/vboxuser/UAV_UGV_netmonitoring/install/uav_msgs/include/uav_msgs/uav_msgs/msg/detail/heartbeat__type_support.c
[17.067s] -- Installing: /home/vboxuser/UAV_UGV_netmonitoring/install/uav_msgs/include/uav_msgs/uav_msgs/msg/detail/failure_event__rosidl_typesupport_introspection_c.h
[17.067s] -- Installing: /home/vboxuser/UAV_UGV_netmonitoring/install/uav_msgs/include/uav_msgs/uav_msgs/msg/detail/traffic_message__type_support.c
[17.067s] -- Up-to-date: /home/vboxuser/UAV_UGV_netmonitoring/install/uav_msgs/include/uav_msgs/uav_msgs/msg/rosidl_typesupport_introspection_c__visibility_control.h
[17.067s] -- Up-to-date: /home/vboxuser/UAV_UGV_netmonitoring/install/uav_msgs/include/uav_msgs/uav_msgs/action
[17.067s] -- Up-to-date: /home/vboxuser/UAV_UGV_netmonitoring/install/uav_msgs/include/uav_msgs/uav_msgs/action/detail
[17.067s] -- Installing: /home/vboxuser/UAV_UGV_netmonitoring/install/uav_msgs/include/uav_msgs/uav_msgs/action/detail/dock_and_charge__rosidl_typesupport_introspection_c.h
[17.067s] -- Installing: /home/vboxuser/UAV_UGV_netmonitoring/install/uav_msgs/include/uav_msgs/uav_msgs/action/detail/dock_and_charge__type_support.c
[17.067s] -- Up-to-date: /home/vboxuser/UAV_UGV_netmonitoring/install/uav_msgs/include/uav_msgs/uav_msgs/srv
[17.067s] -- Up-to-date: /home/vboxuser/UAV_UGV_netmonitoring/install/uav_msgs/include/uav_msgs/uav_msgs/srv/detail
[17.067s] -- Installing: /home/vboxuser/UAV_UGV_netmonitoring/install/uav_msgs/include/uav_msgs/uav_msgs/srv/detail/send_debug_text__type_support.c
[17.068s] -- Installing: /home/vboxuser/UAV_UGV_netmonitoring/install/uav_msgs/include/uav_msgs/uav_msgs/srv/detail/send_debug_text__rosidl_typesupport_introspection_c.h
[17.068s] -- Installing: /home/vboxuser/UAV_UGV_netmonitoring/install/uav_msgs/include/uav_msgs/uav_msgs/srv/detail/request_charge__rosidl_typesupport_introspection_c.h
[17.068s] -- Installing: /home/vboxuser/UAV_UGV_netmonitoring/install/uav_msgs/include/uav_msgs/uav_msgs/srv/detail/request_charge__type_support.c
[17.068s] -- Installing: /home/vboxuser/UAV_UGV_netmonitoring/install/uav_msgs/lib/libuav_msgs__rosidl_typesupport_introspection_c.so
[17.068s] -- Set runtime path of "/home/vboxuser/UAV_UGV_netmonitoring/install/uav_msgs/lib/libuav_msgs__rosidl_typesupport_introspection_c.so" to ""
[17.068s] -- Installing: /home/vboxuser/UAV_UGV_netmonitoring/install/uav_msgs/lib/libuav_msgs__rosidl_typesupport_c.so
[17.068s] -- Set runtime path of "/home/vboxuser/UAV_UGV_netmonitoring/install/uav_msgs/lib/libuav_msgs__rosidl_typesupport_c.so" to ""
[17.068s] -- Up-to-date: /home/vboxuser/UAV_UGV_netmonitoring/install/uav_msgs/include/uav_msgs/uav_msgs
[17.068s] -- Up-to-date: /home/vboxuser/UAV_UGV_netmonitoring/install/uav_msgs/include/uav_msgs/uav_msgs/msg
[17.068s] -- Installing: /home/vboxuser/UAV_UGV_netmonitoring/install/uav_msgs/include/uav_msgs/uav_msgs/msg/traffic_message.hpp
[17.068s] -- Installing: /home/vboxuser/UAV_UGV_netmonitoring/install/uav_msgs/include/uav_msgs/uav_msgs/msg/cluster_info.hpp
[17.068s] -- Up-to-date: /home/vboxuser/UAV_UGV_netmonitoring/install/uav_msgs/include/uav_msgs/uav_msgs/msg/rosidl_generator_cpp__visibility_control.hpp
[17.068s] -- Installing: /home/vboxuser/UAV_UGV_netmonitoring/install/uav_msgs/include/uav_msgs/uav_msgs/msg/weather_status.hpp
[17.068s] -- Installing: /home/vboxuser/UAV_UGV_netmonitoring/install/uav_msgs/include/uav_msgs/uav_msgs/msg/failure_event.hpp
[17.068s] -- Installing: /home/vboxuser/UAV_UGV_netmonitoring/install/uav_msgs/include/uav_msgs/uav_msgs/msg/heartbeat.hpp
[17.068s] -- Installing: /home/vboxuser/UAV_UGV_netmonitoring/install/uav_msgs/include/uav_msgs/uav_msgs/msg/charge_request.hpp
[17.069s] -- Installing: /home/vboxuser/UAV_UGV_netmonitoring/install/uav_msgs/include/uav_msgs/uav_msgs/msg/charge_decision.hpp
[17.069s] -- Up-to-date: /home/vboxuser/UAV_UGV_netmonitoring/install/uav_msgs/include/uav_msgs/uav_msgs/msg/detail
[17.069s] -- Installing: /home/vboxuser/UAV_UGV_netmonitoring/install/uav_msgs/include/uav_msgs/uav_msgs/msg/detail/uav_status__traits.hpp
[17.071s] -- Installing: /home/vboxuser/UAV_UGV_netmonitoring/install/uav_msgs/include/uav_msgs/uav_msgs/msg/detail/weather_status__traits.hpp
[17.071s] -- Installing: /home/vboxuser/UAV_UGV_netmonitoring/install/uav_msgs/include/uav_msgs/uav_msgs/msg/detail/traffic_message__traits.hpp
[17.071s] -- Installing: /home/vboxuser/UAV_UGV_netmonitoring/install/uav_msgs/include/uav_msgs/uav_msgs/msg/detail/failure_event__builder.hpp
[17.071s] -- Installing: /home/vboxuser/UAV_UGV_netmonitoring/install/uav_msgs/include/uav_msgs/uav_msgs/msg/detail/heartbeat__builder.hpp
[17.071s] -- Installing: /home/vboxuser/UAV_UGV_netmonitoring/install/uav_msgs/include/uav_msgs/uav_msgs/msg/detail/uav_deployment__struct.hpp
[17.071s] -- Installing: /home/vboxuser/UAV_UGV_netmonitoring/install/uav_msgs/include/uav_msgs/uav_msgs/msg/detail/uav_status__builder.hpp
[17.072s] -- Installing: /home/vboxuser/UAV_UGV_netmonitoring/install/uav_msgs/include/uav_msgs/uav_msgs/msg/detail/heartbeat__type_support.hpp
[17.072s] -- Installing: /home/vboxuser/UAV_UGV_netmonitoring/install/uav_msgs/include/uav_msgs/uav_msgs/msg/detail/uav_deployment__builder.hpp
[17.072s] -- Installing: /home/vboxuser/UAV_UGV_netmonitoring/install/uav_msgs/include/uav_msgs/uav_msgs/msg/detail/charge_decision__struct.hpp
[17.073s] -- Installing: /home/vboxuser/UAV_UGV_netmonitoring/install/uav_msgs/include/uav_msgs/uav_msgs/msg/detail/uav_status__type_support.hpp
[17.073s] -- Installing: /home/vboxuser/UAV_UGV_netmonitoring/install/uav_msgs/include/uav_msgs/uav_msgs/msg/detail/traffic_message__struct.hpp
[17.073s] -- Installing: /home/vboxuser/UAV_UGV_netmonitoring/install/uav_msgs/include/uav_msgs/uav_msgs/msg/detail/heartbeat__traits.hpp
[17.073s] -- Installing: /home/vboxuser/UAV_UGV_netmonitoring/install/uav_msgs/include/uav_msgs/uav_msgs/msg/detail/charge_request__type_support.hpp
[17.073s] -- Installing: /home/vboxuser/UAV_UGV_netmonitoring/install/uav_msgs/include/uav_msgs/uav_msgs/msg/detail/cluster_info__builder.hpp
[17.073s] -- Installing: /home/vboxuser/UAV_UGV_netmonitoring/install/uav_msgs/include/uav_msgs/uav_msgs/msg/detail/charge_request__traits.hpp
[17.073s] -- Installing: /home/vboxuser/UAV_UGV_netmonitoring/install/uav_msgs/include/uav_msgs/uav_msgs/msg/detail/heartbeat__struct.hpp
[17.073s] -- Installing: /home/vboxuser/UAV_UGV_netmonitoring/install/uav_msgs/include/uav_msgs/uav_msgs/msg/detail/uav_deployment__type_support.hpp
[17.073s] -- Installing: /home/vboxuser/UAV_UGV_netmonitoring/install/uav_msgs/include/uav_msgs/uav_msgs/msg/detail/uav_status__struct.hpp
[17.073s] -- Installing: /home/vboxuser/UAV_UGV_netmonitoring/install/uav_msgs/include/uav_msgs/uav_msgs/msg/detail/uav_deployment__traits.hpp
[17.073s] -- Installing: /home/vboxuser/UAV_UGV_netmonitoring/install/uav_msgs/include/uav_msgs/uav_msgs/msg/detail/charge_decision__builder.hpp
[17.073s] -- Installing: /home/vboxuser/UAV_UGV_netmonitoring/install/uav_msgs/include/uav_msgs/uav_msgs/msg/detail/cluster_info__struct.hpp
[17.073s] -- Installing: /home/vboxuser/UAV_UGV_netmonitoring/install/uav_msgs/include/uav_msgs/uav_msgs/msg/detail/traffic_message__type_support.hpp
[17.073s] -- Installing: /home/vboxuser/UAV_UGV_netmonitoring/install/uav_msgs/include/uav_msgs/uav_msgs/msg/detail/failure_event__struct.hpp
[17.073s] -- Installing: /home/vboxuser/UAV_UGV_netmonitoring/install/uav_msgs/include/uav_msgs/uav_msgs/msg/detail/failure_event__traits.hpp
[17.073s] -- Installing: /home/vboxuser/UAV_UGV_netmonitoring/install/uav_msgs/include/uav_msgs/uav_msgs/msg/detail/weather_status__builder.hpp
[17.073s] -- Installing: /home/vboxuser/UAV_UGV_netmonitoring/install/uav_msgs/include/uav_msgs/uav_msgs/msg/detail/weather_status__struct.hpp
[17.073s] -- Installing: /home/vboxuser/UAV_UGV_netmonitoring/install/uav_msgs/include/uav_msgs/uav_msgs/msg/detail/cluster_info__traits.hpp
[17.073s] -- Installing: /home/vboxuser/UAV_UGV_netmonitoring/install/uav_msgs/include/uav_msgs/uav_msgs/msg/detail/charge_decision__type_support.hpp
[17.073s] -- Installing: /home/vboxuser/UAV_UGV_netmonitoring/install/uav_msgs/include/uav_msgs/uav_msgs/msg/detail/traffic_message__builder.hpp
[17.073s] -- Installing: /home/vboxuser/UAV_UGV_netmonitoring/install/uav_msgs/include/uav_msgs/uav_msgs/msg/detail/cluster_info__type_support.hpp
[17.073s] -- Installing: /home/vboxuser/UAV_UGV_netmonitoring/install/uav_msgs/include/uav_msgs/uav_msgs/msg/detail/weather_status__type_support.hpp
[17.076s] -- Installing: /home/vboxuser/UAV_UGV_netmonitoring/install/uav_msgs/include/uav_msgs/uav_msgs/msg/detail/charge_decision__traits.hpp
[17.077s] -- Installing: /home/vboxuser/UAV_UGV_netmonitoring/install/uav_msgs/include/uav_msgs/uav_msgs/msg/detail/charge_request__struct.hpp
[17.077s] -- Installing: /home/vboxuser/UAV_UGV_netmonitoring/install/uav_msgs/include/uav_msgs/uav_msgs/msg/detail/failure_event__type_support.hpp
[17.077s] -- Installing: /home/vboxuser/UAV_UGV_netmonitoring/install/uav_msgs/include/uav_msgs/uav_msgs/msg/detail/charge_request__builder.hpp
[17.083s] -- Installing: /home/vboxuser/UAV_UGV_netmonitoring/install/uav_msgs/include/uav_msgs/uav_msgs/msg/uav_status.hpp
[17.083s] -- Installing: /home/vboxuser/UAV_UGV_netmonitoring/install/uav_msgs/include/uav_msgs/uav_msgs/msg/uav_deployment.hpp
[17.083s] -- Up-to-date: /home/vboxuser/UAV_UGV_netmonitoring/install/uav_msgs/include/uav_msgs/uav_msgs/action
[17.083s] -- Installing: /home/vboxuser/UAV_UGV_netmonitoring/install/uav_msgs/include/uav_msgs/uav_msgs/action/dock_and_charge.hpp
[17.083s] -- Up-to-date: /home/vboxuser/UAV_UGV_netmonitoring/install/uav_msgs/include/uav_msgs/uav_msgs/action/detail
[17.083s] -- Installing: /home/vboxuser/UAV_UGV_netmonitoring/install/uav_msgs/include/uav_msgs/uav_msgs/action/detail/dock_and_charge__struct.hpp
[17.083s] -- Installing: /home/vboxuser/UAV_UGV_netmonitoring/install/uav_msgs/include/uav_msgs/uav_msgs/action/detail/dock_and_charge__type_support.hpp
[17.083s] -- Installing: /home/vboxuser/UAV_UGV_netmonitoring/install/uav_msgs/include/uav_msgs/uav_msgs/action/detail/dock_and_charge__traits.hpp
[17.083s] -- Installing: /home/vboxuser/UAV_UGV_netmonitoring/install/uav_msgs/include/uav_msgs/uav_msgs/action/detail/dock_and_charge__builder.hpp
[17.083s] -- Up-to-date: /home/vboxuser/UAV_UGV_netmonitoring/install/uav_msgs/include/uav_msgs/uav_msgs/srv
[17.083s] -- Installing: /home/vboxuser/UAV_UGV_netmonitoring/install/uav_msgs/include/uav_msgs/uav_msgs/srv/request_charge.hpp
[17.083s] -- Installing: /home/vboxuser/UAV_UGV_netmonitoring/install/uav_msgs/include/uav_msgs/uav_msgs/srv/send_debug_text.hpp
[17.083s] -- Up-to-date: /home/vboxuser/UAV_UGV_netmonitoring/install/uav_msgs/include/uav_msgs/uav_msgs/srv/detail
[17.083s] -- Installing: /home/vboxuser/UAV_UGV_netmonitoring/install/uav_msgs/include/uav_msgs/uav_msgs/srv/detail/send_debug_text__struct.hpp
[17.083s] -- Installing: /home/vboxuser/UAV_UGV_netmonitoring/install/uav_msgs/include/uav_msgs/uav_msgs/srv/detail/send_debug_text__type_support.hpp
[17.084s] -- Installing: /home/vboxuser/UAV_UGV_netmonitoring/install/uav_msgs/include/uav_msgs/uav_msgs/srv/detail/request_charge__type_support.hpp
[17.084s] -- Installing: /home/vboxuser/UAV_UGV_netmonitoring/install/uav_msgs/include/uav_msgs/uav_msgs/srv/detail/send_debug_text__builder.hpp
[17.084s] -- Installing: /home/vboxuser/UAV_UGV_netmonitoring/install/uav_msgs/include/uav_msgs/uav_msgs/srv/detail/request_charge__builder.hpp
[17.084s] -- Installing: /home/vboxuser/UAV_UGV_netmonitoring/install/uav_msgs/include/uav_msgs/uav_msgs/srv/detail/request_charge__traits.hpp
[17.084s] -- Installing: /home/vboxuser/UAV_UGV_netmonitoring/install/uav_msgs/include/uav_msgs/uav_msgs/srv/detail/request_charge__struct.hpp
[17.084s] -- Installing: /home/vboxuser/UAV_UGV_netmonitoring/install/uav_msgs/include/uav_msgs/uav_msgs/srv/detail/send_debug_text__traits.hpp
[17.084s] -- Up-to-date: /home/vboxuser/UAV_UGV_netmonitoring/install/uav_msgs/include/uav_msgs/uav_msgs
[17.084s] -- Up-to-date: /home/vboxuser/UAV_UGV_netmonitoring/install/uav_msgs/include/uav_msgs/uav_msgs/msg
[17.084s] -- Up-to-date: /home/vboxuser/UAV_UGV_netmonitoring/install/uav_msgs/include/uav_msgs/uav_msgs/msg/rosidl_typesupport_fastrtps_cpp__visibility_control.h
[17.084s] -- Up-to-date: /home/vboxuser/UAV_UGV_netmonitoring/install/uav_msgs/include/uav_msgs/uav_msgs/msg/detail
[17.084s] -- Installing: /home/vboxuser/UAV_UGV_netmonitoring/install/uav_msgs/include/uav_msgs/uav_msgs/msg/detail/uav_deployment__rosidl_typesupport_fastrtps_cpp.hpp
[17.084s] -- Installing: /home/vboxuser/UAV_UGV_netmonitoring/install/uav_msgs/include/uav_msgs/uav_msgs/msg/detail/charge_decision__rosidl_typesupport_fastrtps_cpp.hpp
[17.084s] -- Installing: /home/vboxuser/UAV_UGV_netmonitoring/install/uav_msgs/include/uav_msgs/uav_msgs/msg/detail/failure_event__rosidl_typesupport_fastrtps_cpp.hpp
[17.084s] -- Up-to-date: /home/vboxuser/UAV_UGV_netmonitoring/install/uav_msgs/include/uav_msgs/uav_msgs/msg/detail/dds_fastrtps
[17.084s] -- Installing: /home/vboxuser/UAV_UGV_netmonitoring/install/uav_msgs/include/uav_msgs/uav_msgs/msg/detail/cluster_info__rosidl_typesupport_fastrtps_cpp.hpp
[17.084s] -- Installing: /home/vboxuser/UAV_UGV_netmonitoring/install/uav_msgs/include/uav_msgs/uav_msgs/msg/detail/heartbeat__rosidl_typesupport_fastrtps_cpp.hpp
[17.084s] -- Installing: /home/vboxuser/UAV_UGV_netmonitoring/install/uav_msgs/include/uav_msgs/uav_msgs/msg/detail/traffic_message__rosidl_typesupport_fastrtps_cpp.hpp
[17.084s] -- Installing: /home/vboxuser/UAV_UGV_netmonitoring/install/uav_msgs/include/uav_msgs/uav_msgs/msg/detail/charge_request__rosidl_typesupport_fastrtps_cpp.hpp
[17.084s] -- Installing: /home/vboxuser/UAV_UGV_netmonitoring/install/uav_msgs/include/uav_msgs/uav_msgs/msg/detail/uav_status__rosidl_typesupport_fastrtps_cpp.hpp
[17.084s] -- Installing: /home/vboxuser/UAV_UGV_netmonitoring/install/uav_msgs/include/uav_msgs/uav_msgs/msg/detail/weather_status__rosidl_typesupport_fastrtps_cpp.hpp
[17.084s] -- Up-to-date: /home/vboxuser/UAV_UGV_netmonitoring/install/uav_msgs/include/uav_msgs/uav_msgs/action
[17.084s] -- Up-to-date: /home/vboxuser/UAV_UGV_netmonitoring/install/uav_msgs/include/uav_msgs/uav_msgs/action/detail
[17.084s] -- Up-to-date: /home/vboxuser/UAV_UGV_netmonitoring/install/uav_msgs/include/uav_msgs/uav_msgs/action/detail/dds_fastrtps
[17.084s] -- Installing: /home/vboxuser/UAV_UGV_netmonitoring/install/uav_msgs/include/uav_msgs/uav_msgs/action/detail/dock_and_charge__rosidl_typesupport_fastrtps_cpp.hpp
[17.084s] -- Up-to-date: /home/vboxuser/UAV_UGV_netmonitoring/install/uav_msgs/include/uav_msgs/uav_msgs/srv
[17.084s] -- Up-to-date: /home/vboxuser/UAV_UGV_netmonitoring/install/uav_msgs/include/uav_msgs/uav_msgs/srv/detail
[17.084s] -- Installing: /home/vboxuser/UAV_UGV_netmonitoring/install/uav_msgs/include/uav_msgs/uav_msgs/srv/detail/send_debug_text__rosidl_typesupport_fastrtps_cpp.hpp
[17.084s] -- Up-to-date: /home/vboxuser/UAV_UGV_netmonitoring/install/uav_msgs/include/uav_msgs/uav_msgs/srv/detail/dds_fastrtps
[17.084s] -- Installing: /home/vboxuser/UAV_UGV_netmonitoring/install/uav_msgs/include/uav_msgs/uav_msgs/srv/detail/request_charge__rosidl_typesupport_fastrtps_cpp.hpp
[17.084s] -- Installing: /home/vboxuser/UAV_UGV_netmonitoring/install/uav_msgs/lib/libuav_msgs__rosidl_typesupport_fastrtps_cpp.so
[17.084s] -- Set runtime path of "/home/vboxuser/UAV_UGV_netmonitoring/install/uav_msgs/lib/libuav_msgs__rosidl_typesupport_fastrtps_cpp.so" to ""
[17.084s] -- Up-to-date: /home/vboxuser/UAV_UGV_netmonitoring/install/uav_msgs/include/uav_msgs/uav_msgs
[17.084s] -- Up-to-date: /home/vboxuser/UAV_UGV_netmonitoring/install/uav_msgs/include/uav_msgs/uav_msgs/msg
[17.084s] -- Up-to-date: /home/vboxuser/UAV_UGV_netmonitoring/install/uav_msgs/include/uav_msgs/uav_msgs/msg/detail
[17.084s] -- Installing: /home/vboxuser/UAV_UGV_netmonitoring/install/uav_msgs/include/uav_msgs/uav_msgs/msg/detail/traffic_message__rosidl_typesupport_introspection_cpp.hpp
[17.084s] -- Installing: /home/vboxuser/UAV_UGV_netmonitoring/install/uav_msgs/include/uav_msgs/uav_msgs/msg/detail/heartbeat__rosidl_typesupport_introspection_cpp.hpp
[17.084s] -- Installing: /home/vboxuser/UAV_UGV_netmonitoring/install/uav_msgs/include/uav_msgs/uav_msgs/msg/detail/charge_decision__rosidl_typesupport_introspection_cpp.hpp
[17.084s] -- Installing: /home/vboxuser/UAV_UGV_netmonitoring/install/uav_msgs/include/uav_msgs/uav_msgs/msg/detail/uav_deployment__rosidl_typesupport_introspection_cpp.hpp
[17.084s] -- Installing: /home/vboxuser/UAV_UGV_netmonitoring/install/uav_msgs/include/uav_msgs/uav_msgs/msg/detail/heartbeat__type_support.cpp
[17.084s] -- Installing: /home/vboxuser/UAV_UGV_netmonitoring/install/uav_msgs/include/uav_msgs/uav_msgs/msg/detail/traffic_message__type_support.cpp
[17.084s] -- Installing: /home/vboxuser/UAV_UGV_netmonitoring/install/uav_msgs/include/uav_msgs/uav_msgs/msg/detail/failure_event__type_support.cpp
[17.084s] -- Installing: /home/vboxuser/UAV_UGV_netmonitoring/install/uav_msgs/include/uav_msgs/uav_msgs/msg/detail/cluster_info__type_support.cpp
[17.085s] -- Installing: /home/vboxuser/UAV_UGV_netmonitoring/install/uav_msgs/include/uav_msgs/uav_msgs/msg/detail/uav_status__rosidl_typesupport_introspection_cpp.hpp
[17.085s] -- Installing: /home/vboxuser/UAV_UGV_netmonitoring/install/uav_msgs/include/uav_msgs/uav_msgs/msg/detail/uav_status__type_support.cpp
[17.085s] -- Installing: /home/vboxuser/UAV_UGV_netmonitoring/install/uav_msgs/include/uav_msgs/uav_msgs/msg/detail/charge_request__type_support.cpp
[17.085s] -- Installing: /home/vboxuser/UAV_UGV_netmonitoring/install/uav_msgs/include/uav_msgs/uav_msgs/msg/detail/failure_event__rosidl_typesupport_introspection_cpp.hpp
[17.085s] -- Installing: /home/vboxuser/UAV_UGV_netmonitoring/install/uav_msgs/include/uav_msgs/uav_msgs/msg/detail/weather_status__type_support.cpp
[17.085s] -- Installing: /home/vboxuser/UAV_UGV_netmonitoring/install/uav_msgs/include/uav_msgs/uav_msgs/msg/detail/weather_status__rosidl_typesupport_introspection_cpp.hpp
[17.085s] -- Installing: /home/vboxuser/UAV_UGV_netmonitoring/install/uav_msgs/include/uav_msgs/uav_msgs/msg/detail/uav_deployment__type_support.cpp
[17.085s] -- Installing: /home/vboxuser/UAV_UGV_netmonitoring/install/uav_msgs/include/uav_msgs/uav_msgs/msg/detail/cluster_info__rosidl_typesupport_introspection_cpp.hpp
[17.085s] -- Installing: /home/vboxuser/UAV_UGV_netmonitoring/install/uav_msgs/include/uav_msgs/uav_msgs/msg/detail/charge_decision__type_support.cpp
[17.085s] -- Installing: /home/vboxuser/UAV_UGV_netmonitoring/install/uav_msgs/include/uav_msgs/uav_msgs/msg/detail/charge_request__rosidl_typesupport_introspection_cpp.hpp
[17.085s] -- Up-to-date: /home/vboxuser/UAV_UGV_netmonitoring/install/uav_msgs/include/uav_msgs/uav_msgs/action
[17.085s] -- Up-to-date: /home/vboxuser/UAV_UGV_netmonitoring/install/uav_msgs/include/uav_msgs/uav_msgs/action/detail
[17.085s] -- Installing: /home/vboxuser/UAV_UGV_netmonitoring/install/uav_msgs/include/uav_msgs/uav_msgs/action/detail/dock_and_charge__type_support.cpp
[17.098s] -- Installing: /home/vboxuser/UAV_UGV_netmonitoring/install/uav_msgs/include/uav_msgs/uav_msgs/action/detail/dock_and_charge__rosidl_typesupport_introspection_cpp.hpp
[17.098s] -- Up-to-date: /home/vboxuser/UAV_UGV_netmonitoring/install/uav_msgs/include/uav_msgs/uav_msgs/srv
[17.098s] -- Up-to-date: /home/vboxuser/UAV_UGV_netmonitoring/install/uav_msgs/include/uav_msgs/uav_msgs/srv/detail
[17.098s] -- Installing: /home/vboxuser/UAV_UGV_netmonitoring/install/uav_msgs/include/uav_msgs/uav_msgs/srv/detail/send_debug_text__rosidl_typesupport_introspection_cpp.hpp
[17.098s] -- Installing: /home/vboxuser/UAV_UGV_netmonitoring/install/uav_msgs/include/uav_msgs/uav_msgs/srv/detail/request_charge__rosidl_typesupport_introspection_cpp.hpp
[17.098s] -- Installing: /home/vboxuser/UAV_UGV_netmonitoring/install/uav_msgs/include/uav_msgs/uav_msgs/srv/detail/send_debug_text__type_support.cpp
[17.098s] -- Installing: /home/vboxuser/UAV_UGV_netmonitoring/install/uav_msgs/include/uav_msgs/uav_msgs/srv/detail/request_charge__type_support.cpp
[17.098s] -- Installing: /home/vboxuser/UAV_UGV_netmonitoring/install/uav_msgs/lib/libuav_msgs__rosidl_typesupport_introspection_cpp.so
[17.098s] -- Set runtime path of "/home/vboxuser/UAV_UGV_netmonitoring/install/uav_msgs/lib/libuav_msgs__rosidl_typesupport_introspection_cpp.so" to ""
[17.098s] -- Installing: /home/vboxuser/UAV_UGV_netmonitoring/install/uav_msgs/lib/libuav_msgs__rosidl_typesupport_cpp.so
[17.098s] -- Set runtime path of "/home/vboxuser/UAV_UGV_netmonitoring/install/uav_msgs/lib/libuav_msgs__rosidl_typesupport_cpp.so" to ""
[17.099s] -- Up-to-date: /home/vboxuser/UAV_UGV_netmonitoring/install/uav_msgs/share/uav_msgs/environment/pythonpath.sh
[17.099s] -- Installing: /home/vboxuser/UAV_UGV_netmonitoring/install/uav_msgs/share/uav_msgs/environment/pythonpath.dsv
[17.099s] -- Up-to-date: /home/vboxuser/UAV_UGV_netmonitoring/install/uav_msgs/local/lib/python3.10/dist-packages/uav_msgs-0.0.0-py3.10.egg-info
[17.099s] -- Installing: /home/vboxuser/UAV_UGV_netmonitoring/install/uav_msgs/local/lib/python3.10/dist-packages/uav_msgs-0.0.0-py3.10.egg-info/top_level.txt
[17.099s] -- Installing: /home/vboxuser/UAV_UGV_netmonitoring/install/uav_msgs/local/lib/python3.10/dist-packages/uav_msgs-0.0.0-py3.10.egg-info/SOURCES.txt
[17.099s] -- Installing: /home/vboxuser/UAV_UGV_netmonitoring/install/uav_msgs/local/lib/python3.10/dist-packages/uav_msgs-0.0.0-py3.10.egg-info/PKG-INFO
[17.099s] -- Installing: /home/vboxuser/UAV_UGV_netmonitoring/install/uav_msgs/local/lib/python3.10/dist-packages/uav_msgs-0.0.0-py3.10.egg-info/dependency_links.txt
[17.101s] -- Up-to-date: /home/vboxuser/UAV_UGV_netmonitoring/install/uav_msgs/local/lib/python3.10/dist-packages/uav_msgs
[17.101s] -- Installing: /home/vboxuser/UAV_UGV_netmonitoring/install/uav_msgs/local/lib/python3.10/dist-packages/uav_msgs/__init__.py
[17.101s] -- Installing: /home/vboxuser/UAV_UGV_netmonitoring/install/uav_msgs/local/lib/python3.10/dist-packages/uav_msgs/libuav_msgs__rosidl_generator_py.so
[17.101s] -- Up-to-date: /home/vboxuser/UAV_UGV_netmonitoring/install/uav_msgs/local/lib/python3.10/dist-packages/uav_msgs/msg
[17.101s] -- Installing: /home/vboxuser/UAV_UGV_netmonitoring/install/uav_msgs/local/lib/python3.10/dist-packages/uav_msgs/msg/__init__.py
[17.101s] -- Installing: /home/vboxuser/UAV_UGV_netmonitoring/install/uav_msgs/local/lib/python3.10/dist-packages/uav_msgs/msg/_uav_deployment.py
[17.101s] -- Installing: /home/vboxuser/UAV_UGV_netmonitoring/install/uav_msgs/local/lib/python3.10/dist-packages/uav_msgs/msg/_weather_status_s.c
[17.101s] -- Installing: /home/vboxuser/UAV_UGV_netmonitoring/install/uav_msgs/local/lib/python3.10/dist-packages/uav_msgs/msg/_uav_status.py
[17.101s] -- Installing: /home/vboxuser/UAV_UGV_netmonitoring/install/uav_msgs/local/lib/python3.10/dist-packages/uav_msgs/msg/_heartbeat.py
[17.101s] -- Installing: /home/vboxuser/UAV_UGV_netmonitoring/install/uav_msgs/local/lib/python3.10/dist-packages/uav_msgs/msg/_cluster_info.py
[17.101s] -- Installing: /home/vboxuser/UAV_UGV_netmonitoring/install/uav_msgs/local/lib/python3.10/dist-packages/uav_msgs/msg/_heartbeat_s.c
[17.115s] -- Installing: /home/vboxuser/UAV_UGV_netmonitoring/install/uav_msgs/local/lib/python3.10/dist-packages/uav_msgs/msg/_failure_event.py
[17.115s] -- Installing: /home/vboxuser/UAV_UGV_netmonitoring/install/uav_msgs/local/lib/python3.10/dist-packages/uav_msgs/msg/_failure_event_s.c
[17.115s] -- Installing: /home/vboxuser/UAV_UGV_netmonitoring/install/uav_msgs/local/lib/python3.10/dist-packages/uav_msgs/msg/_charge_decision.py
[17.115s] -- Installing: /home/vboxuser/UAV_UGV_netmonitoring/install/uav_msgs/local/lib/python3.10/dist-packages/uav_msgs/msg/_uav_deployment_s.c
[17.115s] -- Installing: /home/vboxuser/UAV_UGV_netmonitoring/install/uav_msgs/local/lib/python3.10/dist-packages/uav_msgs/msg/_uav_status_s.c
[17.115s] -- Installing: /home/vboxuser/UAV_UGV_netmonitoring/install/uav_msgs/local/lib/python3.10/dist-packages/uav_msgs/msg/_charge_request.py
[17.115s] -- Installing: /home/vboxuser/UAV_UGV_netmonitoring/install/uav_msgs/local/lib/python3.10/dist-packages/uav_msgs/msg/_traffic_message_s.c
[17.115s] -- Installing: /home/vboxuser/UAV_UGV_netmonitoring/install/uav_msgs/local/lib/python3.10/dist-packages/uav_msgs/msg/_charge_decision_s.c
[17.115s] -- Installing: /home/vboxuser/UAV_UGV_netmonitoring/install/uav_msgs/local/lib/python3.10/dist-packages/uav_msgs/msg/_cluster_info_s.c
[17.115s] -- Installing: /home/vboxuser/UAV_UGV_netmonitoring/install/uav_msgs/local/lib/python3.10/dist-packages/uav_msgs/msg/_charge_request_s.c
[17.115s] -- Installing: /home/vboxuser/UAV_UGV_netmonitoring/install/uav_msgs/local/lib/python3.10/dist-packages/uav_msgs/msg/_weather_status.py
[17.115s] -- Installing: /home/vboxuser/UAV_UGV_netmonitoring/install/uav_msgs/local/lib/python3.10/dist-packages/uav_msgs/msg/_traffic_message.py
[17.115s] -- Installing: /home/vboxuser/UAV_UGV_netmonitoring/install/uav_msgs/local/lib/python3.10/dist-packages/uav_msgs/_uav_msgs_s.ep.rosidl_typesupport_c.c
[17.115s] -- Installing: /home/vboxuser/UAV_UGV_netmonitoring/install/uav_msgs/local/lib/python3.10/dist-packages/uav_msgs/uav_msgs_s__rosidl_typesupport_introspection_c.cpython-310-x86_64-linux-gnu.so
[17.115s] -- Up-to-date: /home/vboxuser/UAV_UGV_netmonitoring/install/uav_msgs/local/lib/python3.10/dist-packages/uav_msgs/action
[17.115s] -- Installing: /home/vboxuser/UAV_UGV_netmonitoring/install/uav_msgs/local/lib/python3.10/dist-packages/uav_msgs/action/__init__.py
[17.115s] -- Installing: /home/vboxuser/UAV_UGV_netmonitoring/install/uav_msgs/local/lib/python3.10/dist-packages/uav_msgs/action/_dock_and_charge_s.c
[17.115s] -- Installing: /home/vboxuser/UAV_UGV_netmonitoring/install/uav_msgs/local/lib/python3.10/dist-packages/uav_msgs/action/_dock_and_charge.py
[17.115s] -- Up-to-date: /home/vboxuser/UAV_UGV_netmonitoring/install/uav_msgs/local/lib/python3.10/dist-packages/uav_msgs/srv
[17.115s] -- Installing: /home/vboxuser/UAV_UGV_netmonitoring/install/uav_msgs/local/lib/python3.10/dist-packages/uav_msgs/srv/__init__.py
[17.115s] -- Installing: /home/vboxuser/UAV_UGV_netmonitoring/install/uav_msgs/local/lib/python3.10/dist-packages/uav_msgs/srv/_send_debug_text_s.c
[17.115s] -- Installing: /home/vboxuser/UAV_UGV_netmonitoring/install/uav_msgs/local/lib/python3.10/dist-packages/uav_msgs/srv/_request_charge_s.c
[17.116s] -- Installing: /home/vboxuser/UAV_UGV_netmonitoring/install/uav_msgs/local/lib/python3.10/dist-packages/uav_msgs/srv/_send_debug_text.py
[17.116s] -- Installing: /home/vboxuser/UAV_UGV_netmonitoring/install/uav_msgs/local/lib/python3.10/dist-packages/uav_msgs/srv/_request_charge.py
[17.116s] -- Installing: /home/vboxuser/UAV_UGV_netmonitoring/install/uav_msgs/local/lib/python3.10/dist-packages/uav_msgs/_uav_msgs_s.ep.rosidl_typesupport_introspection_c.c
[17.116s] -- Installing: /home/vboxuser/UAV_UGV_netmonitoring/install/uav_msgs/local/lib/python3.10/dist-packages/uav_msgs/uav_msgs_s__rosidl_typesupport_fastrtps_c.cpython-310-x86_64-linux-gnu.so
[17.116s] -- Installing: /home/vboxuser/UAV_UGV_netmonitoring/install/uav_msgs/local/lib/python3.10/dist-packages/uav_msgs/_uav_msgs_s.ep.rosidl_typesupport_fastrtps_c.c
[17.116s] -- Installing: /home/vboxuser/UAV_UGV_netmonitoring/install/uav_msgs/local/lib/python3.10/dist-packages/uav_msgs/uav_msgs_s__rosidl_typesupport_c.cpython-310-x86_64-linux-gnu.so
[17.223s] Listing '/home/vboxuser/UAV_UGV_netmonitoring/install/uav_msgs/local/lib/python3.10/dist-packages/uav_msgs'...
[17.223s] Compiling '/home/vboxuser/UAV_UGV_netmonitoring/install/uav_msgs/local/lib/python3.10/dist-packages/uav_msgs/__init__.py'...
[17.223s] Listing '/home/vboxuser/UAV_UGV_netmonitoring/install/uav_msgs/local/lib/python3.10/dist-packages/uav_msgs/action'...
[17.223s] Compiling '/home/vboxuser/UAV_UGV_netmonitoring/install/uav_msgs/local/lib/python3.10/dist-packages/uav_msgs/action/__init__.py'...
[17.223s] Compiling '/home/vboxuser/UAV_UGV_netmonitoring/install/uav_msgs/local/lib/python3.10/dist-packages/uav_msgs/action/_dock_and_charge.py'...
[17.223s] Listing '/home/vboxuser/UAV_UGV_netmonitoring/install/uav_msgs/local/lib/python3.10/dist-packages/uav_msgs/msg'...
[17.223s] Compiling '/home/vboxuser/UAV_UGV_netmonitoring/install/uav_msgs/local/lib/python3.10/dist-packages/uav_msgs/msg/__init__.py'...
[17.223s] Compiling '/home/vboxuser/UAV_UGV_netmonitoring/install/uav_msgs/local/lib/python3.10/dist-packages/uav_msgs/msg/_charge_decision.py'...
[17.223s] Compiling '/home/vboxuser/UAV_UGV_netmonitoring/install/uav_msgs/local/lib/python3.10/dist-packages/uav_msgs/msg/_charge_request.py'...
[17.223s] Compiling '/home/vboxuser/UAV_UGV_netmonitoring/install/uav_msgs/local/lib/python3.10/dist-packages/uav_msgs/msg/_cluster_info.py'...
[17.223s] Compiling '/home/vboxuser/UAV_UGV_netmonitoring/install/uav_msgs/local/lib/python3.10/dist-packages/uav_msgs/msg/_failure_event.py'...
[17.223s] Compiling '/home/vboxuser/UAV_UGV_netmonitoring/install/uav_msgs/local/lib/python3.10/dist-packages/uav_msgs/msg/_heartbeat.py'...
[17.223s] Compiling '/home/vboxuser/UAV_UGV_netmonitoring/install/uav_msgs/local/lib/python3.10/dist-packages/uav_msgs/msg/_traffic_message.py'...
[17.223s] Compiling '/home/vboxuser/UAV_UGV_netmonitoring/install/uav_msgs/local/lib/python3.10/dist-packages/uav_msgs/msg/_uav_deployment.py'...
[17.223s] Compiling '/home/vboxuser/UAV_UGV_netmonitoring/install/uav_msgs/local/lib/python3.10/dist-packages/uav_msgs/msg/_uav_status.py'...
[17.223s] Compiling '/home/vboxuser/UAV_UGV_netmonitoring/install/uav_msgs/local/lib/python3.10/dist-packages/uav_msgs/msg/_weather_status.py'...
[17.223s] Listing '/home/vboxuser/UAV_UGV_netmonitoring/install/uav_msgs/local/lib/python3.10/dist-packages/uav_msgs/srv'...
[17.223s] Compiling '/home/vboxuser/UAV_UGV_netmonitoring/install/uav_msgs/local/lib/python3.10/dist-packages/uav_msgs/srv/__init__.py'...
[17.223s] Compiling '/home/vboxuser/UAV_UGV_netmonitoring/install/uav_msgs/local/lib/python3.10/dist-packages/uav_msgs/srv/_request_charge.py'...
[17.223s] Compiling '/home/vboxuser/UAV_UGV_netmonitoring/install/uav_msgs/local/lib/python3.10/dist-packages/uav_msgs/srv/_send_debug_text.py'...
[17.231s] -- Installing: /home/vboxuser/UAV_UGV_netmonitoring/install/uav_msgs/local/lib/python3.10/dist-packages/uav_msgs/uav_msgs_s__rosidl_typesupport_fastrtps_c.cpython-310-x86_64-linux-gnu.so
[17.239s] -- Set runtime path of "/home/vboxuser/UAV_UGV_netmonitoring/install/uav_msgs/local/lib/python3.10/dist-packages/uav_msgs/uav_msgs_s__rosidl_typesupport_fastrtps_c.cpython-310-x86_64-linux-gnu.so" to ""
[17.239s] -- Installing: /home/vboxuser/UAV_UGV_netmonitoring/install/uav_msgs/local/lib/python3.10/dist-packages/uav_msgs/uav_msgs_s__rosidl_typesupport_introspection_c.cpython-310-x86_64-linux-gnu.so
[17.239s] -- Set runtime path of "/home/vboxuser/UAV_UGV_netmonitoring/install/uav_msgs/local/lib/python3.10/dist-packages/uav_msgs/uav_msgs_s__rosidl_typesupport_introspection_c.cpython-310-x86_64-linux-gnu.so" to ""
[17.242s] -- Installing: /home/vboxuser/UAV_UGV_netmonitoring/install/uav_msgs/local/lib/python3.10/dist-packages/uav_msgs/uav_msgs_s__rosidl_typesupport_c.cpython-310-x86_64-linux-gnu.so
[17.242s] -- Set runtime path of "/home/vboxuser/UAV_UGV_netmonitoring/install/uav_msgs/local/lib/python3.10/dist-packages/uav_msgs/uav_msgs_s__rosidl_typesupport_c.cpython-310-x86_64-linux-gnu.so" to ""
[17.243s] -- Installing: /home/vboxuser/UAV_UGV_netmonitoring/install/uav_msgs/lib/libuav_msgs__rosidl_generator_py.so
[17.243s] -- Set runtime path of "/home/vboxuser/UAV_UGV_netmonitoring/install/uav_msgs/lib/libuav_msgs__rosidl_generator_py.so" to ""
[17.243s] -- Up-to-date: /home/vboxuser/UAV_UGV_netmonitoring/install/uav_msgs/share/uav_msgs/msg/UavStatus.idl
[17.243s] -- Up-to-date: /home/vboxuser/UAV_UGV_netmonitoring/install/uav_msgs/share/uav_msgs/msg/Heartbeat.idl
[17.243s] -- Up-to-date: /home/vboxuser/UAV_UGV_netmonitoring/install/uav_msgs/share/uav_msgs/msg/TrafficMessage.idl
[17.243s] -- Up-to-date: /home/vboxuser/UAV_UGV_netmonitoring/install/uav_msgs/share/uav_msgs/msg/ClusterInfo.idl
[17.243s] -- Up-to-date: /home/vboxuser/UAV_UGV_netmonitoring/install/uav_msgs/share/uav_msgs/msg/ChargeDecision.idl
[17.243s] -- Up-to-date: /home/vboxuser/UAV_UGV_netmonitoring/install/uav_msgs/share/uav_msgs/msg/ChargeRequest.idl
[17.243s] -- Up-to-date: /home/vboxuser/UAV_UGV_netmonitoring/install/uav_msgs/share/uav_msgs/srv/RequestCharge.idl
[17.243s] -- Up-to-date: /home/vboxuser/UAV_UGV_netmonitoring/install/uav_msgs/share/uav_msgs/srv/SendDebugText.idl
[17.243s] -- Up-to-date: /home/vboxuser/UAV_UGV_netmonitoring/install/uav_msgs/share/uav_msgs/action/DockAndCharge.idl
[17.243s] -- Up-to-date: /home/vboxuser/UAV_UGV_netmonitoring/install/uav_msgs/share/uav_msgs/msg/WeatherStatus.idl
[17.243s] -- Up-to-date: /home/vboxuser/UAV_UGV_netmonitoring/install/uav_msgs/share/uav_msgs/msg/FailureEvent.idl
[17.243s] -- Installing: /home/vboxuser/UAV_UGV_netmonitoring/install/uav_msgs/share/uav_msgs/msg/UavDeployment.idl
[17.243s] -- Up-to-date: /home/vboxuser/UAV_UGV_netmonitoring/install/uav_msgs/share/uav_msgs/msg/UavStatus.msg
[17.243s] -- Up-to-date: /home/vboxuser/UAV_UGV_netmonitoring/install/uav_msgs/share/uav_msgs/msg/Heartbeat.msg
[17.245s] -- Up-to-date: /home/vboxuser/UAV_UGV_netmonitoring/install/uav_msgs/share/uav_msgs/msg/TrafficMessage.msg
[17.245s] -- Up-to-date: /home/vboxuser/UAV_UGV_netmonitoring/install/uav_msgs/share/uav_msgs/msg/ClusterInfo.msg
[17.245s] -- Up-to-date: /home/vboxuser/UAV_UGV_netmonitoring/install/uav_msgs/share/uav_msgs/msg/ChargeDecision.msg
[17.245s] -- Up-to-date: /home/vboxuser/UAV_UGV_netmonitoring/install/uav_msgs/share/uav_msgs/msg/ChargeRequest.msg
[17.246s] -- Up-to-date: /home/vboxuser/UAV_UGV_netmonitoring/install/uav_msgs/share/uav_msgs/srv/RequestCharge.srv
[17.246s] -- Up-to-date: /home/vboxuser/UAV_UGV_netmonitoring/install/uav_msgs/share/uav_msgs/srv/RequestCharge_Request.msg
[17.246s] -- Up-to-date: /home/vboxuser/UAV_UGV_netmonitoring/install/uav_msgs/share/uav_msgs/srv/RequestCharge_Response.msg
[17.246s] -- Up-to-date: /home/vboxuser/UAV_UGV_netmonitoring/install/uav_msgs/share/uav_msgs/srv/SendDebugText.srv
[17.246s] -- Up-to-date: /home/vboxuser/UAV_UGV_netmonitoring/install/uav_msgs/share/uav_msgs/srv/SendDebugText_Request.msg
[17.246s] -- Up-to-date: /home/vboxuser/UAV_UGV_netmonitoring/install/uav_msgs/share/uav_msgs/srv/SendDebugText_Response.msg
[17.246s] -- Up-to-date: /home/vboxuser/UAV_UGV_netmonitoring/install/uav_msgs/share/uav_msgs/action/DockAndCharge.action
[17.246s] -- Up-to-date: /home/vboxuser/UAV_UGV_netmonitoring/install/uav_msgs/share/uav_msgs/msg/WeatherStatus.msg
[17.246s] -- Up-to-date: /home/vboxuser/UAV_UGV_netmonitoring/install/uav_msgs/share/uav_msgs/msg/FailureEvent.msg
[17.246s] -- Installing: /home/vboxuser/UAV_UGV_netmonitoring/install/uav_msgs/share/uav_msgs/msg/UavDeployment.msg
[17.246s] -- Up-to-date: /home/vboxuser/UAV_UGV_netmonitoring/install/uav_msgs/share/ament_index/resource_index/package_run_dependencies/uav_msgs
[17.246s] -- Up-to-date: /home/vboxuser/UAV_UGV_netmonitoring/install/uav_msgs/share/ament_index/resource_index/parent_prefix_path/uav_msgs
[17.246s] -- Up-to-date: /home/vboxuser/UAV_UGV_netmonitoring/install/uav_msgs/share/uav_msgs/environment/ament_prefix_path.sh
[17.246s] -- Installing: /home/vboxuser/UAV_UGV_netmonitoring/install/uav_msgs/share/uav_msgs/environment/ament_prefix_path.dsv
[17.246s] -- Up-to-date: /home/vboxuser/UAV_UGV_netmonitoring/install/uav_msgs/share/uav_msgs/environment/path.sh
[17.246s] -- Installing: /home/vboxuser/UAV_UGV_netmonitoring/install/uav_msgs/share/uav_msgs/environment/path.dsv
[17.246s] -- Up-to-date: /home/vboxuser/UAV_UGV_netmonitoring/install/uav_msgs/share/uav_msgs/local_setup.bash
[17.246s] -- Up-to-date: /home/vboxuser/UAV_UGV_netmonitoring/install/uav_msgs/share/uav_msgs/local_setup.sh
[17.246s] -- Up-to-date: /home/vboxuser/UAV_UGV_netmonitoring/install/uav_msgs/share/uav_msgs/local_setup.zsh
[17.246s] -- Installing: /home/vboxuser/UAV_UGV_netmonitoring/install/uav_msgs/share/uav_msgs/local_setup.dsv
[17.246s] -- Installing: /home/vboxuser/UAV_UGV_netmonitoring/install/uav_msgs/share/uav_msgs/package.dsv
[17.246s] -- Up-to-date: /home/vboxuser/UAV_UGV_netmonitoring/install/uav_msgs/share/ament_index/resource_index/packages/uav_msgs
[17.246s] -- Up-to-date: /home/vboxuser/UAV_UGV_netmonitoring/install/uav_msgs/share/uav_msgs/cmake/export_uav_msgs__rosidl_generator_cExport.cmake
[17.246s] -- Up-to-date: /home/vboxuser/UAV_UGV_netmonitoring/install/uav_msgs/share/uav_msgs/cmake/export_uav_msgs__rosidl_generator_cExport-noconfig.cmake
[17.246s] -- Up-to-date: /home/vboxuser/UAV_UGV_netmonitoring/install/uav_msgs/share/uav_msgs/cmake/export_uav_msgs__rosidl_typesupport_fastrtps_cExport.cmake
[17.246s] -- Up-to-date: /home/vboxuser/UAV_UGV_netmonitoring/install/uav_msgs/share/uav_msgs/cmake/export_uav_msgs__rosidl_typesupport_fastrtps_cExport-noconfig.cmake
[17.246s] -- Up-to-date: /home/vboxuser/UAV_UGV_netmonitoring/install/uav_msgs/share/uav_msgs/cmake/uav_msgs__rosidl_typesupport_introspection_cExport.cmake
[17.246s] -- Up-to-date: /home/vboxuser/UAV_UGV_netmonitoring/install/uav_msgs/share/uav_msgs/cmake/uav_msgs__rosidl_typesupport_introspection_cExport-noconfig.cmake
[17.246s] -- Up-to-date: /home/vboxuser/UAV_UGV_netmonitoring/install/uav_msgs/share/uav_msgs/cmake/uav_msgs__rosidl_typesupport_cExport.cmake
[17.246s] -- Up-to-date: /home/vboxuser/UAV_UGV_netmonitoring/install/uav_msgs/share/uav_msgs/cmake/uav_msgs__rosidl_typesupport_cExport-noconfig.cmake
[17.246s] -- Up-to-date: /home/vboxuser/UAV_UGV_netmonitoring/install/uav_msgs/share/uav_msgs/cmake/export_uav_msgs__rosidl_generator_cppExport.cmake
[17.247s] -- Up-to-date: /home/vboxuser/UAV_UGV_netmonitoring/install/uav_msgs/share/uav_msgs/cmake/export_uav_msgs__rosidl_typesupport_fastrtps_cppExport.cmake
[17.247s] -- Up-to-date: /home/vboxuser/UAV_UGV_netmonitoring/install/uav_msgs/share/uav_msgs/cmake/export_uav_msgs__rosidl_typesupport_fastrtps_cppExport-noconfig.cmake
[17.248s] -- Up-to-date: /home/vboxuser/UAV_UGV_netmonitoring/install/uav_msgs/share/uav_msgs/cmake/uav_msgs__rosidl_typesupport_introspection_cppExport.cmake
[17.248s] -- Up-to-date: /home/vboxuser/UAV_UGV_netmonitoring/install/uav_msgs/share/uav_msgs/cmake/uav_msgs__rosidl_typesupport_introspection_cppExport-noconfig.cmake
[17.248s] -- Up-to-date: /home/vboxuser/UAV_UGV_netmonitoring/install/uav_msgs/share/uav_msgs/cmake/uav_msgs__rosidl_typesupport_cppExport.cmake
[17.248s] -- Up-to-date: /home/vboxuser/UAV_UGV_netmonitoring/install/uav_msgs/share/uav_msgs/cmake/uav_msgs__rosidl_typesupport_cppExport-noconfig.cmake
[17.248s] -- Up-to-date: /home/vboxuser/UAV_UGV_netmonitoring/install/uav_msgs/share/uav_msgs/cmake/export_uav_msgs__rosidl_generator_pyExport.cmake
[17.248s] -- Up-to-date: /home/vboxuser/UAV_UGV_netmonitoring/install/uav_msgs/share/uav_msgs/cmake/export_uav_msgs__rosidl_generator_pyExport-noconfig.cmake
[17.248s] -- Installing: /home/vboxuser/UAV_UGV_netmonitoring/install/uav_msgs/share/uav_msgs/cmake/rosidl_cmake-extras.cmake
[17.248s] -- Up-to-date: /home/vboxuser/UAV_UGV_netmonitoring/install/uav_msgs/share/uav_msgs/cmake/ament_cmake_export_dependencies-extras.cmake
[17.248s] -- Up-to-date: /home/vboxuser/UAV_UGV_netmonitoring/install/uav_msgs/share/uav_msgs/cmake/ament_cmake_export_include_directories-extras.cmake
[17.248s] -- Up-to-date: /home/vboxuser/UAV_UGV_netmonitoring/install/uav_msgs/share/uav_msgs/cmake/ament_cmake_export_libraries-extras.cmake
[17.248s] -- Up-to-date: /home/vboxuser/UAV_UGV_netmonitoring/install/uav_msgs/share/uav_msgs/cmake/ament_cmake_export_targets-extras.cmake
[17.248s] -- Up-to-date: /home/vboxuser/UAV_UGV_netmonitoring/install/uav_msgs/share/uav_msgs/cmake/rosidl_cmake_export_typesupport_targets-extras.cmake
[17.248s] -- Up-to-date: /home/vboxuser/UAV_UGV_netmonitoring/install/uav_msgs/share/uav_msgs/cmake/rosidl_cmake_export_typesupport_libraries-extras.cmake
[17.248s] -- Up-to-date: /home/vboxuser/UAV_UGV_netmonitoring/install/uav_msgs/share/uav_msgs/cmake/uav_msgsConfig.cmake
[17.248s] -- Up-to-date: /home/vboxuser/UAV_UGV_netmonitoring/install/uav_msgs/share/uav_msgs/cmake/uav_msgsConfig-version.cmake
[17.248s] -- Up-to-date: /home/vboxuser/UAV_UGV_netmonitoring/install/uav_msgs/share/uav_msgs/package.xml
[17.249s] Invoked command in '/home/vboxuser/UAV_UGV_netmonitoring/build/uav_msgs' returned '0': CMAKE_PREFIX_PATH=${CMAKE_PREFIX_PATH}:/home/vboxuser/ros2_ws/install/weather_server:/home/vboxuser/ros2_ws/install/ugv_charger:/home/vboxuser/ros2_ws/install/uav_controller:/home/vboxuser/ros2_ws/install/traffic_generator:/home/vboxuser/ros2_ws/install/system_launcher:/home/vboxuser/ros2_ws/install/net_emulator:/home/vboxuser/ros2_ws/install/metrics_aggregator:/home/vboxuser/ros2_ws/install/fault_injector:/home/vboxuser/ros2_ws/install/coverage_planner:/home/vboxuser/ros2_ws/install/ch_manager:/home/vboxuser/ros2_ws/install/battery_manager:/home/vboxuser/ros2_ws/install/turtle_square_py:/home/vboxuser/ros2_ws/install/python_parameters:/home/vboxuser/ros2_ws/install/py_srvcli:/home/vboxuser/ros2_ws/install/py_pubsub:/home/vboxuser/ros2_ws/install/fibonacci_action:/opt/ros/humble /usr/bin/cmake --install /home/vboxuser/UAV_UGV_netmonitoring/build/uav_msgs
