[0.368s] Invoking command in '/home/vboxuser/UAV_UGV_netmonitoring/build/system_bringup': CMAKE_PREFIX_PATH=${CMAKE_PREFIX_PATH}:/home/vboxuser/ros2_ws/install/weather_server:/home/vboxuser/ros2_ws/install/ugv_charger:/home/vboxuser/ros2_ws/install/uav_controller:/home/vboxuser/ros2_ws/install/traffic_generator:/home/vboxuser/ros2_ws/install/system_launcher:/home/vboxuser/ros2_ws/install/net_emulator:/home/vboxuser/ros2_ws/install/metrics_aggregator:/home/vboxuser/ros2_ws/install/fault_injector:/home/vboxuser/ros2_ws/install/coverage_planner:/home/vboxuser/ros2_ws/install/ch_manager:/home/vboxuser/ros2_ws/install/battery_manager:/home/vboxuser/ros2_ws/install/turtle_square_py:/home/vboxuser/ros2_ws/install/python_parameters:/home/vboxuser/ros2_ws/install/py_srvcli:/home/vboxuser/ros2_ws/install/py_pubsub:/home/vboxuser/ros2_ws/install/fibonacci_action:/opt/ros/humble /usr/bin/cmake /home/vboxuser/UAV_UGV_netmonitoring/src/system_bringup -DCMAKE_INSTALL_PREFIX=/home/vboxuser/UAV_UGV_netmonitoring/install/system_bringup
[0.839s] -- The C compiler identification is GNU 11.4.0
[1.278s] -- The CXX compiler identification is GNU 11.4.0
[1.366s] -- Detecting C compiler ABI info
[1.941s] -- Detecting C compiler ABI info - done
[2.005s] -- Check for working C compiler: /usr/bin/cc - skipped
[2.005s] -- Detecting C compile features
[2.005s] -- Detecting C compile features - done
[2.018s] -- Detecting CXX compiler ABI info
[2.700s] -- Detecting CXX compiler ABI info - done
[2.780s] -- Check for working CXX compiler: /usr/bin/c++ - skipped
[2.781s] -- Detecting CXX compile features
[2.781s] -- Detecting CXX compile features - done
[2.781s] -- Found ament_cmake: 1.3.12 (/opt/ros/humble/share/ament_cmake/cmake)
[3.726s] -- Found Python3: /usr/bin/python3 (found version "3.10.12") found components: Interpreter 
[4.463s] -- Found ament_lint_auto: 0.12.14 (/opt/ros/humble/share/ament_lint_auto/cmake)
[4.867s] -- Added test 'lint_cmake' to check CMake code style
[4.889s] -- Added test 'xmllint' to check XML markup files
[4.890s] -- Configuring done
[4.924s] -- Generating done
[4.924s] -- Build files have been written to: /home/vboxuser/UAV_UGV_netmonitoring/build/system_bringup
[4.981s] Invoked command in '/home/vboxuser/UAV_UGV_netmonitoring/build/system_bringup' returned '0': CMAKE_PREFIX_PATH=${CMAKE_PREFIX_PATH}:/home/vboxuser/ros2_ws/install/weather_server:/home/vboxuser/ros2_ws/install/ugv_charger:/home/vboxuser/ros2_ws/install/uav_controller:/home/vboxuser/ros2_ws/install/traffic_generator:/home/vboxuser/ros2_ws/install/system_launcher:/home/vboxuser/ros2_ws/install/net_emulator:/home/vboxuser/ros2_ws/install/metrics_aggregator:/home/vboxuser/ros2_ws/install/fault_injector:/home/vboxuser/ros2_ws/install/coverage_planner:/home/vboxuser/ros2_ws/install/ch_manager:/home/vboxuser/ros2_ws/install/battery_manager:/home/vboxuser/ros2_ws/install/turtle_square_py:/home/vboxuser/ros2_ws/install/python_parameters:/home/vboxuser/ros2_ws/install/py_srvcli:/home/vboxuser/ros2_ws/install/py_pubsub:/home/vboxuser/ros2_ws/install/fibonacci_action:/opt/ros/humble /usr/bin/cmake /home/vboxuser/UAV_UGV_netmonitoring/src/system_bringup -DCMAKE_INSTALL_PREFIX=/home/vboxuser/UAV_UGV_netmonitoring/install/system_bringup
[5.074s] Invoking command in '/home/vboxuser/UAV_UGV_netmonitoring/build/system_bringup': CMAKE_PREFIX_PATH=${CMAKE_PREFIX_PATH}:/home/vboxuser/ros2_ws/install/weather_server:/home/vboxuser/ros2_ws/install/ugv_charger:/home/vboxuser/ros2_ws/install/uav_controller:/home/vboxuser/ros2_ws/install/traffic_generator:/home/vboxuser/ros2_ws/install/system_launcher:/home/vboxuser/ros2_ws/install/net_emulator:/home/vboxuser/ros2_ws/install/metrics_aggregator:/home/vboxuser/ros2_ws/install/fault_injector:/home/vboxuser/ros2_ws/install/coverage_planner:/home/vboxuser/ros2_ws/install/ch_manager:/home/vboxuser/ros2_ws/install/battery_manager:/home/vboxuser/ros2_ws/install/turtle_square_py:/home/vboxuser/ros2_ws/install/python_parameters:/home/vboxuser/ros2_ws/install/py_srvcli:/home/vboxuser/ros2_ws/install/py_pubsub:/home/vboxuser/ros2_ws/install/fibonacci_action:/opt/ros/humble /usr/bin/cmake --build /home/vboxuser/UAV_UGV_netmonitoring/build/system_bringup -- -j6 -l6
[5.396s] Invoked command in '/home/vboxuser/UAV_UGV_netmonitoring/build/system_bringup' returned '0': CMAKE_PREFIX_PATH=${CMAKE_PREFIX_PATH}:/home/vboxuser/ros2_ws/install/weather_server:/home/vboxuser/ros2_ws/install/ugv_charger:/home/vboxuser/ros2_ws/install/uav_controller:/home/vboxuser/ros2_ws/install/traffic_generator:/home/vboxuser/ros2_ws/install/system_launcher:/home/vboxuser/ros2_ws/install/net_emulator:/home/vboxuser/ros2_ws/install/metrics_aggregator:/home/vboxuser/ros2_ws/install/fault_injector:/home/vboxuser/ros2_ws/install/coverage_planner:/home/vboxuser/ros2_ws/install/ch_manager:/home/vboxuser/ros2_ws/install/battery_manager:/home/vboxuser/ros2_ws/install/turtle_square_py:/home/vboxuser/ros2_ws/install/python_parameters:/home/vboxuser/ros2_ws/install/py_srvcli:/home/vboxuser/ros2_ws/install/py_pubsub:/home/vboxuser/ros2_ws/install/fibonacci_action:/opt/ros/humble /usr/bin/cmake --build /home/vboxuser/UAV_UGV_netmonitoring/build/system_bringup -- -j6 -l6
[5.398s] Invoking command in '/home/vboxuser/UAV_UGV_netmonitoring/build/system_bringup': CMAKE_PREFIX_PATH=${CMAKE_PREFIX_PATH}:/home/vboxuser/ros2_ws/install/weather_server:/home/vboxuser/ros2_ws/install/ugv_charger:/home/vboxuser/ros2_ws/install/uav_controller:/home/vboxuser/ros2_ws/install/traffic_generator:/home/vboxuser/ros2_ws/install/system_launcher:/home/vboxuser/ros2_ws/install/net_emulator:/home/vboxuser/ros2_ws/install/metrics_aggregator:/home/vboxuser/ros2_ws/install/fault_injector:/home/vboxuser/ros2_ws/install/coverage_planner:/home/vboxuser/ros2_ws/install/ch_manager:/home/vboxuser/ros2_ws/install/battery_manager:/home/vboxuser/ros2_ws/install/turtle_square_py:/home/vboxuser/ros2_ws/install/python_parameters:/home/vboxuser/ros2_ws/install/py_srvcli:/home/vboxuser/ros2_ws/install/py_pubsub:/home/vboxuser/ros2_ws/install/fibonacci_action:/opt/ros/humble /usr/bin/cmake --install /home/vboxuser/UAV_UGV_netmonitoring/build/system_bringup
[5.424s] -- Install configuration: ""
[5.446s] -- Installing: /home/vboxuser/UAV_UGV_netmonitoring/install/system_bringup/share/ament_index/resource_index/package_run_dependencies/system_bringup
[5.446s] -- Installing: /home/vboxuser/UAV_UGV_netmonitoring/install/system_bringup/share/ament_index/resource_index/parent_prefix_path/system_bringup
[5.446s] -- Installing: /home/vboxuser/UAV_UGV_netmonitoring/install/system_bringup/share/system_bringup/environment/ament_prefix_path.sh
[5.446s] -- Installing: /home/vboxuser/UAV_UGV_netmonitoring/install/system_bringup/share/system_bringup/environment/ament_prefix_path.dsv
[5.446s] -- Installing: /home/vboxuser/UAV_UGV_netmonitoring/install/system_bringup/share/system_bringup/environment/path.sh
[5.446s] -- Installing: /home/vboxuser/UAV_UGV_netmonitoring/install/system_bringup/share/system_bringup/environment/path.dsv
[5.446s] -- Installing: /home/vboxuser/UAV_UGV_netmonitoring/install/system_bringup/share/system_bringup/local_setup.bash
[5.487s] -- Installing: /home/vboxuser/UAV_UGV_netmonitoring/install/system_bringup/share/system_bringup/local_setup.sh
[5.487s] -- Installing: /home/vboxuser/UAV_UGV_netmonitoring/install/system_bringup/share/system_bringup/local_setup.zsh
[5.487s] -- Installing: /home/vboxuser/UAV_UGV_netmonitoring/install/system_bringup/share/system_bringup/local_setup.dsv
[5.487s] -- Installing: /home/vboxuser/UAV_UGV_netmonitoring/install/system_bringup/share/system_bringup/package.dsv
[5.487s] -- Installing: /home/vboxuser/UAV_UGV_netmonitoring/install/system_bringup/share/ament_index/resource_index/packages/system_bringup
[5.488s] -- Installing: /home/vboxuser/UAV_UGV_netmonitoring/install/system_bringup/share/system_bringup/cmake/system_bringupConfig.cmake
[5.488s] -- Installing: /home/vboxuser/UAV_UGV_netmonitoring/install/system_bringup/share/system_bringup/cmake/system_bringupConfig-version.cmake
[5.488s] -- Installing: /home/vboxuser/UAV_UGV_netmonitoring/install/system_bringup/share/system_bringup/package.xml
[5.507s] Invoked command in '/home/vboxuser/UAV_UGV_netmonitoring/build/system_bringup' returned '0': CMAKE_PREFIX_PATH=${CMAKE_PREFIX_PATH}:/home/vboxuser/ros2_ws/install/weather_server:/home/vboxuser/ros2_ws/install/ugv_charger:/home/vboxuser/ros2_ws/install/uav_controller:/home/vboxuser/ros2_ws/install/traffic_generator:/home/vboxuser/ros2_ws/install/system_launcher:/home/vboxuser/ros2_ws/install/net_emulator:/home/vboxuser/ros2_ws/install/metrics_aggregator:/home/vboxuser/ros2_ws/install/fault_injector:/home/vboxuser/ros2_ws/install/coverage_planner:/home/vboxuser/ros2_ws/install/ch_manager:/home/vboxuser/ros2_ws/install/battery_manager:/home/vboxuser/ros2_ws/install/turtle_square_py:/home/vboxuser/ros2_ws/install/python_parameters:/home/vboxuser/ros2_ws/install/py_srvcli:/home/vboxuser/ros2_ws/install/py_pubsub:/home/vboxuser/ros2_ws/install/fibonacci_action:/opt/ros/humble /usr/bin/cmake --install /home/vboxuser/UAV_UGV_netmonitoring/build/system_bringup
