[0.026s] Invoking command in '/home/vboxuser/UAV_UGV_netmonitoring/build/uav_msgs': CMAKE_PREFIX_PATH=${CMAKE_PREFIX_PATH}:/home/vboxuser/ros2_ws/install/weather_server:/home/vboxuser/ros2_ws/install/ugv_charger:/home/vboxuser/ros2_ws/install/uav_controller:/home/vboxuser/ros2_ws/install/traffic_generator:/home/vboxuser/ros2_ws/install/system_launcher:/home/vboxuser/ros2_ws/install/net_emulator:/home/vboxuser/ros2_ws/install/metrics_aggregator:/home/vboxuser/ros2_ws/install/fault_injector:/home/vboxuser/ros2_ws/install/coverage_planner:/home/vboxuser/ros2_ws/install/ch_manager:/home/vboxuser/ros2_ws/install/battery_manager:/home/vboxuser/ros2_ws/install/turtle_square_py:/home/vboxuser/ros2_ws/install/python_parameters:/home/vboxuser/ros2_ws/install/py_srvcli:/home/vboxuser/ros2_ws/install/py_pubsub:/home/vboxuser/ros2_ws/install/fibonacci_action:/opt/ros/humble /usr/bin/cmake --build /home/vboxuser/UAV_UGV_netmonitoring/build/uav_msgs -- -j6 -l6
[0.146s] -- Found ament_cmake: 1.3.12 (/opt/ros/humble/share/ament_cmake/cmake)
[0.924s] -- Found rosidl_default_generators: 1.2.0 (/opt/ros/humble/share/rosidl_default_generators/cmake)
[0.934s] -- Using all available rosidl_typesupport_c: rosidl_typesupport_fastrtps_c;rosidl_typesupport_introspection_c
[0.937s] -- Found rosidl_adapter: 3.1.7 (/opt/ros/humble/share/rosidl_adapter/cmake)
[1.066s] -- Using all available rosidl_typesupport_cpp: rosidl_typesupport_fastrtps_cpp;rosidl_typesupport_introspection_cpp
[1.170s] -- Found builtin_interfaces: 1.2.2 (/opt/ros/humble/share/builtin_interfaces/cmake)
[1.212s] -- Found geometry_msgs: 4.9.0 (/opt/ros/humble/share/geometry_msgs/cmake)
[2.014s] -- Found ament_cmake_ros: 0.10.0 (/opt/ros/humble/share/ament_cmake_ros/cmake)
[2.300s] -- Using all available rosidl_typesupport_c: rosidl_typesupport_fastrtps_c;rosidl_typesupport_introspection_c
[2.774s] -- Using all available rosidl_typesupport_cpp: rosidl_typesupport_fastrtps_cpp;rosidl_typesupport_introspection_cpp
[2.805s] -- Found python_cmake_module: 0.10.0 (/opt/ros/humble/share/python_cmake_module/cmake)
[2.847s] -- Using PYTHON_EXECUTABLE: /usr/bin/python3
[2.847s] -- Using PYTHON_INCLUDE_DIRS: /usr/include/python3.10
[2.847s] -- Using PYTHON_LIBRARIES: /usr/lib/x86_64-linux-gnu/libpython3.10.so
[2.915s] -- Found ament_lint_auto: 0.12.14 (/opt/ros/humble/share/ament_lint_auto/cmake)
[2.922s] -- Configuring done
[3.005s] -- Generating done
[3.085s] -- Build files have been written to: /home/vboxuser/UAV_UGV_netmonitoring/build/uav_msgs
[3.159s] [  1%] [34m[1mGenerating C code for ROS interfaces[0m
[3.220s] [  2%] [34m[1mGenerating C++ code for ROS interfaces[0m
[3.258s] [  2%] Built target ament_cmake_python_copy_uav_msgs
[3.956s] running egg_info
[3.966s] writing uav_msgs.egg-info/PKG-INFO
[3.966s] writing dependency_links to uav_msgs.egg-info/dependency_links.txt
[3.973s] writing top-level names to uav_msgs.egg-info/top_level.txt
[3.976s] reading manifest file 'uav_msgs.egg-info/SOURCES.txt'
[3.977s] writing manifest file 'uav_msgs.egg-info/SOURCES.txt'
[4.111s] [  2%] Built target ament_cmake_python_build_uav_msgs_egg
[6.898s] [35m[1mConsolidate compiler generated dependencies of target uav_msgs__rosidl_generator_c[0m
[6.899s] [  2%] Built target uav_msgs__cpp
[7.077s] [  3%] [34m[1mGenerating C++ type support dispatch for ROS interfaces[0m
[7.121s] [  4%] [32mBuilding C object CMakeFiles/uav_msgs__rosidl_generator_c.dir/rosidl_generator_c/uav_msgs/msg/detail/traffic_message__functions.c.o[0m
[7.155s] [  5%] [34m[1mGenerating C++ introspection for ROS interfaces[0m
[7.156s] [  6%] [32mBuilding C object CMakeFiles/uav_msgs__rosidl_generator_c.dir/rosidl_generator_c/uav_msgs/msg/detail/heartbeat__functions.c.o[0m
[7.157s] [  7%] [32mBuilding C object CMakeFiles/uav_msgs__rosidl_generator_c.dir/rosidl_generator_c/uav_msgs/msg/detail/uav_status__functions.c.o[0m
[7.209s] [  8%] [34m[1mGenerating C++ type support for eProsima Fast-RTPS[0m
[7.580s] [  9%] [32mBuilding C object CMakeFiles/uav_msgs__rosidl_generator_c.dir/rosidl_generator_c/uav_msgs/msg/detail/cluster_info__functions.c.o[0m
[7.618s] [ 10%] [32mBuilding C object CMakeFiles/uav_msgs__rosidl_generator_c.dir/rosidl_generator_c/uav_msgs/msg/detail/charge_decision__functions.c.o[0m
[7.618s] [ 11%] [32mBuilding C object CMakeFiles/uav_msgs__rosidl_generator_c.dir/rosidl_generator_c/uav_msgs/msg/detail/charge_request__functions.c.o[0m
[7.925s] [ 12%] [32mBuilding C object CMakeFiles/uav_msgs__rosidl_generator_c.dir/rosidl_generator_c/uav_msgs/srv/detail/request_charge__functions.c.o[0m
[8.000s] [ 13%] [32mBuilding C object CMakeFiles/uav_msgs__rosidl_generator_c.dir/rosidl_generator_c/uav_msgs/msg/detail/weather_status__functions.c.o[0m
[8.060s] [ 14%] [32mBuilding C object CMakeFiles/uav_msgs__rosidl_generator_c.dir/rosidl_generator_c/uav_msgs/action/detail/dock_and_charge__functions.c.o[0m
[8.253s] [ 15%] [32m[1mLinking C shared library libuav_msgs__rosidl_generator_c.so[0m
[8.324s] [ 15%] Built target uav_msgs__rosidl_generator_c
[8.340s] [ 16%] [34m[1mGenerating C type support for eProsima Fast-RTPS[0m
[8.340s] [ 17%] [34m[1mGenerating C type support dispatch for ROS interfaces[0m
[8.393s] [ 18%] [34m[1mGenerating C introspection for ROS interfaces[0m
[9.253s] [35m[1mConsolidate compiler generated dependencies of target uav_msgs__rosidl_typesupport_cpp[0m
[9.310s] [ 20%] [32mBuilding CXX object CMakeFiles/uav_msgs__rosidl_typesupport_cpp.dir/rosidl_typesupport_cpp/uav_msgs/msg/uav_status__type_support.cpp.o[0m
[9.936s] [35m[1mConsolidate compiler generated dependencies of target uav_msgs__rosidl_typesupport_introspection_cpp[0m
[10.002s] [ 21%] [32mBuilding CXX object CMakeFiles/uav_msgs__rosidl_typesupport_introspection_cpp.dir/rosidl_typesupport_introspection_cpp/uav_msgs/msg/detail/uav_status__type_support.cpp.o[0m
[10.014s] [ 22%] [32mBuilding CXX object CMakeFiles/uav_msgs__rosidl_typesupport_cpp.dir/rosidl_typesupport_cpp/uav_msgs/msg/heartbeat__type_support.cpp.o[0m
[10.018s] [35m[1mConsolidate compiler generated dependencies of target uav_msgs__rosidl_typesupport_fastrtps_cpp[0m
[10.151s] [ 23%] [32mBuilding CXX object CMakeFiles/uav_msgs__rosidl_typesupport_fastrtps_cpp.dir/rosidl_typesupport_fastrtps_cpp/uav_msgs/msg/detail/dds_fastrtps/uav_status__type_support.cpp.o[0m
[10.318s] [35m[1mConsolidate compiler generated dependencies of target uav_msgs__rosidl_typesupport_c[0m
[10.463s] [ 24%] [32mBuilding CXX object CMakeFiles/uav_msgs__rosidl_typesupport_c.dir/rosidl_typesupport_c/uav_msgs/msg/uav_status__type_support.cpp.o[0m
[10.653s] [ 25%] [32mBuilding CXX object CMakeFiles/uav_msgs__rosidl_typesupport_c.dir/rosidl_typesupport_c/uav_msgs/msg/heartbeat__type_support.cpp.o[0m
[10.804s] [ 26%] [32mBuilding CXX object CMakeFiles/uav_msgs__rosidl_typesupport_c.dir/rosidl_typesupport_c/uav_msgs/msg/traffic_message__type_support.cpp.o[0m
[10.955s] [ 27%] [32mBuilding CXX object CMakeFiles/uav_msgs__rosidl_typesupport_c.dir/rosidl_typesupport_c/uav_msgs/msg/cluster_info__type_support.cpp.o[0m
[10.955s] [ 28%] [32mBuilding CXX object CMakeFiles/uav_msgs__rosidl_typesupport_cpp.dir/rosidl_typesupport_cpp/uav_msgs/msg/traffic_message__type_support.cpp.o[0m
[11.001s] [ 29%] [32mBuilding CXX object CMakeFiles/uav_msgs__rosidl_typesupport_c.dir/rosidl_typesupport_c/uav_msgs/msg/charge_decision__type_support.cpp.o[0m
[11.030s] [35m[1mConsolidate compiler generated dependencies of target uav_msgs__rosidl_typesupport_fastrtps_c[0m
[11.155s] [ 30%] [32mBuilding CXX object CMakeFiles/uav_msgs__rosidl_typesupport_c.dir/rosidl_typesupport_c/uav_msgs/msg/charge_request__type_support.cpp.o[0m
[11.187s] [ 31%] [32mBuilding CXX object CMakeFiles/uav_msgs__rosidl_typesupport_fastrtps_c.dir/rosidl_typesupport_fastrtps_c/uav_msgs/msg/detail/uav_status__type_support_c.cpp.o[0m
[11.191s] [ 32%] [32mBuilding CXX object CMakeFiles/uav_msgs__rosidl_typesupport_introspection_cpp.dir/rosidl_typesupport_introspection_cpp/uav_msgs/msg/detail/heartbeat__type_support.cpp.o[0m
[11.260s] [35m[1mConsolidate compiler generated dependencies of target uav_msgs__rosidl_typesupport_introspection_c[0m
[11.300s] [ 33%] [32mBuilding C object CMakeFiles/uav_msgs__rosidl_typesupport_introspection_c.dir/rosidl_typesupport_introspection_c/uav_msgs/msg/detail/uav_status__type_support.c.o[0m
[11.314s] [ 34%] [32mBuilding CXX object CMakeFiles/uav_msgs__rosidl_typesupport_c.dir/rosidl_typesupport_c/uav_msgs/srv/request_charge__type_support.cpp.o[0m
[11.593s] [ 35%] [32mBuilding C object CMakeFiles/uav_msgs__rosidl_typesupport_introspection_c.dir/rosidl_typesupport_introspection_c/uav_msgs/msg/detail/heartbeat__type_support.c.o[0m
[11.624s] [ 36%] [32mBuilding CXX object CMakeFiles/uav_msgs__rosidl_typesupport_fastrtps_cpp.dir/rosidl_typesupport_fastrtps_cpp/uav_msgs/msg/detail/dds_fastrtps/heartbeat__type_support.cpp.o[0m
[11.679s] [ 37%] [32mBuilding CXX object CMakeFiles/uav_msgs__rosidl_typesupport_c.dir/rosidl_typesupport_c/uav_msgs/action/dock_and_charge__type_support.cpp.o[0m
[11.705s] [ 38%] [32mBuilding C object CMakeFiles/uav_msgs__rosidl_typesupport_introspection_c.dir/rosidl_typesupport_introspection_c/uav_msgs/msg/detail/traffic_message__type_support.c.o[0m
[11.856s] [ 40%] [32mBuilding C object CMakeFiles/uav_msgs__rosidl_typesupport_introspection_c.dir/rosidl_typesupport_introspection_c/uav_msgs/msg/detail/cluster_info__type_support.c.o[0m
[11.931s] [ 41%] [32mBuilding CXX object CMakeFiles/uav_msgs__rosidl_typesupport_cpp.dir/rosidl_typesupport_cpp/uav_msgs/msg/cluster_info__type_support.cpp.o[0m
[12.028s] [ 42%] [32mBuilding CXX object CMakeFiles/uav_msgs__rosidl_typesupport_c.dir/rosidl_typesupport_c/uav_msgs/msg/weather_status__type_support.cpp.o[0m
[12.131s] [ 43%] [32mBuilding C object CMakeFiles/uav_msgs__rosidl_typesupport_introspection_c.dir/rosidl_typesupport_introspection_c/uav_msgs/msg/detail/charge_decision__type_support.c.o[0m
[12.220s] [ 44%] [32m[1mLinking CXX shared library libuav_msgs__rosidl_typesupport_c.so[0m
[12.378s] [ 45%] [32mBuilding C object CMakeFiles/uav_msgs__rosidl_typesupport_introspection_c.dir/rosidl_typesupport_introspection_c/uav_msgs/msg/detail/charge_request__type_support.c.o[0m
[12.703s] [ 45%] Built target uav_msgs__rosidl_typesupport_c
[12.722s] [ 46%] [32mBuilding C object CMakeFiles/uav_msgs__rosidl_typesupport_introspection_c.dir/rosidl_typesupport_introspection_c/uav_msgs/srv/detail/request_charge__type_support.c.o[0m
[12.792s] [ 47%] [32mBuilding CXX object CMakeFiles/uav_msgs__rosidl_typesupport_fastrtps_cpp.dir/rosidl_typesupport_fastrtps_cpp/uav_msgs/msg/detail/dds_fastrtps/traffic_message__type_support.cpp.o[0m
[12.967s] [ 48%] [32mBuilding C object CMakeFiles/uav_msgs__rosidl_typesupport_introspection_c.dir/rosidl_typesupport_introspection_c/uav_msgs/action/detail/dock_and_charge__type_support.c.o[0m
[12.991s] [ 49%] [32mBuilding CXX object CMakeFiles/uav_msgs__rosidl_typesupport_fastrtps_c.dir/rosidl_typesupport_fastrtps_c/uav_msgs/msg/detail/heartbeat__type_support_c.cpp.o[0m
[13.001s] [ 50%] [32mBuilding CXX object CMakeFiles/uav_msgs__rosidl_typesupport_introspection_cpp.dir/rosidl_typesupport_introspection_cpp/uav_msgs/msg/detail/traffic_message__type_support.cpp.o[0m
[13.093s] [ 51%] [32mBuilding C object CMakeFiles/uav_msgs__rosidl_typesupport_introspection_c.dir/rosidl_typesupport_introspection_c/uav_msgs/msg/detail/weather_status__type_support.c.o[0m
[13.102s] [ 52%] [32mBuilding CXX object CMakeFiles/uav_msgs__rosidl_typesupport_cpp.dir/rosidl_typesupport_cpp/uav_msgs/msg/charge_decision__type_support.cpp.o[0m
[13.232s] [ 53%] [32mBuilding CXX object CMakeFiles/uav_msgs__rosidl_typesupport_introspection_cpp.dir/rosidl_typesupport_introspection_cpp/uav_msgs/msg/detail/cluster_info__type_support.cpp.o[0m
[13.232s] [ 54%] [32m[1mLinking C shared library libuav_msgs__rosidl_typesupport_introspection_c.so[0m
[13.503s] [ 54%] Built target uav_msgs__rosidl_typesupport_introspection_c
[13.565s] [ 55%] [32mBuilding CXX object CMakeFiles/uav_msgs__rosidl_typesupport_cpp.dir/rosidl_typesupport_cpp/uav_msgs/msg/charge_request__type_support.cpp.o[0m
[13.607s] [ 56%] [32mBuilding CXX object CMakeFiles/uav_msgs__rosidl_typesupport_fastrtps_c.dir/rosidl_typesupport_fastrtps_c/uav_msgs/msg/detail/traffic_message__type_support_c.cpp.o[0m
[13.617s] [ 57%] [32mBuilding CXX object CMakeFiles/uav_msgs__rosidl_typesupport_fastrtps_cpp.dir/rosidl_typesupport_fastrtps_cpp/uav_msgs/msg/detail/dds_fastrtps/cluster_info__type_support.cpp.o[0m
[13.617s] [ 58%] [32mBuilding CXX object CMakeFiles/uav_msgs__rosidl_typesupport_fastrtps_cpp.dir/rosidl_typesupport_fastrtps_cpp/uav_msgs/msg/detail/dds_fastrtps/charge_decision__type_support.cpp.o[0m
[13.775s] [ 60%] [32mBuilding CXX object CMakeFiles/uav_msgs__rosidl_typesupport_introspection_cpp.dir/rosidl_typesupport_introspection_cpp/uav_msgs/msg/detail/charge_decision__type_support.cpp.o[0m
[13.996s] [ 61%] [32mBuilding CXX object CMakeFiles/uav_msgs__rosidl_typesupport_cpp.dir/rosidl_typesupport_cpp/uav_msgs/srv/request_charge__type_support.cpp.o[0m
[14.023s] [ 62%] [32mBuilding CXX object CMakeFiles/uav_msgs__rosidl_typesupport_introspection_cpp.dir/rosidl_typesupport_introspection_cpp/uav_msgs/msg/detail/charge_request__type_support.cpp.o[0m
[14.314s] [ 63%] [32mBuilding CXX object CMakeFiles/uav_msgs__rosidl_typesupport_fastrtps_c.dir/rosidl_typesupport_fastrtps_c/uav_msgs/msg/detail/cluster_info__type_support_c.cpp.o[0m
[14.514s] [ 64%] [32mBuilding CXX object CMakeFiles/uav_msgs__rosidl_typesupport_fastrtps_cpp.dir/rosidl_typesupport_fastrtps_cpp/uav_msgs/msg/detail/dds_fastrtps/charge_request__type_support.cpp.o[0m
[14.594s] [ 65%] [32mBuilding CXX object CMakeFiles/uav_msgs__rosidl_typesupport_cpp.dir/rosidl_typesupport_cpp/uav_msgs/action/dock_and_charge__type_support.cpp.o[0m
[14.631s] [ 66%] [32mBuilding CXX object CMakeFiles/uav_msgs__rosidl_typesupport_fastrtps_c.dir/rosidl_typesupport_fastrtps_c/uav_msgs/msg/detail/charge_decision__type_support_c.cpp.o[0m
[14.645s] [ 67%] [32mBuilding CXX object CMakeFiles/uav_msgs__rosidl_typesupport_introspection_cpp.dir/rosidl_typesupport_introspection_cpp/uav_msgs/srv/detail/request_charge__type_support.cpp.o[0m
[14.848s] [ 68%] [32mBuilding CXX object CMakeFiles/uav_msgs__rosidl_typesupport_introspection_cpp.dir/rosidl_typesupport_introspection_cpp/uav_msgs/action/detail/dock_and_charge__type_support.cpp.o[0m
[14.863s] [ 69%] [32mBuilding CXX object CMakeFiles/uav_msgs__rosidl_typesupport_introspection_cpp.dir/rosidl_typesupport_introspection_cpp/uav_msgs/msg/detail/weather_status__type_support.cpp.o[0m
[15.119s] [ 70%] [32mBuilding CXX object CMakeFiles/uav_msgs__rosidl_typesupport_fastrtps_cpp.dir/rosidl_typesupport_fastrtps_cpp/uav_msgs/srv/detail/dds_fastrtps/request_charge__type_support.cpp.o[0m
[15.330s] [ 71%] [32mBuilding CXX object CMakeFiles/uav_msgs__rosidl_typesupport_fastrtps_c.dir/rosidl_typesupport_fastrtps_c/uav_msgs/msg/detail/charge_request__type_support_c.cpp.o[0m
[15.394s] [ 72%] [32mBuilding CXX object CMakeFiles/uav_msgs__rosidl_typesupport_fastrtps_cpp.dir/rosidl_typesupport_fastrtps_cpp/uav_msgs/action/detail/dds_fastrtps/dock_and_charge__type_support.cpp.o[0m
[15.556s] [ 73%] [32mBuilding CXX object CMakeFiles/uav_msgs__rosidl_typesupport_cpp.dir/rosidl_typesupport_cpp/uav_msgs/msg/weather_status__type_support.cpp.o[0m
[15.925s] [ 74%] [32mBuilding CXX object CMakeFiles/uav_msgs__rosidl_typesupport_fastrtps_c.dir/rosidl_typesupport_fastrtps_c/uav_msgs/srv/detail/request_charge__type_support_c.cpp.o[0m
[16.065s] [ 75%] [32m[1mLinking CXX shared library libuav_msgs__rosidl_typesupport_cpp.so[0m
[16.134s] [ 76%] [32mBuilding CXX object CMakeFiles/uav_msgs__rosidl_typesupport_fastrtps_c.dir/rosidl_typesupport_fastrtps_c/uav_msgs/action/detail/dock_and_charge__type_support_c.cpp.o[0m
[16.134s] [ 77%] [32m[1mLinking CXX shared library libuav_msgs__rosidl_typesupport_introspection_cpp.so[0m
[16.224s] [ 77%] Built target uav_msgs__rosidl_typesupport_cpp
[16.259s] [ 78%] [32mBuilding CXX object CMakeFiles/uav_msgs__rosidl_typesupport_fastrtps_cpp.dir/rosidl_typesupport_fastrtps_cpp/uav_msgs/msg/detail/dds_fastrtps/weather_status__type_support.cpp.o[0m
[16.337s] [ 80%] [32mBuilding CXX object CMakeFiles/uav_msgs__rosidl_typesupport_fastrtps_c.dir/rosidl_typesupport_fastrtps_c/uav_msgs/msg/detail/weather_status__type_support_c.cpp.o[0m
[16.365s] [ 80%] Built target uav_msgs__rosidl_typesupport_introspection_cpp
[16.964s] [ 81%] [32m[1mLinking CXX shared library libuav_msgs__rosidl_typesupport_fastrtps_c.so[0m
[17.064s] [ 82%] [32m[1mLinking CXX shared library libuav_msgs__rosidl_typesupport_fastrtps_cpp.so[0m
[17.204s] [ 82%] Built target uav_msgs__rosidl_typesupport_fastrtps_c
[17.310s] [ 82%] Built target uav_msgs__rosidl_typesupport_fastrtps_cpp
[17.382s] [ 82%] Built target uav_msgs
[17.460s] [ 83%] [34m[1mGenerating Python code for ROS interfaces[0m
[19.599s] [ 83%] Built target uav_msgs__py
[19.648s] [35m[1mConsolidate compiler generated dependencies of target uav_msgs__rosidl_generator_py[0m
[19.675s] [ 84%] [32mBuilding C object CMakeFiles/uav_msgs__rosidl_generator_py.dir/rosidl_generator_py/uav_msgs/msg/_uav_status_s.c.o[0m
[19.679s] [ 85%] [32mBuilding C object CMakeFiles/uav_msgs__rosidl_generator_py.dir/rosidl_generator_py/uav_msgs/msg/_heartbeat_s.c.o[0m
[19.679s] [ 86%] [32mBuilding C object CMakeFiles/uav_msgs__rosidl_generator_py.dir/rosidl_generator_py/uav_msgs/msg/_traffic_message_s.c.o[0m
[19.684s] [ 87%] [32mBuilding C object CMakeFiles/uav_msgs__rosidl_generator_py.dir/rosidl_generator_py/uav_msgs/msg/_cluster_info_s.c.o[0m
[19.684s] [ 88%] [32mBuilding C object CMakeFiles/uav_msgs__rosidl_generator_py.dir/rosidl_generator_py/uav_msgs/msg/_charge_decision_s.c.o[0m
[19.697s] [ 89%] [32mBuilding C object CMakeFiles/uav_msgs__rosidl_generator_py.dir/rosidl_generator_py/uav_msgs/msg/_charge_request_s.c.o[0m
[19.876s] [ 90%] [32mBuilding C object CMakeFiles/uav_msgs__rosidl_generator_py.dir/rosidl_generator_py/uav_msgs/srv/_request_charge_s.c.o[0m
[19.878s] [ 91%] [32mBuilding C object CMakeFiles/uav_msgs__rosidl_generator_py.dir/rosidl_generator_py/uav_msgs/msg/_weather_status_s.c.o[0m
[19.909s] [ 92%] [32mBuilding C object CMakeFiles/uav_msgs__rosidl_generator_py.dir/rosidl_generator_py/uav_msgs/action/_dock_and_charge_s.c.o[0m
[20.209s] [ 93%] [32m[1mLinking C shared library rosidl_generator_py/uav_msgs/libuav_msgs__rosidl_generator_py.so[0m
[20.324s] [ 93%] Built target uav_msgs__rosidl_generator_py
[20.341s] [35m[1mConsolidate compiler generated dependencies of target uav_msgs__rosidl_typesupport_introspection_c__pyext[0m
[20.342s] [35m[1mConsolidate compiler generated dependencies of target uav_msgs__rosidl_typesupport_fastrtps_c__pyext[0m
[20.386s] [35m[1mConsolidate compiler generated dependencies of target uav_msgs__rosidl_typesupport_c__pyext[0m
[20.450s] [ 94%] [32mBuilding C object CMakeFiles/uav_msgs__rosidl_typesupport_fastrtps_c__pyext.dir/rosidl_generator_py/uav_msgs/_uav_msgs_s.ep.rosidl_typesupport_fastrtps_c.c.o[0m
[20.477s] [ 95%] [32mBuilding C object CMakeFiles/uav_msgs__rosidl_typesupport_c__pyext.dir/rosidl_generator_py/uav_msgs/_uav_msgs_s.ep.rosidl_typesupport_c.c.o[0m
[20.514s] [ 96%] [32mBuilding C object CMakeFiles/uav_msgs__rosidl_typesupport_introspection_c__pyext.dir/rosidl_generator_py/uav_msgs/_uav_msgs_s.ep.rosidl_typesupport_introspection_c.c.o[0m
[20.731s] [ 97%] [32m[1mLinking C shared library rosidl_generator_py/uav_msgs/uav_msgs_s__rosidl_typesupport_c.cpython-310-x86_64-linux-gnu.so[0m
[20.745s] [ 98%] [32m[1mLinking C shared library rosidl_generator_py/uav_msgs/uav_msgs_s__rosidl_typesupport_fastrtps_c.cpython-310-x86_64-linux-gnu.so[0m
[20.791s] [100%] [32m[1mLinking C shared library rosidl_generator_py/uav_msgs/uav_msgs_s__rosidl_typesupport_introspection_c.cpython-310-x86_64-linux-gnu.so[0m
[20.926s] [100%] Built target uav_msgs__rosidl_typesupport_c__pyext
[20.950s] [100%] Built target uav_msgs__rosidl_typesupport_fastrtps_c__pyext
[21.090s] [100%] Built target uav_msgs__rosidl_typesupport_introspection_c__pyext
[21.147s] Invoked command in '/home/vboxuser/UAV_UGV_netmonitoring/build/uav_msgs' returned '0': CMAKE_PREFIX_PATH=${CMAKE_PREFIX_PATH}:/home/vboxuser/ros2_ws/install/weather_server:/home/vboxuser/ros2_ws/install/ugv_charger:/home/vboxuser/ros2_ws/install/uav_controller:/home/vboxuser/ros2_ws/install/traffic_generator:/home/vboxuser/ros2_ws/install/system_launcher:/home/vboxuser/ros2_ws/install/net_emulator:/home/vboxuser/ros2_ws/install/metrics_aggregator:/home/vboxuser/ros2_ws/install/fault_injector:/home/vboxuser/ros2_ws/install/coverage_planner:/home/vboxuser/ros2_ws/install/ch_manager:/home/vboxuser/ros2_ws/install/battery_manager:/home/vboxuser/ros2_ws/install/turtle_square_py:/home/vboxuser/ros2_ws/install/python_parameters:/home/vboxuser/ros2_ws/install/py_srvcli:/home/vboxuser/ros2_ws/install/py_pubsub:/home/vboxuser/ros2_ws/install/fibonacci_action:/opt/ros/humble /usr/bin/cmake --build /home/vboxuser/UAV_UGV_netmonitoring/build/uav_msgs -- -j6 -l6
[21.211s] Invoking command in '/home/vboxuser/UAV_UGV_netmonitoring/build/uav_msgs': CMAKE_PREFIX_PATH=${CMAKE_PREFIX_PATH}:/home/vboxuser/ros2_ws/install/weather_server:/home/vboxuser/ros2_ws/install/ugv_charger:/home/vboxuser/ros2_ws/install/uav_controller:/home/vboxuser/ros2_ws/install/traffic_generator:/home/vboxuser/ros2_ws/install/system_launcher:/home/vboxuser/ros2_ws/install/net_emulator:/home/vboxuser/ros2_ws/install/metrics_aggregator:/home/vboxuser/ros2_ws/install/fault_injector:/home/vboxuser/ros2_ws/install/coverage_planner:/home/vboxuser/ros2_ws/install/ch_manager:/home/vboxuser/ros2_ws/install/battery_manager:/home/vboxuser/ros2_ws/install/turtle_square_py:/home/vboxuser/ros2_ws/install/python_parameters:/home/vboxuser/ros2_ws/install/py_srvcli:/home/vboxuser/ros2_ws/install/py_pubsub:/home/vboxuser/ros2_ws/install/fibonacci_action:/opt/ros/humble /usr/bin/cmake --install /home/vboxuser/UAV_UGV_netmonitoring/build/uav_msgs
[21.223s] -- Install configuration: ""
[21.223s] -- Up-to-date: /home/vboxuser/UAV_UGV_netmonitoring/install/uav_msgs/share/ament_index/resource_index/rosidl_interfaces/uav_msgs
[21.223s] -- Up-to-date: /home/vboxuser/UAV_UGV_netmonitoring/install/uav_msgs/include/uav_msgs/uav_msgs
[21.223s] -- Up-to-date: /home/vboxuser/UAV_UGV_netmonitoring/install/uav_msgs/include/uav_msgs/uav_msgs/msg
[21.223s] -- Installing: /home/vboxuser/UAV_UGV_netmonitoring/install/uav_msgs/include/uav_msgs/uav_msgs/msg/charge_request.h
[21.224s] -- Installing: /home/vboxuser/UAV_UGV_netmonitoring/install/uav_msgs/include/uav_msgs/uav_msgs/msg/uav_status.h
[21.224s] -- Installing: /home/vboxuser/UAV_UGV_netmonitoring/install/uav_msgs/include/uav_msgs/uav_msgs/msg/weather_status.h
[21.224s] -- Installing: /home/vboxuser/UAV_UGV_netmonitoring/install/uav_msgs/include/uav_msgs/uav_msgs/msg/traffic_message.h
[21.225s] -- Up-to-date: /home/vboxuser/UAV_UGV_netmonitoring/install/uav_msgs/include/uav_msgs/uav_msgs/msg/rosidl_generator_c__visibility_control.h
[21.226s] -- Installing: /home/vboxuser/UAV_UGV_netmonitoring/install/uav_msgs/include/uav_msgs/uav_msgs/msg/cluster_info.h
[21.226s] -- Installing: /home/vboxuser/UAV_UGV_netmonitoring/install/uav_msgs/include/uav_msgs/uav_msgs/msg/heartbeat.h
[21.226s] -- Installing: /home/vboxuser/UAV_UGV_netmonitoring/install/uav_msgs/include/uav_msgs/uav_msgs/msg/charge_decision.h
[21.226s] -- Up-to-date: /home/vboxuser/UAV_UGV_netmonitoring/install/uav_msgs/include/uav_msgs/uav_msgs/msg/detail
[21.226s] -- Installing: /home/vboxuser/UAV_UGV_netmonitoring/install/uav_msgs/include/uav_msgs/uav_msgs/msg/detail/weather_status__functions.c
[21.226s] -- Installing: /home/vboxuser/UAV_UGV_netmonitoring/install/uav_msgs/include/uav_msgs/uav_msgs/msg/detail/traffic_message__functions.c
[21.227s] -- Installing: /home/vboxuser/UAV_UGV_netmonitoring/install/uav_msgs/include/uav_msgs/uav_msgs/msg/detail/weather_status__functions.h
[21.227s] -- Installing: /home/vboxuser/UAV_UGV_netmonitoring/install/uav_msgs/include/uav_msgs/uav_msgs/msg/detail/weather_status__struct.h
[21.228s] -- Installing: /home/vboxuser/UAV_UGV_netmonitoring/install/uav_msgs/include/uav_msgs/uav_msgs/msg/detail/heartbeat__functions.h
[21.228s] -- Installing: /home/vboxuser/UAV_UGV_netmonitoring/install/uav_msgs/include/uav_msgs/uav_msgs/msg/detail/heartbeat__functions.c
[21.230s] -- Installing: /home/vboxuser/UAV_UGV_netmonitoring/install/uav_msgs/include/uav_msgs/uav_msgs/msg/detail/charge_decision__struct.h
[21.230s] -- Installing: /home/vboxuser/UAV_UGV_netmonitoring/install/uav_msgs/include/uav_msgs/uav_msgs/msg/detail/cluster_info__functions.c
[21.230s] -- Installing: /home/vboxuser/UAV_UGV_netmonitoring/install/uav_msgs/include/uav_msgs/uav_msgs/msg/detail/charge_decision__functions.h
[21.230s] -- Installing: /home/vboxuser/UAV_UGV_netmonitoring/install/uav_msgs/include/uav_msgs/uav_msgs/msg/detail/charge_request__functions.h
[21.231s] -- Installing: /home/vboxuser/UAV_UGV_netmonitoring/install/uav_msgs/include/uav_msgs/uav_msgs/msg/detail/uav_status__functions.h
[21.231s] -- Installing: /home/vboxuser/UAV_UGV_netmonitoring/install/uav_msgs/include/uav_msgs/uav_msgs/msg/detail/uav_status__type_support.h
[21.231s] -- Installing: /home/vboxuser/UAV_UGV_netmonitoring/install/uav_msgs/include/uav_msgs/uav_msgs/msg/detail/heartbeat__struct.h
[21.231s] -- Installing: /home/vboxuser/UAV_UGV_netmonitoring/install/uav_msgs/include/uav_msgs/uav_msgs/msg/detail/heartbeat__type_support.h
[21.231s] -- Installing: /home/vboxuser/UAV_UGV_netmonitoring/install/uav_msgs/include/uav_msgs/uav_msgs/msg/detail/charge_decision__type_support.h
[21.231s] -- Installing: /home/vboxuser/UAV_UGV_netmonitoring/install/uav_msgs/include/uav_msgs/uav_msgs/msg/detail/charge_request__struct.h
[21.238s] -- Installing: /home/vboxuser/UAV_UGV_netmonitoring/install/uav_msgs/include/uav_msgs/uav_msgs/msg/detail/uav_status__struct.h
[21.238s] -- Installing: /home/vboxuser/UAV_UGV_netmonitoring/install/uav_msgs/include/uav_msgs/uav_msgs/msg/detail/charge_request__functions.c
[21.238s] -- Installing: /home/vboxuser/UAV_UGV_netmonitoring/install/uav_msgs/include/uav_msgs/uav_msgs/msg/detail/traffic_message__type_support.h
[21.238s] -- Installing: /home/vboxuser/UAV_UGV_netmonitoring/install/uav_msgs/include/uav_msgs/uav_msgs/msg/detail/cluster_info__functions.h
[21.238s] -- Installing: /home/vboxuser/UAV_UGV_netmonitoring/install/uav_msgs/include/uav_msgs/uav_msgs/msg/detail/weather_status__type_support.h
[21.238s] -- Installing: /home/vboxuser/UAV_UGV_netmonitoring/install/uav_msgs/include/uav_msgs/uav_msgs/msg/detail/cluster_info__struct.h
[21.238s] -- Installing: /home/vboxuser/UAV_UGV_netmonitoring/install/uav_msgs/include/uav_msgs/uav_msgs/msg/detail/charge_request__type_support.h
[21.238s] -- Installing: /home/vboxuser/UAV_UGV_netmonitoring/install/uav_msgs/include/uav_msgs/uav_msgs/msg/detail/uav_status__functions.c
[21.239s] -- Installing: /home/vboxuser/UAV_UGV_netmonitoring/install/uav_msgs/include/uav_msgs/uav_msgs/msg/detail/traffic_message__struct.h
[21.239s] -- Installing: /home/vboxuser/UAV_UGV_netmonitoring/install/uav_msgs/include/uav_msgs/uav_msgs/msg/detail/traffic_message__functions.h
[21.247s] -- Installing: /home/vboxuser/UAV_UGV_netmonitoring/install/uav_msgs/include/uav_msgs/uav_msgs/msg/detail/cluster_info__type_support.h
[21.248s] -- Installing: /home/vboxuser/UAV_UGV_netmonitoring/install/uav_msgs/include/uav_msgs/uav_msgs/msg/detail/charge_decision__functions.c
[21.248s] -- Up-to-date: /home/vboxuser/UAV_UGV_netmonitoring/install/uav_msgs/include/uav_msgs/uav_msgs/action
[21.248s] -- Up-to-date: /home/vboxuser/UAV_UGV_netmonitoring/install/uav_msgs/include/uav_msgs/uav_msgs/action/detail
[21.248s] -- Installing: /home/vboxuser/UAV_UGV_netmonitoring/install/uav_msgs/include/uav_msgs/uav_msgs/action/detail/dock_and_charge__type_support.h
[21.248s] -- Installing: /home/vboxuser/UAV_UGV_netmonitoring/install/uav_msgs/include/uav_msgs/uav_msgs/action/detail/dock_and_charge__functions.c
[21.248s] -- Installing: /home/vboxuser/UAV_UGV_netmonitoring/install/uav_msgs/include/uav_msgs/uav_msgs/action/detail/dock_and_charge__struct.h
[21.248s] -- Installing: /home/vboxuser/UAV_UGV_netmonitoring/install/uav_msgs/include/uav_msgs/uav_msgs/action/detail/dock_and_charge__functions.h
[21.248s] -- Installing: /home/vboxuser/UAV_UGV_netmonitoring/install/uav_msgs/include/uav_msgs/uav_msgs/action/dock_and_charge.h
[21.248s] -- Up-to-date: /home/vboxuser/UAV_UGV_netmonitoring/install/uav_msgs/include/uav_msgs/uav_msgs/srv
[21.248s] -- Installing: /home/vboxuser/UAV_UGV_netmonitoring/install/uav_msgs/include/uav_msgs/uav_msgs/srv/request_charge.h
[21.248s] -- Up-to-date: /home/vboxuser/UAV_UGV_netmonitoring/install/uav_msgs/include/uav_msgs/uav_msgs/srv/detail
[21.249s] -- Installing: /home/vboxuser/UAV_UGV_netmonitoring/install/uav_msgs/include/uav_msgs/uav_msgs/srv/detail/request_charge__type_support.h
[21.249s] -- Installing: /home/vboxuser/UAV_UGV_netmonitoring/install/uav_msgs/include/uav_msgs/uav_msgs/srv/detail/request_charge__functions.h
[21.249s] -- Installing: /home/vboxuser/UAV_UGV_netmonitoring/install/uav_msgs/include/uav_msgs/uav_msgs/srv/detail/request_charge__struct.h
[21.249s] -- Installing: /home/vboxuser/UAV_UGV_netmonitoring/install/uav_msgs/include/uav_msgs/uav_msgs/srv/detail/request_charge__functions.c
[21.249s] -- Up-to-date: /home/vboxuser/UAV_UGV_netmonitoring/install/uav_msgs/share/uav_msgs/environment/library_path.sh
[21.249s] -- Installing: /home/vboxuser/UAV_UGV_netmonitoring/install/uav_msgs/share/uav_msgs/environment/library_path.dsv
[21.249s] -- Installing: /home/vboxuser/UAV_UGV_netmonitoring/install/uav_msgs/lib/libuav_msgs__rosidl_generator_c.so
[21.249s] -- Set runtime path of "/home/vboxuser/UAV_UGV_netmonitoring/install/uav_msgs/lib/libuav_msgs__rosidl_generator_c.so" to ""
[21.249s] -- Up-to-date: /home/vboxuser/UAV_UGV_netmonitoring/install/uav_msgs/include/uav_msgs/uav_msgs
[21.250s] -- Up-to-date: /home/vboxuser/UAV_UGV_netmonitoring/install/uav_msgs/include/uav_msgs/uav_msgs/msg
[21.250s] -- Up-to-date: /home/vboxuser/UAV_UGV_netmonitoring/install/uav_msgs/include/uav_msgs/uav_msgs/msg/rosidl_typesupport_fastrtps_c__visibility_control.h
[21.250s] -- Up-to-date: /home/vboxuser/UAV_UGV_netmonitoring/install/uav_msgs/include/uav_msgs/uav_msgs/msg/detail
[21.250s] -- Installing: /home/vboxuser/UAV_UGV_netmonitoring/install/uav_msgs/include/uav_msgs/uav_msgs/msg/detail/heartbeat__rosidl_typesupport_fastrtps_c.h
[21.250s] -- Installing: /home/vboxuser/UAV_UGV_netmonitoring/install/uav_msgs/include/uav_msgs/uav_msgs/msg/detail/charge_request__rosidl_typesupport_fastrtps_c.h
[21.250s] -- Installing: /home/vboxuser/UAV_UGV_netmonitoring/install/uav_msgs/include/uav_msgs/uav_msgs/msg/detail/uav_status__rosidl_typesupport_fastrtps_c.h
[21.250s] -- Installing: /home/vboxuser/UAV_UGV_netmonitoring/install/uav_msgs/include/uav_msgs/uav_msgs/msg/detail/cluster_info__rosidl_typesupport_fastrtps_c.h
[21.250s] -- Installing: /home/vboxuser/UAV_UGV_netmonitoring/install/uav_msgs/include/uav_msgs/uav_msgs/msg/detail/weather_status__rosidl_typesupport_fastrtps_c.h
[21.250s] -- Installing: /home/vboxuser/UAV_UGV_netmonitoring/install/uav_msgs/include/uav_msgs/uav_msgs/msg/detail/traffic_message__rosidl_typesupport_fastrtps_c.h
[21.251s] -- Installing: /home/vboxuser/UAV_UGV_netmonitoring/install/uav_msgs/include/uav_msgs/uav_msgs/msg/detail/charge_decision__rosidl_typesupport_fastrtps_c.h
[21.251s] -- Up-to-date: /home/vboxuser/UAV_UGV_netmonitoring/install/uav_msgs/include/uav_msgs/uav_msgs/action
[21.251s] -- Up-to-date: /home/vboxuser/UAV_UGV_netmonitoring/install/uav_msgs/include/uav_msgs/uav_msgs/action/detail
[21.251s] -- Installing: /home/vboxuser/UAV_UGV_netmonitoring/install/uav_msgs/include/uav_msgs/uav_msgs/action/detail/dock_and_charge__rosidl_typesupport_fastrtps_c.h
[21.251s] -- Up-to-date: /home/vboxuser/UAV_UGV_netmonitoring/install/uav_msgs/include/uav_msgs/uav_msgs/srv
[21.251s] -- Up-to-date: /home/vboxuser/UAV_UGV_netmonitoring/install/uav_msgs/include/uav_msgs/uav_msgs/srv/detail
[21.252s] -- Installing: /home/vboxuser/UAV_UGV_netmonitoring/install/uav_msgs/include/uav_msgs/uav_msgs/srv/detail/request_charge__rosidl_typesupport_fastrtps_c.h
[21.252s] -- Installing: /home/vboxuser/UAV_UGV_netmonitoring/install/uav_msgs/lib/libuav_msgs__rosidl_typesupport_fastrtps_c.so
[21.252s] -- Set runtime path of "/home/vboxuser/UAV_UGV_netmonitoring/install/uav_msgs/lib/libuav_msgs__rosidl_typesupport_fastrtps_c.so" to ""
[21.252s] -- Up-to-date: /home/vboxuser/UAV_UGV_netmonitoring/install/uav_msgs/include/uav_msgs/uav_msgs
[21.252s] -- Up-to-date: /home/vboxuser/UAV_UGV_netmonitoring/install/uav_msgs/include/uav_msgs/uav_msgs/msg
[21.252s] -- Up-to-date: /home/vboxuser/UAV_UGV_netmonitoring/install/uav_msgs/include/uav_msgs/uav_msgs/msg/detail
[21.253s] -- Installing: /home/vboxuser/UAV_UGV_netmonitoring/install/uav_msgs/include/uav_msgs/uav_msgs/msg/detail/charge_decision__rosidl_typesupport_introspection_c.h
[21.253s] -- Installing: /home/vboxuser/UAV_UGV_netmonitoring/install/uav_msgs/include/uav_msgs/uav_msgs/msg/detail/cluster_info__rosidl_typesupport_introspection_c.h
[21.253s] -- Installing: /home/vboxuser/UAV_UGV_netmonitoring/install/uav_msgs/include/uav_msgs/uav_msgs/msg/detail/heartbeat__rosidl_typesupport_introspection_c.h
[21.253s] -- Installing: /home/vboxuser/UAV_UGV_netmonitoring/install/uav_msgs/include/uav_msgs/uav_msgs/msg/detail/weather_status__rosidl_typesupport_introspection_c.h
[21.253s] -- Installing: /home/vboxuser/UAV_UGV_netmonitoring/install/uav_msgs/include/uav_msgs/uav_msgs/msg/detail/cluster_info__type_support.c
[21.253s] -- Installing: /home/vboxuser/UAV_UGV_netmonitoring/install/uav_msgs/include/uav_msgs/uav_msgs/msg/detail/uav_status__type_support.c
[21.254s] -- Installing: /home/vboxuser/UAV_UGV_netmonitoring/install/uav_msgs/include/uav_msgs/uav_msgs/msg/detail/uav_status__rosidl_typesupport_introspection_c.h
[21.254s] -- Installing: /home/vboxuser/UAV_UGV_netmonitoring/install/uav_msgs/include/uav_msgs/uav_msgs/msg/detail/charge_request__type_support.c
[21.254s] -- Installing: /home/vboxuser/UAV_UGV_netmonitoring/install/uav_msgs/include/uav_msgs/uav_msgs/msg/detail/charge_decision__type_support.c
[21.254s] -- Installing: /home/vboxuser/UAV_UGV_netmonitoring/install/uav_msgs/include/uav_msgs/uav_msgs/msg/detail/weather_status__type_support.c
[21.255s] -- Installing: /home/vboxuser/UAV_UGV_netmonitoring/install/uav_msgs/include/uav_msgs/uav_msgs/msg/detail/traffic_message__rosidl_typesupport_introspection_c.h
[21.255s] -- Installing: /home/vboxuser/UAV_UGV_netmonitoring/install/uav_msgs/include/uav_msgs/uav_msgs/msg/detail/charge_request__rosidl_typesupport_introspection_c.h
[21.255s] -- Installing: /home/vboxuser/UAV_UGV_netmonitoring/install/uav_msgs/include/uav_msgs/uav_msgs/msg/detail/heartbeat__type_support.c
[21.255s] -- Installing: /home/vboxuser/UAV_UGV_netmonitoring/install/uav_msgs/include/uav_msgs/uav_msgs/msg/detail/traffic_message__type_support.c
[21.255s] -- Up-to-date: /home/vboxuser/UAV_UGV_netmonitoring/install/uav_msgs/include/uav_msgs/uav_msgs/msg/rosidl_typesupport_introspection_c__visibility_control.h
[21.255s] -- Up-to-date: /home/vboxuser/UAV_UGV_netmonitoring/install/uav_msgs/include/uav_msgs/uav_msgs/action
[21.255s] -- Up-to-date: /home/vboxuser/UAV_UGV_netmonitoring/install/uav_msgs/include/uav_msgs/uav_msgs/action/detail
[21.255s] -- Installing: /home/vboxuser/UAV_UGV_netmonitoring/install/uav_msgs/include/uav_msgs/uav_msgs/action/detail/dock_and_charge__rosidl_typesupport_introspection_c.h
[21.255s] -- Installing: /home/vboxuser/UAV_UGV_netmonitoring/install/uav_msgs/include/uav_msgs/uav_msgs/action/detail/dock_and_charge__type_support.c
[21.255s] -- Up-to-date: /home/vboxuser/UAV_UGV_netmonitoring/install/uav_msgs/include/uav_msgs/uav_msgs/srv
[21.255s] -- Up-to-date: /home/vboxuser/UAV_UGV_netmonitoring/install/uav_msgs/include/uav_msgs/uav_msgs/srv/detail
[21.255s] -- Installing: /home/vboxuser/UAV_UGV_netmonitoring/install/uav_msgs/include/uav_msgs/uav_msgs/srv/detail/request_charge__rosidl_typesupport_introspection_c.h
[21.255s] -- Installing: /home/vboxuser/UAV_UGV_netmonitoring/install/uav_msgs/include/uav_msgs/uav_msgs/srv/detail/request_charge__type_support.c
[21.255s] -- Installing: /home/vboxuser/UAV_UGV_netmonitoring/install/uav_msgs/lib/libuav_msgs__rosidl_typesupport_introspection_c.so
[21.255s] -- Set runtime path of "/home/vboxuser/UAV_UGV_netmonitoring/install/uav_msgs/lib/libuav_msgs__rosidl_typesupport_introspection_c.so" to ""
[21.256s] -- Installing: /home/vboxuser/UAV_UGV_netmonitoring/install/uav_msgs/lib/libuav_msgs__rosidl_typesupport_c.so
[21.256s] -- Set runtime path of "/home/vboxuser/UAV_UGV_netmonitoring/install/uav_msgs/lib/libuav_msgs__rosidl_typesupport_c.so" to ""
[21.257s] -- Up-to-date: /home/vboxuser/UAV_UGV_netmonitoring/install/uav_msgs/include/uav_msgs/uav_msgs
[21.257s] -- Up-to-date: /home/vboxuser/UAV_UGV_netmonitoring/install/uav_msgs/include/uav_msgs/uav_msgs/msg
[21.257s] -- Installing: /home/vboxuser/UAV_UGV_netmonitoring/install/uav_msgs/include/uav_msgs/uav_msgs/msg/traffic_message.hpp
[21.257s] -- Installing: /home/vboxuser/UAV_UGV_netmonitoring/install/uav_msgs/include/uav_msgs/uav_msgs/msg/cluster_info.hpp
[21.257s] -- Up-to-date: /home/vboxuser/UAV_UGV_netmonitoring/install/uav_msgs/include/uav_msgs/uav_msgs/msg/rosidl_generator_cpp__visibility_control.hpp
[21.257s] -- Installing: /home/vboxuser/UAV_UGV_netmonitoring/install/uav_msgs/include/uav_msgs/uav_msgs/msg/weather_status.hpp
[21.257s] -- Installing: /home/vboxuser/UAV_UGV_netmonitoring/install/uav_msgs/include/uav_msgs/uav_msgs/msg/heartbeat.hpp
[21.258s] -- Installing: /home/vboxuser/UAV_UGV_netmonitoring/install/uav_msgs/include/uav_msgs/uav_msgs/msg/charge_request.hpp
[21.258s] -- Installing: /home/vboxuser/UAV_UGV_netmonitoring/install/uav_msgs/include/uav_msgs/uav_msgs/msg/charge_decision.hpp
[21.258s] -- Up-to-date: /home/vboxuser/UAV_UGV_netmonitoring/install/uav_msgs/include/uav_msgs/uav_msgs/msg/detail
[21.258s] -- Installing: /home/vboxuser/UAV_UGV_netmonitoring/install/uav_msgs/include/uav_msgs/uav_msgs/msg/detail/uav_status__traits.hpp
[21.259s] -- Installing: /home/vboxuser/UAV_UGV_netmonitoring/install/uav_msgs/include/uav_msgs/uav_msgs/msg/detail/weather_status__traits.hpp
[21.259s] -- Installing: /home/vboxuser/UAV_UGV_netmonitoring/install/uav_msgs/include/uav_msgs/uav_msgs/msg/detail/traffic_message__traits.hpp
[21.259s] -- Installing: /home/vboxuser/UAV_UGV_netmonitoring/install/uav_msgs/include/uav_msgs/uav_msgs/msg/detail/heartbeat__builder.hpp
[21.259s] -- Installing: /home/vboxuser/UAV_UGV_netmonitoring/install/uav_msgs/include/uav_msgs/uav_msgs/msg/detail/uav_status__builder.hpp
[21.259s] -- Installing: /home/vboxuser/UAV_UGV_netmonitoring/install/uav_msgs/include/uav_msgs/uav_msgs/msg/detail/heartbeat__type_support.hpp
[21.259s] -- Installing: /home/vboxuser/UAV_UGV_netmonitoring/install/uav_msgs/include/uav_msgs/uav_msgs/msg/detail/charge_decision__struct.hpp
[21.259s] -- Installing: /home/vboxuser/UAV_UGV_netmonitoring/install/uav_msgs/include/uav_msgs/uav_msgs/msg/detail/uav_status__type_support.hpp
[21.259s] -- Installing: /home/vboxuser/UAV_UGV_netmonitoring/install/uav_msgs/include/uav_msgs/uav_msgs/msg/detail/traffic_message__struct.hpp
[21.260s] -- Installing: /home/vboxuser/UAV_UGV_netmonitoring/install/uav_msgs/include/uav_msgs/uav_msgs/msg/detail/heartbeat__traits.hpp
[21.260s] -- Installing: /home/vboxuser/UAV_UGV_netmonitoring/install/uav_msgs/include/uav_msgs/uav_msgs/msg/detail/charge_request__type_support.hpp
[21.260s] -- Installing: /home/vboxuser/UAV_UGV_netmonitoring/install/uav_msgs/include/uav_msgs/uav_msgs/msg/detail/cluster_info__builder.hpp
[21.260s] -- Installing: /home/vboxuser/UAV_UGV_netmonitoring/install/uav_msgs/include/uav_msgs/uav_msgs/msg/detail/charge_request__traits.hpp
[21.260s] -- Installing: /home/vboxuser/UAV_UGV_netmonitoring/install/uav_msgs/include/uav_msgs/uav_msgs/msg/detail/heartbeat__struct.hpp
[21.260s] -- Installing: /home/vboxuser/UAV_UGV_netmonitoring/install/uav_msgs/include/uav_msgs/uav_msgs/msg/detail/uav_status__struct.hpp
[21.260s] -- Installing: /home/vboxuser/UAV_UGV_netmonitoring/install/uav_msgs/include/uav_msgs/uav_msgs/msg/detail/charge_decision__builder.hpp
[21.260s] -- Installing: /home/vboxuser/UAV_UGV_netmonitoring/install/uav_msgs/include/uav_msgs/uav_msgs/msg/detail/cluster_info__struct.hpp
[21.260s] -- Installing: /home/vboxuser/UAV_UGV_netmonitoring/install/uav_msgs/include/uav_msgs/uav_msgs/msg/detail/traffic_message__type_support.hpp
[21.261s] -- Installing: /home/vboxuser/UAV_UGV_netmonitoring/install/uav_msgs/include/uav_msgs/uav_msgs/msg/detail/weather_status__builder.hpp
[21.261s] -- Installing: /home/vboxuser/UAV_UGV_netmonitoring/install/uav_msgs/include/uav_msgs/uav_msgs/msg/detail/weather_status__struct.hpp
[21.261s] -- Installing: /home/vboxuser/UAV_UGV_netmonitoring/install/uav_msgs/include/uav_msgs/uav_msgs/msg/detail/cluster_info__traits.hpp
[21.261s] -- Installing: /home/vboxuser/UAV_UGV_netmonitoring/install/uav_msgs/include/uav_msgs/uav_msgs/msg/detail/charge_decision__type_support.hpp
[21.261s] -- Installing: /home/vboxuser/UAV_UGV_netmonitoring/install/uav_msgs/include/uav_msgs/uav_msgs/msg/detail/traffic_message__builder.hpp
[21.261s] -- Installing: /home/vboxuser/UAV_UGV_netmonitoring/install/uav_msgs/include/uav_msgs/uav_msgs/msg/detail/cluster_info__type_support.hpp
[21.261s] -- Installing: /home/vboxuser/UAV_UGV_netmonitoring/install/uav_msgs/include/uav_msgs/uav_msgs/msg/detail/weather_status__type_support.hpp
[21.261s] -- Installing: /home/vboxuser/UAV_UGV_netmonitoring/install/uav_msgs/include/uav_msgs/uav_msgs/msg/detail/charge_decision__traits.hpp
[21.261s] -- Installing: /home/vboxuser/UAV_UGV_netmonitoring/install/uav_msgs/include/uav_msgs/uav_msgs/msg/detail/charge_request__struct.hpp
[21.261s] -- Installing: /home/vboxuser/UAV_UGV_netmonitoring/install/uav_msgs/include/uav_msgs/uav_msgs/msg/detail/charge_request__builder.hpp
[21.261s] -- Installing: /home/vboxuser/UAV_UGV_netmonitoring/install/uav_msgs/include/uav_msgs/uav_msgs/msg/uav_status.hpp
[21.261s] -- Up-to-date: /home/vboxuser/UAV_UGV_netmonitoring/install/uav_msgs/include/uav_msgs/uav_msgs/action
[21.262s] -- Installing: /home/vboxuser/UAV_UGV_netmonitoring/install/uav_msgs/include/uav_msgs/uav_msgs/action/dock_and_charge.hpp
[21.262s] -- Up-to-date: /home/vboxuser/UAV_UGV_netmonitoring/install/uav_msgs/include/uav_msgs/uav_msgs/action/detail
[21.262s] -- Installing: /home/vboxuser/UAV_UGV_netmonitoring/install/uav_msgs/include/uav_msgs/uav_msgs/action/detail/dock_and_charge__struct.hpp
[21.262s] -- Installing: /home/vboxuser/UAV_UGV_netmonitoring/install/uav_msgs/include/uav_msgs/uav_msgs/action/detail/dock_and_charge__type_support.hpp
[21.262s] -- Installing: /home/vboxuser/UAV_UGV_netmonitoring/install/uav_msgs/include/uav_msgs/uav_msgs/action/detail/dock_and_charge__traits.hpp
[21.262s] -- Installing: /home/vboxuser/UAV_UGV_netmonitoring/install/uav_msgs/include/uav_msgs/uav_msgs/action/detail/dock_and_charge__builder.hpp
[21.262s] -- Up-to-date: /home/vboxuser/UAV_UGV_netmonitoring/install/uav_msgs/include/uav_msgs/uav_msgs/srv
[21.262s] -- Installing: /home/vboxuser/UAV_UGV_netmonitoring/install/uav_msgs/include/uav_msgs/uav_msgs/srv/request_charge.hpp
[21.262s] -- Up-to-date: /home/vboxuser/UAV_UGV_netmonitoring/install/uav_msgs/include/uav_msgs/uav_msgs/srv/detail
[21.262s] -- Installing: /home/vboxuser/UAV_UGV_netmonitoring/install/uav_msgs/include/uav_msgs/uav_msgs/srv/detail/request_charge__type_support.hpp
[21.262s] -- Installing: /home/vboxuser/UAV_UGV_netmonitoring/install/uav_msgs/include/uav_msgs/uav_msgs/srv/detail/request_charge__builder.hpp
[21.262s] -- Installing: /home/vboxuser/UAV_UGV_netmonitoring/install/uav_msgs/include/uav_msgs/uav_msgs/srv/detail/request_charge__traits.hpp
[21.262s] -- Installing: /home/vboxuser/UAV_UGV_netmonitoring/install/uav_msgs/include/uav_msgs/uav_msgs/srv/detail/request_charge__struct.hpp
[21.264s] -- Up-to-date: /home/vboxuser/UAV_UGV_netmonitoring/install/uav_msgs/include/uav_msgs/uav_msgs
[21.264s] -- Up-to-date: /home/vboxuser/UAV_UGV_netmonitoring/install/uav_msgs/include/uav_msgs/uav_msgs/msg
[21.264s] -- Up-to-date: /home/vboxuser/UAV_UGV_netmonitoring/install/uav_msgs/include/uav_msgs/uav_msgs/msg/rosidl_typesupport_fastrtps_cpp__visibility_control.h
[21.264s] -- Up-to-date: /home/vboxuser/UAV_UGV_netmonitoring/install/uav_msgs/include/uav_msgs/uav_msgs/msg/detail
[21.264s] -- Installing: /home/vboxuser/UAV_UGV_netmonitoring/install/uav_msgs/include/uav_msgs/uav_msgs/msg/detail/charge_decision__rosidl_typesupport_fastrtps_cpp.hpp
[21.264s] -- Up-to-date: /home/vboxuser/UAV_UGV_netmonitoring/install/uav_msgs/include/uav_msgs/uav_msgs/msg/detail/dds_fastrtps
[21.264s] -- Installing: /home/vboxuser/UAV_UGV_netmonitoring/install/uav_msgs/include/uav_msgs/uav_msgs/msg/detail/cluster_info__rosidl_typesupport_fastrtps_cpp.hpp
[21.266s] -- Installing: /home/vboxuser/UAV_UGV_netmonitoring/install/uav_msgs/include/uav_msgs/uav_msgs/msg/detail/heartbeat__rosidl_typesupport_fastrtps_cpp.hpp
[21.266s] -- Installing: /home/vboxuser/UAV_UGV_netmonitoring/install/uav_msgs/include/uav_msgs/uav_msgs/msg/detail/traffic_message__rosidl_typesupport_fastrtps_cpp.hpp
[21.266s] -- Installing: /home/vboxuser/UAV_UGV_netmonitoring/install/uav_msgs/include/uav_msgs/uav_msgs/msg/detail/charge_request__rosidl_typesupport_fastrtps_cpp.hpp
[21.266s] -- Installing: /home/vboxuser/UAV_UGV_netmonitoring/install/uav_msgs/include/uav_msgs/uav_msgs/msg/detail/uav_status__rosidl_typesupport_fastrtps_cpp.hpp
[21.266s] -- Installing: /home/vboxuser/UAV_UGV_netmonitoring/install/uav_msgs/include/uav_msgs/uav_msgs/msg/detail/weather_status__rosidl_typesupport_fastrtps_cpp.hpp
[21.266s] -- Up-to-date: /home/vboxuser/UAV_UGV_netmonitoring/install/uav_msgs/include/uav_msgs/uav_msgs/action
[21.266s] -- Up-to-date: /home/vboxuser/UAV_UGV_netmonitoring/install/uav_msgs/include/uav_msgs/uav_msgs/action/detail
[21.266s] -- Up-to-date: /home/vboxuser/UAV_UGV_netmonitoring/install/uav_msgs/include/uav_msgs/uav_msgs/action/detail/dds_fastrtps
[21.266s] -- Installing: /home/vboxuser/UAV_UGV_netmonitoring/install/uav_msgs/include/uav_msgs/uav_msgs/action/detail/dock_and_charge__rosidl_typesupport_fastrtps_cpp.hpp
[21.266s] -- Up-to-date: /home/vboxuser/UAV_UGV_netmonitoring/install/uav_msgs/include/uav_msgs/uav_msgs/srv
[21.266s] -- Up-to-date: /home/vboxuser/UAV_UGV_netmonitoring/install/uav_msgs/include/uav_msgs/uav_msgs/srv/detail
[21.266s] -- Up-to-date: /home/vboxuser/UAV_UGV_netmonitoring/install/uav_msgs/include/uav_msgs/uav_msgs/srv/detail/dds_fastrtps
[21.266s] -- Installing: /home/vboxuser/UAV_UGV_netmonitoring/install/uav_msgs/include/uav_msgs/uav_msgs/srv/detail/request_charge__rosidl_typesupport_fastrtps_cpp.hpp
[21.266s] -- Installing: /home/vboxuser/UAV_UGV_netmonitoring/install/uav_msgs/lib/libuav_msgs__rosidl_typesupport_fastrtps_cpp.so
[21.266s] -- Set runtime path of "/home/vboxuser/UAV_UGV_netmonitoring/install/uav_msgs/lib/libuav_msgs__rosidl_typesupport_fastrtps_cpp.so" to ""
[21.266s] -- Up-to-date: /home/vboxuser/UAV_UGV_netmonitoring/install/uav_msgs/include/uav_msgs/uav_msgs
[21.266s] -- Up-to-date: /home/vboxuser/UAV_UGV_netmonitoring/install/uav_msgs/include/uav_msgs/uav_msgs/msg
[21.266s] -- Up-to-date: /home/vboxuser/UAV_UGV_netmonitoring/install/uav_msgs/include/uav_msgs/uav_msgs/msg/detail
[21.266s] -- Installing: /home/vboxuser/UAV_UGV_netmonitoring/install/uav_msgs/include/uav_msgs/uav_msgs/msg/detail/traffic_message__rosidl_typesupport_introspection_cpp.hpp
[21.271s] -- Installing: /home/vboxuser/UAV_UGV_netmonitoring/install/uav_msgs/include/uav_msgs/uav_msgs/msg/detail/heartbeat__rosidl_typesupport_introspection_cpp.hpp
[21.271s] -- Installing: /home/vboxuser/UAV_UGV_netmonitoring/install/uav_msgs/include/uav_msgs/uav_msgs/msg/detail/charge_decision__rosidl_typesupport_introspection_cpp.hpp
[21.271s] -- Installing: /home/vboxuser/UAV_UGV_netmonitoring/install/uav_msgs/include/uav_msgs/uav_msgs/msg/detail/heartbeat__type_support.cpp
[21.271s] -- Installing: /home/vboxuser/UAV_UGV_netmonitoring/install/uav_msgs/include/uav_msgs/uav_msgs/msg/detail/traffic_message__type_support.cpp
[21.271s] -- Installing: /home/vboxuser/UAV_UGV_netmonitoring/install/uav_msgs/include/uav_msgs/uav_msgs/msg/detail/cluster_info__type_support.cpp
[21.271s] -- Installing: /home/vboxuser/UAV_UGV_netmonitoring/install/uav_msgs/include/uav_msgs/uav_msgs/msg/detail/uav_status__rosidl_typesupport_introspection_cpp.hpp
[21.271s] -- Installing: /home/vboxuser/UAV_UGV_netmonitoring/install/uav_msgs/include/uav_msgs/uav_msgs/msg/detail/uav_status__type_support.cpp
[21.271s] -- Installing: /home/vboxuser/UAV_UGV_netmonitoring/install/uav_msgs/include/uav_msgs/uav_msgs/msg/detail/charge_request__type_support.cpp
[21.271s] -- Installing: /home/vboxuser/UAV_UGV_netmonitoring/install/uav_msgs/include/uav_msgs/uav_msgs/msg/detail/weather_status__type_support.cpp
[21.272s] -- Installing: /home/vboxuser/UAV_UGV_netmonitoring/install/uav_msgs/include/uav_msgs/uav_msgs/msg/detail/weather_status__rosidl_typesupport_introspection_cpp.hpp
[21.272s] -- Installing: /home/vboxuser/UAV_UGV_netmonitoring/install/uav_msgs/include/uav_msgs/uav_msgs/msg/detail/cluster_info__rosidl_typesupport_introspection_cpp.hpp
[21.272s] -- Installing: /home/vboxuser/UAV_UGV_netmonitoring/install/uav_msgs/include/uav_msgs/uav_msgs/msg/detail/charge_decision__type_support.cpp
[21.272s] -- Installing: /home/vboxuser/UAV_UGV_netmonitoring/install/uav_msgs/include/uav_msgs/uav_msgs/msg/detail/charge_request__rosidl_typesupport_introspection_cpp.hpp
[21.272s] -- Up-to-date: /home/vboxuser/UAV_UGV_netmonitoring/install/uav_msgs/include/uav_msgs/uav_msgs/action
[21.272s] -- Up-to-date: /home/vboxuser/UAV_UGV_netmonitoring/install/uav_msgs/include/uav_msgs/uav_msgs/action/detail
[21.272s] -- Installing: /home/vboxuser/UAV_UGV_netmonitoring/install/uav_msgs/include/uav_msgs/uav_msgs/action/detail/dock_and_charge__type_support.cpp
[21.272s] -- Installing: /home/vboxuser/UAV_UGV_netmonitoring/install/uav_msgs/include/uav_msgs/uav_msgs/action/detail/dock_and_charge__rosidl_typesupport_introspection_cpp.hpp
[21.272s] -- Up-to-date: /home/vboxuser/UAV_UGV_netmonitoring/install/uav_msgs/include/uav_msgs/uav_msgs/srv
[21.272s] -- Up-to-date: /home/vboxuser/UAV_UGV_netmonitoring/install/uav_msgs/include/uav_msgs/uav_msgs/srv/detail
[21.285s] -- Installing: /home/vboxuser/UAV_UGV_netmonitoring/install/uav_msgs/include/uav_msgs/uav_msgs/srv/detail/request_charge__rosidl_typesupport_introspection_cpp.hpp
[21.285s] -- Installing: /home/vboxuser/UAV_UGV_netmonitoring/install/uav_msgs/include/uav_msgs/uav_msgs/srv/detail/request_charge__type_support.cpp
[21.290s] -- Installing: /home/vboxuser/UAV_UGV_netmonitoring/install/uav_msgs/lib/libuav_msgs__rosidl_typesupport_introspection_cpp.so
[21.291s] -- Set runtime path of "/home/vboxuser/UAV_UGV_netmonitoring/install/uav_msgs/lib/libuav_msgs__rosidl_typesupport_introspection_cpp.so" to ""
[21.291s] -- Installing: /home/vboxuser/UAV_UGV_netmonitoring/install/uav_msgs/lib/libuav_msgs__rosidl_typesupport_cpp.so
[21.291s] -- Set runtime path of "/home/vboxuser/UAV_UGV_netmonitoring/install/uav_msgs/lib/libuav_msgs__rosidl_typesupport_cpp.so" to ""
[21.291s] -- Up-to-date: /home/vboxuser/UAV_UGV_netmonitoring/install/uav_msgs/share/uav_msgs/environment/pythonpath.sh
[21.291s] -- Installing: /home/vboxuser/UAV_UGV_netmonitoring/install/uav_msgs/share/uav_msgs/environment/pythonpath.dsv
[21.291s] -- Up-to-date: /home/vboxuser/UAV_UGV_netmonitoring/install/uav_msgs/local/lib/python3.10/dist-packages/uav_msgs-0.0.0-py3.10.egg-info
[21.291s] -- Installing: /home/vboxuser/UAV_UGV_netmonitoring/install/uav_msgs/local/lib/python3.10/dist-packages/uav_msgs-0.0.0-py3.10.egg-info/top_level.txt
[21.291s] -- Installing: /home/vboxuser/UAV_UGV_netmonitoring/install/uav_msgs/local/lib/python3.10/dist-packages/uav_msgs-0.0.0-py3.10.egg-info/SOURCES.txt
[21.300s] -- Installing: /home/vboxuser/UAV_UGV_netmonitoring/install/uav_msgs/local/lib/python3.10/dist-packages/uav_msgs-0.0.0-py3.10.egg-info/PKG-INFO
[21.300s] -- Installing: /home/vboxuser/UAV_UGV_netmonitoring/install/uav_msgs/local/lib/python3.10/dist-packages/uav_msgs-0.0.0-py3.10.egg-info/dependency_links.txt
[21.300s] -- Up-to-date: /home/vboxuser/UAV_UGV_netmonitoring/install/uav_msgs/local/lib/python3.10/dist-packages/uav_msgs
[21.300s] -- Installing: /home/vboxuser/UAV_UGV_netmonitoring/install/uav_msgs/local/lib/python3.10/dist-packages/uav_msgs/__init__.py
[21.300s] -- Installing: /home/vboxuser/UAV_UGV_netmonitoring/install/uav_msgs/local/lib/python3.10/dist-packages/uav_msgs/libuav_msgs__rosidl_generator_py.so
[21.300s] -- Up-to-date: /home/vboxuser/UAV_UGV_netmonitoring/install/uav_msgs/local/lib/python3.10/dist-packages/uav_msgs/msg
[21.300s] -- Installing: /home/vboxuser/UAV_UGV_netmonitoring/install/uav_msgs/local/lib/python3.10/dist-packages/uav_msgs/msg/__init__.py
[21.301s] -- Installing: /home/vboxuser/UAV_UGV_netmonitoring/install/uav_msgs/local/lib/python3.10/dist-packages/uav_msgs/msg/_weather_status_s.c
[21.301s] -- Installing: /home/vboxuser/UAV_UGV_netmonitoring/install/uav_msgs/local/lib/python3.10/dist-packages/uav_msgs/msg/_uav_status.py
[21.301s] -- Installing: /home/vboxuser/UAV_UGV_netmonitoring/install/uav_msgs/local/lib/python3.10/dist-packages/uav_msgs/msg/_heartbeat.py
[21.301s] -- Installing: /home/vboxuser/UAV_UGV_netmonitoring/install/uav_msgs/local/lib/python3.10/dist-packages/uav_msgs/msg/_cluster_info.py
[21.301s] -- Installing: /home/vboxuser/UAV_UGV_netmonitoring/install/uav_msgs/local/lib/python3.10/dist-packages/uav_msgs/msg/_heartbeat_s.c
[21.301s] -- Installing: /home/vboxuser/UAV_UGV_netmonitoring/install/uav_msgs/local/lib/python3.10/dist-packages/uav_msgs/msg/_charge_decision.py
[21.301s] -- Installing: /home/vboxuser/UAV_UGV_netmonitoring/install/uav_msgs/local/lib/python3.10/dist-packages/uav_msgs/msg/_uav_status_s.c
[21.301s] -- Installing: /home/vboxuser/UAV_UGV_netmonitoring/install/uav_msgs/local/lib/python3.10/dist-packages/uav_msgs/msg/_charge_request.py
[21.301s] -- Installing: /home/vboxuser/UAV_UGV_netmonitoring/install/uav_msgs/local/lib/python3.10/dist-packages/uav_msgs/msg/_traffic_message_s.c
[21.302s] -- Installing: /home/vboxuser/UAV_UGV_netmonitoring/install/uav_msgs/local/lib/python3.10/dist-packages/uav_msgs/msg/_charge_decision_s.c
[21.302s] -- Installing: /home/vboxuser/UAV_UGV_netmonitoring/install/uav_msgs/local/lib/python3.10/dist-packages/uav_msgs/msg/_cluster_info_s.c
[21.302s] -- Installing: /home/vboxuser/UAV_UGV_netmonitoring/install/uav_msgs/local/lib/python3.10/dist-packages/uav_msgs/msg/_charge_request_s.c
[21.302s] -- Installing: /home/vboxuser/UAV_UGV_netmonitoring/install/uav_msgs/local/lib/python3.10/dist-packages/uav_msgs/msg/_weather_status.py
[21.302s] -- Installing: /home/vboxuser/UAV_UGV_netmonitoring/install/uav_msgs/local/lib/python3.10/dist-packages/uav_msgs/msg/_traffic_message.py
[21.302s] -- Installing: /home/vboxuser/UAV_UGV_netmonitoring/install/uav_msgs/local/lib/python3.10/dist-packages/uav_msgs/_uav_msgs_s.ep.rosidl_typesupport_c.c
[21.302s] -- Installing: /home/vboxuser/UAV_UGV_netmonitoring/install/uav_msgs/local/lib/python3.10/dist-packages/uav_msgs/uav_msgs_s__rosidl_typesupport_introspection_c.cpython-310-x86_64-linux-gnu.so
[21.302s] -- Up-to-date: /home/vboxuser/UAV_UGV_netmonitoring/install/uav_msgs/local/lib/python3.10/dist-packages/uav_msgs/action
[21.302s] -- Installing: /home/vboxuser/UAV_UGV_netmonitoring/install/uav_msgs/local/lib/python3.10/dist-packages/uav_msgs/action/__init__.py
[21.302s] -- Installing: /home/vboxuser/UAV_UGV_netmonitoring/install/uav_msgs/local/lib/python3.10/dist-packages/uav_msgs/action/_dock_and_charge_s.c
[21.302s] -- Installing: /home/vboxuser/UAV_UGV_netmonitoring/install/uav_msgs/local/lib/python3.10/dist-packages/uav_msgs/action/_dock_and_charge.py
[21.302s] -- Up-to-date: /home/vboxuser/UAV_UGV_netmonitoring/install/uav_msgs/local/lib/python3.10/dist-packages/uav_msgs/srv
[21.302s] -- Installing: /home/vboxuser/UAV_UGV_netmonitoring/install/uav_msgs/local/lib/python3.10/dist-packages/uav_msgs/srv/__init__.py
[21.302s] -- Installing: /home/vboxuser/UAV_UGV_netmonitoring/install/uav_msgs/local/lib/python3.10/dist-packages/uav_msgs/srv/_request_charge_s.c
[21.302s] -- Installing: /home/vboxuser/UAV_UGV_netmonitoring/install/uav_msgs/local/lib/python3.10/dist-packages/uav_msgs/srv/_request_charge.py
[21.303s] -- Installing: /home/vboxuser/UAV_UGV_netmonitoring/install/uav_msgs/local/lib/python3.10/dist-packages/uav_msgs/_uav_msgs_s.ep.rosidl_typesupport_introspection_c.c
[21.303s] -- Installing: /home/vboxuser/UAV_UGV_netmonitoring/install/uav_msgs/local/lib/python3.10/dist-packages/uav_msgs/uav_msgs_s__rosidl_typesupport_fastrtps_c.cpython-310-x86_64-linux-gnu.so
[21.303s] -- Installing: /home/vboxuser/UAV_UGV_netmonitoring/install/uav_msgs/local/lib/python3.10/dist-packages/uav_msgs/_uav_msgs_s.ep.rosidl_typesupport_fastrtps_c.c
[21.303s] -- Installing: /home/vboxuser/UAV_UGV_netmonitoring/install/uav_msgs/local/lib/python3.10/dist-packages/uav_msgs/uav_msgs_s__rosidl_typesupport_c.cpython-310-x86_64-linux-gnu.so
[21.364s] Listing '/home/vboxuser/UAV_UGV_netmonitoring/install/uav_msgs/local/lib/python3.10/dist-packages/uav_msgs'...
[21.364s] Compiling '/home/vboxuser/UAV_UGV_netmonitoring/install/uav_msgs/local/lib/python3.10/dist-packages/uav_msgs/__init__.py'...
[21.364s] Listing '/home/vboxuser/UAV_UGV_netmonitoring/install/uav_msgs/local/lib/python3.10/dist-packages/uav_msgs/action'...
[21.364s] Compiling '/home/vboxuser/UAV_UGV_netmonitoring/install/uav_msgs/local/lib/python3.10/dist-packages/uav_msgs/action/__init__.py'...
[21.364s] Compiling '/home/vboxuser/UAV_UGV_netmonitoring/install/uav_msgs/local/lib/python3.10/dist-packages/uav_msgs/action/_dock_and_charge.py'...
[21.364s] Listing '/home/vboxuser/UAV_UGV_netmonitoring/install/uav_msgs/local/lib/python3.10/dist-packages/uav_msgs/msg'...
[21.364s] Compiling '/home/vboxuser/UAV_UGV_netmonitoring/install/uav_msgs/local/lib/python3.10/dist-packages/uav_msgs/msg/__init__.py'...
[21.365s] Compiling '/home/vboxuser/UAV_UGV_netmonitoring/install/uav_msgs/local/lib/python3.10/dist-packages/uav_msgs/msg/_charge_decision.py'...
[21.365s] Compiling '/home/vboxuser/UAV_UGV_netmonitoring/install/uav_msgs/local/lib/python3.10/dist-packages/uav_msgs/msg/_charge_request.py'...
[21.365s] Compiling '/home/vboxuser/UAV_UGV_netmonitoring/install/uav_msgs/local/lib/python3.10/dist-packages/uav_msgs/msg/_cluster_info.py'...
[21.365s] Compiling '/home/vboxuser/UAV_UGV_netmonitoring/install/uav_msgs/local/lib/python3.10/dist-packages/uav_msgs/msg/_heartbeat.py'...
[21.365s] Compiling '/home/vboxuser/UAV_UGV_netmonitoring/install/uav_msgs/local/lib/python3.10/dist-packages/uav_msgs/msg/_traffic_message.py'...
[21.365s] Compiling '/home/vboxuser/UAV_UGV_netmonitoring/install/uav_msgs/local/lib/python3.10/dist-packages/uav_msgs/msg/_uav_status.py'...
[21.365s] Compiling '/home/vboxuser/UAV_UGV_netmonitoring/install/uav_msgs/local/lib/python3.10/dist-packages/uav_msgs/msg/_weather_status.py'...
[21.365s] Listing '/home/vboxuser/UAV_UGV_netmonitoring/install/uav_msgs/local/lib/python3.10/dist-packages/uav_msgs/srv'...
[21.365s] Compiling '/home/vboxuser/UAV_UGV_netmonitoring/install/uav_msgs/local/lib/python3.10/dist-packages/uav_msgs/srv/__init__.py'...
[21.365s] Compiling '/home/vboxuser/UAV_UGV_netmonitoring/install/uav_msgs/local/lib/python3.10/dist-packages/uav_msgs/srv/_request_charge.py'...
[21.369s] -- Installing: /home/vboxuser/UAV_UGV_netmonitoring/install/uav_msgs/local/lib/python3.10/dist-packages/uav_msgs/uav_msgs_s__rosidl_typesupport_fastrtps_c.cpython-310-x86_64-linux-gnu.so
[21.370s] -- Set runtime path of "/home/vboxuser/UAV_UGV_netmonitoring/install/uav_msgs/local/lib/python3.10/dist-packages/uav_msgs/uav_msgs_s__rosidl_typesupport_fastrtps_c.cpython-310-x86_64-linux-gnu.so" to ""
[21.370s] -- Installing: /home/vboxuser/UAV_UGV_netmonitoring/install/uav_msgs/local/lib/python3.10/dist-packages/uav_msgs/uav_msgs_s__rosidl_typesupport_introspection_c.cpython-310-x86_64-linux-gnu.so
[21.370s] -- Set runtime path of "/home/vboxuser/UAV_UGV_netmonitoring/install/uav_msgs/local/lib/python3.10/dist-packages/uav_msgs/uav_msgs_s__rosidl_typesupport_introspection_c.cpython-310-x86_64-linux-gnu.so" to ""
[21.371s] -- Installing: /home/vboxuser/UAV_UGV_netmonitoring/install/uav_msgs/local/lib/python3.10/dist-packages/uav_msgs/uav_msgs_s__rosidl_typesupport_c.cpython-310-x86_64-linux-gnu.so
[21.371s] -- Set runtime path of "/home/vboxuser/UAV_UGV_netmonitoring/install/uav_msgs/local/lib/python3.10/dist-packages/uav_msgs/uav_msgs_s__rosidl_typesupport_c.cpython-310-x86_64-linux-gnu.so" to ""
[21.371s] -- Installing: /home/vboxuser/UAV_UGV_netmonitoring/install/uav_msgs/lib/libuav_msgs__rosidl_generator_py.so
[21.372s] -- Set runtime path of "/home/vboxuser/UAV_UGV_netmonitoring/install/uav_msgs/lib/libuav_msgs__rosidl_generator_py.so" to ""
[21.372s] -- Up-to-date: /home/vboxuser/UAV_UGV_netmonitoring/install/uav_msgs/share/uav_msgs/msg/UavStatus.idl
[21.372s] -- Up-to-date: /home/vboxuser/UAV_UGV_netmonitoring/install/uav_msgs/share/uav_msgs/msg/Heartbeat.idl
[21.372s] -- Installing: /home/vboxuser/UAV_UGV_netmonitoring/install/uav_msgs/share/uav_msgs/msg/TrafficMessage.idl
[21.372s] -- Up-to-date: /home/vboxuser/UAV_UGV_netmonitoring/install/uav_msgs/share/uav_msgs/msg/ClusterInfo.idl
[21.373s] -- Up-to-date: /home/vboxuser/UAV_UGV_netmonitoring/install/uav_msgs/share/uav_msgs/msg/ChargeDecision.idl
[21.373s] -- Up-to-date: /home/vboxuser/UAV_UGV_netmonitoring/install/uav_msgs/share/uav_msgs/msg/ChargeRequest.idl
[21.373s] -- Up-to-date: /home/vboxuser/UAV_UGV_netmonitoring/install/uav_msgs/share/uav_msgs/srv/RequestCharge.idl
[21.373s] -- Up-to-date: /home/vboxuser/UAV_UGV_netmonitoring/install/uav_msgs/share/uav_msgs/action/DockAndCharge.idl
[21.374s] -- Up-to-date: /home/vboxuser/UAV_UGV_netmonitoring/install/uav_msgs/share/uav_msgs/msg/WeatherStatus.idl
[21.374s] -- Up-to-date: /home/vboxuser/UAV_UGV_netmonitoring/install/uav_msgs/share/uav_msgs/msg/UavStatus.msg
[21.374s] -- Up-to-date: /home/vboxuser/UAV_UGV_netmonitoring/install/uav_msgs/share/uav_msgs/msg/Heartbeat.msg
[21.374s] -- Installing: /home/vboxuser/UAV_UGV_netmonitoring/install/uav_msgs/share/uav_msgs/msg/TrafficMessage.msg
[21.374s] -- Up-to-date: /home/vboxuser/UAV_UGV_netmonitoring/install/uav_msgs/share/uav_msgs/msg/ClusterInfo.msg
[21.375s] -- Up-to-date: /home/vboxuser/UAV_UGV_netmonitoring/install/uav_msgs/share/uav_msgs/msg/ChargeDecision.msg
[21.375s] -- Up-to-date: /home/vboxuser/UAV_UGV_netmonitoring/install/uav_msgs/share/uav_msgs/msg/ChargeRequest.msg
[21.375s] -- Up-to-date: /home/vboxuser/UAV_UGV_netmonitoring/install/uav_msgs/share/uav_msgs/srv/RequestCharge.srv
[21.375s] -- Up-to-date: /home/vboxuser/UAV_UGV_netmonitoring/install/uav_msgs/share/uav_msgs/srv/RequestCharge_Request.msg
[21.376s] -- Up-to-date: /home/vboxuser/UAV_UGV_netmonitoring/install/uav_msgs/share/uav_msgs/srv/RequestCharge_Response.msg
[21.376s] -- Up-to-date: /home/vboxuser/UAV_UGV_netmonitoring/install/uav_msgs/share/uav_msgs/action/DockAndCharge.action
[21.376s] -- Up-to-date: /home/vboxuser/UAV_UGV_netmonitoring/install/uav_msgs/share/uav_msgs/msg/WeatherStatus.msg
[21.376s] -- Up-to-date: /home/vboxuser/UAV_UGV_netmonitoring/install/uav_msgs/share/ament_index/resource_index/package_run_dependencies/uav_msgs
[21.376s] -- Up-to-date: /home/vboxuser/UAV_UGV_netmonitoring/install/uav_msgs/share/ament_index/resource_index/parent_prefix_path/uav_msgs
[21.376s] -- Up-to-date: /home/vboxuser/UAV_UGV_netmonitoring/install/uav_msgs/share/uav_msgs/environment/ament_prefix_path.sh
[21.377s] -- Installing: /home/vboxuser/UAV_UGV_netmonitoring/install/uav_msgs/share/uav_msgs/environment/ament_prefix_path.dsv
[21.377s] -- Up-to-date: /home/vboxuser/UAV_UGV_netmonitoring/install/uav_msgs/share/uav_msgs/environment/path.sh
[21.377s] -- Installing: /home/vboxuser/UAV_UGV_netmonitoring/install/uav_msgs/share/uav_msgs/environment/path.dsv
[21.377s] -- Up-to-date: /home/vboxuser/UAV_UGV_netmonitoring/install/uav_msgs/share/uav_msgs/local_setup.bash
[21.378s] -- Up-to-date: /home/vboxuser/UAV_UGV_netmonitoring/install/uav_msgs/share/uav_msgs/local_setup.sh
[21.378s] -- Up-to-date: /home/vboxuser/UAV_UGV_netmonitoring/install/uav_msgs/share/uav_msgs/local_setup.zsh
[21.378s] -- Installing: /home/vboxuser/UAV_UGV_netmonitoring/install/uav_msgs/share/uav_msgs/local_setup.dsv
[21.378s] -- Installing: /home/vboxuser/UAV_UGV_netmonitoring/install/uav_msgs/share/uav_msgs/package.dsv
[21.378s] -- Up-to-date: /home/vboxuser/UAV_UGV_netmonitoring/install/uav_msgs/share/ament_index/resource_index/packages/uav_msgs
[21.379s] -- Up-to-date: /home/vboxuser/UAV_UGV_netmonitoring/install/uav_msgs/share/uav_msgs/cmake/export_uav_msgs__rosidl_generator_cExport.cmake
[21.379s] -- Up-to-date: /home/vboxuser/UAV_UGV_netmonitoring/install/uav_msgs/share/uav_msgs/cmake/export_uav_msgs__rosidl_generator_cExport-noconfig.cmake
[21.379s] -- Up-to-date: /home/vboxuser/UAV_UGV_netmonitoring/install/uav_msgs/share/uav_msgs/cmake/export_uav_msgs__rosidl_typesupport_fastrtps_cExport.cmake
[21.379s] -- Up-to-date: /home/vboxuser/UAV_UGV_netmonitoring/install/uav_msgs/share/uav_msgs/cmake/export_uav_msgs__rosidl_typesupport_fastrtps_cExport-noconfig.cmake
[21.379s] -- Up-to-date: /home/vboxuser/UAV_UGV_netmonitoring/install/uav_msgs/share/uav_msgs/cmake/uav_msgs__rosidl_typesupport_introspection_cExport.cmake
[21.379s] -- Up-to-date: /home/vboxuser/UAV_UGV_netmonitoring/install/uav_msgs/share/uav_msgs/cmake/uav_msgs__rosidl_typesupport_introspection_cExport-noconfig.cmake
[21.379s] -- Up-to-date: /home/vboxuser/UAV_UGV_netmonitoring/install/uav_msgs/share/uav_msgs/cmake/uav_msgs__rosidl_typesupport_cExport.cmake
[21.380s] -- Up-to-date: /home/vboxuser/UAV_UGV_netmonitoring/install/uav_msgs/share/uav_msgs/cmake/uav_msgs__rosidl_typesupport_cExport-noconfig.cmake
[21.380s] -- Up-to-date: /home/vboxuser/UAV_UGV_netmonitoring/install/uav_msgs/share/uav_msgs/cmake/export_uav_msgs__rosidl_generator_cppExport.cmake
[21.380s] -- Up-to-date: /home/vboxuser/UAV_UGV_netmonitoring/install/uav_msgs/share/uav_msgs/cmake/export_uav_msgs__rosidl_typesupport_fastrtps_cppExport.cmake
[21.380s] -- Up-to-date: /home/vboxuser/UAV_UGV_netmonitoring/install/uav_msgs/share/uav_msgs/cmake/export_uav_msgs__rosidl_typesupport_fastrtps_cppExport-noconfig.cmake
[21.380s] -- Up-to-date: /home/vboxuser/UAV_UGV_netmonitoring/install/uav_msgs/share/uav_msgs/cmake/uav_msgs__rosidl_typesupport_introspection_cppExport.cmake
[21.380s] -- Up-to-date: /home/vboxuser/UAV_UGV_netmonitoring/install/uav_msgs/share/uav_msgs/cmake/uav_msgs__rosidl_typesupport_introspection_cppExport-noconfig.cmake
[21.380s] -- Up-to-date: /home/vboxuser/UAV_UGV_netmonitoring/install/uav_msgs/share/uav_msgs/cmake/uav_msgs__rosidl_typesupport_cppExport.cmake
[21.381s] -- Up-to-date: /home/vboxuser/UAV_UGV_netmonitoring/install/uav_msgs/share/uav_msgs/cmake/uav_msgs__rosidl_typesupport_cppExport-noconfig.cmake
[21.381s] -- Up-to-date: /home/vboxuser/UAV_UGV_netmonitoring/install/uav_msgs/share/uav_msgs/cmake/export_uav_msgs__rosidl_generator_pyExport.cmake
[21.381s] -- Up-to-date: /home/vboxuser/UAV_UGV_netmonitoring/install/uav_msgs/share/uav_msgs/cmake/export_uav_msgs__rosidl_generator_pyExport-noconfig.cmake
[21.383s] -- Up-to-date: /home/vboxuser/UAV_UGV_netmonitoring/install/uav_msgs/share/uav_msgs/cmake/rosidl_cmake-extras.cmake
[21.384s] -- Up-to-date: /home/vboxuser/UAV_UGV_netmonitoring/install/uav_msgs/share/uav_msgs/cmake/ament_cmake_export_dependencies-extras.cmake
[21.385s] -- Up-to-date: /home/vboxuser/UAV_UGV_netmonitoring/install/uav_msgs/share/uav_msgs/cmake/ament_cmake_export_include_directories-extras.cmake
[21.385s] -- Up-to-date: /home/vboxuser/UAV_UGV_netmonitoring/install/uav_msgs/share/uav_msgs/cmake/ament_cmake_export_libraries-extras.cmake
[21.386s] -- Up-to-date: /home/vboxuser/UAV_UGV_netmonitoring/install/uav_msgs/share/uav_msgs/cmake/ament_cmake_export_targets-extras.cmake
[21.386s] -- Up-to-date: /home/vboxuser/UAV_UGV_netmonitoring/install/uav_msgs/share/uav_msgs/cmake/rosidl_cmake_export_typesupport_targets-extras.cmake
[21.386s] -- Up-to-date: /home/vboxuser/UAV_UGV_netmonitoring/install/uav_msgs/share/uav_msgs/cmake/rosidl_cmake_export_typesupport_libraries-extras.cmake
[21.386s] -- Up-to-date: /home/vboxuser/UAV_UGV_netmonitoring/install/uav_msgs/share/uav_msgs/cmake/uav_msgsConfig.cmake
[21.386s] -- Up-to-date: /home/vboxuser/UAV_UGV_netmonitoring/install/uav_msgs/share/uav_msgs/cmake/uav_msgsConfig-version.cmake
[21.386s] -- Up-to-date: /home/vboxuser/UAV_UGV_netmonitoring/install/uav_msgs/share/uav_msgs/package.xml
[21.387s] Invoked command in '/home/vboxuser/UAV_UGV_netmonitoring/build/uav_msgs' returned '0': CMAKE_PREFIX_PATH=${CMAKE_PREFIX_PATH}:/home/vboxuser/ros2_ws/install/weather_server:/home/vboxuser/ros2_ws/install/ugv_charger:/home/vboxuser/ros2_ws/install/uav_controller:/home/vboxuser/ros2_ws/install/traffic_generator:/home/vboxuser/ros2_ws/install/system_launcher:/home/vboxuser/ros2_ws/install/net_emulator:/home/vboxuser/ros2_ws/install/metrics_aggregator:/home/vboxuser/ros2_ws/install/fault_injector:/home/vboxuser/ros2_ws/install/coverage_planner:/home/vboxuser/ros2_ws/install/ch_manager:/home/vboxuser/ros2_ws/install/battery_manager:/home/vboxuser/ros2_ws/install/turtle_square_py:/home/vboxuser/ros2_ws/install/python_parameters:/home/vboxuser/ros2_ws/install/py_srvcli:/home/vboxuser/ros2_ws/install/py_pubsub:/home/vboxuser/ros2_ws/install/fibonacci_action:/opt/ros/humble /usr/bin/cmake --install /home/vboxuser/UAV_UGV_netmonitoring/build/uav_msgs
