[0.489s] Invoking command in '/home/vboxuser/UAV_UGV_netmonitoring/build/network_monitor': CMAKE_PREFIX_PATH=${CMAKE_PREFIX_PATH}:/home/vboxuser/ros2_ws/install/weather_server:/home/vboxuser/ros2_ws/install/ugv_charger:/home/vboxuser/ros2_ws/install/uav_controller:/home/vboxuser/ros2_ws/install/traffic_generator:/home/vboxuser/ros2_ws/install/system_launcher:/home/vboxuser/ros2_ws/install/net_emulator:/home/vboxuser/ros2_ws/install/metrics_aggregator:/home/vboxuser/ros2_ws/install/fault_injector:/home/vboxuser/ros2_ws/install/coverage_planner:/home/vboxuser/ros2_ws/install/ch_manager:/home/vboxuser/ros2_ws/install/battery_manager:/home/vboxuser/ros2_ws/install/turtle_square_py:/home/vboxuser/ros2_ws/install/python_parameters:/home/vboxuser/ros2_ws/install/py_srvcli:/home/vboxuser/ros2_ws/install/py_pubsub:/home/vboxuser/ros2_ws/install/fibonacci_action:/opt/ros/humble /usr/bin/cmake --build /home/vboxuser/UAV_UGV_netmonitoring/build/network_monitor -- -j6 -l6
[1.522s] Invoked command in '/home/vboxuser/UAV_UGV_netmonitoring/build/network_monitor' returned '0': CMAKE_PREFIX_PATH=${CMAKE_PREFIX_PATH}:/home/vboxuser/ros2_ws/install/weather_server:/home/vboxuser/ros2_ws/install/ugv_charger:/home/vboxuser/ros2_ws/install/uav_controller:/home/vboxuser/ros2_ws/install/traffic_generator:/home/vboxuser/ros2_ws/install/system_launcher:/home/vboxuser/ros2_ws/install/net_emulator:/home/vboxuser/ros2_ws/install/metrics_aggregator:/home/vboxuser/ros2_ws/install/fault_injector:/home/vboxuser/ros2_ws/install/coverage_planner:/home/vboxuser/ros2_ws/install/ch_manager:/home/vboxuser/ros2_ws/install/battery_manager:/home/vboxuser/ros2_ws/install/turtle_square_py:/home/vboxuser/ros2_ws/install/python_parameters:/home/vboxuser/ros2_ws/install/py_srvcli:/home/vboxuser/ros2_ws/install/py_pubsub:/home/vboxuser/ros2_ws/install/fibonacci_action:/opt/ros/humble /usr/bin/cmake --build /home/vboxuser/UAV_UGV_netmonitoring/build/network_monitor -- -j6 -l6
[1.539s] Invoking command in '/home/vboxuser/UAV_UGV_netmonitoring/build/network_monitor': CMAKE_PREFIX_PATH=${CMAKE_PREFIX_PATH}:/home/vboxuser/ros2_ws/install/weather_server:/home/vboxuser/ros2_ws/install/ugv_charger:/home/vboxuser/ros2_ws/install/uav_controller:/home/vboxuser/ros2_ws/install/traffic_generator:/home/vboxuser/ros2_ws/install/system_launcher:/home/vboxuser/ros2_ws/install/net_emulator:/home/vboxuser/ros2_ws/install/metrics_aggregator:/home/vboxuser/ros2_ws/install/fault_injector:/home/vboxuser/ros2_ws/install/coverage_planner:/home/vboxuser/ros2_ws/install/ch_manager:/home/vboxuser/ros2_ws/install/battery_manager:/home/vboxuser/ros2_ws/install/turtle_square_py:/home/vboxuser/ros2_ws/install/python_parameters:/home/vboxuser/ros2_ws/install/py_srvcli:/home/vboxuser/ros2_ws/install/py_pubsub:/home/vboxuser/ros2_ws/install/fibonacci_action:/opt/ros/humble /usr/bin/cmake --install /home/vboxuser/UAV_UGV_netmonitoring/build/network_monitor
[1.574s] -- Install configuration: ""
[1.574s] -- Up-to-date: /home/vboxuser/UAV_UGV_netmonitoring/install/network_monitor/share/ament_index/resource_index/package_run_dependencies/network_monitor
[1.574s] -- Up-to-date: /home/vboxuser/UAV_UGV_netmonitoring/install/network_monitor/share/ament_index/resource_index/parent_prefix_path/network_monitor
[1.574s] -- Up-to-date: /home/vboxuser/UAV_UGV_netmonitoring/install/network_monitor/share/network_monitor/environment/ament_prefix_path.sh
[1.574s] -- Up-to-date: /home/vboxuser/UAV_UGV_netmonitoring/install/network_monitor/share/network_monitor/environment/ament_prefix_path.dsv
[1.574s] -- Up-to-date: /home/vboxuser/UAV_UGV_netmonitoring/install/network_monitor/share/network_monitor/environment/path.sh
[1.574s] -- Up-to-date: /home/vboxuser/UAV_UGV_netmonitoring/install/network_monitor/share/network_monitor/environment/path.dsv
[1.574s] -- Up-to-date: /home/vboxuser/UAV_UGV_netmonitoring/install/network_monitor/share/network_monitor/local_setup.bash
[1.574s] -- Up-to-date: /home/vboxuser/UAV_UGV_netmonitoring/install/network_monitor/share/network_monitor/local_setup.sh
[1.576s] -- Up-to-date: /home/vboxuser/UAV_UGV_netmonitoring/install/network_monitor/share/network_monitor/local_setup.zsh
[1.577s] -- Up-to-date: /home/vboxuser/UAV_UGV_netmonitoring/install/network_monitor/share/network_monitor/local_setup.dsv
[1.577s] -- Installing: /home/vboxuser/UAV_UGV_netmonitoring/install/network_monitor/share/network_monitor/package.dsv
[1.577s] -- Up-to-date: /home/vboxuser/UAV_UGV_netmonitoring/install/network_monitor/share/ament_index/resource_index/packages/network_monitor
[1.577s] -- Up-to-date: /home/vboxuser/UAV_UGV_netmonitoring/install/network_monitor/share/network_monitor/cmake/network_monitorConfig.cmake
[1.577s] -- Up-to-date: /home/vboxuser/UAV_UGV_netmonitoring/install/network_monitor/share/network_monitor/cmake/network_monitorConfig-version.cmake
[1.577s] -- Up-to-date: /home/vboxuser/UAV_UGV_netmonitoring/install/network_monitor/share/network_monitor/package.xml
[1.843s] Invoked command in '/home/vboxuser/UAV_UGV_netmonitoring/build/network_monitor' returned '0': CMAKE_PREFIX_PATH=${CMAKE_PREFIX_PATH}:/home/vboxuser/ros2_ws/install/weather_server:/home/vboxuser/ros2_ws/install/ugv_charger:/home/vboxuser/ros2_ws/install/uav_controller:/home/vboxuser/ros2_ws/install/traffic_generator:/home/vboxuser/ros2_ws/install/system_launcher:/home/vboxuser/ros2_ws/install/net_emulator:/home/vboxuser/ros2_ws/install/metrics_aggregator:/home/vboxuser/ros2_ws/install/fault_injector:/home/vboxuser/ros2_ws/install/coverage_planner:/home/vboxuser/ros2_ws/install/ch_manager:/home/vboxuser/ros2_ws/install/battery_manager:/home/vboxuser/ros2_ws/install/turtle_square_py:/home/vboxuser/ros2_ws/install/python_parameters:/home/vboxuser/ros2_ws/install/py_srvcli:/home/vboxuser/ros2_ws/install/py_pubsub:/home/vboxuser/ros2_ws/install/fibonacci_action:/opt/ros/humble /usr/bin/cmake --install /home/vboxuser/UAV_UGV_netmonitoring/build/network_monitor
