[ 50%] [32mBuilding CXX object CMakeFiles/uav_node.dir/src/uav_node.cpp.o[0m
[100%] [32m[1mLinking CXX executable uav_node[0m
[100%] Built target uav_node
-- Install configuration: ""
-- Installing: /home/vboxuser/UAV_UGV_netmonitoring/install/uav_fleet/lib/uav_fleet/uav_node
-- Set runtime path of "/home/vboxuser/UAV_UGV_netmonitoring/install/uav_fleet/lib/uav_fleet/uav_node" to ""
-- Up-to-date: /home/vboxuser/UAV_UGV_netmonitoring/install/uav_fleet/share/ament_index/resource_index/package_run_dependencies/uav_fleet
-- Up-to-date: /home/vboxuser/UAV_UGV_netmonitoring/install/uav_fleet/share/ament_index/resource_index/parent_prefix_path/uav_fleet
-- Up-to-date: /home/vboxuser/UAV_UGV_netmonitoring/install/uav_fleet/share/uav_fleet/environment/ament_prefix_path.sh
-- Up-to-date: /home/vboxuser/UAV_UGV_netmonitoring/install/uav_fleet/share/uav_fleet/environment/ament_prefix_path.dsv
-- Up-to-date: /home/vboxuser/UAV_UGV_netmonitoring/install/uav_fleet/share/uav_fleet/environment/path.sh
-- Up-to-date: /home/vboxuser/UAV_UGV_netmonitoring/install/uav_fleet/share/uav_fleet/environment/path.dsv
-- Up-to-date: /home/vboxuser/UAV_UGV_netmonitoring/install/uav_fleet/share/uav_fleet/local_setup.bash
-- Up-to-date: /home/vboxuser/UAV_UGV_netmonitoring/install/uav_fleet/share/uav_fleet/local_setup.sh
-- Up-to-date: /home/vboxuser/UAV_UGV_netmonitoring/install/uav_fleet/share/uav_fleet/local_setup.zsh
-- Up-to-date: /home/vboxuser/UAV_UGV_netmonitoring/install/uav_fleet/share/uav_fleet/local_setup.dsv
-- Installing: /home/vboxuser/UAV_UGV_netmonitoring/install/uav_fleet/share/uav_fleet/package.dsv
-- Up-to-date: /home/vboxuser/UAV_UGV_netmonitoring/install/uav_fleet/share/ament_index/resource_index/packages/uav_fleet
-- Up-to-date: /home/vboxuser/UAV_UGV_netmonitoring/install/uav_fleet/share/uav_fleet/cmake/uav_fleetConfig.cmake
-- Up-to-date: /home/vboxuser/UAV_UGV_netmonitoring/install/uav_fleet/share/uav_fleet/cmake/uav_fleetConfig-version.cmake
-- Up-to-date: /home/vboxuser/UAV_UGV_netmonitoring/install/uav_fleet/share/uav_fleet/package.xml
