[0.398s] Invoking command in '/home/vboxuser/UAV_UGV_netmonitoring/build/user_devices_sim': CMAKE_PREFIX_PATH=${CMAKE_PREFIX_PATH}:/home/vboxuser/ros2_ws/install/weather_server:/home/vboxuser/ros2_ws/install/ugv_charger:/home/vboxuser/ros2_ws/install/uav_controller:/home/vboxuser/ros2_ws/install/traffic_generator:/home/vboxuser/ros2_ws/install/system_launcher:/home/vboxuser/ros2_ws/install/net_emulator:/home/vboxuser/ros2_ws/install/metrics_aggregator:/home/vboxuser/ros2_ws/install/fault_injector:/home/vboxuser/ros2_ws/install/coverage_planner:/home/vboxuser/ros2_ws/install/ch_manager:/home/vboxuser/ros2_ws/install/battery_manager:/home/vboxuser/ros2_ws/install/turtle_square_py:/home/vboxuser/ros2_ws/install/python_parameters:/home/vboxuser/ros2_ws/install/py_srvcli:/home/vboxuser/ros2_ws/install/py_pubsub:/home/vboxuser/ros2_ws/install/fibonacci_action:/opt/ros/humble /usr/bin/cmake /home/vboxuser/UAV_UGV_netmonitoring/src/user_devices_sim -DCMAKE_INSTALL_PREFIX=/home/vboxuser/UAV_UGV_netmonitoring/install/user_devices_sim
[0.954s] -- The C compiler identification is GNU 11.4.0
[1.339s] -- The CXX compiler identification is GNU 11.4.0
[1.404s] -- Detecting C compiler ABI info
[1.900s] -- Detecting C compiler ABI info - done
[1.914s] -- Check for working C compiler: /usr/bin/cc - skipped
[1.914s] -- Detecting C compile features
[1.914s] -- Detecting C compile features - done
[1.914s] -- Detecting CXX compiler ABI info
[2.553s] -- Detecting CXX compiler ABI info - done
[2.602s] -- Check for working CXX compiler: /usr/bin/c++ - skipped
[2.602s] -- Detecting CXX compile features
[2.619s] -- Detecting CXX compile features - done
[2.624s] -- Found ament_cmake: 1.3.12 (/opt/ros/humble/share/ament_cmake/cmake)
[3.500s] -- Found Python3: /usr/bin/python3 (found version "3.10.12") found components: Interpreter 
[4.121s] -- Found ament_lint_auto: 0.12.14 (/opt/ros/humble/share/ament_lint_auto/cmake)
[5.027s] -- Added test 'lint_cmake' to check CMake code style
[5.027s] -- Added test 'xmllint' to check XML markup files
[5.027s] -- Configuring done
[5.027s] -- Generating done
[5.033s] -- Build files have been written to: /home/vboxuser/UAV_UGV_netmonitoring/build/user_devices_sim
[5.145s] Invoked command in '/home/vboxuser/UAV_UGV_netmonitoring/build/user_devices_sim' returned '0': CMAKE_PREFIX_PATH=${CMAKE_PREFIX_PATH}:/home/vboxuser/ros2_ws/install/weather_server:/home/vboxuser/ros2_ws/install/ugv_charger:/home/vboxuser/ros2_ws/install/uav_controller:/home/vboxuser/ros2_ws/install/traffic_generator:/home/vboxuser/ros2_ws/install/system_launcher:/home/vboxuser/ros2_ws/install/net_emulator:/home/vboxuser/ros2_ws/install/metrics_aggregator:/home/vboxuser/ros2_ws/install/fault_injector:/home/vboxuser/ros2_ws/install/coverage_planner:/home/vboxuser/ros2_ws/install/ch_manager:/home/vboxuser/ros2_ws/install/battery_manager:/home/vboxuser/ros2_ws/install/turtle_square_py:/home/vboxuser/ros2_ws/install/python_parameters:/home/vboxuser/ros2_ws/install/py_srvcli:/home/vboxuser/ros2_ws/install/py_pubsub:/home/vboxuser/ros2_ws/install/fibonacci_action:/opt/ros/humble /usr/bin/cmake /home/vboxuser/UAV_UGV_netmonitoring/src/user_devices_sim -DCMAKE_INSTALL_PREFIX=/home/vboxuser/UAV_UGV_netmonitoring/install/user_devices_sim
[5.146s] Invoking command in '/home/vboxuser/UAV_UGV_netmonitoring/build/user_devices_sim': CMAKE_PREFIX_PATH=${CMAKE_PREFIX_PATH}:/home/vboxuser/ros2_ws/install/weather_server:/home/vboxuser/ros2_ws/install/ugv_charger:/home/vboxuser/ros2_ws/install/uav_controller:/home/vboxuser/ros2_ws/install/traffic_generator:/home/vboxuser/ros2_ws/install/system_launcher:/home/vboxuser/ros2_ws/install/net_emulator:/home/vboxuser/ros2_ws/install/metrics_aggregator:/home/vboxuser/ros2_ws/install/fault_injector:/home/vboxuser/ros2_ws/install/coverage_planner:/home/vboxuser/ros2_ws/install/ch_manager:/home/vboxuser/ros2_ws/install/battery_manager:/home/vboxuser/ros2_ws/install/turtle_square_py:/home/vboxuser/ros2_ws/install/python_parameters:/home/vboxuser/ros2_ws/install/py_srvcli:/home/vboxuser/ros2_ws/install/py_pubsub:/home/vboxuser/ros2_ws/install/fibonacci_action:/opt/ros/humble /usr/bin/cmake --build /home/vboxuser/UAV_UGV_netmonitoring/build/user_devices_sim -- -j6 -l6
[5.421s] Invoked command in '/home/vboxuser/UAV_UGV_netmonitoring/build/user_devices_sim' returned '0': CMAKE_PREFIX_PATH=${CMAKE_PREFIX_PATH}:/home/vboxuser/ros2_ws/install/weather_server:/home/vboxuser/ros2_ws/install/ugv_charger:/home/vboxuser/ros2_ws/install/uav_controller:/home/vboxuser/ros2_ws/install/traffic_generator:/home/vboxuser/ros2_ws/install/system_launcher:/home/vboxuser/ros2_ws/install/net_emulator:/home/vboxuser/ros2_ws/install/metrics_aggregator:/home/vboxuser/ros2_ws/install/fault_injector:/home/vboxuser/ros2_ws/install/coverage_planner:/home/vboxuser/ros2_ws/install/ch_manager:/home/vboxuser/ros2_ws/install/battery_manager:/home/vboxuser/ros2_ws/install/turtle_square_py:/home/vboxuser/ros2_ws/install/python_parameters:/home/vboxuser/ros2_ws/install/py_srvcli:/home/vboxuser/ros2_ws/install/py_pubsub:/home/vboxuser/ros2_ws/install/fibonacci_action:/opt/ros/humble /usr/bin/cmake --build /home/vboxuser/UAV_UGV_netmonitoring/build/user_devices_sim -- -j6 -l6
[5.498s] Invoking command in '/home/vboxuser/UAV_UGV_netmonitoring/build/user_devices_sim': CMAKE_PREFIX_PATH=${CMAKE_PREFIX_PATH}:/home/vboxuser/ros2_ws/install/weather_server:/home/vboxuser/ros2_ws/install/ugv_charger:/home/vboxuser/ros2_ws/install/uav_controller:/home/vboxuser/ros2_ws/install/traffic_generator:/home/vboxuser/ros2_ws/install/system_launcher:/home/vboxuser/ros2_ws/install/net_emulator:/home/vboxuser/ros2_ws/install/metrics_aggregator:/home/vboxuser/ros2_ws/install/fault_injector:/home/vboxuser/ros2_ws/install/coverage_planner:/home/vboxuser/ros2_ws/install/ch_manager:/home/vboxuser/ros2_ws/install/battery_manager:/home/vboxuser/ros2_ws/install/turtle_square_py:/home/vboxuser/ros2_ws/install/python_parameters:/home/vboxuser/ros2_ws/install/py_srvcli:/home/vboxuser/ros2_ws/install/py_pubsub:/home/vboxuser/ros2_ws/install/fibonacci_action:/opt/ros/humble /usr/bin/cmake --install /home/vboxuser/UAV_UGV_netmonitoring/build/user_devices_sim
[5.628s] -- Install configuration: ""
[5.629s] -- Installing: /home/vboxuser/UAV_UGV_netmonitoring/install/user_devices_sim/share/ament_index/resource_index/package_run_dependencies/user_devices_sim
[5.629s] -- Installing: /home/vboxuser/UAV_UGV_netmonitoring/install/user_devices_sim/share/ament_index/resource_index/parent_prefix_path/user_devices_sim
[5.629s] -- Installing: /home/vboxuser/UAV_UGV_netmonitoring/install/user_devices_sim/share/user_devices_sim/environment/ament_prefix_path.sh
[5.629s] -- Installing: /home/vboxuser/UAV_UGV_netmonitoring/install/user_devices_sim/share/user_devices_sim/environment/ament_prefix_path.dsv
[5.629s] -- Installing: /home/vboxuser/UAV_UGV_netmonitoring/install/user_devices_sim/share/user_devices_sim/environment/path.sh
[5.629s] -- Installing: /home/vboxuser/UAV_UGV_netmonitoring/install/user_devices_sim/share/user_devices_sim/environment/path.dsv
[5.629s] -- Installing: /home/vboxuser/UAV_UGV_netmonitoring/install/user_devices_sim/share/user_devices_sim/local_setup.bash
[5.629s] -- Installing: /home/vboxuser/UAV_UGV_netmonitoring/install/user_devices_sim/share/user_devices_sim/local_setup.sh
[5.629s] -- Installing: /home/vboxuser/UAV_UGV_netmonitoring/install/user_devices_sim/share/user_devices_sim/local_setup.zsh
[5.629s] -- Installing: /home/vboxuser/UAV_UGV_netmonitoring/install/user_devices_sim/share/user_devices_sim/local_setup.dsv
[5.629s] -- Installing: /home/vboxuser/UAV_UGV_netmonitoring/install/user_devices_sim/share/user_devices_sim/package.dsv
[5.629s] -- Installing: /home/vboxuser/UAV_UGV_netmonitoring/install/user_devices_sim/share/ament_index/resource_index/packages/user_devices_sim
[5.629s] -- Installing: /home/vboxuser/UAV_UGV_netmonitoring/install/user_devices_sim/share/user_devices_sim/cmake/user_devices_simConfig.cmake
[5.630s] -- Installing: /home/vboxuser/UAV_UGV_netmonitoring/install/user_devices_sim/share/user_devices_sim/cmake/user_devices_simConfig-version.cmake
[5.630s] -- Installing: /home/vboxuser/UAV_UGV_netmonitoring/install/user_devices_sim/share/user_devices_sim/package.xml
[5.692s] Invoked command in '/home/vboxuser/UAV_UGV_netmonitoring/build/user_devices_sim' returned '0': CMAKE_PREFIX_PATH=${CMAKE_PREFIX_PATH}:/home/vboxuser/ros2_ws/install/weather_server:/home/vboxuser/ros2_ws/install/ugv_charger:/home/vboxuser/ros2_ws/install/uav_controller:/home/vboxuser/ros2_ws/install/traffic_generator:/home/vboxuser/ros2_ws/install/system_launcher:/home/vboxuser/ros2_ws/install/net_emulator:/home/vboxuser/ros2_ws/install/metrics_aggregator:/home/vboxuser/ros2_ws/install/fault_injector:/home/vboxuser/ros2_ws/install/coverage_planner:/home/vboxuser/ros2_ws/install/ch_manager:/home/vboxuser/ros2_ws/install/battery_manager:/home/vboxuser/ros2_ws/install/turtle_square_py:/home/vboxuser/ros2_ws/install/python_parameters:/home/vboxuser/ros2_ws/install/py_srvcli:/home/vboxuser/ros2_ws/install/py_pubsub:/home/vboxuser/ros2_ws/install/fibonacci_action:/opt/ros/humble /usr/bin/cmake --install /home/vboxuser/UAV_UGV_netmonitoring/build/user_devices_sim
