-- Found ament_cmake: 1.3.12 (/opt/ros/humble/share/ament_cmake/cmake)
-- Found rclcpp: 16.0.15 (/opt/ros/humble/share/rclcpp/cmake)
-- Found rosidl_generator_c: 3.1.7 (/opt/ros/humble/share/rosidl_generator_c/cmake)
-- Found rosidl_adapter: 3.1.7 (/opt/ros/humble/share/rosidl_adapter/cmake)
-- Found rosidl_generator_cpp: 3.1.7 (/opt/ros/humble/share/rosidl_generator_cpp/cmake)
-- Using all available rosidl_typesupport_c: rosidl_typesupport_fastrtps_c;rosidl_typesupport_introspection_c
-- Using all available rosidl_typesupport_cpp: rosidl_typesupport_fastrtps_cpp;rosidl_typesupport_introspection_cpp
-- Found rmw_implementation_cmake: 6.1.2 (/opt/ros/humble/share/rmw_implementation_cmake/cmake)
-- Found rmw_fastrtps_cpp: 6.2.9 (/opt/ros/humble/share/rmw_fastrtps_cpp/cmake)
-- Found OpenSSL: /usr/lib/x86_64-linux-gnu/libcrypto.so (found version "3.0.2")  
-- Found FastRTPS: /opt/ros/humble/include  
-- Using RMW implementation 'rmw_fastrtps_cpp' as default
-- Looking for pthread.h
-- Looking for pthread.h - found
-- Performing Test CMAKE_HAVE_LIBC_PTHREAD
-- Performing Test CMAKE_HAVE_LIBC_PTHREAD - Success
-- Found Threads: TRUE  
-- Found uav_msgs: 0.0.0 (/home/vboxuser/UAV_UGV_netmonitoring/install/uav_msgs/share/uav_msgs/cmake)
-- Configuring done
-- Generating done
-- Build files have been written to: /home/vboxuser/UAV_UGV_netmonitoring/build/coverage_planner
[ 50%] [32mBuilding CXX object CMakeFiles/coverage_planner_node.dir/src/coverage_planner_node.cpp.o[0m
[100%] [32m[1mLinking CXX executable coverage_planner_node[0m
[100%] Built target coverage_planner_node
-- Install configuration: ""
-- Installing: /home/vboxuser/UAV_UGV_netmonitoring/install/coverage_planner/lib/coverage_planner/coverage_planner_node
-- Set runtime path of "/home/vboxuser/UAV_UGV_netmonitoring/install/coverage_planner/lib/coverage_planner/coverage_planner_node" to ""
-- Installing: /home/vboxuser/UAV_UGV_netmonitoring/install/coverage_planner/share/ament_index/resource_index/package_run_dependencies/coverage_planner
-- Up-to-date: /home/vboxuser/UAV_UGV_netmonitoring/install/coverage_planner/share/ament_index/resource_index/parent_prefix_path/coverage_planner
-- Up-to-date: /home/vboxuser/UAV_UGV_netmonitoring/install/coverage_planner/share/coverage_planner/environment/ament_prefix_path.sh
-- Installing: /home/vboxuser/UAV_UGV_netmonitoring/install/coverage_planner/share/coverage_planner/environment/ament_prefix_path.dsv
-- Up-to-date: /home/vboxuser/UAV_UGV_netmonitoring/install/coverage_planner/share/coverage_planner/environment/path.sh
-- Installing: /home/vboxuser/UAV_UGV_netmonitoring/install/coverage_planner/share/coverage_planner/environment/path.dsv
-- Up-to-date: /home/vboxuser/UAV_UGV_netmonitoring/install/coverage_planner/share/coverage_planner/local_setup.bash
-- Up-to-date: /home/vboxuser/UAV_UGV_netmonitoring/install/coverage_planner/share/coverage_planner/local_setup.sh
-- Up-to-date: /home/vboxuser/UAV_UGV_netmonitoring/install/coverage_planner/share/coverage_planner/local_setup.zsh
-- Installing: /home/vboxuser/UAV_UGV_netmonitoring/install/coverage_planner/share/coverage_planner/local_setup.dsv
-- Installing: /home/vboxuser/UAV_UGV_netmonitoring/install/coverage_planner/share/coverage_planner/package.dsv
-- Up-to-date: /home/vboxuser/UAV_UGV_netmonitoring/install/coverage_planner/share/ament_index/resource_index/packages/coverage_planner
-- Up-to-date: /home/vboxuser/UAV_UGV_netmonitoring/install/coverage_planner/share/coverage_planner/cmake/coverage_plannerConfig.cmake
-- Up-to-date: /home/vboxuser/UAV_UGV_netmonitoring/install/coverage_planner/share/coverage_planner/cmake/coverage_plannerConfig-version.cmake
-- Installing: /home/vboxuser/UAV_UGV_netmonitoring/install/coverage_planner/share/coverage_planner/package.xml
