[0.342s] Invoking command in '/home/vboxuser/UAV_UGV_netmonitoring/build/ugv_charger': CMAKE_PREFIX_PATH=/home/vboxuser/UAV_UGV_netmonitoring/install/uav_msgs:/home/vboxuser/UAV_UGV_netmonitoring/install/weather_server:/home/vboxuser/UAV_UGV_netmonitoring/install/user_devices_sim:/home/vboxuser/UAV_UGV_netmonitoring/install/ugv_charger:/home/vboxuser/UAV_UGV_netmonitoring/install/uav_fleet:/home/vboxuser/UAV_UGV_netmonitoring/install/system_bringup:/home/vboxuser/UAV_UGV_netmonitoring/install/sink_gateway:/home/vboxuser/UAV_UGV_netmonitoring/install/network_monitor:/home/vboxuser/UAV_UGV_netmonitoring/install/fault_injector:/home/vboxuser/UAV_UGV_netmonitoring/install/coverage_planner:/home/vboxuser/UAV_UGV_netmonitoring/install/ch_manager:/home/vboxuser/ros2_ws/install/uav_msgs:/home/vboxuser/ros2_ws/install/action_tutorials_interfaces:/home/vboxuser/install/turtlesim:/home/vboxuser/ros2_ws/install/tutorial_interfaces:/home/vboxuser/ros2_ws/install/patrol_interfaces:/home/vboxuser/ros2_ws/install/weather_server:/home/vboxuser/ros2_ws/install/ugv_charger:/home/vboxuser/ros2_ws/install/uav_controller:/home/vboxuser/ros2_ws/install/traffic_generator:/home/vboxuser/ros2_ws/install/system_launcher:/home/vboxuser/ros2_ws/install/net_emulator:/home/vboxuser/ros2_ws/install/metrics_aggregator:/home/vboxuser/ros2_ws/install/fault_injector:/home/vboxuser/ros2_ws/install/coverage_planner:/home/vboxuser/ros2_ws/install/ch_manager:/home/vboxuser/ros2_ws/install/battery_manager:/home/vboxuser/ros2_ws/install/turtle_square_py:/home/vboxuser/ros2_ws/install/python_parameters:/home/vboxuser/ros2_ws/install/py_srvcli:/home/vboxuser/ros2_ws/install/py_pubsub:/home/vboxuser/ros2_ws/install/fibonacci_action:/opt/ros/humble /usr/bin/cmake --build /home/vboxuser/UAV_UGV_netmonitoring/build/ugv_charger -- -j6 -l6
[0.423s] -- Found ament_cmake: 1.3.12 (/opt/ros/humble/share/ament_cmake/cmake)
[1.505s] -- Found rclcpp: 16.0.15 (/opt/ros/humble/share/rclcpp/cmake)
[1.725s] -- Found rosidl_generator_c: 3.1.7 (/opt/ros/humble/share/rosidl_generator_c/cmake)
[1.783s] -- Found rosidl_adapter: 3.1.7 (/opt/ros/humble/share/rosidl_adapter/cmake)
[1.796s] -- Found rosidl_generator_cpp: 3.1.7 (/opt/ros/humble/share/rosidl_generator_cpp/cmake)
[1.855s] -- Using all available rosidl_typesupport_c: rosidl_typesupport_fastrtps_c;rosidl_typesupport_introspection_c
[1.943s] -- Using all available rosidl_typesupport_cpp: rosidl_typesupport_fastrtps_cpp;rosidl_typesupport_introspection_cpp
[2.202s] -- Found rmw_implementation_cmake: 6.1.2 (/opt/ros/humble/share/rmw_implementation_cmake/cmake)
[2.259s] -- Found rmw_fastrtps_cpp: 6.2.9 (/opt/ros/humble/share/rmw_fastrtps_cpp/cmake)
[2.983s] -- Using RMW implementation 'rmw_fastrtps_cpp' as default
[3.374s] -- Found uav_msgs: 0.0.0 (/home/vboxuser/UAV_UGV_netmonitoring/install/uav_msgs/share/uav_msgs/cmake)
[3.911s] -- Configuring done
[4.037s] -- Generating done
[4.100s] -- Build files have been written to: /home/vboxuser/UAV_UGV_netmonitoring/build/ugv_charger
[4.334s] [35m[1mConsolidate compiler generated dependencies of target ugv_charger_node[0m
[4.571s] [ 50%] [32mBuilding CXX object CMakeFiles/ugv_charger_node.dir/src/ugv_charger_node.cpp.o[0m
[12.596s] [100%] [32m[1mLinking CXX executable ugv_charger_node[0m
[13.663s] [100%] Built target ugv_charger_node
[13.910s] Invoked command in '/home/vboxuser/UAV_UGV_netmonitoring/build/ugv_charger' returned '0': CMAKE_PREFIX_PATH=/home/vboxuser/UAV_UGV_netmonitoring/install/uav_msgs:/home/vboxuser/UAV_UGV_netmonitoring/install/weather_server:/home/vboxuser/UAV_UGV_netmonitoring/install/user_devices_sim:/home/vboxuser/UAV_UGV_netmonitoring/install/ugv_charger:/home/vboxuser/UAV_UGV_netmonitoring/install/uav_fleet:/home/vboxuser/UAV_UGV_netmonitoring/install/system_bringup:/home/vboxuser/UAV_UGV_netmonitoring/install/sink_gateway:/home/vboxuser/UAV_UGV_netmonitoring/install/network_monitor:/home/vboxuser/UAV_UGV_netmonitoring/install/fault_injector:/home/vboxuser/UAV_UGV_netmonitoring/install/coverage_planner:/home/vboxuser/UAV_UGV_netmonitoring/install/ch_manager:/home/vboxuser/ros2_ws/install/uav_msgs:/home/vboxuser/ros2_ws/install/action_tutorials_interfaces:/home/vboxuser/install/turtlesim:/home/vboxuser/ros2_ws/install/tutorial_interfaces:/home/vboxuser/ros2_ws/install/patrol_interfaces:/home/vboxuser/ros2_ws/install/weather_server:/home/vboxuser/ros2_ws/install/ugv_charger:/home/vboxuser/ros2_ws/install/uav_controller:/home/vboxuser/ros2_ws/install/traffic_generator:/home/vboxuser/ros2_ws/install/system_launcher:/home/vboxuser/ros2_ws/install/net_emulator:/home/vboxuser/ros2_ws/install/metrics_aggregator:/home/vboxuser/ros2_ws/install/fault_injector:/home/vboxuser/ros2_ws/install/coverage_planner:/home/vboxuser/ros2_ws/install/ch_manager:/home/vboxuser/ros2_ws/install/battery_manager:/home/vboxuser/ros2_ws/install/turtle_square_py:/home/vboxuser/ros2_ws/install/python_parameters:/home/vboxuser/ros2_ws/install/py_srvcli:/home/vboxuser/ros2_ws/install/py_pubsub:/home/vboxuser/ros2_ws/install/fibonacci_action:/opt/ros/humble /usr/bin/cmake --build /home/vboxuser/UAV_UGV_netmonitoring/build/ugv_charger -- -j6 -l6
[13.911s] Invoking command in '/home/vboxuser/UAV_UGV_netmonitoring/build/ugv_charger': CMAKE_PREFIX_PATH=/home/vboxuser/UAV_UGV_netmonitoring/install/uav_msgs:/home/vboxuser/UAV_UGV_netmonitoring/install/weather_server:/home/vboxuser/UAV_UGV_netmonitoring/install/user_devices_sim:/home/vboxuser/UAV_UGV_netmonitoring/install/ugv_charger:/home/vboxuser/UAV_UGV_netmonitoring/install/uav_fleet:/home/vboxuser/UAV_UGV_netmonitoring/install/system_bringup:/home/vboxuser/UAV_UGV_netmonitoring/install/sink_gateway:/home/vboxuser/UAV_UGV_netmonitoring/install/network_monitor:/home/vboxuser/UAV_UGV_netmonitoring/install/fault_injector:/home/vboxuser/UAV_UGV_netmonitoring/install/coverage_planner:/home/vboxuser/UAV_UGV_netmonitoring/install/ch_manager:/home/vboxuser/ros2_ws/install/uav_msgs:/home/vboxuser/ros2_ws/install/action_tutorials_interfaces:/home/vboxuser/install/turtlesim:/home/vboxuser/ros2_ws/install/tutorial_interfaces:/home/vboxuser/ros2_ws/install/patrol_interfaces:/home/vboxuser/ros2_ws/install/weather_server:/home/vboxuser/ros2_ws/install/ugv_charger:/home/vboxuser/ros2_ws/install/uav_controller:/home/vboxuser/ros2_ws/install/traffic_generator:/home/vboxuser/ros2_ws/install/system_launcher:/home/vboxuser/ros2_ws/install/net_emulator:/home/vboxuser/ros2_ws/install/metrics_aggregator:/home/vboxuser/ros2_ws/install/fault_injector:/home/vboxuser/ros2_ws/install/coverage_planner:/home/vboxuser/ros2_ws/install/ch_manager:/home/vboxuser/ros2_ws/install/battery_manager:/home/vboxuser/ros2_ws/install/turtle_square_py:/home/vboxuser/ros2_ws/install/python_parameters:/home/vboxuser/ros2_ws/install/py_srvcli:/home/vboxuser/ros2_ws/install/py_pubsub:/home/vboxuser/ros2_ws/install/fibonacci_action:/opt/ros/humble /usr/bin/cmake --install /home/vboxuser/UAV_UGV_netmonitoring/build/ugv_charger
[13.961s] -- Install configuration: ""
[13.961s] -- Installing: /home/vboxuser/UAV_UGV_netmonitoring/install/ugv_charger/lib/ugv_charger/ugv_charger_node
[13.961s] -- Set runtime path of "/home/vboxuser/UAV_UGV_netmonitoring/install/ugv_charger/lib/ugv_charger/ugv_charger_node" to ""
[13.961s] -- Up-to-date: /home/vboxuser/UAV_UGV_netmonitoring/install/ugv_charger/share/ament_index/resource_index/package_run_dependencies/ugv_charger
[13.961s] -- Up-to-date: /home/vboxuser/UAV_UGV_netmonitoring/install/ugv_charger/share/ament_index/resource_index/parent_prefix_path/ugv_charger
[13.962s] -- Up-to-date: /home/vboxuser/UAV_UGV_netmonitoring/install/ugv_charger/share/ugv_charger/environment/ament_prefix_path.sh
[13.962s] -- Installing: /home/vboxuser/UAV_UGV_netmonitoring/install/ugv_charger/share/ugv_charger/environment/ament_prefix_path.dsv
[13.962s] -- Up-to-date: /home/vboxuser/UAV_UGV_netmonitoring/install/ugv_charger/share/ugv_charger/environment/path.sh
[13.962s] -- Installing: /home/vboxuser/UAV_UGV_netmonitoring/install/ugv_charger/share/ugv_charger/environment/path.dsv
[13.962s] -- Up-to-date: /home/vboxuser/UAV_UGV_netmonitoring/install/ugv_charger/share/ugv_charger/local_setup.bash
[13.962s] -- Up-to-date: /home/vboxuser/UAV_UGV_netmonitoring/install/ugv_charger/share/ugv_charger/local_setup.sh
[13.963s] -- Up-to-date: /home/vboxuser/UAV_UGV_netmonitoring/install/ugv_charger/share/ugv_charger/local_setup.zsh
[13.964s] -- Installing: /home/vboxuser/UAV_UGV_netmonitoring/install/ugv_charger/share/ugv_charger/local_setup.dsv
[13.964s] -- Installing: /home/vboxuser/UAV_UGV_netmonitoring/install/ugv_charger/share/ugv_charger/package.dsv
[13.964s] -- Up-to-date: /home/vboxuser/UAV_UGV_netmonitoring/install/ugv_charger/share/ament_index/resource_index/packages/ugv_charger
[13.964s] -- Up-to-date: /home/vboxuser/UAV_UGV_netmonitoring/install/ugv_charger/share/ugv_charger/cmake/ugv_chargerConfig.cmake
[13.964s] -- Up-to-date: /home/vboxuser/UAV_UGV_netmonitoring/install/ugv_charger/share/ugv_charger/cmake/ugv_chargerConfig-version.cmake
[13.964s] -- Up-to-date: /home/vboxuser/UAV_UGV_netmonitoring/install/ugv_charger/share/ugv_charger/package.xml
[13.975s] Invoked command in '/home/vboxuser/UAV_UGV_netmonitoring/build/ugv_charger' returned '0': CMAKE_PREFIX_PATH=/home/vboxuser/UAV_UGV_netmonitoring/install/uav_msgs:/home/vboxuser/UAV_UGV_netmonitoring/install/weather_server:/home/vboxuser/UAV_UGV_netmonitoring/install/user_devices_sim:/home/vboxuser/UAV_UGV_netmonitoring/install/ugv_charger:/home/vboxuser/UAV_UGV_netmonitoring/install/uav_fleet:/home/vboxuser/UAV_UGV_netmonitoring/install/system_bringup:/home/vboxuser/UAV_UGV_netmonitoring/install/sink_gateway:/home/vboxuser/UAV_UGV_netmonitoring/install/network_monitor:/home/vboxuser/UAV_UGV_netmonitoring/install/fault_injector:/home/vboxuser/UAV_UGV_netmonitoring/install/coverage_planner:/home/vboxuser/UAV_UGV_netmonitoring/install/ch_manager:/home/vboxuser/ros2_ws/install/uav_msgs:/home/vboxuser/ros2_ws/install/action_tutorials_interfaces:/home/vboxuser/install/turtlesim:/home/vboxuser/ros2_ws/install/tutorial_interfaces:/home/vboxuser/ros2_ws/install/patrol_interfaces:/home/vboxuser/ros2_ws/install/weather_server:/home/vboxuser/ros2_ws/install/ugv_charger:/home/vboxuser/ros2_ws/install/uav_controller:/home/vboxuser/ros2_ws/install/traffic_generator:/home/vboxuser/ros2_ws/install/system_launcher:/home/vboxuser/ros2_ws/install/net_emulator:/home/vboxuser/ros2_ws/install/metrics_aggregator:/home/vboxuser/ros2_ws/install/fault_injector:/home/vboxuser/ros2_ws/install/coverage_planner:/home/vboxuser/ros2_ws/install/ch_manager:/home/vboxuser/ros2_ws/install/battery_manager:/home/vboxuser/ros2_ws/install/turtle_square_py:/home/vboxuser/ros2_ws/install/python_parameters:/home/vboxuser/ros2_ws/install/py_srvcli:/home/vboxuser/ros2_ws/install/py_pubsub:/home/vboxuser/ros2_ws/install/fibonacci_action:/opt/ros/humble /usr/bin/cmake --install /home/vboxuser/UAV_UGV_netmonitoring/build/ugv_charger
