[0.207s] Invoking command in '/home/vboxuser/UAV_UGV_netmonitoring/build/uav_msgs': CMAKE_PREFIX_PATH=${CMAKE_PREFIX_PATH}:/home/vboxuser/ros2_ws/install/weather_server:/home/vboxuser/ros2_ws/install/ugv_charger:/home/vboxuser/ros2_ws/install/uav_controller:/home/vboxuser/ros2_ws/install/traffic_generator:/home/vboxuser/ros2_ws/install/system_launcher:/home/vboxuser/ros2_ws/install/net_emulator:/home/vboxuser/ros2_ws/install/metrics_aggregator:/home/vboxuser/ros2_ws/install/fault_injector:/home/vboxuser/ros2_ws/install/coverage_planner:/home/vboxuser/ros2_ws/install/ch_manager:/home/vboxuser/ros2_ws/install/battery_manager:/home/vboxuser/ros2_ws/install/turtle_square_py:/home/vboxuser/ros2_ws/install/python_parameters:/home/vboxuser/ros2_ws/install/py_srvcli:/home/vboxuser/ros2_ws/install/py_pubsub:/home/vboxuser/ros2_ws/install/fibonacci_action:/opt/ros/humble /usr/bin/cmake --build /home/vboxuser/UAV_UGV_netmonitoring/build/uav_msgs -- -j6 -l6
[0.762s] [  1%] Built target uav_msgs__cpp
[0.848s] [ 12%] Built target uav_msgs__rosidl_generator_c
[1.103s] [ 12%] Built target ament_cmake_python_copy_uav_msgs
[1.134s] [ 24%] Built target uav_msgs__rosidl_typesupport_cpp
[1.189s] [ 35%] Built target uav_msgs__rosidl_typesupport_fastrtps_cpp
[1.200s] [ 47%] Built target uav_msgs__rosidl_typesupport_introspection_cpp
[1.304s] [ 58%] Built target uav_msgs__rosidl_typesupport_introspection_c
[1.304s] [ 70%] Built target uav_msgs__rosidl_typesupport_fastrtps_c
[1.334s] [ 82%] Built target uav_msgs__rosidl_typesupport_c
[1.499s] [ 82%] Built target uav_msgs
[1.604s] [ 83%] Built target uav_msgs__py
[1.644s] [ 93%] Built target uav_msgs__rosidl_generator_py
[1.672s] running egg_info
[1.692s] writing uav_msgs.egg-info/PKG-INFO
[1.692s] writing dependency_links to uav_msgs.egg-info/dependency_links.txt
[1.692s] writing top-level names to uav_msgs.egg-info/top_level.txt
[1.710s] reading manifest file 'uav_msgs.egg-info/SOURCES.txt'
[1.714s] writing manifest file 'uav_msgs.egg-info/SOURCES.txt'
[1.809s] [ 95%] Built target uav_msgs__rosidl_typesupport_introspection_c__pyext
[1.820s] [ 97%] Built target uav_msgs__rosidl_typesupport_fastrtps_c__pyext
[1.859s] [100%] Built target uav_msgs__rosidl_typesupport_c__pyext
[1.859s] [100%] Built target ament_cmake_python_build_uav_msgs_egg
[1.936s] Invoked command in '/home/vboxuser/UAV_UGV_netmonitoring/build/uav_msgs' returned '0': CMAKE_PREFIX_PATH=${CMAKE_PREFIX_PATH}:/home/vboxuser/ros2_ws/install/weather_server:/home/vboxuser/ros2_ws/install/ugv_charger:/home/vboxuser/ros2_ws/install/uav_controller:/home/vboxuser/ros2_ws/install/traffic_generator:/home/vboxuser/ros2_ws/install/system_launcher:/home/vboxuser/ros2_ws/install/net_emulator:/home/vboxuser/ros2_ws/install/metrics_aggregator:/home/vboxuser/ros2_ws/install/fault_injector:/home/vboxuser/ros2_ws/install/coverage_planner:/home/vboxuser/ros2_ws/install/ch_manager:/home/vboxuser/ros2_ws/install/battery_manager:/home/vboxuser/ros2_ws/install/turtle_square_py:/home/vboxuser/ros2_ws/install/python_parameters:/home/vboxuser/ros2_ws/install/py_srvcli:/home/vboxuser/ros2_ws/install/py_pubsub:/home/vboxuser/ros2_ws/install/fibonacci_action:/opt/ros/humble /usr/bin/cmake --build /home/vboxuser/UAV_UGV_netmonitoring/build/uav_msgs -- -j6 -l6
[1.943s] Invoking command in '/home/vboxuser/UAV_UGV_netmonitoring/build/uav_msgs': CMAKE_PREFIX_PATH=${CMAKE_PREFIX_PATH}:/home/vboxuser/ros2_ws/install/weather_server:/home/vboxuser/ros2_ws/install/ugv_charger:/home/vboxuser/ros2_ws/install/uav_controller:/home/vboxuser/ros2_ws/install/traffic_generator:/home/vboxuser/ros2_ws/install/system_launcher:/home/vboxuser/ros2_ws/install/net_emulator:/home/vboxuser/ros2_ws/install/metrics_aggregator:/home/vboxuser/ros2_ws/install/fault_injector:/home/vboxuser/ros2_ws/install/coverage_planner:/home/vboxuser/ros2_ws/install/ch_manager:/home/vboxuser/ros2_ws/install/battery_manager:/home/vboxuser/ros2_ws/install/turtle_square_py:/home/vboxuser/ros2_ws/install/python_parameters:/home/vboxuser/ros2_ws/install/py_srvcli:/home/vboxuser/ros2_ws/install/py_pubsub:/home/vboxuser/ros2_ws/install/fibonacci_action:/opt/ros/humble /usr/bin/cmake --install /home/vboxuser/UAV_UGV_netmonitoring/build/uav_msgs
[2.017s] -- Install configuration: ""
[2.017s] -- Up-to-date: /home/vboxuser/UAV_UGV_netmonitoring/install/uav_msgs/share/ament_index/resource_index/rosidl_interfaces/uav_msgs
[2.017s] -- Up-to-date: /home/vboxuser/UAV_UGV_netmonitoring/install/uav_msgs/include/uav_msgs/uav_msgs
[2.017s] -- Up-to-date: /home/vboxuser/UAV_UGV_netmonitoring/install/uav_msgs/include/uav_msgs/uav_msgs/msg
[2.017s] -- Up-to-date: /home/vboxuser/UAV_UGV_netmonitoring/install/uav_msgs/include/uav_msgs/uav_msgs/msg/charge_request.h
[2.017s] -- Up-to-date: /home/vboxuser/UAV_UGV_netmonitoring/install/uav_msgs/include/uav_msgs/uav_msgs/msg/uav_status.h
[2.017s] -- Up-to-date: /home/vboxuser/UAV_UGV_netmonitoring/install/uav_msgs/include/uav_msgs/uav_msgs/msg/weather_status.h
[2.017s] -- Up-to-date: /home/vboxuser/UAV_UGV_netmonitoring/install/uav_msgs/include/uav_msgs/uav_msgs/msg/traffic_message.h
[2.018s] -- Up-to-date: /home/vboxuser/UAV_UGV_netmonitoring/install/uav_msgs/include/uav_msgs/uav_msgs/msg/rosidl_generator_c__visibility_control.h
[2.018s] -- Up-to-date: /home/vboxuser/UAV_UGV_netmonitoring/install/uav_msgs/include/uav_msgs/uav_msgs/msg/cluster_info.h
[2.018s] -- Up-to-date: /home/vboxuser/UAV_UGV_netmonitoring/install/uav_msgs/include/uav_msgs/uav_msgs/msg/heartbeat.h
[2.018s] -- Up-to-date: /home/vboxuser/UAV_UGV_netmonitoring/install/uav_msgs/include/uav_msgs/uav_msgs/msg/charge_decision.h
[2.018s] -- Up-to-date: /home/vboxuser/UAV_UGV_netmonitoring/install/uav_msgs/include/uav_msgs/uav_msgs/msg/detail
[2.018s] -- Up-to-date: /home/vboxuser/UAV_UGV_netmonitoring/install/uav_msgs/include/uav_msgs/uav_msgs/msg/detail/weather_status__functions.c
[2.022s] -- Up-to-date: /home/vboxuser/UAV_UGV_netmonitoring/install/uav_msgs/include/uav_msgs/uav_msgs/msg/detail/traffic_message__functions.c
[2.022s] -- Up-to-date: /home/vboxuser/UAV_UGV_netmonitoring/install/uav_msgs/include/uav_msgs/uav_msgs/msg/detail/weather_status__functions.h
[2.022s] -- Up-to-date: /home/vboxuser/UAV_UGV_netmonitoring/install/uav_msgs/include/uav_msgs/uav_msgs/msg/detail/weather_status__struct.h
[2.022s] -- Up-to-date: /home/vboxuser/UAV_UGV_netmonitoring/install/uav_msgs/include/uav_msgs/uav_msgs/msg/detail/heartbeat__functions.h
[2.023s] -- Up-to-date: /home/vboxuser/UAV_UGV_netmonitoring/install/uav_msgs/include/uav_msgs/uav_msgs/msg/detail/heartbeat__functions.c
[2.023s] -- Up-to-date: /home/vboxuser/UAV_UGV_netmonitoring/install/uav_msgs/include/uav_msgs/uav_msgs/msg/detail/charge_decision__struct.h
[2.026s] -- Up-to-date: /home/vboxuser/UAV_UGV_netmonitoring/install/uav_msgs/include/uav_msgs/uav_msgs/msg/detail/cluster_info__functions.c
[2.026s] -- Up-to-date: /home/vboxuser/UAV_UGV_netmonitoring/install/uav_msgs/include/uav_msgs/uav_msgs/msg/detail/charge_decision__functions.h
[2.026s] -- Up-to-date: /home/vboxuser/UAV_UGV_netmonitoring/install/uav_msgs/include/uav_msgs/uav_msgs/msg/detail/charge_request__functions.h
[2.026s] -- Up-to-date: /home/vboxuser/UAV_UGV_netmonitoring/install/uav_msgs/include/uav_msgs/uav_msgs/msg/detail/uav_status__functions.h
[2.026s] -- Up-to-date: /home/vboxuser/UAV_UGV_netmonitoring/install/uav_msgs/include/uav_msgs/uav_msgs/msg/detail/uav_status__type_support.h
[2.026s] -- Up-to-date: /home/vboxuser/UAV_UGV_netmonitoring/install/uav_msgs/include/uav_msgs/uav_msgs/msg/detail/heartbeat__struct.h
[2.027s] -- Up-to-date: /home/vboxuser/UAV_UGV_netmonitoring/install/uav_msgs/include/uav_msgs/uav_msgs/msg/detail/heartbeat__type_support.h
[2.027s] -- Up-to-date: /home/vboxuser/UAV_UGV_netmonitoring/install/uav_msgs/include/uav_msgs/uav_msgs/msg/detail/charge_decision__type_support.h
[2.027s] -- Up-to-date: /home/vboxuser/UAV_UGV_netmonitoring/install/uav_msgs/include/uav_msgs/uav_msgs/msg/detail/charge_request__struct.h
[2.028s] -- Up-to-date: /home/vboxuser/UAV_UGV_netmonitoring/install/uav_msgs/include/uav_msgs/uav_msgs/msg/detail/uav_status__struct.h
[2.028s] -- Up-to-date: /home/vboxuser/UAV_UGV_netmonitoring/install/uav_msgs/include/uav_msgs/uav_msgs/msg/detail/charge_request__functions.c
[2.028s] -- Up-to-date: /home/vboxuser/UAV_UGV_netmonitoring/install/uav_msgs/include/uav_msgs/uav_msgs/msg/detail/traffic_message__type_support.h
[2.028s] -- Up-to-date: /home/vboxuser/UAV_UGV_netmonitoring/install/uav_msgs/include/uav_msgs/uav_msgs/msg/detail/cluster_info__functions.h
[2.028s] -- Up-to-date: /home/vboxuser/UAV_UGV_netmonitoring/install/uav_msgs/include/uav_msgs/uav_msgs/msg/detail/weather_status__type_support.h
[2.033s] -- Up-to-date: /home/vboxuser/UAV_UGV_netmonitoring/install/uav_msgs/include/uav_msgs/uav_msgs/msg/detail/cluster_info__struct.h
[2.035s] -- Up-to-date: /home/vboxuser/UAV_UGV_netmonitoring/install/uav_msgs/include/uav_msgs/uav_msgs/msg/detail/charge_request__type_support.h
[2.035s] -- Up-to-date: /home/vboxuser/UAV_UGV_netmonitoring/install/uav_msgs/include/uav_msgs/uav_msgs/msg/detail/uav_status__functions.c
[2.035s] -- Up-to-date: /home/vboxuser/UAV_UGV_netmonitoring/install/uav_msgs/include/uav_msgs/uav_msgs/msg/detail/traffic_message__struct.h
[2.035s] -- Up-to-date: /home/vboxuser/UAV_UGV_netmonitoring/install/uav_msgs/include/uav_msgs/uav_msgs/msg/detail/traffic_message__functions.h
[2.035s] -- Up-to-date: /home/vboxuser/UAV_UGV_netmonitoring/install/uav_msgs/include/uav_msgs/uav_msgs/msg/detail/cluster_info__type_support.h
[2.035s] -- Up-to-date: /home/vboxuser/UAV_UGV_netmonitoring/install/uav_msgs/include/uav_msgs/uav_msgs/msg/detail/charge_decision__functions.c
[2.035s] -- Up-to-date: /home/vboxuser/UAV_UGV_netmonitoring/install/uav_msgs/include/uav_msgs/uav_msgs/action
[2.035s] -- Up-to-date: /home/vboxuser/UAV_UGV_netmonitoring/install/uav_msgs/include/uav_msgs/uav_msgs/action/detail
[2.035s] -- Up-to-date: /home/vboxuser/UAV_UGV_netmonitoring/install/uav_msgs/include/uav_msgs/uav_msgs/action/detail/dock_and_charge__type_support.h
[2.061s] -- Up-to-date: /home/vboxuser/UAV_UGV_netmonitoring/install/uav_msgs/include/uav_msgs/uav_msgs/action/detail/dock_and_charge__functions.c
[2.061s] -- Up-to-date: /home/vboxuser/UAV_UGV_netmonitoring/install/uav_msgs/include/uav_msgs/uav_msgs/action/detail/dock_and_charge__struct.h
[2.061s] -- Up-to-date: /home/vboxuser/UAV_UGV_netmonitoring/install/uav_msgs/include/uav_msgs/uav_msgs/action/detail/dock_and_charge__functions.h
[2.061s] -- Up-to-date: /home/vboxuser/UAV_UGV_netmonitoring/install/uav_msgs/include/uav_msgs/uav_msgs/action/dock_and_charge.h
[2.062s] -- Up-to-date: /home/vboxuser/UAV_UGV_netmonitoring/install/uav_msgs/include/uav_msgs/uav_msgs/srv
[2.062s] -- Up-to-date: /home/vboxuser/UAV_UGV_netmonitoring/install/uav_msgs/include/uav_msgs/uav_msgs/srv/request_charge.h
[2.062s] -- Up-to-date: /home/vboxuser/UAV_UGV_netmonitoring/install/uav_msgs/include/uav_msgs/uav_msgs/srv/detail
[2.063s] -- Up-to-date: /home/vboxuser/UAV_UGV_netmonitoring/install/uav_msgs/include/uav_msgs/uav_msgs/srv/detail/request_charge__type_support.h
[2.063s] -- Up-to-date: /home/vboxuser/UAV_UGV_netmonitoring/install/uav_msgs/include/uav_msgs/uav_msgs/srv/detail/request_charge__functions.h
[2.063s] -- Up-to-date: /home/vboxuser/UAV_UGV_netmonitoring/install/uav_msgs/include/uav_msgs/uav_msgs/srv/detail/request_charge__struct.h
[2.063s] -- Up-to-date: /home/vboxuser/UAV_UGV_netmonitoring/install/uav_msgs/include/uav_msgs/uav_msgs/srv/detail/request_charge__functions.c
[2.063s] -- Up-to-date: /home/vboxuser/UAV_UGV_netmonitoring/install/uav_msgs/share/uav_msgs/environment/library_path.sh
[2.063s] -- Up-to-date: /home/vboxuser/UAV_UGV_netmonitoring/install/uav_msgs/share/uav_msgs/environment/library_path.dsv
[2.063s] -- Up-to-date: /home/vboxuser/UAV_UGV_netmonitoring/install/uav_msgs/lib/libuav_msgs__rosidl_generator_c.so
[2.063s] -- Up-to-date: /home/vboxuser/UAV_UGV_netmonitoring/install/uav_msgs/include/uav_msgs/uav_msgs
[2.063s] -- Up-to-date: /home/vboxuser/UAV_UGV_netmonitoring/install/uav_msgs/include/uav_msgs/uav_msgs/msg
[2.063s] -- Up-to-date: /home/vboxuser/UAV_UGV_netmonitoring/install/uav_msgs/include/uav_msgs/uav_msgs/msg/rosidl_typesupport_fastrtps_c__visibility_control.h
[2.063s] -- Up-to-date: /home/vboxuser/UAV_UGV_netmonitoring/install/uav_msgs/include/uav_msgs/uav_msgs/msg/detail
[2.063s] -- Up-to-date: /home/vboxuser/UAV_UGV_netmonitoring/install/uav_msgs/include/uav_msgs/uav_msgs/msg/detail/heartbeat__rosidl_typesupport_fastrtps_c.h
[2.064s] -- Up-to-date: /home/vboxuser/UAV_UGV_netmonitoring/install/uav_msgs/include/uav_msgs/uav_msgs/msg/detail/charge_request__rosidl_typesupport_fastrtps_c.h
[2.064s] -- Up-to-date: /home/vboxuser/UAV_UGV_netmonitoring/install/uav_msgs/include/uav_msgs/uav_msgs/msg/detail/uav_status__rosidl_typesupport_fastrtps_c.h
[2.064s] -- Up-to-date: /home/vboxuser/UAV_UGV_netmonitoring/install/uav_msgs/include/uav_msgs/uav_msgs/msg/detail/cluster_info__rosidl_typesupport_fastrtps_c.h
[2.067s] -- Up-to-date: /home/vboxuser/UAV_UGV_netmonitoring/install/uav_msgs/include/uav_msgs/uav_msgs/msg/detail/weather_status__rosidl_typesupport_fastrtps_c.h
[2.069s] -- Up-to-date: /home/vboxuser/UAV_UGV_netmonitoring/install/uav_msgs/include/uav_msgs/uav_msgs/msg/detail/traffic_message__rosidl_typesupport_fastrtps_c.h
[2.069s] -- Up-to-date: /home/vboxuser/UAV_UGV_netmonitoring/install/uav_msgs/include/uav_msgs/uav_msgs/msg/detail/charge_decision__rosidl_typesupport_fastrtps_c.h
[2.069s] -- Up-to-date: /home/vboxuser/UAV_UGV_netmonitoring/install/uav_msgs/include/uav_msgs/uav_msgs/action
[2.085s] -- Up-to-date: /home/vboxuser/UAV_UGV_netmonitoring/install/uav_msgs/include/uav_msgs/uav_msgs/action/detail
[2.088s] -- Up-to-date: /home/vboxuser/UAV_UGV_netmonitoring/install/uav_msgs/include/uav_msgs/uav_msgs/action/detail/dock_and_charge__rosidl_typesupport_fastrtps_c.h
[2.088s] -- Up-to-date: /home/vboxuser/UAV_UGV_netmonitoring/install/uav_msgs/include/uav_msgs/uav_msgs/srv
[2.088s] -- Up-to-date: /home/vboxuser/UAV_UGV_netmonitoring/install/uav_msgs/include/uav_msgs/uav_msgs/srv/detail
[2.088s] -- Up-to-date: /home/vboxuser/UAV_UGV_netmonitoring/install/uav_msgs/include/uav_msgs/uav_msgs/srv/detail/request_charge__rosidl_typesupport_fastrtps_c.h
[2.095s] -- Up-to-date: /home/vboxuser/UAV_UGV_netmonitoring/install/uav_msgs/lib/libuav_msgs__rosidl_typesupport_fastrtps_c.so
[2.095s] -- Up-to-date: /home/vboxuser/UAV_UGV_netmonitoring/install/uav_msgs/include/uav_msgs/uav_msgs
[2.095s] -- Up-to-date: /home/vboxuser/UAV_UGV_netmonitoring/install/uav_msgs/include/uav_msgs/uav_msgs/msg
[2.095s] -- Up-to-date: /home/vboxuser/UAV_UGV_netmonitoring/install/uav_msgs/include/uav_msgs/uav_msgs/msg/detail
[2.095s] -- Up-to-date: /home/vboxuser/UAV_UGV_netmonitoring/install/uav_msgs/include/uav_msgs/uav_msgs/msg/detail/charge_decision__rosidl_typesupport_introspection_c.h
[2.095s] -- Up-to-date: /home/vboxuser/UAV_UGV_netmonitoring/install/uav_msgs/include/uav_msgs/uav_msgs/msg/detail/cluster_info__rosidl_typesupport_introspection_c.h
[2.095s] -- Up-to-date: /home/vboxuser/UAV_UGV_netmonitoring/install/uav_msgs/include/uav_msgs/uav_msgs/msg/detail/heartbeat__rosidl_typesupport_introspection_c.h
[2.095s] -- Up-to-date: /home/vboxuser/UAV_UGV_netmonitoring/install/uav_msgs/include/uav_msgs/uav_msgs/msg/detail/weather_status__rosidl_typesupport_introspection_c.h
[2.095s] -- Up-to-date: /home/vboxuser/UAV_UGV_netmonitoring/install/uav_msgs/include/uav_msgs/uav_msgs/msg/detail/cluster_info__type_support.c
[2.095s] -- Up-to-date: /home/vboxuser/UAV_UGV_netmonitoring/install/uav_msgs/include/uav_msgs/uav_msgs/msg/detail/uav_status__type_support.c
[2.095s] -- Up-to-date: /home/vboxuser/UAV_UGV_netmonitoring/install/uav_msgs/include/uav_msgs/uav_msgs/msg/detail/uav_status__rosidl_typesupport_introspection_c.h
[2.095s] -- Up-to-date: /home/vboxuser/UAV_UGV_netmonitoring/install/uav_msgs/include/uav_msgs/uav_msgs/msg/detail/charge_request__type_support.c
[2.096s] -- Up-to-date: /home/vboxuser/UAV_UGV_netmonitoring/install/uav_msgs/include/uav_msgs/uav_msgs/msg/detail/charge_decision__type_support.c
[2.096s] -- Up-to-date: /home/vboxuser/UAV_UGV_netmonitoring/install/uav_msgs/include/uav_msgs/uav_msgs/msg/detail/weather_status__type_support.c
[2.096s] -- Up-to-date: /home/vboxuser/UAV_UGV_netmonitoring/install/uav_msgs/include/uav_msgs/uav_msgs/msg/detail/traffic_message__rosidl_typesupport_introspection_c.h
[2.097s] -- Up-to-date: /home/vboxuser/UAV_UGV_netmonitoring/install/uav_msgs/include/uav_msgs/uav_msgs/msg/detail/charge_request__rosidl_typesupport_introspection_c.h
[2.097s] -- Up-to-date: /home/vboxuser/UAV_UGV_netmonitoring/install/uav_msgs/include/uav_msgs/uav_msgs/msg/detail/heartbeat__type_support.c
[2.097s] -- Up-to-date: /home/vboxuser/UAV_UGV_netmonitoring/install/uav_msgs/include/uav_msgs/uav_msgs/msg/detail/traffic_message__type_support.c
[2.097s] -- Up-to-date: /home/vboxuser/UAV_UGV_netmonitoring/install/uav_msgs/include/uav_msgs/uav_msgs/msg/rosidl_typesupport_introspection_c__visibility_control.h
[2.097s] -- Up-to-date: /home/vboxuser/UAV_UGV_netmonitoring/install/uav_msgs/include/uav_msgs/uav_msgs/action
[2.097s] -- Up-to-date: /home/vboxuser/UAV_UGV_netmonitoring/install/uav_msgs/include/uav_msgs/uav_msgs/action/detail
[2.097s] -- Up-to-date: /home/vboxuser/UAV_UGV_netmonitoring/install/uav_msgs/include/uav_msgs/uav_msgs/action/detail/dock_and_charge__rosidl_typesupport_introspection_c.h
[2.097s] -- Up-to-date: /home/vboxuser/UAV_UGV_netmonitoring/install/uav_msgs/include/uav_msgs/uav_msgs/action/detail/dock_and_charge__type_support.c
[2.097s] -- Up-to-date: /home/vboxuser/UAV_UGV_netmonitoring/install/uav_msgs/include/uav_msgs/uav_msgs/srv
[2.098s] -- Up-to-date: /home/vboxuser/UAV_UGV_netmonitoring/install/uav_msgs/include/uav_msgs/uav_msgs/srv/detail
[2.100s] -- Up-to-date: /home/vboxuser/UAV_UGV_netmonitoring/install/uav_msgs/include/uav_msgs/uav_msgs/srv/detail/request_charge__rosidl_typesupport_introspection_c.h
[2.102s] -- Up-to-date: /home/vboxuser/UAV_UGV_netmonitoring/install/uav_msgs/include/uav_msgs/uav_msgs/srv/detail/request_charge__type_support.c
[2.109s] -- Up-to-date: /home/vboxuser/UAV_UGV_netmonitoring/install/uav_msgs/lib/libuav_msgs__rosidl_typesupport_introspection_c.so
[2.109s] -- Up-to-date: /home/vboxuser/UAV_UGV_netmonitoring/install/uav_msgs/lib/libuav_msgs__rosidl_typesupport_c.so
[2.109s] -- Up-to-date: /home/vboxuser/UAV_UGV_netmonitoring/install/uav_msgs/include/uav_msgs/uav_msgs
[2.110s] -- Up-to-date: /home/vboxuser/UAV_UGV_netmonitoring/install/uav_msgs/include/uav_msgs/uav_msgs/msg
[2.110s] -- Up-to-date: /home/vboxuser/UAV_UGV_netmonitoring/install/uav_msgs/include/uav_msgs/uav_msgs/msg/traffic_message.hpp
[2.110s] -- Up-to-date: /home/vboxuser/UAV_UGV_netmonitoring/install/uav_msgs/include/uav_msgs/uav_msgs/msg/cluster_info.hpp
[2.112s] -- Up-to-date: /home/vboxuser/UAV_UGV_netmonitoring/install/uav_msgs/include/uav_msgs/uav_msgs/msg/rosidl_generator_cpp__visibility_control.hpp
[2.112s] -- Up-to-date: /home/vboxuser/UAV_UGV_netmonitoring/install/uav_msgs/include/uav_msgs/uav_msgs/msg/weather_status.hpp
[2.112s] -- Up-to-date: /home/vboxuser/UAV_UGV_netmonitoring/install/uav_msgs/include/uav_msgs/uav_msgs/msg/heartbeat.hpp
[2.112s] -- Up-to-date: /home/vboxuser/UAV_UGV_netmonitoring/install/uav_msgs/include/uav_msgs/uav_msgs/msg/charge_request.hpp
[2.112s] -- Up-to-date: /home/vboxuser/UAV_UGV_netmonitoring/install/uav_msgs/include/uav_msgs/uav_msgs/msg/charge_decision.hpp
[2.113s] -- Up-to-date: /home/vboxuser/UAV_UGV_netmonitoring/install/uav_msgs/include/uav_msgs/uav_msgs/msg/detail
[2.113s] -- Up-to-date: /home/vboxuser/UAV_UGV_netmonitoring/install/uav_msgs/include/uav_msgs/uav_msgs/msg/detail/uav_status__traits.hpp
[2.113s] -- Up-to-date: /home/vboxuser/UAV_UGV_netmonitoring/install/uav_msgs/include/uav_msgs/uav_msgs/msg/detail/weather_status__traits.hpp
[2.113s] -- Up-to-date: /home/vboxuser/UAV_UGV_netmonitoring/install/uav_msgs/include/uav_msgs/uav_msgs/msg/detail/traffic_message__traits.hpp
[2.113s] -- Up-to-date: /home/vboxuser/UAV_UGV_netmonitoring/install/uav_msgs/include/uav_msgs/uav_msgs/msg/detail/heartbeat__builder.hpp
[2.113s] -- Up-to-date: /home/vboxuser/UAV_UGV_netmonitoring/install/uav_msgs/include/uav_msgs/uav_msgs/msg/detail/uav_status__builder.hpp
[2.113s] -- Up-to-date: /home/vboxuser/UAV_UGV_netmonitoring/install/uav_msgs/include/uav_msgs/uav_msgs/msg/detail/heartbeat__type_support.hpp
[2.113s] -- Up-to-date: /home/vboxuser/UAV_UGV_netmonitoring/install/uav_msgs/include/uav_msgs/uav_msgs/msg/detail/charge_decision__struct.hpp
[2.114s] -- Up-to-date: /home/vboxuser/UAV_UGV_netmonitoring/install/uav_msgs/include/uav_msgs/uav_msgs/msg/detail/uav_status__type_support.hpp
[2.114s] -- Up-to-date: /home/vboxuser/UAV_UGV_netmonitoring/install/uav_msgs/include/uav_msgs/uav_msgs/msg/detail/traffic_message__struct.hpp
[2.114s] -- Up-to-date: /home/vboxuser/UAV_UGV_netmonitoring/install/uav_msgs/include/uav_msgs/uav_msgs/msg/detail/heartbeat__traits.hpp
[2.114s] -- Up-to-date: /home/vboxuser/UAV_UGV_netmonitoring/install/uav_msgs/include/uav_msgs/uav_msgs/msg/detail/charge_request__type_support.hpp
[2.114s] -- Up-to-date: /home/vboxuser/UAV_UGV_netmonitoring/install/uav_msgs/include/uav_msgs/uav_msgs/msg/detail/cluster_info__builder.hpp
[2.114s] -- Up-to-date: /home/vboxuser/UAV_UGV_netmonitoring/install/uav_msgs/include/uav_msgs/uav_msgs/msg/detail/charge_request__traits.hpp
[2.114s] -- Up-to-date: /home/vboxuser/UAV_UGV_netmonitoring/install/uav_msgs/include/uav_msgs/uav_msgs/msg/detail/heartbeat__struct.hpp
[2.114s] -- Up-to-date: /home/vboxuser/UAV_UGV_netmonitoring/install/uav_msgs/include/uav_msgs/uav_msgs/msg/detail/uav_status__struct.hpp
[2.114s] -- Up-to-date: /home/vboxuser/UAV_UGV_netmonitoring/install/uav_msgs/include/uav_msgs/uav_msgs/msg/detail/charge_decision__builder.hpp
[2.114s] -- Up-to-date: /home/vboxuser/UAV_UGV_netmonitoring/install/uav_msgs/include/uav_msgs/uav_msgs/msg/detail/cluster_info__struct.hpp
[2.114s] -- Up-to-date: /home/vboxuser/UAV_UGV_netmonitoring/install/uav_msgs/include/uav_msgs/uav_msgs/msg/detail/traffic_message__type_support.hpp
[2.114s] -- Up-to-date: /home/vboxuser/UAV_UGV_netmonitoring/install/uav_msgs/include/uav_msgs/uav_msgs/msg/detail/weather_status__builder.hpp
[2.114s] -- Up-to-date: /home/vboxuser/UAV_UGV_netmonitoring/install/uav_msgs/include/uav_msgs/uav_msgs/msg/detail/weather_status__struct.hpp
[2.114s] -- Up-to-date: /home/vboxuser/UAV_UGV_netmonitoring/install/uav_msgs/include/uav_msgs/uav_msgs/msg/detail/cluster_info__traits.hpp
[2.114s] -- Up-to-date: /home/vboxuser/UAV_UGV_netmonitoring/install/uav_msgs/include/uav_msgs/uav_msgs/msg/detail/charge_decision__type_support.hpp
[2.114s] -- Up-to-date: /home/vboxuser/UAV_UGV_netmonitoring/install/uav_msgs/include/uav_msgs/uav_msgs/msg/detail/traffic_message__builder.hpp
[2.114s] -- Up-to-date: /home/vboxuser/UAV_UGV_netmonitoring/install/uav_msgs/include/uav_msgs/uav_msgs/msg/detail/cluster_info__type_support.hpp
[2.114s] -- Up-to-date: /home/vboxuser/UAV_UGV_netmonitoring/install/uav_msgs/include/uav_msgs/uav_msgs/msg/detail/weather_status__type_support.hpp
[2.115s] -- Up-to-date: /home/vboxuser/UAV_UGV_netmonitoring/install/uav_msgs/include/uav_msgs/uav_msgs/msg/detail/charge_decision__traits.hpp
[2.115s] -- Up-to-date: /home/vboxuser/UAV_UGV_netmonitoring/install/uav_msgs/include/uav_msgs/uav_msgs/msg/detail/charge_request__struct.hpp
[2.115s] -- Up-to-date: /home/vboxuser/UAV_UGV_netmonitoring/install/uav_msgs/include/uav_msgs/uav_msgs/msg/detail/charge_request__builder.hpp
[2.115s] -- Up-to-date: /home/vboxuser/UAV_UGV_netmonitoring/install/uav_msgs/include/uav_msgs/uav_msgs/msg/uav_status.hpp
[2.115s] -- Up-to-date: /home/vboxuser/UAV_UGV_netmonitoring/install/uav_msgs/include/uav_msgs/uav_msgs/action
[2.115s] -- Up-to-date: /home/vboxuser/UAV_UGV_netmonitoring/install/uav_msgs/include/uav_msgs/uav_msgs/action/dock_and_charge.hpp
[2.115s] -- Up-to-date: /home/vboxuser/UAV_UGV_netmonitoring/install/uav_msgs/include/uav_msgs/uav_msgs/action/detail
[2.115s] -- Up-to-date: /home/vboxuser/UAV_UGV_netmonitoring/install/uav_msgs/include/uav_msgs/uav_msgs/action/detail/dock_and_charge__struct.hpp
[2.115s] -- Up-to-date: /home/vboxuser/UAV_UGV_netmonitoring/install/uav_msgs/include/uav_msgs/uav_msgs/action/detail/dock_and_charge__type_support.hpp
[2.115s] -- Up-to-date: /home/vboxuser/UAV_UGV_netmonitoring/install/uav_msgs/include/uav_msgs/uav_msgs/action/detail/dock_and_charge__traits.hpp
[2.115s] -- Up-to-date: /home/vboxuser/UAV_UGV_netmonitoring/install/uav_msgs/include/uav_msgs/uav_msgs/action/detail/dock_and_charge__builder.hpp
[2.115s] -- Up-to-date: /home/vboxuser/UAV_UGV_netmonitoring/install/uav_msgs/include/uav_msgs/uav_msgs/srv
[2.116s] -- Up-to-date: /home/vboxuser/UAV_UGV_netmonitoring/install/uav_msgs/include/uav_msgs/uav_msgs/srv/request_charge.hpp
[2.116s] -- Up-to-date: /home/vboxuser/UAV_UGV_netmonitoring/install/uav_msgs/include/uav_msgs/uav_msgs/srv/detail
[2.116s] -- Up-to-date: /home/vboxuser/UAV_UGV_netmonitoring/install/uav_msgs/include/uav_msgs/uav_msgs/srv/detail/request_charge__type_support.hpp
[2.116s] -- Up-to-date: /home/vboxuser/UAV_UGV_netmonitoring/install/uav_msgs/include/uav_msgs/uav_msgs/srv/detail/request_charge__builder.hpp
[2.116s] -- Up-to-date: /home/vboxuser/UAV_UGV_netmonitoring/install/uav_msgs/include/uav_msgs/uav_msgs/srv/detail/request_charge__traits.hpp
[2.116s] -- Up-to-date: /home/vboxuser/UAV_UGV_netmonitoring/install/uav_msgs/include/uav_msgs/uav_msgs/srv/detail/request_charge__struct.hpp
[2.116s] -- Up-to-date: /home/vboxuser/UAV_UGV_netmonitoring/install/uav_msgs/include/uav_msgs/uav_msgs
[2.116s] -- Up-to-date: /home/vboxuser/UAV_UGV_netmonitoring/install/uav_msgs/include/uav_msgs/uav_msgs/msg
[2.116s] -- Up-to-date: /home/vboxuser/UAV_UGV_netmonitoring/install/uav_msgs/include/uav_msgs/uav_msgs/msg/rosidl_typesupport_fastrtps_cpp__visibility_control.h
[2.116s] -- Up-to-date: /home/vboxuser/UAV_UGV_netmonitoring/install/uav_msgs/include/uav_msgs/uav_msgs/msg/detail
[2.116s] -- Up-to-date: /home/vboxuser/UAV_UGV_netmonitoring/install/uav_msgs/include/uav_msgs/uav_msgs/msg/detail/charge_decision__rosidl_typesupport_fastrtps_cpp.hpp
[2.116s] -- Up-to-date: /home/vboxuser/UAV_UGV_netmonitoring/install/uav_msgs/include/uav_msgs/uav_msgs/msg/detail/dds_fastrtps
[2.116s] -- Up-to-date: /home/vboxuser/UAV_UGV_netmonitoring/install/uav_msgs/include/uav_msgs/uav_msgs/msg/detail/cluster_info__rosidl_typesupport_fastrtps_cpp.hpp
[2.116s] -- Up-to-date: /home/vboxuser/UAV_UGV_netmonitoring/install/uav_msgs/include/uav_msgs/uav_msgs/msg/detail/heartbeat__rosidl_typesupport_fastrtps_cpp.hpp
[2.117s] -- Up-to-date: /home/vboxuser/UAV_UGV_netmonitoring/install/uav_msgs/include/uav_msgs/uav_msgs/msg/detail/traffic_message__rosidl_typesupport_fastrtps_cpp.hpp
[2.117s] -- Up-to-date: /home/vboxuser/UAV_UGV_netmonitoring/install/uav_msgs/include/uav_msgs/uav_msgs/msg/detail/charge_request__rosidl_typesupport_fastrtps_cpp.hpp
[2.117s] -- Up-to-date: /home/vboxuser/UAV_UGV_netmonitoring/install/uav_msgs/include/uav_msgs/uav_msgs/msg/detail/uav_status__rosidl_typesupport_fastrtps_cpp.hpp
[2.117s] -- Up-to-date: /home/vboxuser/UAV_UGV_netmonitoring/install/uav_msgs/include/uav_msgs/uav_msgs/msg/detail/weather_status__rosidl_typesupport_fastrtps_cpp.hpp
[2.117s] -- Up-to-date: /home/vboxuser/UAV_UGV_netmonitoring/install/uav_msgs/include/uav_msgs/uav_msgs/action
[2.117s] -- Up-to-date: /home/vboxuser/UAV_UGV_netmonitoring/install/uav_msgs/include/uav_msgs/uav_msgs/action/detail
[2.117s] -- Up-to-date: /home/vboxuser/UAV_UGV_netmonitoring/install/uav_msgs/include/uav_msgs/uav_msgs/action/detail/dds_fastrtps
[2.117s] -- Up-to-date: /home/vboxuser/UAV_UGV_netmonitoring/install/uav_msgs/include/uav_msgs/uav_msgs/action/detail/dock_and_charge__rosidl_typesupport_fastrtps_cpp.hpp
[2.117s] -- Up-to-date: /home/vboxuser/UAV_UGV_netmonitoring/install/uav_msgs/include/uav_msgs/uav_msgs/srv
[2.117s] -- Up-to-date: /home/vboxuser/UAV_UGV_netmonitoring/install/uav_msgs/include/uav_msgs/uav_msgs/srv/detail
[2.117s] -- Up-to-date: /home/vboxuser/UAV_UGV_netmonitoring/install/uav_msgs/include/uav_msgs/uav_msgs/srv/detail/dds_fastrtps
[2.117s] -- Up-to-date: /home/vboxuser/UAV_UGV_netmonitoring/install/uav_msgs/include/uav_msgs/uav_msgs/srv/detail/request_charge__rosidl_typesupport_fastrtps_cpp.hpp
[2.117s] -- Up-to-date: /home/vboxuser/UAV_UGV_netmonitoring/install/uav_msgs/lib/libuav_msgs__rosidl_typesupport_fastrtps_cpp.so
[2.117s] -- Up-to-date: /home/vboxuser/UAV_UGV_netmonitoring/install/uav_msgs/include/uav_msgs/uav_msgs
[2.117s] -- Up-to-date: /home/vboxuser/UAV_UGV_netmonitoring/install/uav_msgs/include/uav_msgs/uav_msgs/msg
[2.117s] -- Up-to-date: /home/vboxuser/UAV_UGV_netmonitoring/install/uav_msgs/include/uav_msgs/uav_msgs/msg/detail
[2.117s] -- Up-to-date: /home/vboxuser/UAV_UGV_netmonitoring/install/uav_msgs/include/uav_msgs/uav_msgs/msg/detail/traffic_message__rosidl_typesupport_introspection_cpp.hpp
[2.117s] -- Up-to-date: /home/vboxuser/UAV_UGV_netmonitoring/install/uav_msgs/include/uav_msgs/uav_msgs/msg/detail/heartbeat__rosidl_typesupport_introspection_cpp.hpp
[2.117s] -- Up-to-date: /home/vboxuser/UAV_UGV_netmonitoring/install/uav_msgs/include/uav_msgs/uav_msgs/msg/detail/charge_decision__rosidl_typesupport_introspection_cpp.hpp
[2.117s] -- Up-to-date: /home/vboxuser/UAV_UGV_netmonitoring/install/uav_msgs/include/uav_msgs/uav_msgs/msg/detail/heartbeat__type_support.cpp
[2.117s] -- Up-to-date: /home/vboxuser/UAV_UGV_netmonitoring/install/uav_msgs/include/uav_msgs/uav_msgs/msg/detail/traffic_message__type_support.cpp
[2.118s] -- Up-to-date: /home/vboxuser/UAV_UGV_netmonitoring/install/uav_msgs/include/uav_msgs/uav_msgs/msg/detail/cluster_info__type_support.cpp
[2.118s] -- Up-to-date: /home/vboxuser/UAV_UGV_netmonitoring/install/uav_msgs/include/uav_msgs/uav_msgs/msg/detail/uav_status__rosidl_typesupport_introspection_cpp.hpp
[2.118s] -- Up-to-date: /home/vboxuser/UAV_UGV_netmonitoring/install/uav_msgs/include/uav_msgs/uav_msgs/msg/detail/uav_status__type_support.cpp
[2.118s] -- Up-to-date: /home/vboxuser/UAV_UGV_netmonitoring/install/uav_msgs/include/uav_msgs/uav_msgs/msg/detail/charge_request__type_support.cpp
[2.118s] -- Up-to-date: /home/vboxuser/UAV_UGV_netmonitoring/install/uav_msgs/include/uav_msgs/uav_msgs/msg/detail/weather_status__type_support.cpp
[2.118s] -- Up-to-date: /home/vboxuser/UAV_UGV_netmonitoring/install/uav_msgs/include/uav_msgs/uav_msgs/msg/detail/weather_status__rosidl_typesupport_introspection_cpp.hpp
[2.118s] -- Up-to-date: /home/vboxuser/UAV_UGV_netmonitoring/install/uav_msgs/include/uav_msgs/uav_msgs/msg/detail/cluster_info__rosidl_typesupport_introspection_cpp.hpp
[2.118s] -- Up-to-date: /home/vboxuser/UAV_UGV_netmonitoring/install/uav_msgs/include/uav_msgs/uav_msgs/msg/detail/charge_decision__type_support.cpp
[2.118s] -- Up-to-date: /home/vboxuser/UAV_UGV_netmonitoring/install/uav_msgs/include/uav_msgs/uav_msgs/msg/detail/charge_request__rosidl_typesupport_introspection_cpp.hpp
[2.118s] -- Up-to-date: /home/vboxuser/UAV_UGV_netmonitoring/install/uav_msgs/include/uav_msgs/uav_msgs/action
[2.118s] -- Up-to-date: /home/vboxuser/UAV_UGV_netmonitoring/install/uav_msgs/include/uav_msgs/uav_msgs/action/detail
[2.118s] -- Up-to-date: /home/vboxuser/UAV_UGV_netmonitoring/install/uav_msgs/include/uav_msgs/uav_msgs/action/detail/dock_and_charge__type_support.cpp
[2.118s] -- Up-to-date: /home/vboxuser/UAV_UGV_netmonitoring/install/uav_msgs/include/uav_msgs/uav_msgs/action/detail/dock_and_charge__rosidl_typesupport_introspection_cpp.hpp
[2.118s] -- Up-to-date: /home/vboxuser/UAV_UGV_netmonitoring/install/uav_msgs/include/uav_msgs/uav_msgs/srv
[2.118s] -- Up-to-date: /home/vboxuser/UAV_UGV_netmonitoring/install/uav_msgs/include/uav_msgs/uav_msgs/srv/detail
[2.118s] -- Up-to-date: /home/vboxuser/UAV_UGV_netmonitoring/install/uav_msgs/include/uav_msgs/uav_msgs/srv/detail/request_charge__rosidl_typesupport_introspection_cpp.hpp
[2.118s] -- Up-to-date: /home/vboxuser/UAV_UGV_netmonitoring/install/uav_msgs/include/uav_msgs/uav_msgs/srv/detail/request_charge__type_support.cpp
[2.118s] -- Up-to-date: /home/vboxuser/UAV_UGV_netmonitoring/install/uav_msgs/lib/libuav_msgs__rosidl_typesupport_introspection_cpp.so
[2.118s] -- Up-to-date: /home/vboxuser/UAV_UGV_netmonitoring/install/uav_msgs/lib/libuav_msgs__rosidl_typesupport_cpp.so
[2.118s] -- Up-to-date: /home/vboxuser/UAV_UGV_netmonitoring/install/uav_msgs/share/uav_msgs/environment/pythonpath.sh
[2.119s] -- Up-to-date: /home/vboxuser/UAV_UGV_netmonitoring/install/uav_msgs/share/uav_msgs/environment/pythonpath.dsv
[2.119s] -- Up-to-date: /home/vboxuser/UAV_UGV_netmonitoring/install/uav_msgs/local/lib/python3.10/dist-packages/uav_msgs-0.0.0-py3.10.egg-info
[2.119s] -- Installing: /home/vboxuser/UAV_UGV_netmonitoring/install/uav_msgs/local/lib/python3.10/dist-packages/uav_msgs-0.0.0-py3.10.egg-info/top_level.txt
[2.119s] -- Installing: /home/vboxuser/UAV_UGV_netmonitoring/install/uav_msgs/local/lib/python3.10/dist-packages/uav_msgs-0.0.0-py3.10.egg-info/SOURCES.txt
[2.119s] -- Installing: /home/vboxuser/UAV_UGV_netmonitoring/install/uav_msgs/local/lib/python3.10/dist-packages/uav_msgs-0.0.0-py3.10.egg-info/PKG-INFO
[2.119s] -- Installing: /home/vboxuser/UAV_UGV_netmonitoring/install/uav_msgs/local/lib/python3.10/dist-packages/uav_msgs-0.0.0-py3.10.egg-info/dependency_links.txt
[2.119s] -- Up-to-date: /home/vboxuser/UAV_UGV_netmonitoring/install/uav_msgs/local/lib/python3.10/dist-packages/uav_msgs
[2.119s] -- Up-to-date: /home/vboxuser/UAV_UGV_netmonitoring/install/uav_msgs/local/lib/python3.10/dist-packages/uav_msgs/__init__.py
[2.120s] -- Up-to-date: /home/vboxuser/UAV_UGV_netmonitoring/install/uav_msgs/local/lib/python3.10/dist-packages/uav_msgs/libuav_msgs__rosidl_generator_py.so
[2.120s] -- Up-to-date: /home/vboxuser/UAV_UGV_netmonitoring/install/uav_msgs/local/lib/python3.10/dist-packages/uav_msgs/msg
[2.120s] -- Up-to-date: /home/vboxuser/UAV_UGV_netmonitoring/install/uav_msgs/local/lib/python3.10/dist-packages/uav_msgs/msg/__init__.py
[2.120s] -- Up-to-date: /home/vboxuser/UAV_UGV_netmonitoring/install/uav_msgs/local/lib/python3.10/dist-packages/uav_msgs/msg/_weather_status_s.c
[2.120s] -- Up-to-date: /home/vboxuser/UAV_UGV_netmonitoring/install/uav_msgs/local/lib/python3.10/dist-packages/uav_msgs/msg/_uav_status.py
[2.120s] -- Up-to-date: /home/vboxuser/UAV_UGV_netmonitoring/install/uav_msgs/local/lib/python3.10/dist-packages/uav_msgs/msg/_heartbeat.py
[2.120s] -- Up-to-date: /home/vboxuser/UAV_UGV_netmonitoring/install/uav_msgs/local/lib/python3.10/dist-packages/uav_msgs/msg/_cluster_info.py
[2.120s] -- Up-to-date: /home/vboxuser/UAV_UGV_netmonitoring/install/uav_msgs/local/lib/python3.10/dist-packages/uav_msgs/msg/_heartbeat_s.c
[2.121s] -- Up-to-date: /home/vboxuser/UAV_UGV_netmonitoring/install/uav_msgs/local/lib/python3.10/dist-packages/uav_msgs/msg/_charge_decision.py
[2.121s] -- Up-to-date: /home/vboxuser/UAV_UGV_netmonitoring/install/uav_msgs/local/lib/python3.10/dist-packages/uav_msgs/msg/_uav_status_s.c
[2.121s] -- Up-to-date: /home/vboxuser/UAV_UGV_netmonitoring/install/uav_msgs/local/lib/python3.10/dist-packages/uav_msgs/msg/_charge_request.py
[2.121s] -- Up-to-date: /home/vboxuser/UAV_UGV_netmonitoring/install/uav_msgs/local/lib/python3.10/dist-packages/uav_msgs/msg/_traffic_message_s.c
[2.121s] -- Up-to-date: /home/vboxuser/UAV_UGV_netmonitoring/install/uav_msgs/local/lib/python3.10/dist-packages/uav_msgs/msg/_charge_decision_s.c
[2.121s] -- Up-to-date: /home/vboxuser/UAV_UGV_netmonitoring/install/uav_msgs/local/lib/python3.10/dist-packages/uav_msgs/msg/_cluster_info_s.c
[2.121s] -- Up-to-date: /home/vboxuser/UAV_UGV_netmonitoring/install/uav_msgs/local/lib/python3.10/dist-packages/uav_msgs/msg/_charge_request_s.c
[2.121s] -- Up-to-date: /home/vboxuser/UAV_UGV_netmonitoring/install/uav_msgs/local/lib/python3.10/dist-packages/uav_msgs/msg/_weather_status.py
[2.121s] -- Up-to-date: /home/vboxuser/UAV_UGV_netmonitoring/install/uav_msgs/local/lib/python3.10/dist-packages/uav_msgs/msg/_traffic_message.py
[2.121s] -- Up-to-date: /home/vboxuser/UAV_UGV_netmonitoring/install/uav_msgs/local/lib/python3.10/dist-packages/uav_msgs/_uav_msgs_s.ep.rosidl_typesupport_c.c
[2.121s] -- Up-to-date: /home/vboxuser/UAV_UGV_netmonitoring/install/uav_msgs/local/lib/python3.10/dist-packages/uav_msgs/uav_msgs_s__rosidl_typesupport_introspection_c.cpython-310-x86_64-linux-gnu.so
[2.121s] -- Up-to-date: /home/vboxuser/UAV_UGV_netmonitoring/install/uav_msgs/local/lib/python3.10/dist-packages/uav_msgs/action
[2.121s] -- Up-to-date: /home/vboxuser/UAV_UGV_netmonitoring/install/uav_msgs/local/lib/python3.10/dist-packages/uav_msgs/action/__init__.py
[2.121s] -- Up-to-date: /home/vboxuser/UAV_UGV_netmonitoring/install/uav_msgs/local/lib/python3.10/dist-packages/uav_msgs/action/_dock_and_charge_s.c
[2.121s] -- Up-to-date: /home/vboxuser/UAV_UGV_netmonitoring/install/uav_msgs/local/lib/python3.10/dist-packages/uav_msgs/action/_dock_and_charge.py
[2.121s] -- Up-to-date: /home/vboxuser/UAV_UGV_netmonitoring/install/uav_msgs/local/lib/python3.10/dist-packages/uav_msgs/srv
[2.121s] -- Up-to-date: /home/vboxuser/UAV_UGV_netmonitoring/install/uav_msgs/local/lib/python3.10/dist-packages/uav_msgs/srv/__init__.py
[2.121s] -- Up-to-date: /home/vboxuser/UAV_UGV_netmonitoring/install/uav_msgs/local/lib/python3.10/dist-packages/uav_msgs/srv/_request_charge_s.c
[2.121s] -- Up-to-date: /home/vboxuser/UAV_UGV_netmonitoring/install/uav_msgs/local/lib/python3.10/dist-packages/uav_msgs/srv/_request_charge.py
[2.121s] -- Up-to-date: /home/vboxuser/UAV_UGV_netmonitoring/install/uav_msgs/local/lib/python3.10/dist-packages/uav_msgs/_uav_msgs_s.ep.rosidl_typesupport_introspection_c.c
[2.121s] -- Up-to-date: /home/vboxuser/UAV_UGV_netmonitoring/install/uav_msgs/local/lib/python3.10/dist-packages/uav_msgs/uav_msgs_s__rosidl_typesupport_fastrtps_c.cpython-310-x86_64-linux-gnu.so
[2.122s] -- Up-to-date: /home/vboxuser/UAV_UGV_netmonitoring/install/uav_msgs/local/lib/python3.10/dist-packages/uav_msgs/_uav_msgs_s.ep.rosidl_typesupport_fastrtps_c.c
[2.122s] -- Up-to-date: /home/vboxuser/UAV_UGV_netmonitoring/install/uav_msgs/local/lib/python3.10/dist-packages/uav_msgs/uav_msgs_s__rosidl_typesupport_c.cpython-310-x86_64-linux-gnu.so
[2.160s] Listing '/home/vboxuser/UAV_UGV_netmonitoring/install/uav_msgs/local/lib/python3.10/dist-packages/uav_msgs'...
[2.161s] Listing '/home/vboxuser/UAV_UGV_netmonitoring/install/uav_msgs/local/lib/python3.10/dist-packages/uav_msgs/action'...
[2.161s] Listing '/home/vboxuser/UAV_UGV_netmonitoring/install/uav_msgs/local/lib/python3.10/dist-packages/uav_msgs/msg'...
[2.161s] Listing '/home/vboxuser/UAV_UGV_netmonitoring/install/uav_msgs/local/lib/python3.10/dist-packages/uav_msgs/srv'...
[2.167s] -- Up-to-date: /home/vboxuser/UAV_UGV_netmonitoring/install/uav_msgs/local/lib/python3.10/dist-packages/uav_msgs/uav_msgs_s__rosidl_typesupport_fastrtps_c.cpython-310-x86_64-linux-gnu.so
[2.182s] -- Up-to-date: /home/vboxuser/UAV_UGV_netmonitoring/install/uav_msgs/local/lib/python3.10/dist-packages/uav_msgs/uav_msgs_s__rosidl_typesupport_introspection_c.cpython-310-x86_64-linux-gnu.so
[2.182s] -- Up-to-date: /home/vboxuser/UAV_UGV_netmonitoring/install/uav_msgs/local/lib/python3.10/dist-packages/uav_msgs/uav_msgs_s__rosidl_typesupport_c.cpython-310-x86_64-linux-gnu.so
[2.182s] -- Up-to-date: /home/vboxuser/UAV_UGV_netmonitoring/install/uav_msgs/lib/libuav_msgs__rosidl_generator_py.so
[2.182s] -- Up-to-date: /home/vboxuser/UAV_UGV_netmonitoring/install/uav_msgs/share/uav_msgs/msg/UavStatus.idl
[2.182s] -- Up-to-date: /home/vboxuser/UAV_UGV_netmonitoring/install/uav_msgs/share/uav_msgs/msg/Heartbeat.idl
[2.183s] -- Up-to-date: /home/vboxuser/UAV_UGV_netmonitoring/install/uav_msgs/share/uav_msgs/msg/TrafficMessage.idl
[2.183s] -- Up-to-date: /home/vboxuser/UAV_UGV_netmonitoring/install/uav_msgs/share/uav_msgs/msg/ClusterInfo.idl
[2.183s] -- Up-to-date: /home/vboxuser/UAV_UGV_netmonitoring/install/uav_msgs/share/uav_msgs/msg/ChargeDecision.idl
[2.183s] -- Up-to-date: /home/vboxuser/UAV_UGV_netmonitoring/install/uav_msgs/share/uav_msgs/msg/ChargeRequest.idl
[2.184s] -- Up-to-date: /home/vboxuser/UAV_UGV_netmonitoring/install/uav_msgs/share/uav_msgs/srv/RequestCharge.idl
[2.184s] -- Up-to-date: /home/vboxuser/UAV_UGV_netmonitoring/install/uav_msgs/share/uav_msgs/action/DockAndCharge.idl
[2.184s] -- Up-to-date: /home/vboxuser/UAV_UGV_netmonitoring/install/uav_msgs/share/uav_msgs/msg/WeatherStatus.idl
[2.184s] -- Up-to-date: /home/vboxuser/UAV_UGV_netmonitoring/install/uav_msgs/share/uav_msgs/msg/UavStatus.msg
[2.184s] -- Up-to-date: /home/vboxuser/UAV_UGV_netmonitoring/install/uav_msgs/share/uav_msgs/msg/Heartbeat.msg
[2.186s] -- Up-to-date: /home/vboxuser/UAV_UGV_netmonitoring/install/uav_msgs/share/uav_msgs/msg/TrafficMessage.msg
[2.186s] -- Up-to-date: /home/vboxuser/UAV_UGV_netmonitoring/install/uav_msgs/share/uav_msgs/msg/ClusterInfo.msg
[2.187s] -- Up-to-date: /home/vboxuser/UAV_UGV_netmonitoring/install/uav_msgs/share/uav_msgs/msg/ChargeDecision.msg
[2.187s] -- Up-to-date: /home/vboxuser/UAV_UGV_netmonitoring/install/uav_msgs/share/uav_msgs/msg/ChargeRequest.msg
[2.188s] -- Up-to-date: /home/vboxuser/UAV_UGV_netmonitoring/install/uav_msgs/share/uav_msgs/srv/RequestCharge.srv
[2.190s] -- Up-to-date: /home/vboxuser/UAV_UGV_netmonitoring/install/uav_msgs/share/uav_msgs/srv/RequestCharge_Request.msg
[2.190s] -- Up-to-date: /home/vboxuser/UAV_UGV_netmonitoring/install/uav_msgs/share/uav_msgs/srv/RequestCharge_Response.msg
[2.191s] -- Up-to-date: /home/vboxuser/UAV_UGV_netmonitoring/install/uav_msgs/share/uav_msgs/action/DockAndCharge.action
[2.192s] -- Up-to-date: /home/vboxuser/UAV_UGV_netmonitoring/install/uav_msgs/share/uav_msgs/msg/WeatherStatus.msg
[2.192s] -- Up-to-date: /home/vboxuser/UAV_UGV_netmonitoring/install/uav_msgs/share/ament_index/resource_index/package_run_dependencies/uav_msgs
[2.192s] -- Up-to-date: /home/vboxuser/UAV_UGV_netmonitoring/install/uav_msgs/share/ament_index/resource_index/parent_prefix_path/uav_msgs
[2.192s] -- Up-to-date: /home/vboxuser/UAV_UGV_netmonitoring/install/uav_msgs/share/uav_msgs/environment/ament_prefix_path.sh
[2.192s] -- Up-to-date: /home/vboxuser/UAV_UGV_netmonitoring/install/uav_msgs/share/uav_msgs/environment/ament_prefix_path.dsv
[2.192s] -- Up-to-date: /home/vboxuser/UAV_UGV_netmonitoring/install/uav_msgs/share/uav_msgs/environment/path.sh
[2.192s] -- Up-to-date: /home/vboxuser/UAV_UGV_netmonitoring/install/uav_msgs/share/uav_msgs/environment/path.dsv
[2.192s] -- Up-to-date: /home/vboxuser/UAV_UGV_netmonitoring/install/uav_msgs/share/uav_msgs/local_setup.bash
[2.192s] -- Up-to-date: /home/vboxuser/UAV_UGV_netmonitoring/install/uav_msgs/share/uav_msgs/local_setup.sh
[2.192s] -- Up-to-date: /home/vboxuser/UAV_UGV_netmonitoring/install/uav_msgs/share/uav_msgs/local_setup.zsh
[2.193s] -- Up-to-date: /home/vboxuser/UAV_UGV_netmonitoring/install/uav_msgs/share/uav_msgs/local_setup.dsv
[2.193s] -- Installing: /home/vboxuser/UAV_UGV_netmonitoring/install/uav_msgs/share/uav_msgs/package.dsv
[2.193s] -- Up-to-date: /home/vboxuser/UAV_UGV_netmonitoring/install/uav_msgs/share/ament_index/resource_index/packages/uav_msgs
[2.193s] -- Up-to-date: /home/vboxuser/UAV_UGV_netmonitoring/install/uav_msgs/share/uav_msgs/cmake/export_uav_msgs__rosidl_generator_cExport.cmake
[2.193s] -- Up-to-date: /home/vboxuser/UAV_UGV_netmonitoring/install/uav_msgs/share/uav_msgs/cmake/export_uav_msgs__rosidl_generator_cExport-noconfig.cmake
[2.193s] -- Up-to-date: /home/vboxuser/UAV_UGV_netmonitoring/install/uav_msgs/share/uav_msgs/cmake/export_uav_msgs__rosidl_typesupport_fastrtps_cExport.cmake
[2.199s] -- Up-to-date: /home/vboxuser/UAV_UGV_netmonitoring/install/uav_msgs/share/uav_msgs/cmake/export_uav_msgs__rosidl_typesupport_fastrtps_cExport-noconfig.cmake
[2.199s] -- Up-to-date: /home/vboxuser/UAV_UGV_netmonitoring/install/uav_msgs/share/uav_msgs/cmake/uav_msgs__rosidl_typesupport_introspection_cExport.cmake
[2.199s] -- Up-to-date: /home/vboxuser/UAV_UGV_netmonitoring/install/uav_msgs/share/uav_msgs/cmake/uav_msgs__rosidl_typesupport_introspection_cExport-noconfig.cmake
[2.199s] -- Up-to-date: /home/vboxuser/UAV_UGV_netmonitoring/install/uav_msgs/share/uav_msgs/cmake/uav_msgs__rosidl_typesupport_cExport.cmake
[2.199s] -- Up-to-date: /home/vboxuser/UAV_UGV_netmonitoring/install/uav_msgs/share/uav_msgs/cmake/uav_msgs__rosidl_typesupport_cExport-noconfig.cmake
[2.199s] -- Up-to-date: /home/vboxuser/UAV_UGV_netmonitoring/install/uav_msgs/share/uav_msgs/cmake/export_uav_msgs__rosidl_generator_cppExport.cmake
[2.199s] -- Up-to-date: /home/vboxuser/UAV_UGV_netmonitoring/install/uav_msgs/share/uav_msgs/cmake/export_uav_msgs__rosidl_typesupport_fastrtps_cppExport.cmake
[2.200s] -- Up-to-date: /home/vboxuser/UAV_UGV_netmonitoring/install/uav_msgs/share/uav_msgs/cmake/export_uav_msgs__rosidl_typesupport_fastrtps_cppExport-noconfig.cmake
[2.205s] -- Up-to-date: /home/vboxuser/UAV_UGV_netmonitoring/install/uav_msgs/share/uav_msgs/cmake/uav_msgs__rosidl_typesupport_introspection_cppExport.cmake
[2.205s] -- Up-to-date: /home/vboxuser/UAV_UGV_netmonitoring/install/uav_msgs/share/uav_msgs/cmake/uav_msgs__rosidl_typesupport_introspection_cppExport-noconfig.cmake
[2.205s] -- Up-to-date: /home/vboxuser/UAV_UGV_netmonitoring/install/uav_msgs/share/uav_msgs/cmake/uav_msgs__rosidl_typesupport_cppExport.cmake
[2.205s] -- Up-to-date: /home/vboxuser/UAV_UGV_netmonitoring/install/uav_msgs/share/uav_msgs/cmake/uav_msgs__rosidl_typesupport_cppExport-noconfig.cmake
[2.205s] -- Up-to-date: /home/vboxuser/UAV_UGV_netmonitoring/install/uav_msgs/share/uav_msgs/cmake/export_uav_msgs__rosidl_generator_pyExport.cmake
[2.205s] -- Up-to-date: /home/vboxuser/UAV_UGV_netmonitoring/install/uav_msgs/share/uav_msgs/cmake/export_uav_msgs__rosidl_generator_pyExport-noconfig.cmake
[2.205s] -- Up-to-date: /home/vboxuser/UAV_UGV_netmonitoring/install/uav_msgs/share/uav_msgs/cmake/rosidl_cmake-extras.cmake
[2.205s] -- Up-to-date: /home/vboxuser/UAV_UGV_netmonitoring/install/uav_msgs/share/uav_msgs/cmake/ament_cmake_export_dependencies-extras.cmake
[2.206s] -- Up-to-date: /home/vboxuser/UAV_UGV_netmonitoring/install/uav_msgs/share/uav_msgs/cmake/ament_cmake_export_include_directories-extras.cmake
[2.206s] -- Up-to-date: /home/vboxuser/UAV_UGV_netmonitoring/install/uav_msgs/share/uav_msgs/cmake/ament_cmake_export_libraries-extras.cmake
[2.206s] -- Up-to-date: /home/vboxuser/UAV_UGV_netmonitoring/install/uav_msgs/share/uav_msgs/cmake/ament_cmake_export_targets-extras.cmake
[2.206s] -- Up-to-date: /home/vboxuser/UAV_UGV_netmonitoring/install/uav_msgs/share/uav_msgs/cmake/rosidl_cmake_export_typesupport_targets-extras.cmake
[2.206s] -- Up-to-date: /home/vboxuser/UAV_UGV_netmonitoring/install/uav_msgs/share/uav_msgs/cmake/rosidl_cmake_export_typesupport_libraries-extras.cmake
[2.206s] -- Up-to-date: /home/vboxuser/UAV_UGV_netmonitoring/install/uav_msgs/share/uav_msgs/cmake/uav_msgsConfig.cmake
[2.206s] -- Up-to-date: /home/vboxuser/UAV_UGV_netmonitoring/install/uav_msgs/share/uav_msgs/cmake/uav_msgsConfig-version.cmake
[2.206s] -- Up-to-date: /home/vboxuser/UAV_UGV_netmonitoring/install/uav_msgs/share/uav_msgs/package.xml
[2.223s] Invoked command in '/home/vboxuser/UAV_UGV_netmonitoring/build/uav_msgs' returned '0': CMAKE_PREFIX_PATH=${CMAKE_PREFIX_PATH}:/home/vboxuser/ros2_ws/install/weather_server:/home/vboxuser/ros2_ws/install/ugv_charger:/home/vboxuser/ros2_ws/install/uav_controller:/home/vboxuser/ros2_ws/install/traffic_generator:/home/vboxuser/ros2_ws/install/system_launcher:/home/vboxuser/ros2_ws/install/net_emulator:/home/vboxuser/ros2_ws/install/metrics_aggregator:/home/vboxuser/ros2_ws/install/fault_injector:/home/vboxuser/ros2_ws/install/coverage_planner:/home/vboxuser/ros2_ws/install/ch_manager:/home/vboxuser/ros2_ws/install/battery_manager:/home/vboxuser/ros2_ws/install/turtle_square_py:/home/vboxuser/ros2_ws/install/python_parameters:/home/vboxuser/ros2_ws/install/py_srvcli:/home/vboxuser/ros2_ws/install/py_pubsub:/home/vboxuser/ros2_ws/install/fibonacci_action:/opt/ros/humble /usr/bin/cmake --install /home/vboxuser/UAV_UGV_netmonitoring/build/uav_msgs
