[0.258s] Invoking command in '/home/vboxuser/UAV_UGV_netmonitoring/build/sink_gateway': CMAKE_PREFIX_PATH=/home/vboxuser/UAV_UGV_netmonitoring/install/uav_msgs:/home/vboxuser/UAV_UGV_netmonitoring/install/weather_server:/home/vboxuser/UAV_UGV_netmonitoring/install/user_devices_sim:/home/vboxuser/UAV_UGV_netmonitoring/install/ugv_charger:/home/vboxuser/UAV_UGV_netmonitoring/install/uav_fleet:/home/vboxuser/UAV_UGV_netmonitoring/install/system_bringup:/home/vboxuser/UAV_UGV_netmonitoring/install/sink_gateway:/home/vboxuser/UAV_UGV_netmonitoring/install/network_monitor:/home/vboxuser/UAV_UGV_netmonitoring/install/fault_injector:/home/vboxuser/UAV_UGV_netmonitoring/install/coverage_planner:/home/vboxuser/UAV_UGV_netmonitoring/install/ch_manager:/home/vboxuser/ros2_ws/install/uav_msgs:/home/vboxuser/ros2_ws/install/action_tutorials_interfaces:/home/vboxuser/install/turtlesim:/home/vboxuser/ros2_ws/install/tutorial_interfaces:/home/vboxuser/ros2_ws/install/patrol_interfaces:/home/vboxuser/ros2_ws/install/weather_server:/home/vboxuser/ros2_ws/install/ugv_charger:/home/vboxuser/ros2_ws/install/uav_controller:/home/vboxuser/ros2_ws/install/traffic_generator:/home/vboxuser/ros2_ws/install/system_launcher:/home/vboxuser/ros2_ws/install/net_emulator:/home/vboxuser/ros2_ws/install/metrics_aggregator:/home/vboxuser/ros2_ws/install/fault_injector:/home/vboxuser/ros2_ws/install/coverage_planner:/home/vboxuser/ros2_ws/install/ch_manager:/home/vboxuser/ros2_ws/install/battery_manager:/home/vboxuser/ros2_ws/install/turtle_square_py:/home/vboxuser/ros2_ws/install/python_parameters:/home/vboxuser/ros2_ws/install/py_srvcli:/home/vboxuser/ros2_ws/install/py_pubsub:/home/vboxuser/ros2_ws/install/fibonacci_action:/opt/ros/humble /usr/bin/cmake --build /home/vboxuser/UAV_UGV_netmonitoring/build/sink_gateway -- -j6 -l6
[0.426s] -- Found ament_cmake: 1.3.12 (/opt/ros/humble/share/ament_cmake/cmake)
[0.750s] -- Found rclcpp: 16.0.15 (/opt/ros/humble/share/rclcpp/cmake)
[0.799s] -- Found rosidl_generator_c: 3.1.7 (/opt/ros/humble/share/rosidl_generator_c/cmake)
[0.800s] -- Found rosidl_adapter: 3.1.7 (/opt/ros/humble/share/rosidl_adapter/cmake)
[0.861s] -- Found rosidl_generator_cpp: 3.1.7 (/opt/ros/humble/share/rosidl_generator_cpp/cmake)
[0.888s] -- Using all available rosidl_typesupport_c: rosidl_typesupport_fastrtps_c;rosidl_typesupport_introspection_c
[0.928s] -- Using all available rosidl_typesupport_cpp: rosidl_typesupport_fastrtps_cpp;rosidl_typesupport_introspection_cpp
[1.122s] -- Found rmw_implementation_cmake: 6.1.2 (/opt/ros/humble/share/rmw_implementation_cmake/cmake)
[1.122s] -- Found rmw_fastrtps_cpp: 6.2.9 (/opt/ros/humble/share/rmw_fastrtps_cpp/cmake)
[1.660s] -- Using RMW implementation 'rmw_fastrtps_cpp' as default
[1.790s] -- Found uav_msgs: 0.0.0 (/home/vboxuser/UAV_UGV_netmonitoring/install/uav_msgs/share/uav_msgs/cmake)
[2.151s] -- Configuring done
[2.190s] -- Generating done
[2.277s] -- Build files have been written to: /home/vboxuser/UAV_UGV_netmonitoring/build/sink_gateway
[2.470s] [35m[1mConsolidate compiler generated dependencies of target sink_gateway_node[0m
[2.579s] [ 50%] [32mBuilding CXX object CMakeFiles/sink_gateway_node.dir/src/sink_gateway_node.cpp.o[0m
[13.100s] [100%] [32m[1mLinking CXX executable sink_gateway_node[0m
[13.599s] [100%] Built target sink_gateway_node
[13.932s] Invoked command in '/home/vboxuser/UAV_UGV_netmonitoring/build/sink_gateway' returned '0': CMAKE_PREFIX_PATH=/home/vboxuser/UAV_UGV_netmonitoring/install/uav_msgs:/home/vboxuser/UAV_UGV_netmonitoring/install/weather_server:/home/vboxuser/UAV_UGV_netmonitoring/install/user_devices_sim:/home/vboxuser/UAV_UGV_netmonitoring/install/ugv_charger:/home/vboxuser/UAV_UGV_netmonitoring/install/uav_fleet:/home/vboxuser/UAV_UGV_netmonitoring/install/system_bringup:/home/vboxuser/UAV_UGV_netmonitoring/install/sink_gateway:/home/vboxuser/UAV_UGV_netmonitoring/install/network_monitor:/home/vboxuser/UAV_UGV_netmonitoring/install/fault_injector:/home/vboxuser/UAV_UGV_netmonitoring/install/coverage_planner:/home/vboxuser/UAV_UGV_netmonitoring/install/ch_manager:/home/vboxuser/ros2_ws/install/uav_msgs:/home/vboxuser/ros2_ws/install/action_tutorials_interfaces:/home/vboxuser/install/turtlesim:/home/vboxuser/ros2_ws/install/tutorial_interfaces:/home/vboxuser/ros2_ws/install/patrol_interfaces:/home/vboxuser/ros2_ws/install/weather_server:/home/vboxuser/ros2_ws/install/ugv_charger:/home/vboxuser/ros2_ws/install/uav_controller:/home/vboxuser/ros2_ws/install/traffic_generator:/home/vboxuser/ros2_ws/install/system_launcher:/home/vboxuser/ros2_ws/install/net_emulator:/home/vboxuser/ros2_ws/install/metrics_aggregator:/home/vboxuser/ros2_ws/install/fault_injector:/home/vboxuser/ros2_ws/install/coverage_planner:/home/vboxuser/ros2_ws/install/ch_manager:/home/vboxuser/ros2_ws/install/battery_manager:/home/vboxuser/ros2_ws/install/turtle_square_py:/home/vboxuser/ros2_ws/install/python_parameters:/home/vboxuser/ros2_ws/install/py_srvcli:/home/vboxuser/ros2_ws/install/py_pubsub:/home/vboxuser/ros2_ws/install/fibonacci_action:/opt/ros/humble /usr/bin/cmake --build /home/vboxuser/UAV_UGV_netmonitoring/build/sink_gateway -- -j6 -l6
[13.940s] Invoking command in '/home/vboxuser/UAV_UGV_netmonitoring/build/sink_gateway': CMAKE_PREFIX_PATH=/home/vboxuser/UAV_UGV_netmonitoring/install/uav_msgs:/home/vboxuser/UAV_UGV_netmonitoring/install/weather_server:/home/vboxuser/UAV_UGV_netmonitoring/install/user_devices_sim:/home/vboxuser/UAV_UGV_netmonitoring/install/ugv_charger:/home/vboxuser/UAV_UGV_netmonitoring/install/uav_fleet:/home/vboxuser/UAV_UGV_netmonitoring/install/system_bringup:/home/vboxuser/UAV_UGV_netmonitoring/install/sink_gateway:/home/vboxuser/UAV_UGV_netmonitoring/install/network_monitor:/home/vboxuser/UAV_UGV_netmonitoring/install/fault_injector:/home/vboxuser/UAV_UGV_netmonitoring/install/coverage_planner:/home/vboxuser/UAV_UGV_netmonitoring/install/ch_manager:/home/vboxuser/ros2_ws/install/uav_msgs:/home/vboxuser/ros2_ws/install/action_tutorials_interfaces:/home/vboxuser/install/turtlesim:/home/vboxuser/ros2_ws/install/tutorial_interfaces:/home/vboxuser/ros2_ws/install/patrol_interfaces:/home/vboxuser/ros2_ws/install/weather_server:/home/vboxuser/ros2_ws/install/ugv_charger:/home/vboxuser/ros2_ws/install/uav_controller:/home/vboxuser/ros2_ws/install/traffic_generator:/home/vboxuser/ros2_ws/install/system_launcher:/home/vboxuser/ros2_ws/install/net_emulator:/home/vboxuser/ros2_ws/install/metrics_aggregator:/home/vboxuser/ros2_ws/install/fault_injector:/home/vboxuser/ros2_ws/install/coverage_planner:/home/vboxuser/ros2_ws/install/ch_manager:/home/vboxuser/ros2_ws/install/battery_manager:/home/vboxuser/ros2_ws/install/turtle_square_py:/home/vboxuser/ros2_ws/install/python_parameters:/home/vboxuser/ros2_ws/install/py_srvcli:/home/vboxuser/ros2_ws/install/py_pubsub:/home/vboxuser/ros2_ws/install/fibonacci_action:/opt/ros/humble /usr/bin/cmake --install /home/vboxuser/UAV_UGV_netmonitoring/build/sink_gateway
[13.972s] -- Install configuration: ""
[13.972s] -- Installing: /home/vboxuser/UAV_UGV_netmonitoring/install/sink_gateway/lib/sink_gateway/sink_gateway_node
[13.975s] -- Set runtime path of "/home/vboxuser/UAV_UGV_netmonitoring/install/sink_gateway/lib/sink_gateway/sink_gateway_node" to ""
[13.975s] -- Up-to-date: /home/vboxuser/UAV_UGV_netmonitoring/install/sink_gateway/share/ament_index/resource_index/package_run_dependencies/sink_gateway
[13.975s] -- Up-to-date: /home/vboxuser/UAV_UGV_netmonitoring/install/sink_gateway/share/ament_index/resource_index/parent_prefix_path/sink_gateway
[13.977s] -- Up-to-date: /home/vboxuser/UAV_UGV_netmonitoring/install/sink_gateway/share/sink_gateway/environment/ament_prefix_path.sh
[13.977s] -- Installing: /home/vboxuser/UAV_UGV_netmonitoring/install/sink_gateway/share/sink_gateway/environment/ament_prefix_path.dsv
[13.978s] -- Up-to-date: /home/vboxuser/UAV_UGV_netmonitoring/install/sink_gateway/share/sink_gateway/environment/path.sh
[13.978s] -- Installing: /home/vboxuser/UAV_UGV_netmonitoring/install/sink_gateway/share/sink_gateway/environment/path.dsv
[13.978s] -- Up-to-date: /home/vboxuser/UAV_UGV_netmonitoring/install/sink_gateway/share/sink_gateway/local_setup.bash
[13.978s] -- Up-to-date: /home/vboxuser/UAV_UGV_netmonitoring/install/sink_gateway/share/sink_gateway/local_setup.sh
[13.979s] -- Up-to-date: /home/vboxuser/UAV_UGV_netmonitoring/install/sink_gateway/share/sink_gateway/local_setup.zsh
[13.979s] -- Installing: /home/vboxuser/UAV_UGV_netmonitoring/install/sink_gateway/share/sink_gateway/local_setup.dsv
[13.979s] -- Installing: /home/vboxuser/UAV_UGV_netmonitoring/install/sink_gateway/share/sink_gateway/package.dsv
[13.979s] -- Up-to-date: /home/vboxuser/UAV_UGV_netmonitoring/install/sink_gateway/share/ament_index/resource_index/packages/sink_gateway
[13.985s] -- Up-to-date: /home/vboxuser/UAV_UGV_netmonitoring/install/sink_gateway/share/sink_gateway/cmake/sink_gatewayConfig.cmake
[13.985s] -- Up-to-date: /home/vboxuser/UAV_UGV_netmonitoring/install/sink_gateway/share/sink_gateway/cmake/sink_gatewayConfig-version.cmake
[13.985s] -- Up-to-date: /home/vboxuser/UAV_UGV_netmonitoring/install/sink_gateway/share/sink_gateway/package.xml
[14.014s] Invoked command in '/home/vboxuser/UAV_UGV_netmonitoring/build/sink_gateway' returned '0': CMAKE_PREFIX_PATH=/home/vboxuser/UAV_UGV_netmonitoring/install/uav_msgs:/home/vboxuser/UAV_UGV_netmonitoring/install/weather_server:/home/vboxuser/UAV_UGV_netmonitoring/install/user_devices_sim:/home/vboxuser/UAV_UGV_netmonitoring/install/ugv_charger:/home/vboxuser/UAV_UGV_netmonitoring/install/uav_fleet:/home/vboxuser/UAV_UGV_netmonitoring/install/system_bringup:/home/vboxuser/UAV_UGV_netmonitoring/install/sink_gateway:/home/vboxuser/UAV_UGV_netmonitoring/install/network_monitor:/home/vboxuser/UAV_UGV_netmonitoring/install/fault_injector:/home/vboxuser/UAV_UGV_netmonitoring/install/coverage_planner:/home/vboxuser/UAV_UGV_netmonitoring/install/ch_manager:/home/vboxuser/ros2_ws/install/uav_msgs:/home/vboxuser/ros2_ws/install/action_tutorials_interfaces:/home/vboxuser/install/turtlesim:/home/vboxuser/ros2_ws/install/tutorial_interfaces:/home/vboxuser/ros2_ws/install/patrol_interfaces:/home/vboxuser/ros2_ws/install/weather_server:/home/vboxuser/ros2_ws/install/ugv_charger:/home/vboxuser/ros2_ws/install/uav_controller:/home/vboxuser/ros2_ws/install/traffic_generator:/home/vboxuser/ros2_ws/install/system_launcher:/home/vboxuser/ros2_ws/install/net_emulator:/home/vboxuser/ros2_ws/install/metrics_aggregator:/home/vboxuser/ros2_ws/install/fault_injector:/home/vboxuser/ros2_ws/install/coverage_planner:/home/vboxuser/ros2_ws/install/ch_manager:/home/vboxuser/ros2_ws/install/battery_manager:/home/vboxuser/ros2_ws/install/turtle_square_py:/home/vboxuser/ros2_ws/install/python_parameters:/home/vboxuser/ros2_ws/install/py_srvcli:/home/vboxuser/ros2_ws/install/py_pubsub:/home/vboxuser/ros2_ws/install/fibonacci_action:/opt/ros/humble /usr/bin/cmake --install /home/vboxuser/UAV_UGV_netmonitoring/build/sink_gateway
