[ 50%] [32mBuilding CXX object CMakeFiles/sink_gateway_node.dir/src/sink_gateway_node.cpp.o[0m
[100%] [32m[1mLinking CXX executable sink_gateway_node[0m
[100%] Built target sink_gateway_node
-- Install configuration: ""
-- Installing: /home/vboxuser/UAV_UGV_netmonitoring/install/sink_gateway/lib/sink_gateway/sink_gateway_node
-- Set runtime path of "/home/vboxuser/UAV_UGV_netmonitoring/install/sink_gateway/lib/sink_gateway/sink_gateway_node" to ""
-- Up-to-date: /home/vboxuser/UAV_UGV_netmonitoring/install/sink_gateway/share/ament_index/resource_index/package_run_dependencies/sink_gateway
-- Up-to-date: /home/vboxuser/UAV_UGV_netmonitoring/install/sink_gateway/share/ament_index/resource_index/parent_prefix_path/sink_gateway
-- Up-to-date: /home/vboxuser/UAV_UGV_netmonitoring/install/sink_gateway/share/sink_gateway/environment/ament_prefix_path.sh
-- Up-to-date: /home/vboxuser/UAV_UGV_netmonitoring/install/sink_gateway/share/sink_gateway/environment/ament_prefix_path.dsv
-- Up-to-date: /home/vboxuser/UAV_UGV_netmonitoring/install/sink_gateway/share/sink_gateway/environment/path.sh
-- Up-to-date: /home/vboxuser/UAV_UGV_netmonitoring/install/sink_gateway/share/sink_gateway/environment/path.dsv
-- Up-to-date: /home/vboxuser/UAV_UGV_netmonitoring/install/sink_gateway/share/sink_gateway/local_setup.bash
-- Up-to-date: /home/vboxuser/UAV_UGV_netmonitoring/install/sink_gateway/share/sink_gateway/local_setup.sh
-- Up-to-date: /home/vboxuser/UAV_UGV_netmonitoring/install/sink_gateway/share/sink_gateway/local_setup.zsh
-- Up-to-date: /home/vboxuser/UAV_UGV_netmonitoring/install/sink_gateway/share/sink_gateway/local_setup.dsv
-- Installing: /home/vboxuser/UAV_UGV_netmonitoring/install/sink_gateway/share/sink_gateway/package.dsv
-- Up-to-date: /home/vboxuser/UAV_UGV_netmonitoring/install/sink_gateway/share/ament_index/resource_index/packages/sink_gateway
-- Up-to-date: /home/vboxuser/UAV_UGV_netmonitoring/install/sink_gateway/share/sink_gateway/cmake/sink_gatewayConfig.cmake
-- Up-to-date: /home/vboxuser/UAV_UGV_netmonitoring/install/sink_gateway/share/sink_gateway/cmake/sink_gatewayConfig-version.cmake
-- Up-to-date: /home/vboxuser/UAV_UGV_netmonitoring/install/sink_gateway/share/sink_gateway/package.xml
