[0.526s] Invoking command in '/home/vboxuser/UAV_UGV_netmonitoring/build/weather_server': CMAKE_PREFIX_PATH=${CMAKE_PREFIX_PATH}:/home/vboxuser/ros2_ws/install/weather_server:/home/vboxuser/ros2_ws/install/ugv_charger:/home/vboxuser/ros2_ws/install/uav_controller:/home/vboxuser/ros2_ws/install/traffic_generator:/home/vboxuser/ros2_ws/install/system_launcher:/home/vboxuser/ros2_ws/install/net_emulator:/home/vboxuser/ros2_ws/install/metrics_aggregator:/home/vboxuser/ros2_ws/install/fault_injector:/home/vboxuser/ros2_ws/install/coverage_planner:/home/vboxuser/ros2_ws/install/ch_manager:/home/vboxuser/ros2_ws/install/battery_manager:/home/vboxuser/ros2_ws/install/turtle_square_py:/home/vboxuser/ros2_ws/install/python_parameters:/home/vboxuser/ros2_ws/install/py_srvcli:/home/vboxuser/ros2_ws/install/py_pubsub:/home/vboxuser/ros2_ws/install/fibonacci_action:/opt/ros/humble /usr/bin/cmake --build /home/vboxuser/UAV_UGV_netmonitoring/build/weather_server -- -j6 -l6
[1.490s] Invoked command in '/home/vboxuser/UAV_UGV_netmonitoring/build/weather_server' returned '0': CMAKE_PREFIX_PATH=${CMAKE_PREFIX_PATH}:/home/vboxuser/ros2_ws/install/weather_server:/home/vboxuser/ros2_ws/install/ugv_charger:/home/vboxuser/ros2_ws/install/uav_controller:/home/vboxuser/ros2_ws/install/traffic_generator:/home/vboxuser/ros2_ws/install/system_launcher:/home/vboxuser/ros2_ws/install/net_emulator:/home/vboxuser/ros2_ws/install/metrics_aggregator:/home/vboxuser/ros2_ws/install/fault_injector:/home/vboxuser/ros2_ws/install/coverage_planner:/home/vboxuser/ros2_ws/install/ch_manager:/home/vboxuser/ros2_ws/install/battery_manager:/home/vboxuser/ros2_ws/install/turtle_square_py:/home/vboxuser/ros2_ws/install/python_parameters:/home/vboxuser/ros2_ws/install/py_srvcli:/home/vboxuser/ros2_ws/install/py_pubsub:/home/vboxuser/ros2_ws/install/fibonacci_action:/opt/ros/humble /usr/bin/cmake --build /home/vboxuser/UAV_UGV_netmonitoring/build/weather_server -- -j6 -l6
[1.702s] Invoking command in '/home/vboxuser/UAV_UGV_netmonitoring/build/weather_server': CMAKE_PREFIX_PATH=${CMAKE_PREFIX_PATH}:/home/vboxuser/ros2_ws/install/weather_server:/home/vboxuser/ros2_ws/install/ugv_charger:/home/vboxuser/ros2_ws/install/uav_controller:/home/vboxuser/ros2_ws/install/traffic_generator:/home/vboxuser/ros2_ws/install/system_launcher:/home/vboxuser/ros2_ws/install/net_emulator:/home/vboxuser/ros2_ws/install/metrics_aggregator:/home/vboxuser/ros2_ws/install/fault_injector:/home/vboxuser/ros2_ws/install/coverage_planner:/home/vboxuser/ros2_ws/install/ch_manager:/home/vboxuser/ros2_ws/install/battery_manager:/home/vboxuser/ros2_ws/install/turtle_square_py:/home/vboxuser/ros2_ws/install/python_parameters:/home/vboxuser/ros2_ws/install/py_srvcli:/home/vboxuser/ros2_ws/install/py_pubsub:/home/vboxuser/ros2_ws/install/fibonacci_action:/opt/ros/humble /usr/bin/cmake --install /home/vboxuser/UAV_UGV_netmonitoring/build/weather_server
[1.702s] -- Install configuration: ""
[1.703s] -- Up-to-date: /home/vboxuser/UAV_UGV_netmonitoring/install/weather_server/share/ament_index/resource_index/package_run_dependencies/weather_server
[1.703s] -- Up-to-date: /home/vboxuser/UAV_UGV_netmonitoring/install/weather_server/share/ament_index/resource_index/parent_prefix_path/weather_server
[1.703s] -- Up-to-date: /home/vboxuser/UAV_UGV_netmonitoring/install/weather_server/share/weather_server/environment/ament_prefix_path.sh
[1.703s] -- Up-to-date: /home/vboxuser/UAV_UGV_netmonitoring/install/weather_server/share/weather_server/environment/ament_prefix_path.dsv
[1.703s] -- Up-to-date: /home/vboxuser/UAV_UGV_netmonitoring/install/weather_server/share/weather_server/environment/path.sh
[1.703s] -- Up-to-date: /home/vboxuser/UAV_UGV_netmonitoring/install/weather_server/share/weather_server/environment/path.dsv
[1.703s] -- Up-to-date: /home/vboxuser/UAV_UGV_netmonitoring/install/weather_server/share/weather_server/local_setup.bash
[1.703s] -- Up-to-date: /home/vboxuser/UAV_UGV_netmonitoring/install/weather_server/share/weather_server/local_setup.sh
[1.703s] -- Up-to-date: /home/vboxuser/UAV_UGV_netmonitoring/install/weather_server/share/weather_server/local_setup.zsh
[1.703s] -- Up-to-date: /home/vboxuser/UAV_UGV_netmonitoring/install/weather_server/share/weather_server/local_setup.dsv
[1.705s] -- Installing: /home/vboxuser/UAV_UGV_netmonitoring/install/weather_server/share/weather_server/package.dsv
[1.705s] -- Up-to-date: /home/vboxuser/UAV_UGV_netmonitoring/install/weather_server/share/ament_index/resource_index/packages/weather_server
[1.705s] -- Up-to-date: /home/vboxuser/UAV_UGV_netmonitoring/install/weather_server/share/weather_server/cmake/weather_serverConfig.cmake
[1.705s] -- Up-to-date: /home/vboxuser/UAV_UGV_netmonitoring/install/weather_server/share/weather_server/cmake/weather_serverConfig-version.cmake
[1.705s] -- Up-to-date: /home/vboxuser/UAV_UGV_netmonitoring/install/weather_server/share/weather_server/package.xml
[2.121s] Invoked command in '/home/vboxuser/UAV_UGV_netmonitoring/build/weather_server' returned '0': CMAKE_PREFIX_PATH=${CMAKE_PREFIX_PATH}:/home/vboxuser/ros2_ws/install/weather_server:/home/vboxuser/ros2_ws/install/ugv_charger:/home/vboxuser/ros2_ws/install/uav_controller:/home/vboxuser/ros2_ws/install/traffic_generator:/home/vboxuser/ros2_ws/install/system_launcher:/home/vboxuser/ros2_ws/install/net_emulator:/home/vboxuser/ros2_ws/install/metrics_aggregator:/home/vboxuser/ros2_ws/install/fault_injector:/home/vboxuser/ros2_ws/install/coverage_planner:/home/vboxuser/ros2_ws/install/ch_manager:/home/vboxuser/ros2_ws/install/battery_manager:/home/vboxuser/ros2_ws/install/turtle_square_py:/home/vboxuser/ros2_ws/install/python_parameters:/home/vboxuser/ros2_ws/install/py_srvcli:/home/vboxuser/ros2_ws/install/py_pubsub:/home/vboxuser/ros2_ws/install/fibonacci_action:/opt/ros/humble /usr/bin/cmake --install /home/vboxuser/UAV_UGV_netmonitoring/build/weather_server
