[0.351s] Invoking command in '/home/vboxuser/UAV_UGV_netmonitoring/build/ch_manager': CMAKE_PREFIX_PATH=${CMAKE_PREFIX_PATH}:/home/vboxuser/ros2_ws/install/weather_server:/home/vboxuser/ros2_ws/install/ugv_charger:/home/vboxuser/ros2_ws/install/uav_controller:/home/vboxuser/ros2_ws/install/traffic_generator:/home/vboxuser/ros2_ws/install/system_launcher:/home/vboxuser/ros2_ws/install/net_emulator:/home/vboxuser/ros2_ws/install/metrics_aggregator:/home/vboxuser/ros2_ws/install/fault_injector:/home/vboxuser/ros2_ws/install/coverage_planner:/home/vboxuser/ros2_ws/install/ch_manager:/home/vboxuser/ros2_ws/install/battery_manager:/home/vboxuser/ros2_ws/install/turtle_square_py:/home/vboxuser/ros2_ws/install/python_parameters:/home/vboxuser/ros2_ws/install/py_srvcli:/home/vboxuser/ros2_ws/install/py_pubsub:/home/vboxuser/ros2_ws/install/fibonacci_action:/opt/ros/humble /usr/bin/cmake /home/vboxuser/UAV_UGV_netmonitoring/src/ch_manager -DCMAKE_INSTALL_PREFIX=/home/vboxuser/UAV_UGV_netmonitoring/install/ch_manager
[1.417s] -- The C compiler identification is GNU 11.4.0
[2.050s] -- The CXX compiler identification is GNU 11.4.0
[2.133s] -- Detecting C compiler ABI info
[2.656s] -- Detecting C compiler ABI info - done
[2.719s] -- Check for working C compiler: /usr/bin/cc - skipped
[2.719s] -- Detecting C compile features
[2.719s] -- Detecting C compile features - done
[2.733s] -- Detecting CXX compiler ABI info
[3.436s] -- Detecting CXX compiler ABI info - done
[3.504s] -- Check for working CXX compiler: /usr/bin/c++ - skipped
[3.504s] -- Detecting CXX compile features
[3.504s] -- Detecting CXX compile features - done
[3.505s] -- Found ament_cmake: 1.3.12 (/opt/ros/humble/share/ament_cmake/cmake)
[4.722s] -- Found Python3: /usr/bin/python3 (found version "3.10.12") found components: Interpreter 
[5.539s] -- Found ament_lint_auto: 0.12.14 (/opt/ros/humble/share/ament_lint_auto/cmake)
[6.296s] -- Added test 'lint_cmake' to check CMake code style
[6.297s] -- Added test 'xmllint' to check XML markup files
[6.303s] -- Configuring done
[6.320s] -- Generating done
[6.320s] -- Build files have been written to: /home/vboxuser/UAV_UGV_netmonitoring/build/ch_manager
[6.497s] Invoked command in '/home/vboxuser/UAV_UGV_netmonitoring/build/ch_manager' returned '0': CMAKE_PREFIX_PATH=${CMAKE_PREFIX_PATH}:/home/vboxuser/ros2_ws/install/weather_server:/home/vboxuser/ros2_ws/install/ugv_charger:/home/vboxuser/ros2_ws/install/uav_controller:/home/vboxuser/ros2_ws/install/traffic_generator:/home/vboxuser/ros2_ws/install/system_launcher:/home/vboxuser/ros2_ws/install/net_emulator:/home/vboxuser/ros2_ws/install/metrics_aggregator:/home/vboxuser/ros2_ws/install/fault_injector:/home/vboxuser/ros2_ws/install/coverage_planner:/home/vboxuser/ros2_ws/install/ch_manager:/home/vboxuser/ros2_ws/install/battery_manager:/home/vboxuser/ros2_ws/install/turtle_square_py:/home/vboxuser/ros2_ws/install/python_parameters:/home/vboxuser/ros2_ws/install/py_srvcli:/home/vboxuser/ros2_ws/install/py_pubsub:/home/vboxuser/ros2_ws/install/fibonacci_action:/opt/ros/humble /usr/bin/cmake /home/vboxuser/UAV_UGV_netmonitoring/src/ch_manager -DCMAKE_INSTALL_PREFIX=/home/vboxuser/UAV_UGV_netmonitoring/install/ch_manager
[6.497s] Invoking command in '/home/vboxuser/UAV_UGV_netmonitoring/build/ch_manager': CMAKE_PREFIX_PATH=${CMAKE_PREFIX_PATH}:/home/vboxuser/ros2_ws/install/weather_server:/home/vboxuser/ros2_ws/install/ugv_charger:/home/vboxuser/ros2_ws/install/uav_controller:/home/vboxuser/ros2_ws/install/traffic_generator:/home/vboxuser/ros2_ws/install/system_launcher:/home/vboxuser/ros2_ws/install/net_emulator:/home/vboxuser/ros2_ws/install/metrics_aggregator:/home/vboxuser/ros2_ws/install/fault_injector:/home/vboxuser/ros2_ws/install/coverage_planner:/home/vboxuser/ros2_ws/install/ch_manager:/home/vboxuser/ros2_ws/install/battery_manager:/home/vboxuser/ros2_ws/install/turtle_square_py:/home/vboxuser/ros2_ws/install/python_parameters:/home/vboxuser/ros2_ws/install/py_srvcli:/home/vboxuser/ros2_ws/install/py_pubsub:/home/vboxuser/ros2_ws/install/fibonacci_action:/opt/ros/humble /usr/bin/cmake --build /home/vboxuser/UAV_UGV_netmonitoring/build/ch_manager -- -j6 -l6
[7.378s] Invoked command in '/home/vboxuser/UAV_UGV_netmonitoring/build/ch_manager' returned '0': CMAKE_PREFIX_PATH=${CMAKE_PREFIX_PATH}:/home/vboxuser/ros2_ws/install/weather_server:/home/vboxuser/ros2_ws/install/ugv_charger:/home/vboxuser/ros2_ws/install/uav_controller:/home/vboxuser/ros2_ws/install/traffic_generator:/home/vboxuser/ros2_ws/install/system_launcher:/home/vboxuser/ros2_ws/install/net_emulator:/home/vboxuser/ros2_ws/install/metrics_aggregator:/home/vboxuser/ros2_ws/install/fault_injector:/home/vboxuser/ros2_ws/install/coverage_planner:/home/vboxuser/ros2_ws/install/ch_manager:/home/vboxuser/ros2_ws/install/battery_manager:/home/vboxuser/ros2_ws/install/turtle_square_py:/home/vboxuser/ros2_ws/install/python_parameters:/home/vboxuser/ros2_ws/install/py_srvcli:/home/vboxuser/ros2_ws/install/py_pubsub:/home/vboxuser/ros2_ws/install/fibonacci_action:/opt/ros/humble /usr/bin/cmake --build /home/vboxuser/UAV_UGV_netmonitoring/build/ch_manager -- -j6 -l6
[7.418s] Invoking command in '/home/vboxuser/UAV_UGV_netmonitoring/build/ch_manager': CMAKE_PREFIX_PATH=${CMAKE_PREFIX_PATH}:/home/vboxuser/ros2_ws/install/weather_server:/home/vboxuser/ros2_ws/install/ugv_charger:/home/vboxuser/ros2_ws/install/uav_controller:/home/vboxuser/ros2_ws/install/traffic_generator:/home/vboxuser/ros2_ws/install/system_launcher:/home/vboxuser/ros2_ws/install/net_emulator:/home/vboxuser/ros2_ws/install/metrics_aggregator:/home/vboxuser/ros2_ws/install/fault_injector:/home/vboxuser/ros2_ws/install/coverage_planner:/home/vboxuser/ros2_ws/install/ch_manager:/home/vboxuser/ros2_ws/install/battery_manager:/home/vboxuser/ros2_ws/install/turtle_square_py:/home/vboxuser/ros2_ws/install/python_parameters:/home/vboxuser/ros2_ws/install/py_srvcli:/home/vboxuser/ros2_ws/install/py_pubsub:/home/vboxuser/ros2_ws/install/fibonacci_action:/opt/ros/humble /usr/bin/cmake --install /home/vboxuser/UAV_UGV_netmonitoring/build/ch_manager
[7.474s] -- Install configuration: ""
[7.474s] -- Installing: /home/vboxuser/UAV_UGV_netmonitoring/install/ch_manager/share/ament_index/resource_index/package_run_dependencies/ch_manager
[7.475s] -- Installing: /home/vboxuser/UAV_UGV_netmonitoring/install/ch_manager/share/ament_index/resource_index/parent_prefix_path/ch_manager
[7.475s] -- Installing: /home/vboxuser/UAV_UGV_netmonitoring/install/ch_manager/share/ch_manager/environment/ament_prefix_path.sh
[7.475s] -- Installing: /home/vboxuser/UAV_UGV_netmonitoring/install/ch_manager/share/ch_manager/environment/ament_prefix_path.dsv
[7.475s] -- Installing: /home/vboxuser/UAV_UGV_netmonitoring/install/ch_manager/share/ch_manager/environment/path.sh
[7.475s] -- Installing: /home/vboxuser/UAV_UGV_netmonitoring/install/ch_manager/share/ch_manager/environment/path.dsv
[7.475s] -- Installing: /home/vboxuser/UAV_UGV_netmonitoring/install/ch_manager/share/ch_manager/local_setup.bash
[7.476s] -- Installing: /home/vboxuser/UAV_UGV_netmonitoring/install/ch_manager/share/ch_manager/local_setup.sh
[7.476s] -- Installing: /home/vboxuser/UAV_UGV_netmonitoring/install/ch_manager/share/ch_manager/local_setup.zsh
[7.476s] -- Installing: /home/vboxuser/UAV_UGV_netmonitoring/install/ch_manager/share/ch_manager/local_setup.dsv
[7.476s] -- Installing: /home/vboxuser/UAV_UGV_netmonitoring/install/ch_manager/share/ch_manager/package.dsv
[7.476s] -- Installing: /home/vboxuser/UAV_UGV_netmonitoring/install/ch_manager/share/ament_index/resource_index/packages/ch_manager
[7.476s] -- Installing: /home/vboxuser/UAV_UGV_netmonitoring/install/ch_manager/share/ch_manager/cmake/ch_managerConfig.cmake
[7.476s] -- Installing: /home/vboxuser/UAV_UGV_netmonitoring/install/ch_manager/share/ch_manager/cmake/ch_managerConfig-version.cmake
[7.476s] -- Installing: /home/vboxuser/UAV_UGV_netmonitoring/install/ch_manager/share/ch_manager/package.xml
[7.694s] Invoked command in '/home/vboxuser/UAV_UGV_netmonitoring/build/ch_manager' returned '0': CMAKE_PREFIX_PATH=${CMAKE_PREFIX_PATH}:/home/vboxuser/ros2_ws/install/weather_server:/home/vboxuser/ros2_ws/install/ugv_charger:/home/vboxuser/ros2_ws/install/uav_controller:/home/vboxuser/ros2_ws/install/traffic_generator:/home/vboxuser/ros2_ws/install/system_launcher:/home/vboxuser/ros2_ws/install/net_emulator:/home/vboxuser/ros2_ws/install/metrics_aggregator:/home/vboxuser/ros2_ws/install/fault_injector:/home/vboxuser/ros2_ws/install/coverage_planner:/home/vboxuser/ros2_ws/install/ch_manager:/home/vboxuser/ros2_ws/install/battery_manager:/home/vboxuser/ros2_ws/install/turtle_square_py:/home/vboxuser/ros2_ws/install/python_parameters:/home/vboxuser/ros2_ws/install/py_srvcli:/home/vboxuser/ros2_ws/install/py_pubsub:/home/vboxuser/ros2_ws/install/fibonacci_action:/opt/ros/humble /usr/bin/cmake --install /home/vboxuser/UAV_UGV_netmonitoring/build/ch_manager
