[0.348s] Invoking command in '/home/vboxuser/UAV_UGV_netmonitoring/build/fault_injector': CMAKE_PREFIX_PATH=${CMAKE_PREFIX_PATH}:/home/vboxuser/ros2_ws/install/weather_server:/home/vboxuser/ros2_ws/install/ugv_charger:/home/vboxuser/ros2_ws/install/uav_controller:/home/vboxuser/ros2_ws/install/traffic_generator:/home/vboxuser/ros2_ws/install/system_launcher:/home/vboxuser/ros2_ws/install/net_emulator:/home/vboxuser/ros2_ws/install/metrics_aggregator:/home/vboxuser/ros2_ws/install/fault_injector:/home/vboxuser/ros2_ws/install/coverage_planner:/home/vboxuser/ros2_ws/install/ch_manager:/home/vboxuser/ros2_ws/install/battery_manager:/home/vboxuser/ros2_ws/install/turtle_square_py:/home/vboxuser/ros2_ws/install/python_parameters:/home/vboxuser/ros2_ws/install/py_srvcli:/home/vboxuser/ros2_ws/install/py_pubsub:/home/vboxuser/ros2_ws/install/fibonacci_action:/opt/ros/humble /usr/bin/cmake /home/vboxuser/UAV_UGV_netmonitoring/src/fault_injector -DCMAKE_INSTALL_PREFIX=/home/vboxuser/UAV_UGV_netmonitoring/install/fault_injector
[1.133s] -- The C compiler identification is GNU 11.4.0
[1.701s] -- The CXX compiler identification is GNU 11.4.0
[1.870s] -- Detecting C compiler ABI info
[2.359s] -- Detecting C compiler ABI info - done
[2.544s] -- Check for working C compiler: /usr/bin/cc - skipped
[2.544s] -- Detecting C compile features
[2.554s] -- Detecting C compile features - done
[2.554s] -- Detecting CXX compiler ABI info
[3.340s] -- Detecting CXX compiler ABI info - done
[3.363s] -- Check for working CXX compiler: /usr/bin/c++ - skipped
[3.363s] -- Detecting CXX compile features
[3.363s] -- Detecting CXX compile features - done
[3.370s] -- Found ament_cmake: 1.3.12 (/opt/ros/humble/share/ament_cmake/cmake)
[4.713s] -- Found Python3: /usr/bin/python3 (found version "3.10.12") found components: Interpreter 
[5.412s] -- Found ament_lint_auto: 0.12.14 (/opt/ros/humble/share/ament_lint_auto/cmake)
[5.781s] -- Added test 'lint_cmake' to check CMake code style
[5.783s] -- Added test 'xmllint' to check XML markup files
[5.786s] -- Configuring done
[5.796s] -- Generating done
[5.796s] -- Build files have been written to: /home/vboxuser/UAV_UGV_netmonitoring/build/fault_injector
[5.943s] Invoked command in '/home/vboxuser/UAV_UGV_netmonitoring/build/fault_injector' returned '0': CMAKE_PREFIX_PATH=${CMAKE_PREFIX_PATH}:/home/vboxuser/ros2_ws/install/weather_server:/home/vboxuser/ros2_ws/install/ugv_charger:/home/vboxuser/ros2_ws/install/uav_controller:/home/vboxuser/ros2_ws/install/traffic_generator:/home/vboxuser/ros2_ws/install/system_launcher:/home/vboxuser/ros2_ws/install/net_emulator:/home/vboxuser/ros2_ws/install/metrics_aggregator:/home/vboxuser/ros2_ws/install/fault_injector:/home/vboxuser/ros2_ws/install/coverage_planner:/home/vboxuser/ros2_ws/install/ch_manager:/home/vboxuser/ros2_ws/install/battery_manager:/home/vboxuser/ros2_ws/install/turtle_square_py:/home/vboxuser/ros2_ws/install/python_parameters:/home/vboxuser/ros2_ws/install/py_srvcli:/home/vboxuser/ros2_ws/install/py_pubsub:/home/vboxuser/ros2_ws/install/fibonacci_action:/opt/ros/humble /usr/bin/cmake /home/vboxuser/UAV_UGV_netmonitoring/src/fault_injector -DCMAKE_INSTALL_PREFIX=/home/vboxuser/UAV_UGV_netmonitoring/install/fault_injector
[5.945s] Invoking command in '/home/vboxuser/UAV_UGV_netmonitoring/build/fault_injector': CMAKE_PREFIX_PATH=${CMAKE_PREFIX_PATH}:/home/vboxuser/ros2_ws/install/weather_server:/home/vboxuser/ros2_ws/install/ugv_charger:/home/vboxuser/ros2_ws/install/uav_controller:/home/vboxuser/ros2_ws/install/traffic_generator:/home/vboxuser/ros2_ws/install/system_launcher:/home/vboxuser/ros2_ws/install/net_emulator:/home/vboxuser/ros2_ws/install/metrics_aggregator:/home/vboxuser/ros2_ws/install/fault_injector:/home/vboxuser/ros2_ws/install/coverage_planner:/home/vboxuser/ros2_ws/install/ch_manager:/home/vboxuser/ros2_ws/install/battery_manager:/home/vboxuser/ros2_ws/install/turtle_square_py:/home/vboxuser/ros2_ws/install/python_parameters:/home/vboxuser/ros2_ws/install/py_srvcli:/home/vboxuser/ros2_ws/install/py_pubsub:/home/vboxuser/ros2_ws/install/fibonacci_action:/opt/ros/humble /usr/bin/cmake --build /home/vboxuser/UAV_UGV_netmonitoring/build/fault_injector -- -j6 -l6
[6.218s] Invoked command in '/home/vboxuser/UAV_UGV_netmonitoring/build/fault_injector' returned '0': CMAKE_PREFIX_PATH=${CMAKE_PREFIX_PATH}:/home/vboxuser/ros2_ws/install/weather_server:/home/vboxuser/ros2_ws/install/ugv_charger:/home/vboxuser/ros2_ws/install/uav_controller:/home/vboxuser/ros2_ws/install/traffic_generator:/home/vboxuser/ros2_ws/install/system_launcher:/home/vboxuser/ros2_ws/install/net_emulator:/home/vboxuser/ros2_ws/install/metrics_aggregator:/home/vboxuser/ros2_ws/install/fault_injector:/home/vboxuser/ros2_ws/install/coverage_planner:/home/vboxuser/ros2_ws/install/ch_manager:/home/vboxuser/ros2_ws/install/battery_manager:/home/vboxuser/ros2_ws/install/turtle_square_py:/home/vboxuser/ros2_ws/install/python_parameters:/home/vboxuser/ros2_ws/install/py_srvcli:/home/vboxuser/ros2_ws/install/py_pubsub:/home/vboxuser/ros2_ws/install/fibonacci_action:/opt/ros/humble /usr/bin/cmake --build /home/vboxuser/UAV_UGV_netmonitoring/build/fault_injector -- -j6 -l6
[6.267s] Invoking command in '/home/vboxuser/UAV_UGV_netmonitoring/build/fault_injector': CMAKE_PREFIX_PATH=${CMAKE_PREFIX_PATH}:/home/vboxuser/ros2_ws/install/weather_server:/home/vboxuser/ros2_ws/install/ugv_charger:/home/vboxuser/ros2_ws/install/uav_controller:/home/vboxuser/ros2_ws/install/traffic_generator:/home/vboxuser/ros2_ws/install/system_launcher:/home/vboxuser/ros2_ws/install/net_emulator:/home/vboxuser/ros2_ws/install/metrics_aggregator:/home/vboxuser/ros2_ws/install/fault_injector:/home/vboxuser/ros2_ws/install/coverage_planner:/home/vboxuser/ros2_ws/install/ch_manager:/home/vboxuser/ros2_ws/install/battery_manager:/home/vboxuser/ros2_ws/install/turtle_square_py:/home/vboxuser/ros2_ws/install/python_parameters:/home/vboxuser/ros2_ws/install/py_srvcli:/home/vboxuser/ros2_ws/install/py_pubsub:/home/vboxuser/ros2_ws/install/fibonacci_action:/opt/ros/humble /usr/bin/cmake --install /home/vboxuser/UAV_UGV_netmonitoring/build/fault_injector
[6.292s] -- Install configuration: ""
[6.302s] -- Installing: /home/vboxuser/UAV_UGV_netmonitoring/install/fault_injector/share/ament_index/resource_index/package_run_dependencies/fault_injector
[6.311s] -- Installing: /home/vboxuser/UAV_UGV_netmonitoring/install/fault_injector/share/ament_index/resource_index/parent_prefix_path/fault_injector
[6.311s] -- Installing: /home/vboxuser/UAV_UGV_netmonitoring/install/fault_injector/share/fault_injector/environment/ament_prefix_path.sh
[6.311s] -- Installing: /home/vboxuser/UAV_UGV_netmonitoring/install/fault_injector/share/fault_injector/environment/ament_prefix_path.dsv
[6.311s] -- Installing: /home/vboxuser/UAV_UGV_netmonitoring/install/fault_injector/share/fault_injector/environment/path.sh
[6.311s] -- Installing: /home/vboxuser/UAV_UGV_netmonitoring/install/fault_injector/share/fault_injector/environment/path.dsv
[6.311s] -- Installing: /home/vboxuser/UAV_UGV_netmonitoring/install/fault_injector/share/fault_injector/local_setup.bash
[6.312s] -- Installing: /home/vboxuser/UAV_UGV_netmonitoring/install/fault_injector/share/fault_injector/local_setup.sh
[6.312s] -- Installing: /home/vboxuser/UAV_UGV_netmonitoring/install/fault_injector/share/fault_injector/local_setup.zsh
[6.312s] -- Installing: /home/vboxuser/UAV_UGV_netmonitoring/install/fault_injector/share/fault_injector/local_setup.dsv
[6.312s] -- Installing: /home/vboxuser/UAV_UGV_netmonitoring/install/fault_injector/share/fault_injector/package.dsv
[6.312s] -- Installing: /home/vboxuser/UAV_UGV_netmonitoring/install/fault_injector/share/ament_index/resource_index/packages/fault_injector
[6.312s] -- Installing: /home/vboxuser/UAV_UGV_netmonitoring/install/fault_injector/share/fault_injector/cmake/fault_injectorConfig.cmake
[6.312s] -- Installing: /home/vboxuser/UAV_UGV_netmonitoring/install/fault_injector/share/fault_injector/cmake/fault_injectorConfig-version.cmake
[6.317s] -- Installing: /home/vboxuser/UAV_UGV_netmonitoring/install/fault_injector/share/fault_injector/package.xml
[6.317s] Invoked command in '/home/vboxuser/UAV_UGV_netmonitoring/build/fault_injector' returned '0': CMAKE_PREFIX_PATH=${CMAKE_PREFIX_PATH}:/home/vboxuser/ros2_ws/install/weather_server:/home/vboxuser/ros2_ws/install/ugv_charger:/home/vboxuser/ros2_ws/install/uav_controller:/home/vboxuser/ros2_ws/install/traffic_generator:/home/vboxuser/ros2_ws/install/system_launcher:/home/vboxuser/ros2_ws/install/net_emulator:/home/vboxuser/ros2_ws/install/metrics_aggregator:/home/vboxuser/ros2_ws/install/fault_injector:/home/vboxuser/ros2_ws/install/coverage_planner:/home/vboxuser/ros2_ws/install/ch_manager:/home/vboxuser/ros2_ws/install/battery_manager:/home/vboxuser/ros2_ws/install/turtle_square_py:/home/vboxuser/ros2_ws/install/python_parameters:/home/vboxuser/ros2_ws/install/py_srvcli:/home/vboxuser/ros2_ws/install/py_pubsub:/home/vboxuser/ros2_ws/install/fibonacci_action:/opt/ros/humble /usr/bin/cmake --install /home/vboxuser/UAV_UGV_netmonitoring/build/fault_injector
