[0.177s] Invoking command in '/home/vboxuser/UAV_UGV_netmonitoring/build/user_devices_sim': CMAKE_PREFIX_PATH=${CMAKE_PREFIX_PATH}:/home/vboxuser/ros2_ws/install/weather_server:/home/vboxuser/ros2_ws/install/ugv_charger:/home/vboxuser/ros2_ws/install/uav_controller:/home/vboxuser/ros2_ws/install/traffic_generator:/home/vboxuser/ros2_ws/install/system_launcher:/home/vboxuser/ros2_ws/install/net_emulator:/home/vboxuser/ros2_ws/install/metrics_aggregator:/home/vboxuser/ros2_ws/install/fault_injector:/home/vboxuser/ros2_ws/install/coverage_planner:/home/vboxuser/ros2_ws/install/ch_manager:/home/vboxuser/ros2_ws/install/battery_manager:/home/vboxuser/ros2_ws/install/turtle_square_py:/home/vboxuser/ros2_ws/install/python_parameters:/home/vboxuser/ros2_ws/install/py_srvcli:/home/vboxuser/ros2_ws/install/py_pubsub:/home/vboxuser/ros2_ws/install/fibonacci_action:/opt/ros/humble /usr/bin/cmake --build /home/vboxuser/UAV_UGV_netmonitoring/build/user_devices_sim -- -j6 -l6
[0.612s] Invoked command in '/home/vboxuser/UAV_UGV_netmonitoring/build/user_devices_sim' returned '0': CMAKE_PREFIX_PATH=${CMAKE_PREFIX_PATH}:/home/vboxuser/ros2_ws/install/weather_server:/home/vboxuser/ros2_ws/install/ugv_charger:/home/vboxuser/ros2_ws/install/uav_controller:/home/vboxuser/ros2_ws/install/traffic_generator:/home/vboxuser/ros2_ws/install/system_launcher:/home/vboxuser/ros2_ws/install/net_emulator:/home/vboxuser/ros2_ws/install/metrics_aggregator:/home/vboxuser/ros2_ws/install/fault_injector:/home/vboxuser/ros2_ws/install/coverage_planner:/home/vboxuser/ros2_ws/install/ch_manager:/home/vboxuser/ros2_ws/install/battery_manager:/home/vboxuser/ros2_ws/install/turtle_square_py:/home/vboxuser/ros2_ws/install/python_parameters:/home/vboxuser/ros2_ws/install/py_srvcli:/home/vboxuser/ros2_ws/install/py_pubsub:/home/vboxuser/ros2_ws/install/fibonacci_action:/opt/ros/humble /usr/bin/cmake --build /home/vboxuser/UAV_UGV_netmonitoring/build/user_devices_sim -- -j6 -l6
[0.613s] Invoking command in '/home/vboxuser/UAV_UGV_netmonitoring/build/user_devices_sim': CMAKE_PREFIX_PATH=${CMAKE_PREFIX_PATH}:/home/vboxuser/ros2_ws/install/weather_server:/home/vboxuser/ros2_ws/install/ugv_charger:/home/vboxuser/ros2_ws/install/uav_controller:/home/vboxuser/ros2_ws/install/traffic_generator:/home/vboxuser/ros2_ws/install/system_launcher:/home/vboxuser/ros2_ws/install/net_emulator:/home/vboxuser/ros2_ws/install/metrics_aggregator:/home/vboxuser/ros2_ws/install/fault_injector:/home/vboxuser/ros2_ws/install/coverage_planner:/home/vboxuser/ros2_ws/install/ch_manager:/home/vboxuser/ros2_ws/install/battery_manager:/home/vboxuser/ros2_ws/install/turtle_square_py:/home/vboxuser/ros2_ws/install/python_parameters:/home/vboxuser/ros2_ws/install/py_srvcli:/home/vboxuser/ros2_ws/install/py_pubsub:/home/vboxuser/ros2_ws/install/fibonacci_action:/opt/ros/humble /usr/bin/cmake --install /home/vboxuser/UAV_UGV_netmonitoring/build/user_devices_sim
[0.665s] -- Install configuration: ""
[0.665s] -- Up-to-date: /home/vboxuser/UAV_UGV_netmonitoring/install/user_devices_sim/share/ament_index/resource_index/package_run_dependencies/user_devices_sim
[0.665s] -- Up-to-date: /home/vboxuser/UAV_UGV_netmonitoring/install/user_devices_sim/share/ament_index/resource_index/parent_prefix_path/user_devices_sim
[0.665s] -- Up-to-date: /home/vboxuser/UAV_UGV_netmonitoring/install/user_devices_sim/share/user_devices_sim/environment/ament_prefix_path.sh
[0.665s] -- Up-to-date: /home/vboxuser/UAV_UGV_netmonitoring/install/user_devices_sim/share/user_devices_sim/environment/ament_prefix_path.dsv
[0.665s] -- Up-to-date: /home/vboxuser/UAV_UGV_netmonitoring/install/user_devices_sim/share/user_devices_sim/environment/path.sh
[0.665s] -- Up-to-date: /home/vboxuser/UAV_UGV_netmonitoring/install/user_devices_sim/share/user_devices_sim/environment/path.dsv
[0.666s] -- Up-to-date: /home/vboxuser/UAV_UGV_netmonitoring/install/user_devices_sim/share/user_devices_sim/local_setup.bash
[0.666s] -- Up-to-date: /home/vboxuser/UAV_UGV_netmonitoring/install/user_devices_sim/share/user_devices_sim/local_setup.sh
[0.666s] -- Up-to-date: /home/vboxuser/UAV_UGV_netmonitoring/install/user_devices_sim/share/user_devices_sim/local_setup.zsh
[0.666s] -- Up-to-date: /home/vboxuser/UAV_UGV_netmonitoring/install/user_devices_sim/share/user_devices_sim/local_setup.dsv
[0.666s] -- Installing: /home/vboxuser/UAV_UGV_netmonitoring/install/user_devices_sim/share/user_devices_sim/package.dsv
[0.666s] -- Up-to-date: /home/vboxuser/UAV_UGV_netmonitoring/install/user_devices_sim/share/ament_index/resource_index/packages/user_devices_sim
[0.666s] -- Up-to-date: /home/vboxuser/UAV_UGV_netmonitoring/install/user_devices_sim/share/user_devices_sim/cmake/user_devices_simConfig.cmake
[0.666s] -- Up-to-date: /home/vboxuser/UAV_UGV_netmonitoring/install/user_devices_sim/share/user_devices_sim/cmake/user_devices_simConfig-version.cmake
[0.666s] -- Up-to-date: /home/vboxuser/UAV_UGV_netmonitoring/install/user_devices_sim/share/user_devices_sim/package.xml
[0.666s] Invoked command in '/home/vboxuser/UAV_UGV_netmonitoring/build/user_devices_sim' returned '0': CMAKE_PREFIX_PATH=${CMAKE_PREFIX_PATH}:/home/vboxuser/ros2_ws/install/weather_server:/home/vboxuser/ros2_ws/install/ugv_charger:/home/vboxuser/ros2_ws/install/uav_controller:/home/vboxuser/ros2_ws/install/traffic_generator:/home/vboxuser/ros2_ws/install/system_launcher:/home/vboxuser/ros2_ws/install/net_emulator:/home/vboxuser/ros2_ws/install/metrics_aggregator:/home/vboxuser/ros2_ws/install/fault_injector:/home/vboxuser/ros2_ws/install/coverage_planner:/home/vboxuser/ros2_ws/install/ch_manager:/home/vboxuser/ros2_ws/install/battery_manager:/home/vboxuser/ros2_ws/install/turtle_square_py:/home/vboxuser/ros2_ws/install/python_parameters:/home/vboxuser/ros2_ws/install/py_srvcli:/home/vboxuser/ros2_ws/install/py_pubsub:/home/vboxuser/ros2_ws/install/fibonacci_action:/opt/ros/humble /usr/bin/cmake --install /home/vboxuser/UAV_UGV_netmonitoring/build/user_devices_sim
