[0.281s] Invoking command in '/home/vboxuser/UAV_UGV_netmonitoring/build/fault_injector': CMAKE_PREFIX_PATH=${CMAKE_PREFIX_PATH}:/home/vboxuser/ros2_ws/install/weather_server:/home/vboxuser/ros2_ws/install/ugv_charger:/home/vboxuser/ros2_ws/install/uav_controller:/home/vboxuser/ros2_ws/install/traffic_generator:/home/vboxuser/ros2_ws/install/system_launcher:/home/vboxuser/ros2_ws/install/net_emulator:/home/vboxuser/ros2_ws/install/metrics_aggregator:/home/vboxuser/ros2_ws/install/fault_injector:/home/vboxuser/ros2_ws/install/coverage_planner:/home/vboxuser/ros2_ws/install/ch_manager:/home/vboxuser/ros2_ws/install/battery_manager:/home/vboxuser/ros2_ws/install/turtle_square_py:/home/vboxuser/ros2_ws/install/python_parameters:/home/vboxuser/ros2_ws/install/py_srvcli:/home/vboxuser/ros2_ws/install/py_pubsub:/home/vboxuser/ros2_ws/install/fibonacci_action:/opt/ros/humble /usr/bin/cmake --build /home/vboxuser/UAV_UGV_netmonitoring/build/fault_injector -- -j6 -l6
[0.885s] Invoked command in '/home/vboxuser/UAV_UGV_netmonitoring/build/fault_injector' returned '0': CMAKE_PREFIX_PATH=${CMAKE_PREFIX_PATH}:/home/vboxuser/ros2_ws/install/weather_server:/home/vboxuser/ros2_ws/install/ugv_charger:/home/vboxuser/ros2_ws/install/uav_controller:/home/vboxuser/ros2_ws/install/traffic_generator:/home/vboxuser/ros2_ws/install/system_launcher:/home/vboxuser/ros2_ws/install/net_emulator:/home/vboxuser/ros2_ws/install/metrics_aggregator:/home/vboxuser/ros2_ws/install/fault_injector:/home/vboxuser/ros2_ws/install/coverage_planner:/home/vboxuser/ros2_ws/install/ch_manager:/home/vboxuser/ros2_ws/install/battery_manager:/home/vboxuser/ros2_ws/install/turtle_square_py:/home/vboxuser/ros2_ws/install/python_parameters:/home/vboxuser/ros2_ws/install/py_srvcli:/home/vboxuser/ros2_ws/install/py_pubsub:/home/vboxuser/ros2_ws/install/fibonacci_action:/opt/ros/humble /usr/bin/cmake --build /home/vboxuser/UAV_UGV_netmonitoring/build/fault_injector -- -j6 -l6
[1.025s] Invoking command in '/home/vboxuser/UAV_UGV_netmonitoring/build/fault_injector': CMAKE_PREFIX_PATH=${CMAKE_PREFIX_PATH}:/home/vboxuser/ros2_ws/install/weather_server:/home/vboxuser/ros2_ws/install/ugv_charger:/home/vboxuser/ros2_ws/install/uav_controller:/home/vboxuser/ros2_ws/install/traffic_generator:/home/vboxuser/ros2_ws/install/system_launcher:/home/vboxuser/ros2_ws/install/net_emulator:/home/vboxuser/ros2_ws/install/metrics_aggregator:/home/vboxuser/ros2_ws/install/fault_injector:/home/vboxuser/ros2_ws/install/coverage_planner:/home/vboxuser/ros2_ws/install/ch_manager:/home/vboxuser/ros2_ws/install/battery_manager:/home/vboxuser/ros2_ws/install/turtle_square_py:/home/vboxuser/ros2_ws/install/python_parameters:/home/vboxuser/ros2_ws/install/py_srvcli:/home/vboxuser/ros2_ws/install/py_pubsub:/home/vboxuser/ros2_ws/install/fibonacci_action:/opt/ros/humble /usr/bin/cmake --install /home/vboxuser/UAV_UGV_netmonitoring/build/fault_injector
[1.144s] -- Install configuration: ""
[1.145s] -- Up-to-date: /home/vboxuser/UAV_UGV_netmonitoring/install/fault_injector/share/ament_index/resource_index/package_run_dependencies/fault_injector
[1.145s] -- Up-to-date: /home/vboxuser/UAV_UGV_netmonitoring/install/fault_injector/share/ament_index/resource_index/parent_prefix_path/fault_injector
[1.145s] -- Up-to-date: /home/vboxuser/UAV_UGV_netmonitoring/install/fault_injector/share/fault_injector/environment/ament_prefix_path.sh
[1.145s] -- Up-to-date: /home/vboxuser/UAV_UGV_netmonitoring/install/fault_injector/share/fault_injector/environment/ament_prefix_path.dsv
[1.145s] -- Up-to-date: /home/vboxuser/UAV_UGV_netmonitoring/install/fault_injector/share/fault_injector/environment/path.sh
[1.149s] -- Up-to-date: /home/vboxuser/UAV_UGV_netmonitoring/install/fault_injector/share/fault_injector/environment/path.dsv
[1.149s] -- Up-to-date: /home/vboxuser/UAV_UGV_netmonitoring/install/fault_injector/share/fault_injector/local_setup.bash
[1.149s] -- Up-to-date: /home/vboxuser/UAV_UGV_netmonitoring/install/fault_injector/share/fault_injector/local_setup.sh
[1.149s] -- Up-to-date: /home/vboxuser/UAV_UGV_netmonitoring/install/fault_injector/share/fault_injector/local_setup.zsh
[1.149s] -- Up-to-date: /home/vboxuser/UAV_UGV_netmonitoring/install/fault_injector/share/fault_injector/local_setup.dsv
[1.149s] -- Installing: /home/vboxuser/UAV_UGV_netmonitoring/install/fault_injector/share/fault_injector/package.dsv
[1.149s] -- Up-to-date: /home/vboxuser/UAV_UGV_netmonitoring/install/fault_injector/share/ament_index/resource_index/packages/fault_injector
[1.149s] -- Up-to-date: /home/vboxuser/UAV_UGV_netmonitoring/install/fault_injector/share/fault_injector/cmake/fault_injectorConfig.cmake
[1.149s] -- Up-to-date: /home/vboxuser/UAV_UGV_netmonitoring/install/fault_injector/share/fault_injector/cmake/fault_injectorConfig-version.cmake
[1.149s] -- Up-to-date: /home/vboxuser/UAV_UGV_netmonitoring/install/fault_injector/share/fault_injector/package.xml
[1.586s] Invoked command in '/home/vboxuser/UAV_UGV_netmonitoring/build/fault_injector' returned '0': CMAKE_PREFIX_PATH=${CMAKE_PREFIX_PATH}:/home/vboxuser/ros2_ws/install/weather_server:/home/vboxuser/ros2_ws/install/ugv_charger:/home/vboxuser/ros2_ws/install/uav_controller:/home/vboxuser/ros2_ws/install/traffic_generator:/home/vboxuser/ros2_ws/install/system_launcher:/home/vboxuser/ros2_ws/install/net_emulator:/home/vboxuser/ros2_ws/install/metrics_aggregator:/home/vboxuser/ros2_ws/install/fault_injector:/home/vboxuser/ros2_ws/install/coverage_planner:/home/vboxuser/ros2_ws/install/ch_manager:/home/vboxuser/ros2_ws/install/battery_manager:/home/vboxuser/ros2_ws/install/turtle_square_py:/home/vboxuser/ros2_ws/install/python_parameters:/home/vboxuser/ros2_ws/install/py_srvcli:/home/vboxuser/ros2_ws/install/py_pubsub:/home/vboxuser/ros2_ws/install/fibonacci_action:/opt/ros/humble /usr/bin/cmake --install /home/vboxuser/UAV_UGV_netmonitoring/build/fault_injector
