[35m[1mConsolidate compiler generated dependencies of target ugv_charger_node[0m
[100%] Built target ugv_charger_node
-- Install configuration: ""
-- Installing: /home/vboxuser/UAV_UGV_netmonitoring/install/ugv_charger/lib/ugv_charger/ugv_charger_node
-- Set runtime path of "/home/vboxuser/UAV_UGV_netmonitoring/install/ugv_charger/lib/ugv_charger/ugv_charger_node" to ""
-- Up-to-date: /home/vboxuser/UAV_UGV_netmonitoring/install/ugv_charger/share/ament_index/resource_index/package_run_dependencies/ugv_charger
-- Up-to-date: /home/vboxuser/UAV_UGV_netmonitoring/install/ugv_charger/share/ament_index/resource_index/parent_prefix_path/ugv_charger
-- Up-to-date: /home/vboxuser/UAV_UGV_netmonitoring/install/ugv_charger/share/ugv_charger/environment/ament_prefix_path.sh
-- Up-to-date: /home/vboxuser/UAV_UGV_netmonitoring/install/ugv_charger/share/ugv_charger/environment/ament_prefix_path.dsv
-- Up-to-date: /home/vboxuser/UAV_UGV_netmonitoring/install/ugv_charger/share/ugv_charger/environment/path.sh
-- Up-to-date: /home/vboxuser/UAV_UGV_netmonitoring/install/ugv_charger/share/ugv_charger/environment/path.dsv
-- Up-to-date: /home/vboxuser/UAV_UGV_netmonitoring/install/ugv_charger/share/ugv_charger/local_setup.bash
-- Up-to-date: /home/vboxuser/UAV_UGV_netmonitoring/install/ugv_charger/share/ugv_charger/local_setup.sh
-- Up-to-date: /home/vboxuser/UAV_UGV_netmonitoring/install/ugv_charger/share/ugv_charger/local_setup.zsh
-- Up-to-date: /home/vboxuser/UAV_UGV_netmonitoring/install/ugv_charger/share/ugv_charger/local_setup.dsv
-- Installing: /home/vboxuser/UAV_UGV_netmonitoring/install/ugv_charger/share/ugv_charger/package.dsv
-- Up-to-date: /home/vboxuser/UAV_UGV_netmonitoring/install/ugv_charger/share/ament_index/resource_index/packages/ugv_charger
-- Up-to-date: /home/vboxuser/UAV_UGV_netmonitoring/install/ugv_charger/share/ugv_charger/cmake/ugv_chargerConfig.cmake
-- Up-to-date: /home/vboxuser/UAV_UGV_netmonitoring/install/ugv_charger/share/ugv_charger/cmake/ugv_chargerConfig-version.cmake
-- Up-to-date: /home/vboxuser/UAV_UGV_netmonitoring/install/ugv_charger/share/ugv_charger/package.xml
