[0.201s] Invoking command in '/home/vboxuser/UAV_UGV_netmonitoring/build/weather_server': CMAKE_PREFIX_PATH=${CMAKE_PREFIX_PATH}:/home/vboxuser/ros2_ws/install/weather_server:/home/vboxuser/ros2_ws/install/ugv_charger:/home/vboxuser/ros2_ws/install/uav_controller:/home/vboxuser/ros2_ws/install/traffic_generator:/home/vboxuser/ros2_ws/install/system_launcher:/home/vboxuser/ros2_ws/install/net_emulator:/home/vboxuser/ros2_ws/install/metrics_aggregator:/home/vboxuser/ros2_ws/install/fault_injector:/home/vboxuser/ros2_ws/install/coverage_planner:/home/vboxuser/ros2_ws/install/ch_manager:/home/vboxuser/ros2_ws/install/battery_manager:/home/vboxuser/ros2_ws/install/turtle_square_py:/home/vboxuser/ros2_ws/install/python_parameters:/home/vboxuser/ros2_ws/install/py_srvcli:/home/vboxuser/ros2_ws/install/py_pubsub:/home/vboxuser/ros2_ws/install/fibonacci_action:/opt/ros/humble /usr/bin/cmake /home/vboxuser/UAV_UGV_netmonitoring/src/weather_server -DCMAKE_INSTALL_PREFIX=/home/vboxuser/UAV_UGV_netmonitoring/install/weather_server
[0.557s] -- The C compiler identification is GNU 11.4.0
[0.925s] -- The CXX compiler identification is GNU 11.4.0
[0.956s] -- Detecting C compiler ABI info
[1.574s] -- Detecting C compiler ABI info - done
[1.674s] -- Check for working C compiler: /usr/bin/cc - skipped
[1.681s] -- Detecting C compile features
[1.681s] -- Detecting C compile features - done
[1.694s] -- Detecting CXX compiler ABI info
[2.429s] -- Detecting CXX compiler ABI info - done
[2.460s] -- Check for working CXX compiler: /usr/bin/c++ - skipped
[2.460s] -- Detecting CXX compile features
[2.460s] -- Detecting CXX compile features - done
[2.495s] -- Found ament_cmake: 1.3.12 (/opt/ros/humble/share/ament_cmake/cmake)
[3.846s] -- Found Python3: /usr/bin/python3 (found version "3.10.12") found components: Interpreter 
[4.382s] -- Found ament_lint_auto: 0.12.14 (/opt/ros/humble/share/ament_lint_auto/cmake)
[5.113s] -- Added test 'lint_cmake' to check CMake code style
[5.155s] -- Added test 'xmllint' to check XML markup files
[5.155s] -- Configuring done
[5.155s] -- Generating done
[5.173s] -- Build files have been written to: /home/vboxuser/UAV_UGV_netmonitoring/build/weather_server
[5.430s] Invoked command in '/home/vboxuser/UAV_UGV_netmonitoring/build/weather_server' returned '0': CMAKE_PREFIX_PATH=${CMAKE_PREFIX_PATH}:/home/vboxuser/ros2_ws/install/weather_server:/home/vboxuser/ros2_ws/install/ugv_charger:/home/vboxuser/ros2_ws/install/uav_controller:/home/vboxuser/ros2_ws/install/traffic_generator:/home/vboxuser/ros2_ws/install/system_launcher:/home/vboxuser/ros2_ws/install/net_emulator:/home/vboxuser/ros2_ws/install/metrics_aggregator:/home/vboxuser/ros2_ws/install/fault_injector:/home/vboxuser/ros2_ws/install/coverage_planner:/home/vboxuser/ros2_ws/install/ch_manager:/home/vboxuser/ros2_ws/install/battery_manager:/home/vboxuser/ros2_ws/install/turtle_square_py:/home/vboxuser/ros2_ws/install/python_parameters:/home/vboxuser/ros2_ws/install/py_srvcli:/home/vboxuser/ros2_ws/install/py_pubsub:/home/vboxuser/ros2_ws/install/fibonacci_action:/opt/ros/humble /usr/bin/cmake /home/vboxuser/UAV_UGV_netmonitoring/src/weather_server -DCMAKE_INSTALL_PREFIX=/home/vboxuser/UAV_UGV_netmonitoring/install/weather_server
[5.436s] Invoking command in '/home/vboxuser/UAV_UGV_netmonitoring/build/weather_server': CMAKE_PREFIX_PATH=${CMAKE_PREFIX_PATH}:/home/vboxuser/ros2_ws/install/weather_server:/home/vboxuser/ros2_ws/install/ugv_charger:/home/vboxuser/ros2_ws/install/uav_controller:/home/vboxuser/ros2_ws/install/traffic_generator:/home/vboxuser/ros2_ws/install/system_launcher:/home/vboxuser/ros2_ws/install/net_emulator:/home/vboxuser/ros2_ws/install/metrics_aggregator:/home/vboxuser/ros2_ws/install/fault_injector:/home/vboxuser/ros2_ws/install/coverage_planner:/home/vboxuser/ros2_ws/install/ch_manager:/home/vboxuser/ros2_ws/install/battery_manager:/home/vboxuser/ros2_ws/install/turtle_square_py:/home/vboxuser/ros2_ws/install/python_parameters:/home/vboxuser/ros2_ws/install/py_srvcli:/home/vboxuser/ros2_ws/install/py_pubsub:/home/vboxuser/ros2_ws/install/fibonacci_action:/opt/ros/humble /usr/bin/cmake --build /home/vboxuser/UAV_UGV_netmonitoring/build/weather_server -- -j6 -l6
[5.659s] Invoked command in '/home/vboxuser/UAV_UGV_netmonitoring/build/weather_server' returned '0': CMAKE_PREFIX_PATH=${CMAKE_PREFIX_PATH}:/home/vboxuser/ros2_ws/install/weather_server:/home/vboxuser/ros2_ws/install/ugv_charger:/home/vboxuser/ros2_ws/install/uav_controller:/home/vboxuser/ros2_ws/install/traffic_generator:/home/vboxuser/ros2_ws/install/system_launcher:/home/vboxuser/ros2_ws/install/net_emulator:/home/vboxuser/ros2_ws/install/metrics_aggregator:/home/vboxuser/ros2_ws/install/fault_injector:/home/vboxuser/ros2_ws/install/coverage_planner:/home/vboxuser/ros2_ws/install/ch_manager:/home/vboxuser/ros2_ws/install/battery_manager:/home/vboxuser/ros2_ws/install/turtle_square_py:/home/vboxuser/ros2_ws/install/python_parameters:/home/vboxuser/ros2_ws/install/py_srvcli:/home/vboxuser/ros2_ws/install/py_pubsub:/home/vboxuser/ros2_ws/install/fibonacci_action:/opt/ros/humble /usr/bin/cmake --build /home/vboxuser/UAV_UGV_netmonitoring/build/weather_server -- -j6 -l6
[5.692s] Invoking command in '/home/vboxuser/UAV_UGV_netmonitoring/build/weather_server': CMAKE_PREFIX_PATH=${CMAKE_PREFIX_PATH}:/home/vboxuser/ros2_ws/install/weather_server:/home/vboxuser/ros2_ws/install/ugv_charger:/home/vboxuser/ros2_ws/install/uav_controller:/home/vboxuser/ros2_ws/install/traffic_generator:/home/vboxuser/ros2_ws/install/system_launcher:/home/vboxuser/ros2_ws/install/net_emulator:/home/vboxuser/ros2_ws/install/metrics_aggregator:/home/vboxuser/ros2_ws/install/fault_injector:/home/vboxuser/ros2_ws/install/coverage_planner:/home/vboxuser/ros2_ws/install/ch_manager:/home/vboxuser/ros2_ws/install/battery_manager:/home/vboxuser/ros2_ws/install/turtle_square_py:/home/vboxuser/ros2_ws/install/python_parameters:/home/vboxuser/ros2_ws/install/py_srvcli:/home/vboxuser/ros2_ws/install/py_pubsub:/home/vboxuser/ros2_ws/install/fibonacci_action:/opt/ros/humble /usr/bin/cmake --install /home/vboxuser/UAV_UGV_netmonitoring/build/weather_server
[5.752s] -- Install configuration: ""
[5.757s] -- Installing: /home/vboxuser/UAV_UGV_netmonitoring/install/weather_server/share/ament_index/resource_index/package_run_dependencies/weather_server
[5.757s] -- Installing: /home/vboxuser/UAV_UGV_netmonitoring/install/weather_server/share/ament_index/resource_index/parent_prefix_path/weather_server
[5.758s] -- Installing: /home/vboxuser/UAV_UGV_netmonitoring/install/weather_server/share/weather_server/environment/ament_prefix_path.sh
[5.769s] -- Installing: /home/vboxuser/UAV_UGV_netmonitoring/install/weather_server/share/weather_server/environment/ament_prefix_path.dsv
[5.771s] -- Installing: /home/vboxuser/UAV_UGV_netmonitoring/install/weather_server/share/weather_server/environment/path.sh
[5.772s] -- Installing: /home/vboxuser/UAV_UGV_netmonitoring/install/weather_server/share/weather_server/environment/path.dsv
[5.772s] -- Installing: /home/vboxuser/UAV_UGV_netmonitoring/install/weather_server/share/weather_server/local_setup.bash
[5.772s] -- Installing: /home/vboxuser/UAV_UGV_netmonitoring/install/weather_server/share/weather_server/local_setup.sh
[5.772s] -- Installing: /home/vboxuser/UAV_UGV_netmonitoring/install/weather_server/share/weather_server/local_setup.zsh
[5.772s] -- Installing: /home/vboxuser/UAV_UGV_netmonitoring/install/weather_server/share/weather_server/local_setup.dsv
[5.774s] -- Installing: /home/vboxuser/UAV_UGV_netmonitoring/install/weather_server/share/weather_server/package.dsv
[5.775s] -- Installing: /home/vboxuser/UAV_UGV_netmonitoring/install/weather_server/share/ament_index/resource_index/packages/weather_server
[5.775s] -- Installing: /home/vboxuser/UAV_UGV_netmonitoring/install/weather_server/share/weather_server/cmake/weather_serverConfig.cmake
[5.776s] -- Installing: /home/vboxuser/UAV_UGV_netmonitoring/install/weather_server/share/weather_server/cmake/weather_serverConfig-version.cmake
[5.776s] -- Installing: /home/vboxuser/UAV_UGV_netmonitoring/install/weather_server/share/weather_server/package.xml
[5.777s] Invoked command in '/home/vboxuser/UAV_UGV_netmonitoring/build/weather_server' returned '0': CMAKE_PREFIX_PATH=${CMAKE_PREFIX_PATH}:/home/vboxuser/ros2_ws/install/weather_server:/home/vboxuser/ros2_ws/install/ugv_charger:/home/vboxuser/ros2_ws/install/uav_controller:/home/vboxuser/ros2_ws/install/traffic_generator:/home/vboxuser/ros2_ws/install/system_launcher:/home/vboxuser/ros2_ws/install/net_emulator:/home/vboxuser/ros2_ws/install/metrics_aggregator:/home/vboxuser/ros2_ws/install/fault_injector:/home/vboxuser/ros2_ws/install/coverage_planner:/home/vboxuser/ros2_ws/install/ch_manager:/home/vboxuser/ros2_ws/install/battery_manager:/home/vboxuser/ros2_ws/install/turtle_square_py:/home/vboxuser/ros2_ws/install/python_parameters:/home/vboxuser/ros2_ws/install/py_srvcli:/home/vboxuser/ros2_ws/install/py_pubsub:/home/vboxuser/ros2_ws/install/fibonacci_action:/opt/ros/humble /usr/bin/cmake --install /home/vboxuser/UAV_UGV_netmonitoring/build/weather_server
