[35m[1mConsolidate compiler generated dependencies of target coverage_planner_node[0m
[ 50%] [32mBuilding CXX object CMakeFiles/coverage_planner_node.dir/src/coverage_planner_node.cpp.o[0m
[100%] [32m[1mLinking CXX executable coverage_planner_node[0m
[100%] Built target coverage_planner_node
-- Install configuration: ""
-- Installing: /home/vboxuser/UAV_UGV_netmonitoring/install/coverage_planner/lib/coverage_planner/coverage_planner_node
-- Set runtime path of "/home/vboxuser/UAV_UGV_netmonitoring/install/coverage_planner/lib/coverage_planner/coverage_planner_node" to ""
-- Up-to-date: /home/vboxuser/UAV_UGV_netmonitoring/install/coverage_planner/share/ament_index/resource_index/package_run_dependencies/coverage_planner
-- Up-to-date: /home/vboxuser/UAV_UGV_netmonitoring/install/coverage_planner/share/ament_index/resource_index/parent_prefix_path/coverage_planner
-- Up-to-date: /home/vboxuser/UAV_UGV_netmonitoring/install/coverage_planner/share/coverage_planner/environment/ament_prefix_path.sh
-- Up-to-date: /home/vboxuser/UAV_UGV_netmonitoring/install/coverage_planner/share/coverage_planner/environment/ament_prefix_path.dsv
-- Up-to-date: /home/vboxuser/UAV_UGV_netmonitoring/install/coverage_planner/share/coverage_planner/environment/path.sh
-- Up-to-date: /home/vboxuser/UAV_UGV_netmonitoring/install/coverage_planner/share/coverage_planner/environment/path.dsv
-- Up-to-date: /home/vboxuser/UAV_UGV_netmonitoring/install/coverage_planner/share/coverage_planner/local_setup.bash
-- Up-to-date: /home/vboxuser/UAV_UGV_netmonitoring/install/coverage_planner/share/coverage_planner/local_setup.sh
-- Up-to-date: /home/vboxuser/UAV_UGV_netmonitoring/install/coverage_planner/share/coverage_planner/local_setup.zsh
-- Up-to-date: /home/vboxuser/UAV_UGV_netmonitoring/install/coverage_planner/share/coverage_planner/local_setup.dsv
-- Installing: /home/vboxuser/UAV_UGV_netmonitoring/install/coverage_planner/share/coverage_planner/package.dsv
-- Up-to-date: /home/vboxuser/UAV_UGV_netmonitoring/install/coverage_planner/share/ament_index/resource_index/packages/coverage_planner
-- Up-to-date: /home/vboxuser/UAV_UGV_netmonitoring/install/coverage_planner/share/coverage_planner/cmake/coverage_plannerConfig.cmake
-- Up-to-date: /home/vboxuser/UAV_UGV_netmonitoring/install/coverage_planner/share/coverage_planner/cmake/coverage_plannerConfig-version.cmake
-- Up-to-date: /home/vboxuser/UAV_UGV_netmonitoring/install/coverage_planner/share/coverage_planner/package.xml
