[0.435s] Invoking command in '/home/vboxuser/UAV_UGV_netmonitoring/build/ch_manager': CMAKE_PREFIX_PATH=${CMAKE_PREFIX_PATH}:/home/vboxuser/ros2_ws/install/weather_server:/home/vboxuser/ros2_ws/install/ugv_charger:/home/vboxuser/ros2_ws/install/uav_controller:/home/vboxuser/ros2_ws/install/traffic_generator:/home/vboxuser/ros2_ws/install/system_launcher:/home/vboxuser/ros2_ws/install/net_emulator:/home/vboxuser/ros2_ws/install/metrics_aggregator:/home/vboxuser/ros2_ws/install/fault_injector:/home/vboxuser/ros2_ws/install/coverage_planner:/home/vboxuser/ros2_ws/install/ch_manager:/home/vboxuser/ros2_ws/install/battery_manager:/home/vboxuser/ros2_ws/install/turtle_square_py:/home/vboxuser/ros2_ws/install/python_parameters:/home/vboxuser/ros2_ws/install/py_srvcli:/home/vboxuser/ros2_ws/install/py_pubsub:/home/vboxuser/ros2_ws/install/fibonacci_action:/opt/ros/humble /usr/bin/cmake --build /home/vboxuser/UAV_UGV_netmonitoring/build/ch_manager -- -j6 -l6
[0.820s] Invoked command in '/home/vboxuser/UAV_UGV_netmonitoring/build/ch_manager' returned '0': CMAKE_PREFIX_PATH=${CMAKE_PREFIX_PATH}:/home/vboxuser/ros2_ws/install/weather_server:/home/vboxuser/ros2_ws/install/ugv_charger:/home/vboxuser/ros2_ws/install/uav_controller:/home/vboxuser/ros2_ws/install/traffic_generator:/home/vboxuser/ros2_ws/install/system_launcher:/home/vboxuser/ros2_ws/install/net_emulator:/home/vboxuser/ros2_ws/install/metrics_aggregator:/home/vboxuser/ros2_ws/install/fault_injector:/home/vboxuser/ros2_ws/install/coverage_planner:/home/vboxuser/ros2_ws/install/ch_manager:/home/vboxuser/ros2_ws/install/battery_manager:/home/vboxuser/ros2_ws/install/turtle_square_py:/home/vboxuser/ros2_ws/install/python_parameters:/home/vboxuser/ros2_ws/install/py_srvcli:/home/vboxuser/ros2_ws/install/py_pubsub:/home/vboxuser/ros2_ws/install/fibonacci_action:/opt/ros/humble /usr/bin/cmake --build /home/vboxuser/UAV_UGV_netmonitoring/build/ch_manager -- -j6 -l6
[0.946s] Invoking command in '/home/vboxuser/UAV_UGV_netmonitoring/build/ch_manager': CMAKE_PREFIX_PATH=${CMAKE_PREFIX_PATH}:/home/vboxuser/ros2_ws/install/weather_server:/home/vboxuser/ros2_ws/install/ugv_charger:/home/vboxuser/ros2_ws/install/uav_controller:/home/vboxuser/ros2_ws/install/traffic_generator:/home/vboxuser/ros2_ws/install/system_launcher:/home/vboxuser/ros2_ws/install/net_emulator:/home/vboxuser/ros2_ws/install/metrics_aggregator:/home/vboxuser/ros2_ws/install/fault_injector:/home/vboxuser/ros2_ws/install/coverage_planner:/home/vboxuser/ros2_ws/install/ch_manager:/home/vboxuser/ros2_ws/install/battery_manager:/home/vboxuser/ros2_ws/install/turtle_square_py:/home/vboxuser/ros2_ws/install/python_parameters:/home/vboxuser/ros2_ws/install/py_srvcli:/home/vboxuser/ros2_ws/install/py_pubsub:/home/vboxuser/ros2_ws/install/fibonacci_action:/opt/ros/humble /usr/bin/cmake --install /home/vboxuser/UAV_UGV_netmonitoring/build/ch_manager
[1.033s] -- Install configuration: ""
[1.033s] -- Up-to-date: /home/vboxuser/UAV_UGV_netmonitoring/install/ch_manager/share/ament_index/resource_index/package_run_dependencies/ch_manager
[1.033s] -- Up-to-date: /home/vboxuser/UAV_UGV_netmonitoring/install/ch_manager/share/ament_index/resource_index/parent_prefix_path/ch_manager
[1.033s] -- Up-to-date: /home/vboxuser/UAV_UGV_netmonitoring/install/ch_manager/share/ch_manager/environment/ament_prefix_path.sh
[1.033s] -- Up-to-date: /home/vboxuser/UAV_UGV_netmonitoring/install/ch_manager/share/ch_manager/environment/ament_prefix_path.dsv
[1.033s] -- Up-to-date: /home/vboxuser/UAV_UGV_netmonitoring/install/ch_manager/share/ch_manager/environment/path.sh
[1.034s] -- Up-to-date: /home/vboxuser/UAV_UGV_netmonitoring/install/ch_manager/share/ch_manager/environment/path.dsv
[1.034s] -- Up-to-date: /home/vboxuser/UAV_UGV_netmonitoring/install/ch_manager/share/ch_manager/local_setup.bash
[1.034s] -- Up-to-date: /home/vboxuser/UAV_UGV_netmonitoring/install/ch_manager/share/ch_manager/local_setup.sh
[1.034s] -- Up-to-date: /home/vboxuser/UAV_UGV_netmonitoring/install/ch_manager/share/ch_manager/local_setup.zsh
[1.034s] -- Up-to-date: /home/vboxuser/UAV_UGV_netmonitoring/install/ch_manager/share/ch_manager/local_setup.dsv
[1.034s] -- Installing: /home/vboxuser/UAV_UGV_netmonitoring/install/ch_manager/share/ch_manager/package.dsv
[1.034s] -- Up-to-date: /home/vboxuser/UAV_UGV_netmonitoring/install/ch_manager/share/ament_index/resource_index/packages/ch_manager
[1.034s] -- Up-to-date: /home/vboxuser/UAV_UGV_netmonitoring/install/ch_manager/share/ch_manager/cmake/ch_managerConfig.cmake
[1.034s] -- Up-to-date: /home/vboxuser/UAV_UGV_netmonitoring/install/ch_manager/share/ch_manager/cmake/ch_managerConfig-version.cmake
[1.034s] -- Up-to-date: /home/vboxuser/UAV_UGV_netmonitoring/install/ch_manager/share/ch_manager/package.xml
[1.310s] Invoked command in '/home/vboxuser/UAV_UGV_netmonitoring/build/ch_manager' returned '0': CMAKE_PREFIX_PATH=${CMAKE_PREFIX_PATH}:/home/vboxuser/ros2_ws/install/weather_server:/home/vboxuser/ros2_ws/install/ugv_charger:/home/vboxuser/ros2_ws/install/uav_controller:/home/vboxuser/ros2_ws/install/traffic_generator:/home/vboxuser/ros2_ws/install/system_launcher:/home/vboxuser/ros2_ws/install/net_emulator:/home/vboxuser/ros2_ws/install/metrics_aggregator:/home/vboxuser/ros2_ws/install/fault_injector:/home/vboxuser/ros2_ws/install/coverage_planner:/home/vboxuser/ros2_ws/install/ch_manager:/home/vboxuser/ros2_ws/install/battery_manager:/home/vboxuser/ros2_ws/install/turtle_square_py:/home/vboxuser/ros2_ws/install/python_parameters:/home/vboxuser/ros2_ws/install/py_srvcli:/home/vboxuser/ros2_ws/install/py_pubsub:/home/vboxuser/ros2_ws/install/fibonacci_action:/opt/ros/humble /usr/bin/cmake --install /home/vboxuser/UAV_UGV_netmonitoring/build/ch_manager
