[0.470s] Invoking command in '/home/vboxuser/UAV_UGV_netmonitoring/build/ugv_charger': CMAKE_PREFIX_PATH=${CMAKE_PREFIX_PATH}:/home/vboxuser/ros2_ws/install/weather_server:/home/vboxuser/ros2_ws/install/ugv_charger:/home/vboxuser/ros2_ws/install/uav_controller:/home/vboxuser/ros2_ws/install/traffic_generator:/home/vboxuser/ros2_ws/install/system_launcher:/home/vboxuser/ros2_ws/install/net_emulator:/home/vboxuser/ros2_ws/install/metrics_aggregator:/home/vboxuser/ros2_ws/install/fault_injector:/home/vboxuser/ros2_ws/install/coverage_planner:/home/vboxuser/ros2_ws/install/ch_manager:/home/vboxuser/ros2_ws/install/battery_manager:/home/vboxuser/ros2_ws/install/turtle_square_py:/home/vboxuser/ros2_ws/install/python_parameters:/home/vboxuser/ros2_ws/install/py_srvcli:/home/vboxuser/ros2_ws/install/py_pubsub:/home/vboxuser/ros2_ws/install/fibonacci_action:/opt/ros/humble /usr/bin/cmake --build /home/vboxuser/UAV_UGV_netmonitoring/build/ugv_charger -- -j6 -l6
[1.225s] Invoked command in '/home/vboxuser/UAV_UGV_netmonitoring/build/ugv_charger' returned '0': CMAKE_PREFIX_PATH=${CMAKE_PREFIX_PATH}:/home/vboxuser/ros2_ws/install/weather_server:/home/vboxuser/ros2_ws/install/ugv_charger:/home/vboxuser/ros2_ws/install/uav_controller:/home/vboxuser/ros2_ws/install/traffic_generator:/home/vboxuser/ros2_ws/install/system_launcher:/home/vboxuser/ros2_ws/install/net_emulator:/home/vboxuser/ros2_ws/install/metrics_aggregator:/home/vboxuser/ros2_ws/install/fault_injector:/home/vboxuser/ros2_ws/install/coverage_planner:/home/vboxuser/ros2_ws/install/ch_manager:/home/vboxuser/ros2_ws/install/battery_manager:/home/vboxuser/ros2_ws/install/turtle_square_py:/home/vboxuser/ros2_ws/install/python_parameters:/home/vboxuser/ros2_ws/install/py_srvcli:/home/vboxuser/ros2_ws/install/py_pubsub:/home/vboxuser/ros2_ws/install/fibonacci_action:/opt/ros/humble /usr/bin/cmake --build /home/vboxuser/UAV_UGV_netmonitoring/build/ugv_charger -- -j6 -l6
[1.226s] Invoking command in '/home/vboxuser/UAV_UGV_netmonitoring/build/ugv_charger': CMAKE_PREFIX_PATH=${CMAKE_PREFIX_PATH}:/home/vboxuser/ros2_ws/install/weather_server:/home/vboxuser/ros2_ws/install/ugv_charger:/home/vboxuser/ros2_ws/install/uav_controller:/home/vboxuser/ros2_ws/install/traffic_generator:/home/vboxuser/ros2_ws/install/system_launcher:/home/vboxuser/ros2_ws/install/net_emulator:/home/vboxuser/ros2_ws/install/metrics_aggregator:/home/vboxuser/ros2_ws/install/fault_injector:/home/vboxuser/ros2_ws/install/coverage_planner:/home/vboxuser/ros2_ws/install/ch_manager:/home/vboxuser/ros2_ws/install/battery_manager:/home/vboxuser/ros2_ws/install/turtle_square_py:/home/vboxuser/ros2_ws/install/python_parameters:/home/vboxuser/ros2_ws/install/py_srvcli:/home/vboxuser/ros2_ws/install/py_pubsub:/home/vboxuser/ros2_ws/install/fibonacci_action:/opt/ros/humble /usr/bin/cmake --install /home/vboxuser/UAV_UGV_netmonitoring/build/ugv_charger
[1.228s] -- Install configuration: ""
[1.228s] -- Up-to-date: /home/vboxuser/UAV_UGV_netmonitoring/install/ugv_charger/share/ament_index/resource_index/package_run_dependencies/ugv_charger
[1.228s] -- Up-to-date: /home/vboxuser/UAV_UGV_netmonitoring/install/ugv_charger/share/ament_index/resource_index/parent_prefix_path/ugv_charger
[1.228s] -- Up-to-date: /home/vboxuser/UAV_UGV_netmonitoring/install/ugv_charger/share/ugv_charger/environment/ament_prefix_path.sh
[1.229s] -- Up-to-date: /home/vboxuser/UAV_UGV_netmonitoring/install/ugv_charger/share/ugv_charger/environment/ament_prefix_path.dsv
[1.229s] -- Up-to-date: /home/vboxuser/UAV_UGV_netmonitoring/install/ugv_charger/share/ugv_charger/environment/path.sh
[1.229s] -- Up-to-date: /home/vboxuser/UAV_UGV_netmonitoring/install/ugv_charger/share/ugv_charger/environment/path.dsv
[1.229s] -- Up-to-date: /home/vboxuser/UAV_UGV_netmonitoring/install/ugv_charger/share/ugv_charger/local_setup.bash
[1.229s] -- Up-to-date: /home/vboxuser/UAV_UGV_netmonitoring/install/ugv_charger/share/ugv_charger/local_setup.sh
[1.242s] -- Up-to-date: /home/vboxuser/UAV_UGV_netmonitoring/install/ugv_charger/share/ugv_charger/local_setup.zsh
[1.243s] -- Up-to-date: /home/vboxuser/UAV_UGV_netmonitoring/install/ugv_charger/share/ugv_charger/local_setup.dsv
[1.243s] -- Installing: /home/vboxuser/UAV_UGV_netmonitoring/install/ugv_charger/share/ugv_charger/package.dsv
[1.245s] -- Up-to-date: /home/vboxuser/UAV_UGV_netmonitoring/install/ugv_charger/share/ament_index/resource_index/packages/ugv_charger
[1.245s] -- Up-to-date: /home/vboxuser/UAV_UGV_netmonitoring/install/ugv_charger/share/ugv_charger/cmake/ugv_chargerConfig.cmake
[1.245s] -- Up-to-date: /home/vboxuser/UAV_UGV_netmonitoring/install/ugv_charger/share/ugv_charger/cmake/ugv_chargerConfig-version.cmake
[1.245s] -- Up-to-date: /home/vboxuser/UAV_UGV_netmonitoring/install/ugv_charger/share/ugv_charger/package.xml
[1.854s] Invoked command in '/home/vboxuser/UAV_UGV_netmonitoring/build/ugv_charger' returned '0': CMAKE_PREFIX_PATH=${CMAKE_PREFIX_PATH}:/home/vboxuser/ros2_ws/install/weather_server:/home/vboxuser/ros2_ws/install/ugv_charger:/home/vboxuser/ros2_ws/install/uav_controller:/home/vboxuser/ros2_ws/install/traffic_generator:/home/vboxuser/ros2_ws/install/system_launcher:/home/vboxuser/ros2_ws/install/net_emulator:/home/vboxuser/ros2_ws/install/metrics_aggregator:/home/vboxuser/ros2_ws/install/fault_injector:/home/vboxuser/ros2_ws/install/coverage_planner:/home/vboxuser/ros2_ws/install/ch_manager:/home/vboxuser/ros2_ws/install/battery_manager:/home/vboxuser/ros2_ws/install/turtle_square_py:/home/vboxuser/ros2_ws/install/python_parameters:/home/vboxuser/ros2_ws/install/py_srvcli:/home/vboxuser/ros2_ws/install/py_pubsub:/home/vboxuser/ros2_ws/install/fibonacci_action:/opt/ros/humble /usr/bin/cmake --install /home/vboxuser/UAV_UGV_netmonitoring/build/ugv_charger
