[35m[1mConsolidate compiler generated dependencies of target network_monitor_node[0m
[ 50%] [32mBuilding CXX object CMakeFiles/network_monitor_node.dir/src/network_monitor_node.cpp.o[0m
[100%] [32m[1mLinking CXX executable network_monitor_node[0m
[100%] Built target network_monitor_node
-- Install configuration: ""
-- Installing: /home/vboxuser/UAV_UGV_netmonitoring/install/network_monitor/lib/network_monitor/network_monitor_node
-- Set runtime path of "/home/vboxuser/UAV_UGV_netmonitoring/install/network_monitor/lib/network_monitor/network_monitor_node" to ""
-- Up-to-date: /home/vboxuser/UAV_UGV_netmonitoring/install/network_monitor/share/ament_index/resource_index/package_run_dependencies/network_monitor
-- Up-to-date: /home/vboxuser/UAV_UGV_netmonitoring/install/network_monitor/share/ament_index/resource_index/parent_prefix_path/network_monitor
-- Up-to-date: /home/vboxuser/UAV_UGV_netmonitoring/install/network_monitor/share/network_monitor/environment/ament_prefix_path.sh
-- Up-to-date: /home/vboxuser/UAV_UGV_netmonitoring/install/network_monitor/share/network_monitor/environment/ament_prefix_path.dsv
-- Up-to-date: /home/vboxuser/UAV_UGV_netmonitoring/install/network_monitor/share/network_monitor/environment/path.sh
-- Up-to-date: /home/vboxuser/UAV_UGV_netmonitoring/install/network_monitor/share/network_monitor/environment/path.dsv
-- Up-to-date: /home/vboxuser/UAV_UGV_netmonitoring/install/network_monitor/share/network_monitor/local_setup.bash
-- Up-to-date: /home/vboxuser/UAV_UGV_netmonitoring/install/network_monitor/share/network_monitor/local_setup.sh
-- Up-to-date: /home/vboxuser/UAV_UGV_netmonitoring/install/network_monitor/share/network_monitor/local_setup.zsh
-- Up-to-date: /home/vboxuser/UAV_UGV_netmonitoring/install/network_monitor/share/network_monitor/local_setup.dsv
-- Installing: /home/vboxuser/UAV_UGV_netmonitoring/install/network_monitor/share/network_monitor/package.dsv
-- Up-to-date: /home/vboxuser/UAV_UGV_netmonitoring/install/network_monitor/share/ament_index/resource_index/packages/network_monitor
-- Up-to-date: /home/vboxuser/UAV_UGV_netmonitoring/install/network_monitor/share/network_monitor/cmake/network_monitorConfig.cmake
-- Up-to-date: /home/vboxuser/UAV_UGV_netmonitoring/install/network_monitor/share/network_monitor/cmake/network_monitorConfig-version.cmake
-- Up-to-date: /home/vboxuser/UAV_UGV_netmonitoring/install/network_monitor/share/network_monitor/package.xml
