[0.490s] Invoking command in '/home/vboxuser/UAV_UGV_netmonitoring/build/coverage_planner': CMAKE_PREFIX_PATH=${CMAKE_PREFIX_PATH}:/home/vboxuser/ros2_ws/install/weather_server:/home/vboxuser/ros2_ws/install/ugv_charger:/home/vboxuser/ros2_ws/install/uav_controller:/home/vboxuser/ros2_ws/install/traffic_generator:/home/vboxuser/ros2_ws/install/system_launcher:/home/vboxuser/ros2_ws/install/net_emulator:/home/vboxuser/ros2_ws/install/metrics_aggregator:/home/vboxuser/ros2_ws/install/fault_injector:/home/vboxuser/ros2_ws/install/coverage_planner:/home/vboxuser/ros2_ws/install/ch_manager:/home/vboxuser/ros2_ws/install/battery_manager:/home/vboxuser/ros2_ws/install/turtle_square_py:/home/vboxuser/ros2_ws/install/python_parameters:/home/vboxuser/ros2_ws/install/py_srvcli:/home/vboxuser/ros2_ws/install/py_pubsub:/home/vboxuser/ros2_ws/install/fibonacci_action:/opt/ros/humble /usr/bin/cmake --build /home/vboxuser/UAV_UGV_netmonitoring/build/coverage_planner -- -j6 -l6
[0.962s] Invoked command in '/home/vboxuser/UAV_UGV_netmonitoring/build/coverage_planner' returned '0': CMAKE_PREFIX_PATH=${CMAKE_PREFIX_PATH}:/home/vboxuser/ros2_ws/install/weather_server:/home/vboxuser/ros2_ws/install/ugv_charger:/home/vboxuser/ros2_ws/install/uav_controller:/home/vboxuser/ros2_ws/install/traffic_generator:/home/vboxuser/ros2_ws/install/system_launcher:/home/vboxuser/ros2_ws/install/net_emulator:/home/vboxuser/ros2_ws/install/metrics_aggregator:/home/vboxuser/ros2_ws/install/fault_injector:/home/vboxuser/ros2_ws/install/coverage_planner:/home/vboxuser/ros2_ws/install/ch_manager:/home/vboxuser/ros2_ws/install/battery_manager:/home/vboxuser/ros2_ws/install/turtle_square_py:/home/vboxuser/ros2_ws/install/python_parameters:/home/vboxuser/ros2_ws/install/py_srvcli:/home/vboxuser/ros2_ws/install/py_pubsub:/home/vboxuser/ros2_ws/install/fibonacci_action:/opt/ros/humble /usr/bin/cmake --build /home/vboxuser/UAV_UGV_netmonitoring/build/coverage_planner -- -j6 -l6
[0.962s] Invoking command in '/home/vboxuser/UAV_UGV_netmonitoring/build/coverage_planner': CMAKE_PREFIX_PATH=${CMAKE_PREFIX_PATH}:/home/vboxuser/ros2_ws/install/weather_server:/home/vboxuser/ros2_ws/install/ugv_charger:/home/vboxuser/ros2_ws/install/uav_controller:/home/vboxuser/ros2_ws/install/traffic_generator:/home/vboxuser/ros2_ws/install/system_launcher:/home/vboxuser/ros2_ws/install/net_emulator:/home/vboxuser/ros2_ws/install/metrics_aggregator:/home/vboxuser/ros2_ws/install/fault_injector:/home/vboxuser/ros2_ws/install/coverage_planner:/home/vboxuser/ros2_ws/install/ch_manager:/home/vboxuser/ros2_ws/install/battery_manager:/home/vboxuser/ros2_ws/install/turtle_square_py:/home/vboxuser/ros2_ws/install/python_parameters:/home/vboxuser/ros2_ws/install/py_srvcli:/home/vboxuser/ros2_ws/install/py_pubsub:/home/vboxuser/ros2_ws/install/fibonacci_action:/opt/ros/humble /usr/bin/cmake --install /home/vboxuser/UAV_UGV_netmonitoring/build/coverage_planner
[0.965s] -- Install configuration: ""
[0.967s] -- Up-to-date: /home/vboxuser/UAV_UGV_netmonitoring/install/coverage_planner/share/ament_index/resource_index/package_run_dependencies/coverage_planner
[0.969s] -- Up-to-date: /home/vboxuser/UAV_UGV_netmonitoring/install/coverage_planner/share/ament_index/resource_index/parent_prefix_path/coverage_planner
[0.970s] -- Up-to-date: /home/vboxuser/UAV_UGV_netmonitoring/install/coverage_planner/share/coverage_planner/environment/ament_prefix_path.sh
[0.972s] -- Up-to-date: /home/vboxuser/UAV_UGV_netmonitoring/install/coverage_planner/share/coverage_planner/environment/ament_prefix_path.dsv
[0.972s] -- Up-to-date: /home/vboxuser/UAV_UGV_netmonitoring/install/coverage_planner/share/coverage_planner/environment/path.sh
[0.972s] -- Up-to-date: /home/vboxuser/UAV_UGV_netmonitoring/install/coverage_planner/share/coverage_planner/environment/path.dsv
[0.972s] -- Up-to-date: /home/vboxuser/UAV_UGV_netmonitoring/install/coverage_planner/share/coverage_planner/local_setup.bash
[0.972s] -- Up-to-date: /home/vboxuser/UAV_UGV_netmonitoring/install/coverage_planner/share/coverage_planner/local_setup.sh
[0.972s] -- Up-to-date: /home/vboxuser/UAV_UGV_netmonitoring/install/coverage_planner/share/coverage_planner/local_setup.zsh
[0.973s] -- Up-to-date: /home/vboxuser/UAV_UGV_netmonitoring/install/coverage_planner/share/coverage_planner/local_setup.dsv
[0.973s] -- Installing: /home/vboxuser/UAV_UGV_netmonitoring/install/coverage_planner/share/coverage_planner/package.dsv
[0.973s] -- Up-to-date: /home/vboxuser/UAV_UGV_netmonitoring/install/coverage_planner/share/ament_index/resource_index/packages/coverage_planner
[0.973s] -- Up-to-date: /home/vboxuser/UAV_UGV_netmonitoring/install/coverage_planner/share/coverage_planner/cmake/coverage_plannerConfig.cmake
[0.973s] -- Up-to-date: /home/vboxuser/UAV_UGV_netmonitoring/install/coverage_planner/share/coverage_planner/cmake/coverage_plannerConfig-version.cmake
[0.973s] -- Up-to-date: /home/vboxuser/UAV_UGV_netmonitoring/install/coverage_planner/share/coverage_planner/package.xml
[1.008s] Invoked command in '/home/vboxuser/UAV_UGV_netmonitoring/build/coverage_planner' returned '0': CMAKE_PREFIX_PATH=${CMAKE_PREFIX_PATH}:/home/vboxuser/ros2_ws/install/weather_server:/home/vboxuser/ros2_ws/install/ugv_charger:/home/vboxuser/ros2_ws/install/uav_controller:/home/vboxuser/ros2_ws/install/traffic_generator:/home/vboxuser/ros2_ws/install/system_launcher:/home/vboxuser/ros2_ws/install/net_emulator:/home/vboxuser/ros2_ws/install/metrics_aggregator:/home/vboxuser/ros2_ws/install/fault_injector:/home/vboxuser/ros2_ws/install/coverage_planner:/home/vboxuser/ros2_ws/install/ch_manager:/home/vboxuser/ros2_ws/install/battery_manager:/home/vboxuser/ros2_ws/install/turtle_square_py:/home/vboxuser/ros2_ws/install/python_parameters:/home/vboxuser/ros2_ws/install/py_srvcli:/home/vboxuser/ros2_ws/install/py_pubsub:/home/vboxuser/ros2_ws/install/fibonacci_action:/opt/ros/humble /usr/bin/cmake --install /home/vboxuser/UAV_UGV_netmonitoring/build/coverage_planner
