[0.448s] Invoking command in '/home/vboxuser/UAV_UGV_netmonitoring/build/system_bringup': CMAKE_PREFIX_PATH=${CMAKE_PREFIX_PATH}:/home/vboxuser/ros2_ws/install/weather_server:/home/vboxuser/ros2_ws/install/ugv_charger:/home/vboxuser/ros2_ws/install/uav_controller:/home/vboxuser/ros2_ws/install/traffic_generator:/home/vboxuser/ros2_ws/install/system_launcher:/home/vboxuser/ros2_ws/install/net_emulator:/home/vboxuser/ros2_ws/install/metrics_aggregator:/home/vboxuser/ros2_ws/install/fault_injector:/home/vboxuser/ros2_ws/install/coverage_planner:/home/vboxuser/ros2_ws/install/ch_manager:/home/vboxuser/ros2_ws/install/battery_manager:/home/vboxuser/ros2_ws/install/turtle_square_py:/home/vboxuser/ros2_ws/install/python_parameters:/home/vboxuser/ros2_ws/install/py_srvcli:/home/vboxuser/ros2_ws/install/py_pubsub:/home/vboxuser/ros2_ws/install/fibonacci_action:/opt/ros/humble /usr/bin/cmake --build /home/vboxuser/UAV_UGV_netmonitoring/build/system_bringup -- -j6 -l6
[1.326s] Invoked command in '/home/vboxuser/UAV_UGV_netmonitoring/build/system_bringup' returned '0': CMAKE_PREFIX_PATH=${CMAKE_PREFIX_PATH}:/home/vboxuser/ros2_ws/install/weather_server:/home/vboxuser/ros2_ws/install/ugv_charger:/home/vboxuser/ros2_ws/install/uav_controller:/home/vboxuser/ros2_ws/install/traffic_generator:/home/vboxuser/ros2_ws/install/system_launcher:/home/vboxuser/ros2_ws/install/net_emulator:/home/vboxuser/ros2_ws/install/metrics_aggregator:/home/vboxuser/ros2_ws/install/fault_injector:/home/vboxuser/ros2_ws/install/coverage_planner:/home/vboxuser/ros2_ws/install/ch_manager:/home/vboxuser/ros2_ws/install/battery_manager:/home/vboxuser/ros2_ws/install/turtle_square_py:/home/vboxuser/ros2_ws/install/python_parameters:/home/vboxuser/ros2_ws/install/py_srvcli:/home/vboxuser/ros2_ws/install/py_pubsub:/home/vboxuser/ros2_ws/install/fibonacci_action:/opt/ros/humble /usr/bin/cmake --build /home/vboxuser/UAV_UGV_netmonitoring/build/system_bringup -- -j6 -l6
[1.329s] Invoking command in '/home/vboxuser/UAV_UGV_netmonitoring/build/system_bringup': CMAKE_PREFIX_PATH=${CMAKE_PREFIX_PATH}:/home/vboxuser/ros2_ws/install/weather_server:/home/vboxuser/ros2_ws/install/ugv_charger:/home/vboxuser/ros2_ws/install/uav_controller:/home/vboxuser/ros2_ws/install/traffic_generator:/home/vboxuser/ros2_ws/install/system_launcher:/home/vboxuser/ros2_ws/install/net_emulator:/home/vboxuser/ros2_ws/install/metrics_aggregator:/home/vboxuser/ros2_ws/install/fault_injector:/home/vboxuser/ros2_ws/install/coverage_planner:/home/vboxuser/ros2_ws/install/ch_manager:/home/vboxuser/ros2_ws/install/battery_manager:/home/vboxuser/ros2_ws/install/turtle_square_py:/home/vboxuser/ros2_ws/install/python_parameters:/home/vboxuser/ros2_ws/install/py_srvcli:/home/vboxuser/ros2_ws/install/py_pubsub:/home/vboxuser/ros2_ws/install/fibonacci_action:/opt/ros/humble /usr/bin/cmake --install /home/vboxuser/UAV_UGV_netmonitoring/build/system_bringup
[1.363s] -- Install configuration: ""
[1.363s] -- Up-to-date: /home/vboxuser/UAV_UGV_netmonitoring/install/system_bringup/share/ament_index/resource_index/package_run_dependencies/system_bringup
[1.363s] -- Up-to-date: /home/vboxuser/UAV_UGV_netmonitoring/install/system_bringup/share/ament_index/resource_index/parent_prefix_path/system_bringup
[1.364s] -- Up-to-date: /home/vboxuser/UAV_UGV_netmonitoring/install/system_bringup/share/system_bringup/environment/ament_prefix_path.sh
[1.364s] -- Up-to-date: /home/vboxuser/UAV_UGV_netmonitoring/install/system_bringup/share/system_bringup/environment/ament_prefix_path.dsv
[1.364s] -- Up-to-date: /home/vboxuser/UAV_UGV_netmonitoring/install/system_bringup/share/system_bringup/environment/path.sh
[1.364s] -- Up-to-date: /home/vboxuser/UAV_UGV_netmonitoring/install/system_bringup/share/system_bringup/environment/path.dsv
[1.365s] -- Up-to-date: /home/vboxuser/UAV_UGV_netmonitoring/install/system_bringup/share/system_bringup/local_setup.bash
[1.365s] -- Up-to-date: /home/vboxuser/UAV_UGV_netmonitoring/install/system_bringup/share/system_bringup/local_setup.sh
[1.365s] -- Up-to-date: /home/vboxuser/UAV_UGV_netmonitoring/install/system_bringup/share/system_bringup/local_setup.zsh
[1.365s] -- Up-to-date: /home/vboxuser/UAV_UGV_netmonitoring/install/system_bringup/share/system_bringup/local_setup.dsv
[1.365s] -- Installing: /home/vboxuser/UAV_UGV_netmonitoring/install/system_bringup/share/system_bringup/package.dsv
[1.365s] -- Up-to-date: /home/vboxuser/UAV_UGV_netmonitoring/install/system_bringup/share/ament_index/resource_index/packages/system_bringup
[1.365s] -- Up-to-date: /home/vboxuser/UAV_UGV_netmonitoring/install/system_bringup/share/system_bringup/cmake/system_bringupConfig.cmake
[1.365s] -- Up-to-date: /home/vboxuser/UAV_UGV_netmonitoring/install/system_bringup/share/system_bringup/cmake/system_bringupConfig-version.cmake
[1.365s] -- Up-to-date: /home/vboxuser/UAV_UGV_netmonitoring/install/system_bringup/share/system_bringup/package.xml
[1.377s] Invoked command in '/home/vboxuser/UAV_UGV_netmonitoring/build/system_bringup' returned '0': CMAKE_PREFIX_PATH=${CMAKE_PREFIX_PATH}:/home/vboxuser/ros2_ws/install/weather_server:/home/vboxuser/ros2_ws/install/ugv_charger:/home/vboxuser/ros2_ws/install/uav_controller:/home/vboxuser/ros2_ws/install/traffic_generator:/home/vboxuser/ros2_ws/install/system_launcher:/home/vboxuser/ros2_ws/install/net_emulator:/home/vboxuser/ros2_ws/install/metrics_aggregator:/home/vboxuser/ros2_ws/install/fault_injector:/home/vboxuser/ros2_ws/install/coverage_planner:/home/vboxuser/ros2_ws/install/ch_manager:/home/vboxuser/ros2_ws/install/battery_manager:/home/vboxuser/ros2_ws/install/turtle_square_py:/home/vboxuser/ros2_ws/install/python_parameters:/home/vboxuser/ros2_ws/install/py_srvcli:/home/vboxuser/ros2_ws/install/py_pubsub:/home/vboxuser/ros2_ws/install/fibonacci_action:/opt/ros/humble /usr/bin/cmake --install /home/vboxuser/UAV_UGV_netmonitoring/build/system_bringup
