[0.573s] Invoking command in '/home/vboxuser/UAV_UGV_netmonitoring/build/sink_gateway': CMAKE_PREFIX_PATH=${CMAKE_PREFIX_PATH}:/home/vboxuser/ros2_ws/install/weather_server:/home/vboxuser/ros2_ws/install/ugv_charger:/home/vboxuser/ros2_ws/install/uav_controller:/home/vboxuser/ros2_ws/install/traffic_generator:/home/vboxuser/ros2_ws/install/system_launcher:/home/vboxuser/ros2_ws/install/net_emulator:/home/vboxuser/ros2_ws/install/metrics_aggregator:/home/vboxuser/ros2_ws/install/fault_injector:/home/vboxuser/ros2_ws/install/coverage_planner:/home/vboxuser/ros2_ws/install/ch_manager:/home/vboxuser/ros2_ws/install/battery_manager:/home/vboxuser/ros2_ws/install/turtle_square_py:/home/vboxuser/ros2_ws/install/python_parameters:/home/vboxuser/ros2_ws/install/py_srvcli:/home/vboxuser/ros2_ws/install/py_pubsub:/home/vboxuser/ros2_ws/install/fibonacci_action:/opt/ros/humble /usr/bin/cmake /home/vboxuser/UAV_UGV_netmonitoring/src/sink_gateway -DCMAKE_INSTALL_PREFIX=/home/vboxuser/UAV_UGV_netmonitoring/install/sink_gateway
[5.767s] -- The C compiler identification is GNU 11.4.0
[5.767s] -- The CXX compiler identification is GNU 11.4.0
[5.767s] -- Detecting C compiler ABI info
[5.767s] -- Detecting C compiler ABI info - done
[5.767s] -- Check for working C compiler: /usr/bin/cc - skipped
[5.767s] -- Detecting C compile features
[5.767s] -- Detecting C compile features - done
[5.767s] -- Detecting CXX compiler ABI info
[5.773s] -- Detecting CXX compiler ABI info - done
[5.773s] -- Check for working CXX compiler: /usr/bin/c++ - skipped
[5.773s] -- Detecting CXX compile features
[5.774s] -- Detecting CXX compile features - done
[5.774s] -- Found ament_cmake: 1.3.12 (/opt/ros/humble/share/ament_cmake/cmake)
[5.775s] -- Found Python3: /usr/bin/python3 (found version "3.10.12") found components: Interpreter 
[5.775s] -- Found ament_lint_auto: 0.12.14 (/opt/ros/humble/share/ament_lint_auto/cmake)
[6.109s] -- Added test 'lint_cmake' to check CMake code style
[6.113s] -- Added test 'xmllint' to check XML markup files
[6.138s] -- Configuring done
[6.161s] -- Generating done
[6.161s] -- Build files have been written to: /home/vboxuser/UAV_UGV_netmonitoring/build/sink_gateway
[6.309s] Invoked command in '/home/vboxuser/UAV_UGV_netmonitoring/build/sink_gateway' returned '0': CMAKE_PREFIX_PATH=${CMAKE_PREFIX_PATH}:/home/vboxuser/ros2_ws/install/weather_server:/home/vboxuser/ros2_ws/install/ugv_charger:/home/vboxuser/ros2_ws/install/uav_controller:/home/vboxuser/ros2_ws/install/traffic_generator:/home/vboxuser/ros2_ws/install/system_launcher:/home/vboxuser/ros2_ws/install/net_emulator:/home/vboxuser/ros2_ws/install/metrics_aggregator:/home/vboxuser/ros2_ws/install/fault_injector:/home/vboxuser/ros2_ws/install/coverage_planner:/home/vboxuser/ros2_ws/install/ch_manager:/home/vboxuser/ros2_ws/install/battery_manager:/home/vboxuser/ros2_ws/install/turtle_square_py:/home/vboxuser/ros2_ws/install/python_parameters:/home/vboxuser/ros2_ws/install/py_srvcli:/home/vboxuser/ros2_ws/install/py_pubsub:/home/vboxuser/ros2_ws/install/fibonacci_action:/opt/ros/humble /usr/bin/cmake /home/vboxuser/UAV_UGV_netmonitoring/src/sink_gateway -DCMAKE_INSTALL_PREFIX=/home/vboxuser/UAV_UGV_netmonitoring/install/sink_gateway
[6.350s] Invoking command in '/home/vboxuser/UAV_UGV_netmonitoring/build/sink_gateway': CMAKE_PREFIX_PATH=${CMAKE_PREFIX_PATH}:/home/vboxuser/ros2_ws/install/weather_server:/home/vboxuser/ros2_ws/install/ugv_charger:/home/vboxuser/ros2_ws/install/uav_controller:/home/vboxuser/ros2_ws/install/traffic_generator:/home/vboxuser/ros2_ws/install/system_launcher:/home/vboxuser/ros2_ws/install/net_emulator:/home/vboxuser/ros2_ws/install/metrics_aggregator:/home/vboxuser/ros2_ws/install/fault_injector:/home/vboxuser/ros2_ws/install/coverage_planner:/home/vboxuser/ros2_ws/install/ch_manager:/home/vboxuser/ros2_ws/install/battery_manager:/home/vboxuser/ros2_ws/install/turtle_square_py:/home/vboxuser/ros2_ws/install/python_parameters:/home/vboxuser/ros2_ws/install/py_srvcli:/home/vboxuser/ros2_ws/install/py_pubsub:/home/vboxuser/ros2_ws/install/fibonacci_action:/opt/ros/humble /usr/bin/cmake --build /home/vboxuser/UAV_UGV_netmonitoring/build/sink_gateway -- -j6 -l6
[7.295s] Invoked command in '/home/vboxuser/UAV_UGV_netmonitoring/build/sink_gateway' returned '0': CMAKE_PREFIX_PATH=${CMAKE_PREFIX_PATH}:/home/vboxuser/ros2_ws/install/weather_server:/home/vboxuser/ros2_ws/install/ugv_charger:/home/vboxuser/ros2_ws/install/uav_controller:/home/vboxuser/ros2_ws/install/traffic_generator:/home/vboxuser/ros2_ws/install/system_launcher:/home/vboxuser/ros2_ws/install/net_emulator:/home/vboxuser/ros2_ws/install/metrics_aggregator:/home/vboxuser/ros2_ws/install/fault_injector:/home/vboxuser/ros2_ws/install/coverage_planner:/home/vboxuser/ros2_ws/install/ch_manager:/home/vboxuser/ros2_ws/install/battery_manager:/home/vboxuser/ros2_ws/install/turtle_square_py:/home/vboxuser/ros2_ws/install/python_parameters:/home/vboxuser/ros2_ws/install/py_srvcli:/home/vboxuser/ros2_ws/install/py_pubsub:/home/vboxuser/ros2_ws/install/fibonacci_action:/opt/ros/humble /usr/bin/cmake --build /home/vboxuser/UAV_UGV_netmonitoring/build/sink_gateway -- -j6 -l6
[7.323s] Invoking command in '/home/vboxuser/UAV_UGV_netmonitoring/build/sink_gateway': CMAKE_PREFIX_PATH=${CMAKE_PREFIX_PATH}:/home/vboxuser/ros2_ws/install/weather_server:/home/vboxuser/ros2_ws/install/ugv_charger:/home/vboxuser/ros2_ws/install/uav_controller:/home/vboxuser/ros2_ws/install/traffic_generator:/home/vboxuser/ros2_ws/install/system_launcher:/home/vboxuser/ros2_ws/install/net_emulator:/home/vboxuser/ros2_ws/install/metrics_aggregator:/home/vboxuser/ros2_ws/install/fault_injector:/home/vboxuser/ros2_ws/install/coverage_planner:/home/vboxuser/ros2_ws/install/ch_manager:/home/vboxuser/ros2_ws/install/battery_manager:/home/vboxuser/ros2_ws/install/turtle_square_py:/home/vboxuser/ros2_ws/install/python_parameters:/home/vboxuser/ros2_ws/install/py_srvcli:/home/vboxuser/ros2_ws/install/py_pubsub:/home/vboxuser/ros2_ws/install/fibonacci_action:/opt/ros/humble /usr/bin/cmake --install /home/vboxuser/UAV_UGV_netmonitoring/build/sink_gateway
[7.408s] -- Install configuration: ""
[7.410s] -- Installing: /home/vboxuser/UAV_UGV_netmonitoring/install/sink_gateway/share/ament_index/resource_index/package_run_dependencies/sink_gateway
[7.422s] -- Installing: /home/vboxuser/UAV_UGV_netmonitoring/install/sink_gateway/share/ament_index/resource_index/parent_prefix_path/sink_gateway
[7.422s] -- Installing: /home/vboxuser/UAV_UGV_netmonitoring/install/sink_gateway/share/sink_gateway/environment/ament_prefix_path.sh
[7.422s] -- Installing: /home/vboxuser/UAV_UGV_netmonitoring/install/sink_gateway/share/sink_gateway/environment/ament_prefix_path.dsv
[7.422s] -- Installing: /home/vboxuser/UAV_UGV_netmonitoring/install/sink_gateway/share/sink_gateway/environment/path.sh
[7.422s] -- Installing: /home/vboxuser/UAV_UGV_netmonitoring/install/sink_gateway/share/sink_gateway/environment/path.dsv
[7.422s] -- Installing: /home/vboxuser/UAV_UGV_netmonitoring/install/sink_gateway/share/sink_gateway/local_setup.bash
[7.422s] -- Installing: /home/vboxuser/UAV_UGV_netmonitoring/install/sink_gateway/share/sink_gateway/local_setup.sh
[7.422s] -- Installing: /home/vboxuser/UAV_UGV_netmonitoring/install/sink_gateway/share/sink_gateway/local_setup.zsh
[7.422s] -- Installing: /home/vboxuser/UAV_UGV_netmonitoring/install/sink_gateway/share/sink_gateway/local_setup.dsv
[7.422s] -- Installing: /home/vboxuser/UAV_UGV_netmonitoring/install/sink_gateway/share/sink_gateway/package.dsv
[7.422s] -- Installing: /home/vboxuser/UAV_UGV_netmonitoring/install/sink_gateway/share/ament_index/resource_index/packages/sink_gateway
[7.433s] -- Installing: /home/vboxuser/UAV_UGV_netmonitoring/install/sink_gateway/share/sink_gateway/cmake/sink_gatewayConfig.cmake
[7.433s] -- Installing: /home/vboxuser/UAV_UGV_netmonitoring/install/sink_gateway/share/sink_gateway/cmake/sink_gatewayConfig-version.cmake
[7.433s] -- Installing: /home/vboxuser/UAV_UGV_netmonitoring/install/sink_gateway/share/sink_gateway/package.xml
[7.772s] Invoked command in '/home/vboxuser/UAV_UGV_netmonitoring/build/sink_gateway' returned '0': CMAKE_PREFIX_PATH=${CMAKE_PREFIX_PATH}:/home/vboxuser/ros2_ws/install/weather_server:/home/vboxuser/ros2_ws/install/ugv_charger:/home/vboxuser/ros2_ws/install/uav_controller:/home/vboxuser/ros2_ws/install/traffic_generator:/home/vboxuser/ros2_ws/install/system_launcher:/home/vboxuser/ros2_ws/install/net_emulator:/home/vboxuser/ros2_ws/install/metrics_aggregator:/home/vboxuser/ros2_ws/install/fault_injector:/home/vboxuser/ros2_ws/install/coverage_planner:/home/vboxuser/ros2_ws/install/ch_manager:/home/vboxuser/ros2_ws/install/battery_manager:/home/vboxuser/ros2_ws/install/turtle_square_py:/home/vboxuser/ros2_ws/install/python_parameters:/home/vboxuser/ros2_ws/install/py_srvcli:/home/vboxuser/ros2_ws/install/py_pubsub:/home/vboxuser/ros2_ws/install/fibonacci_action:/opt/ros/humble /usr/bin/cmake --install /home/vboxuser/UAV_UGV_netmonitoring/build/sink_gateway
