[0.093s] Invoking command in '/home/vboxuser/UAV_UGV_netmonitoring/build/uav_fleet': CMAKE_PREFIX_PATH=/home/vboxuser/UAV_UGV_netmonitoring/install/uav_msgs:/home/vboxuser/UAV_UGV_netmonitoring/install/weather_server:/home/vboxuser/UAV_UGV_netmonitoring/install/user_devices_sim:/home/vboxuser/UAV_UGV_netmonitoring/install/ugv_charger:/home/vboxuser/UAV_UGV_netmonitoring/install/uav_fleet:/home/vboxuser/UAV_UGV_netmonitoring/install/system_bringup:/home/vboxuser/UAV_UGV_netmonitoring/install/sink_gateway:/home/vboxuser/UAV_UGV_netmonitoring/install/network_monitor:/home/vboxuser/UAV_UGV_netmonitoring/install/fault_injector:/home/vboxuser/UAV_UGV_netmonitoring/install/coverage_planner:/home/vboxuser/UAV_UGV_netmonitoring/install/ch_manager:/home/vboxuser/ros2_ws/install/uav_msgs:/home/vboxuser/ros2_ws/install/action_tutorials_interfaces:/home/vboxuser/install/turtlesim:/home/vboxuser/ros2_ws/install/tutorial_interfaces:/home/vboxuser/ros2_ws/install/patrol_interfaces:/home/vboxuser/ros2_ws/install/weather_server:/home/vboxuser/ros2_ws/install/ugv_charger:/home/vboxuser/ros2_ws/install/uav_controller:/home/vboxuser/ros2_ws/install/traffic_generator:/home/vboxuser/ros2_ws/install/system_launcher:/home/vboxuser/ros2_ws/install/net_emulator:/home/vboxuser/ros2_ws/install/metrics_aggregator:/home/vboxuser/ros2_ws/install/fault_injector:/home/vboxuser/ros2_ws/install/coverage_planner:/home/vboxuser/ros2_ws/install/ch_manager:/home/vboxuser/ros2_ws/install/battery_manager:/home/vboxuser/ros2_ws/install/turtle_square_py:/home/vboxuser/ros2_ws/install/python_parameters:/home/vboxuser/ros2_ws/install/py_srvcli:/home/vboxuser/ros2_ws/install/py_pubsub:/home/vboxuser/ros2_ws/install/fibonacci_action:/opt/ros/humble /usr/bin/cmake /home/vboxuser/UAV_UGV_netmonitoring/src/uav_fleet -DCMAKE_INSTALL_PREFIX=/home/vboxuser/UAV_UGV_netmonitoring/install/uav_fleet
[0.504s] -- The C compiler identification is GNU 11.4.0
[0.969s] -- The CXX compiler identification is GNU 11.4.0
[1.071s] -- Detecting C compiler ABI info
[1.532s] -- Detecting C compiler ABI info - done
[1.559s] -- Check for working C compiler: /usr/bin/cc - skipped
[1.561s] -- Detecting C compile features
[1.569s] -- Detecting C compile features - done
[1.605s] -- Detecting CXX compiler ABI info
[2.276s] -- Detecting CXX compiler ABI info - done
[2.330s] -- Check for working CXX compiler: /usr/bin/c++ - skipped
[2.330s] -- Detecting CXX compile features
[2.341s] -- Detecting CXX compile features - done
[2.358s] -- Found ament_cmake: 1.3.12 (/opt/ros/humble/share/ament_cmake/cmake)
[3.079s] -- Found Python3: /usr/bin/python3 (found version "3.10.12") found components: Interpreter 
[3.497s] -- Found rclcpp: 16.0.15 (/opt/ros/humble/share/rclcpp/cmake)
[3.691s] -- Found rosidl_generator_c: 3.1.7 (/opt/ros/humble/share/rosidl_generator_c/cmake)
[3.710s] -- Found rosidl_adapter: 3.1.7 (/opt/ros/humble/share/rosidl_adapter/cmake)
[3.756s] -- Found rosidl_generator_cpp: 3.1.7 (/opt/ros/humble/share/rosidl_generator_cpp/cmake)
[3.785s] -- Using all available rosidl_typesupport_c: rosidl_typesupport_fastrtps_c;rosidl_typesupport_introspection_c
[3.854s] -- Using all available rosidl_typesupport_cpp: rosidl_typesupport_fastrtps_cpp;rosidl_typesupport_introspection_cpp
[4.002s] -- Found rmw_implementation_cmake: 6.1.2 (/opt/ros/humble/share/rmw_implementation_cmake/cmake)
[4.031s] -- Found rmw_fastrtps_cpp: 6.2.9 (/opt/ros/humble/share/rmw_fastrtps_cpp/cmake)
[4.526s] -- Found OpenSSL: /usr/lib/x86_64-linux-gnu/libcrypto.so (found version "3.0.2")  
[4.633s] -- Found FastRTPS: /opt/ros/humble/include  
[4.820s] -- Using RMW implementation 'rmw_fastrtps_cpp' as default
[4.863s] -- Looking for pthread.h
[5.274s] -- Looking for pthread.h - found
[5.274s] -- Performing Test CMAKE_HAVE_LIBC_PTHREAD
[5.899s] -- Performing Test CMAKE_HAVE_LIBC_PTHREAD - Success
[5.899s] -- Found Threads: TRUE  
[6.068s] -- Found uav_msgs: 0.0.0 (/home/vboxuser/UAV_UGV_netmonitoring/install/uav_msgs/share/uav_msgs/cmake)
[6.485s] -- Configuring done
[6.510s] -- Generating done
[6.532s] -- Build files have been written to: /home/vboxuser/UAV_UGV_netmonitoring/build/uav_fleet
[6.619s] Invoked command in '/home/vboxuser/UAV_UGV_netmonitoring/build/uav_fleet' returned '0': CMAKE_PREFIX_PATH=/home/vboxuser/UAV_UGV_netmonitoring/install/uav_msgs:/home/vboxuser/UAV_UGV_netmonitoring/install/weather_server:/home/vboxuser/UAV_UGV_netmonitoring/install/user_devices_sim:/home/vboxuser/UAV_UGV_netmonitoring/install/ugv_charger:/home/vboxuser/UAV_UGV_netmonitoring/install/uav_fleet:/home/vboxuser/UAV_UGV_netmonitoring/install/system_bringup:/home/vboxuser/UAV_UGV_netmonitoring/install/sink_gateway:/home/vboxuser/UAV_UGV_netmonitoring/install/network_monitor:/home/vboxuser/UAV_UGV_netmonitoring/install/fault_injector:/home/vboxuser/UAV_UGV_netmonitoring/install/coverage_planner:/home/vboxuser/UAV_UGV_netmonitoring/install/ch_manager:/home/vboxuser/ros2_ws/install/uav_msgs:/home/vboxuser/ros2_ws/install/action_tutorials_interfaces:/home/vboxuser/install/turtlesim:/home/vboxuser/ros2_ws/install/tutorial_interfaces:/home/vboxuser/ros2_ws/install/patrol_interfaces:/home/vboxuser/ros2_ws/install/weather_server:/home/vboxuser/ros2_ws/install/ugv_charger:/home/vboxuser/ros2_ws/install/uav_controller:/home/vboxuser/ros2_ws/install/traffic_generator:/home/vboxuser/ros2_ws/install/system_launcher:/home/vboxuser/ros2_ws/install/net_emulator:/home/vboxuser/ros2_ws/install/metrics_aggregator:/home/vboxuser/ros2_ws/install/fault_injector:/home/vboxuser/ros2_ws/install/coverage_planner:/home/vboxuser/ros2_ws/install/ch_manager:/home/vboxuser/ros2_ws/install/battery_manager:/home/vboxuser/ros2_ws/install/turtle_square_py:/home/vboxuser/ros2_ws/install/python_parameters:/home/vboxuser/ros2_ws/install/py_srvcli:/home/vboxuser/ros2_ws/install/py_pubsub:/home/vboxuser/ros2_ws/install/fibonacci_action:/opt/ros/humble /usr/bin/cmake /home/vboxuser/UAV_UGV_netmonitoring/src/uav_fleet -DCMAKE_INSTALL_PREFIX=/home/vboxuser/UAV_UGV_netmonitoring/install/uav_fleet
[6.620s] Invoking command in '/home/vboxuser/UAV_UGV_netmonitoring/build/uav_fleet': CMAKE_PREFIX_PATH=/home/vboxuser/UAV_UGV_netmonitoring/install/uav_msgs:/home/vboxuser/UAV_UGV_netmonitoring/install/weather_server:/home/vboxuser/UAV_UGV_netmonitoring/install/user_devices_sim:/home/vboxuser/UAV_UGV_netmonitoring/install/ugv_charger:/home/vboxuser/UAV_UGV_netmonitoring/install/uav_fleet:/home/vboxuser/UAV_UGV_netmonitoring/install/system_bringup:/home/vboxuser/UAV_UGV_netmonitoring/install/sink_gateway:/home/vboxuser/UAV_UGV_netmonitoring/install/network_monitor:/home/vboxuser/UAV_UGV_netmonitoring/install/fault_injector:/home/vboxuser/UAV_UGV_netmonitoring/install/coverage_planner:/home/vboxuser/UAV_UGV_netmonitoring/install/ch_manager:/home/vboxuser/ros2_ws/install/uav_msgs:/home/vboxuser/ros2_ws/install/action_tutorials_interfaces:/home/vboxuser/install/turtlesim:/home/vboxuser/ros2_ws/install/tutorial_interfaces:/home/vboxuser/ros2_ws/install/patrol_interfaces:/home/vboxuser/ros2_ws/install/weather_server:/home/vboxuser/ros2_ws/install/ugv_charger:/home/vboxuser/ros2_ws/install/uav_controller:/home/vboxuser/ros2_ws/install/traffic_generator:/home/vboxuser/ros2_ws/install/system_launcher:/home/vboxuser/ros2_ws/install/net_emulator:/home/vboxuser/ros2_ws/install/metrics_aggregator:/home/vboxuser/ros2_ws/install/fault_injector:/home/vboxuser/ros2_ws/install/coverage_planner:/home/vboxuser/ros2_ws/install/ch_manager:/home/vboxuser/ros2_ws/install/battery_manager:/home/vboxuser/ros2_ws/install/turtle_square_py:/home/vboxuser/ros2_ws/install/python_parameters:/home/vboxuser/ros2_ws/install/py_srvcli:/home/vboxuser/ros2_ws/install/py_pubsub:/home/vboxuser/ros2_ws/install/fibonacci_action:/opt/ros/humble /usr/bin/cmake --build /home/vboxuser/UAV_UGV_netmonitoring/build/uav_fleet -- -j6 -l6
[7.044s] [ 50%] [32mBuilding CXX object CMakeFiles/uav_node.dir/src/uav_node.cpp.o[0m
[31.337s] [100%] [32m[1mLinking CXX executable uav_node[0m
[33.087s] [100%] Built target uav_node
[33.209s] Invoked command in '/home/vboxuser/UAV_UGV_netmonitoring/build/uav_fleet' returned '0': CMAKE_PREFIX_PATH=/home/vboxuser/UAV_UGV_netmonitoring/install/uav_msgs:/home/vboxuser/UAV_UGV_netmonitoring/install/weather_server:/home/vboxuser/UAV_UGV_netmonitoring/install/user_devices_sim:/home/vboxuser/UAV_UGV_netmonitoring/install/ugv_charger:/home/vboxuser/UAV_UGV_netmonitoring/install/uav_fleet:/home/vboxuser/UAV_UGV_netmonitoring/install/system_bringup:/home/vboxuser/UAV_UGV_netmonitoring/install/sink_gateway:/home/vboxuser/UAV_UGV_netmonitoring/install/network_monitor:/home/vboxuser/UAV_UGV_netmonitoring/install/fault_injector:/home/vboxuser/UAV_UGV_netmonitoring/install/coverage_planner:/home/vboxuser/UAV_UGV_netmonitoring/install/ch_manager:/home/vboxuser/ros2_ws/install/uav_msgs:/home/vboxuser/ros2_ws/install/action_tutorials_interfaces:/home/vboxuser/install/turtlesim:/home/vboxuser/ros2_ws/install/tutorial_interfaces:/home/vboxuser/ros2_ws/install/patrol_interfaces:/home/vboxuser/ros2_ws/install/weather_server:/home/vboxuser/ros2_ws/install/ugv_charger:/home/vboxuser/ros2_ws/install/uav_controller:/home/vboxuser/ros2_ws/install/traffic_generator:/home/vboxuser/ros2_ws/install/system_launcher:/home/vboxuser/ros2_ws/install/net_emulator:/home/vboxuser/ros2_ws/install/metrics_aggregator:/home/vboxuser/ros2_ws/install/fault_injector:/home/vboxuser/ros2_ws/install/coverage_planner:/home/vboxuser/ros2_ws/install/ch_manager:/home/vboxuser/ros2_ws/install/battery_manager:/home/vboxuser/ros2_ws/install/turtle_square_py:/home/vboxuser/ros2_ws/install/python_parameters:/home/vboxuser/ros2_ws/install/py_srvcli:/home/vboxuser/ros2_ws/install/py_pubsub:/home/vboxuser/ros2_ws/install/fibonacci_action:/opt/ros/humble /usr/bin/cmake --build /home/vboxuser/UAV_UGV_netmonitoring/build/uav_fleet -- -j6 -l6
[33.216s] Invoking command in '/home/vboxuser/UAV_UGV_netmonitoring/build/uav_fleet': CMAKE_PREFIX_PATH=/home/vboxuser/UAV_UGV_netmonitoring/install/uav_msgs:/home/vboxuser/UAV_UGV_netmonitoring/install/weather_server:/home/vboxuser/UAV_UGV_netmonitoring/install/user_devices_sim:/home/vboxuser/UAV_UGV_netmonitoring/install/ugv_charger:/home/vboxuser/UAV_UGV_netmonitoring/install/uav_fleet:/home/vboxuser/UAV_UGV_netmonitoring/install/system_bringup:/home/vboxuser/UAV_UGV_netmonitoring/install/sink_gateway:/home/vboxuser/UAV_UGV_netmonitoring/install/network_monitor:/home/vboxuser/UAV_UGV_netmonitoring/install/fault_injector:/home/vboxuser/UAV_UGV_netmonitoring/install/coverage_planner:/home/vboxuser/UAV_UGV_netmonitoring/install/ch_manager:/home/vboxuser/ros2_ws/install/uav_msgs:/home/vboxuser/ros2_ws/install/action_tutorials_interfaces:/home/vboxuser/install/turtlesim:/home/vboxuser/ros2_ws/install/tutorial_interfaces:/home/vboxuser/ros2_ws/install/patrol_interfaces:/home/vboxuser/ros2_ws/install/weather_server:/home/vboxuser/ros2_ws/install/ugv_charger:/home/vboxuser/ros2_ws/install/uav_controller:/home/vboxuser/ros2_ws/install/traffic_generator:/home/vboxuser/ros2_ws/install/system_launcher:/home/vboxuser/ros2_ws/install/net_emulator:/home/vboxuser/ros2_ws/install/metrics_aggregator:/home/vboxuser/ros2_ws/install/fault_injector:/home/vboxuser/ros2_ws/install/coverage_planner:/home/vboxuser/ros2_ws/install/ch_manager:/home/vboxuser/ros2_ws/install/battery_manager:/home/vboxuser/ros2_ws/install/turtle_square_py:/home/vboxuser/ros2_ws/install/python_parameters:/home/vboxuser/ros2_ws/install/py_srvcli:/home/vboxuser/ros2_ws/install/py_pubsub:/home/vboxuser/ros2_ws/install/fibonacci_action:/opt/ros/humble /usr/bin/cmake --install /home/vboxuser/UAV_UGV_netmonitoring/build/uav_fleet
[33.263s] -- Install configuration: ""
[33.264s] -- Installing: /home/vboxuser/UAV_UGV_netmonitoring/install/uav_fleet/lib/uav_fleet/uav_node
[33.279s] -- Set runtime path of "/home/vboxuser/UAV_UGV_netmonitoring/install/uav_fleet/lib/uav_fleet/uav_node" to ""
[33.291s] -- Installing: /home/vboxuser/UAV_UGV_netmonitoring/install/uav_fleet/share/ament_index/resource_index/package_run_dependencies/uav_fleet
[33.291s] -- Installing: /home/vboxuser/UAV_UGV_netmonitoring/install/uav_fleet/share/ament_index/resource_index/parent_prefix_path/uav_fleet
[33.291s] -- Installing: /home/vboxuser/UAV_UGV_netmonitoring/install/uav_fleet/share/uav_fleet/environment/ament_prefix_path.sh
[33.291s] -- Installing: /home/vboxuser/UAV_UGV_netmonitoring/install/uav_fleet/share/uav_fleet/environment/ament_prefix_path.dsv
[33.291s] -- Installing: /home/vboxuser/UAV_UGV_netmonitoring/install/uav_fleet/share/uav_fleet/environment/path.sh
[33.291s] -- Installing: /home/vboxuser/UAV_UGV_netmonitoring/install/uav_fleet/share/uav_fleet/environment/path.dsv
[33.291s] -- Installing: /home/vboxuser/UAV_UGV_netmonitoring/install/uav_fleet/share/uav_fleet/local_setup.bash
[33.291s] -- Installing: /home/vboxuser/UAV_UGV_netmonitoring/install/uav_fleet/share/uav_fleet/local_setup.sh
[33.291s] -- Installing: /home/vboxuser/UAV_UGV_netmonitoring/install/uav_fleet/share/uav_fleet/local_setup.zsh
[33.295s] -- Installing: /home/vboxuser/UAV_UGV_netmonitoring/install/uav_fleet/share/uav_fleet/local_setup.dsv
[33.295s] -- Installing: /home/vboxuser/UAV_UGV_netmonitoring/install/uav_fleet/share/uav_fleet/package.dsv
[33.295s] -- Installing: /home/vboxuser/UAV_UGV_netmonitoring/install/uav_fleet/share/ament_index/resource_index/packages/uav_fleet
[33.295s] -- Installing: /home/vboxuser/UAV_UGV_netmonitoring/install/uav_fleet/share/uav_fleet/cmake/uav_fleetConfig.cmake
[33.295s] -- Installing: /home/vboxuser/UAV_UGV_netmonitoring/install/uav_fleet/share/uav_fleet/cmake/uav_fleetConfig-version.cmake
[33.295s] -- Installing: /home/vboxuser/UAV_UGV_netmonitoring/install/uav_fleet/share/uav_fleet/package.xml
[33.331s] Invoked command in '/home/vboxuser/UAV_UGV_netmonitoring/build/uav_fleet' returned '0': CMAKE_PREFIX_PATH=/home/vboxuser/UAV_UGV_netmonitoring/install/uav_msgs:/home/vboxuser/UAV_UGV_netmonitoring/install/weather_server:/home/vboxuser/UAV_UGV_netmonitoring/install/user_devices_sim:/home/vboxuser/UAV_UGV_netmonitoring/install/ugv_charger:/home/vboxuser/UAV_UGV_netmonitoring/install/uav_fleet:/home/vboxuser/UAV_UGV_netmonitoring/install/system_bringup:/home/vboxuser/UAV_UGV_netmonitoring/install/sink_gateway:/home/vboxuser/UAV_UGV_netmonitoring/install/network_monitor:/home/vboxuser/UAV_UGV_netmonitoring/install/fault_injector:/home/vboxuser/UAV_UGV_netmonitoring/install/coverage_planner:/home/vboxuser/UAV_UGV_netmonitoring/install/ch_manager:/home/vboxuser/ros2_ws/install/uav_msgs:/home/vboxuser/ros2_ws/install/action_tutorials_interfaces:/home/vboxuser/install/turtlesim:/home/vboxuser/ros2_ws/install/tutorial_interfaces:/home/vboxuser/ros2_ws/install/patrol_interfaces:/home/vboxuser/ros2_ws/install/weather_server:/home/vboxuser/ros2_ws/install/ugv_charger:/home/vboxuser/ros2_ws/install/uav_controller:/home/vboxuser/ros2_ws/install/traffic_generator:/home/vboxuser/ros2_ws/install/system_launcher:/home/vboxuser/ros2_ws/install/net_emulator:/home/vboxuser/ros2_ws/install/metrics_aggregator:/home/vboxuser/ros2_ws/install/fault_injector:/home/vboxuser/ros2_ws/install/coverage_planner:/home/vboxuser/ros2_ws/install/ch_manager:/home/vboxuser/ros2_ws/install/battery_manager:/home/vboxuser/ros2_ws/install/turtle_square_py:/home/vboxuser/ros2_ws/install/python_parameters:/home/vboxuser/ros2_ws/install/py_srvcli:/home/vboxuser/ros2_ws/install/py_pubsub:/home/vboxuser/ros2_ws/install/fibonacci_action:/opt/ros/humble /usr/bin/cmake --install /home/vboxuser/UAV_UGV_netmonitoring/build/uav_fleet
