[0.498s] Invoking command in '/home/vboxuser/UAV_UGV_netmonitoring/build/network_monitor': CMAKE_PREFIX_PATH=/home/vboxuser/UAV_UGV_netmonitoring/install/uav_msgs:/home/vboxuser/UAV_UGV_netmonitoring/install/weather_server:/home/vboxuser/UAV_UGV_netmonitoring/install/user_devices_sim:/home/vboxuser/UAV_UGV_netmonitoring/install/ugv_charger:/home/vboxuser/UAV_UGV_netmonitoring/install/uav_fleet:/home/vboxuser/UAV_UGV_netmonitoring/install/system_bringup:/home/vboxuser/UAV_UGV_netmonitoring/install/sink_gateway:/home/vboxuser/UAV_UGV_netmonitoring/install/network_monitor:/home/vboxuser/UAV_UGV_netmonitoring/install/fault_injector:/home/vboxuser/UAV_UGV_netmonitoring/install/coverage_planner:/home/vboxuser/UAV_UGV_netmonitoring/install/ch_manager:/home/vboxuser/ros2_ws/install/uav_msgs:/home/vboxuser/ros2_ws/install/action_tutorials_interfaces:/home/vboxuser/install/turtlesim:/home/vboxuser/ros2_ws/install/tutorial_interfaces:/home/vboxuser/ros2_ws/install/patrol_interfaces:/home/vboxuser/ros2_ws/install/weather_server:/home/vboxuser/ros2_ws/install/ugv_charger:/home/vboxuser/ros2_ws/install/uav_controller:/home/vboxuser/ros2_ws/install/traffic_generator:/home/vboxuser/ros2_ws/install/system_launcher:/home/vboxuser/ros2_ws/install/net_emulator:/home/vboxuser/ros2_ws/install/metrics_aggregator:/home/vboxuser/ros2_ws/install/fault_injector:/home/vboxuser/ros2_ws/install/coverage_planner:/home/vboxuser/ros2_ws/install/ch_manager:/home/vboxuser/ros2_ws/install/battery_manager:/home/vboxuser/ros2_ws/install/turtle_square_py:/home/vboxuser/ros2_ws/install/python_parameters:/home/vboxuser/ros2_ws/install/py_srvcli:/home/vboxuser/ros2_ws/install/py_pubsub:/home/vboxuser/ros2_ws/install/fibonacci_action:/opt/ros/humble /usr/bin/cmake --build /home/vboxuser/UAV_UGV_netmonitoring/build/network_monitor -- -j6 -l6
[0.887s] -- Found ament_cmake: 1.3.12 (/opt/ros/humble/share/ament_cmake/cmake)
[1.807s] -- Found rclcpp: 16.0.15 (/opt/ros/humble/share/rclcpp/cmake)
[1.872s] -- Found rosidl_generator_c: 3.1.7 (/opt/ros/humble/share/rosidl_generator_c/cmake)
[1.873s] -- Found rosidl_adapter: 3.1.7 (/opt/ros/humble/share/rosidl_adapter/cmake)
[1.910s] -- Found rosidl_generator_cpp: 3.1.7 (/opt/ros/humble/share/rosidl_generator_cpp/cmake)
[2.078s] -- Using all available rosidl_typesupport_c: rosidl_typesupport_fastrtps_c;rosidl_typesupport_introspection_c
[2.098s] -- Using all available rosidl_typesupport_cpp: rosidl_typesupport_fastrtps_cpp;rosidl_typesupport_introspection_cpp
[2.290s] -- Found rmw_implementation_cmake: 6.1.2 (/opt/ros/humble/share/rmw_implementation_cmake/cmake)
[2.290s] -- Found rmw_fastrtps_cpp: 6.2.9 (/opt/ros/humble/share/rmw_fastrtps_cpp/cmake)
[2.969s] -- Using RMW implementation 'rmw_fastrtps_cpp' as default
[3.213s] -- Found uav_msgs: 0.0.0 (/home/vboxuser/UAV_UGV_netmonitoring/install/uav_msgs/share/uav_msgs/cmake)
[3.858s] -- Configuring done
[4.178s] -- Generating done
[4.321s] -- Build files have been written to: /home/vboxuser/UAV_UGV_netmonitoring/build/network_monitor
[4.667s] [35m[1mConsolidate compiler generated dependencies of target network_monitor_node[0m
[4.667s] [ 50%] [32mBuilding CXX object CMakeFiles/network_monitor_node.dir/src/network_monitor_node.cpp.o[0m
[66.874s] [100%] [32m[1mLinking CXX executable network_monitor_node[0m
[68.099s] [100%] Built target network_monitor_node
[68.116s] Invoked command in '/home/vboxuser/UAV_UGV_netmonitoring/build/network_monitor' returned '0': CMAKE_PREFIX_PATH=/home/vboxuser/UAV_UGV_netmonitoring/install/uav_msgs:/home/vboxuser/UAV_UGV_netmonitoring/install/weather_server:/home/vboxuser/UAV_UGV_netmonitoring/install/user_devices_sim:/home/vboxuser/UAV_UGV_netmonitoring/install/ugv_charger:/home/vboxuser/UAV_UGV_netmonitoring/install/uav_fleet:/home/vboxuser/UAV_UGV_netmonitoring/install/system_bringup:/home/vboxuser/UAV_UGV_netmonitoring/install/sink_gateway:/home/vboxuser/UAV_UGV_netmonitoring/install/network_monitor:/home/vboxuser/UAV_UGV_netmonitoring/install/fault_injector:/home/vboxuser/UAV_UGV_netmonitoring/install/coverage_planner:/home/vboxuser/UAV_UGV_netmonitoring/install/ch_manager:/home/vboxuser/ros2_ws/install/uav_msgs:/home/vboxuser/ros2_ws/install/action_tutorials_interfaces:/home/vboxuser/install/turtlesim:/home/vboxuser/ros2_ws/install/tutorial_interfaces:/home/vboxuser/ros2_ws/install/patrol_interfaces:/home/vboxuser/ros2_ws/install/weather_server:/home/vboxuser/ros2_ws/install/ugv_charger:/home/vboxuser/ros2_ws/install/uav_controller:/home/vboxuser/ros2_ws/install/traffic_generator:/home/vboxuser/ros2_ws/install/system_launcher:/home/vboxuser/ros2_ws/install/net_emulator:/home/vboxuser/ros2_ws/install/metrics_aggregator:/home/vboxuser/ros2_ws/install/fault_injector:/home/vboxuser/ros2_ws/install/coverage_planner:/home/vboxuser/ros2_ws/install/ch_manager:/home/vboxuser/ros2_ws/install/battery_manager:/home/vboxuser/ros2_ws/install/turtle_square_py:/home/vboxuser/ros2_ws/install/python_parameters:/home/vboxuser/ros2_ws/install/py_srvcli:/home/vboxuser/ros2_ws/install/py_pubsub:/home/vboxuser/ros2_ws/install/fibonacci_action:/opt/ros/humble /usr/bin/cmake --build /home/vboxuser/UAV_UGV_netmonitoring/build/network_monitor -- -j6 -l6
[68.117s] Invoking command in '/home/vboxuser/UAV_UGV_netmonitoring/build/network_monitor': CMAKE_PREFIX_PATH=/home/vboxuser/UAV_UGV_netmonitoring/install/uav_msgs:/home/vboxuser/UAV_UGV_netmonitoring/install/weather_server:/home/vboxuser/UAV_UGV_netmonitoring/install/user_devices_sim:/home/vboxuser/UAV_UGV_netmonitoring/install/ugv_charger:/home/vboxuser/UAV_UGV_netmonitoring/install/uav_fleet:/home/vboxuser/UAV_UGV_netmonitoring/install/system_bringup:/home/vboxuser/UAV_UGV_netmonitoring/install/sink_gateway:/home/vboxuser/UAV_UGV_netmonitoring/install/network_monitor:/home/vboxuser/UAV_UGV_netmonitoring/install/fault_injector:/home/vboxuser/UAV_UGV_netmonitoring/install/coverage_planner:/home/vboxuser/UAV_UGV_netmonitoring/install/ch_manager:/home/vboxuser/ros2_ws/install/uav_msgs:/home/vboxuser/ros2_ws/install/action_tutorials_interfaces:/home/vboxuser/install/turtlesim:/home/vboxuser/ros2_ws/install/tutorial_interfaces:/home/vboxuser/ros2_ws/install/patrol_interfaces:/home/vboxuser/ros2_ws/install/weather_server:/home/vboxuser/ros2_ws/install/ugv_charger:/home/vboxuser/ros2_ws/install/uav_controller:/home/vboxuser/ros2_ws/install/traffic_generator:/home/vboxuser/ros2_ws/install/system_launcher:/home/vboxuser/ros2_ws/install/net_emulator:/home/vboxuser/ros2_ws/install/metrics_aggregator:/home/vboxuser/ros2_ws/install/fault_injector:/home/vboxuser/ros2_ws/install/coverage_planner:/home/vboxuser/ros2_ws/install/ch_manager:/home/vboxuser/ros2_ws/install/battery_manager:/home/vboxuser/ros2_ws/install/turtle_square_py:/home/vboxuser/ros2_ws/install/python_parameters:/home/vboxuser/ros2_ws/install/py_srvcli:/home/vboxuser/ros2_ws/install/py_pubsub:/home/vboxuser/ros2_ws/install/fibonacci_action:/opt/ros/humble /usr/bin/cmake --install /home/vboxuser/UAV_UGV_netmonitoring/build/network_monitor
[68.128s] -- Install configuration: ""
[68.128s] -- Installing: /home/vboxuser/UAV_UGV_netmonitoring/install/network_monitor/lib/network_monitor/network_monitor_node
[68.132s] -- Set runtime path of "/home/vboxuser/UAV_UGV_netmonitoring/install/network_monitor/lib/network_monitor/network_monitor_node" to ""
[68.132s] -- Up-to-date: /home/vboxuser/UAV_UGV_netmonitoring/install/network_monitor/share/ament_index/resource_index/package_run_dependencies/network_monitor
[68.132s] -- Up-to-date: /home/vboxuser/UAV_UGV_netmonitoring/install/network_monitor/share/ament_index/resource_index/parent_prefix_path/network_monitor
[68.132s] -- Up-to-date: /home/vboxuser/UAV_UGV_netmonitoring/install/network_monitor/share/network_monitor/environment/ament_prefix_path.sh
[68.132s] -- Installing: /home/vboxuser/UAV_UGV_netmonitoring/install/network_monitor/share/network_monitor/environment/ament_prefix_path.dsv
[68.132s] -- Up-to-date: /home/vboxuser/UAV_UGV_netmonitoring/install/network_monitor/share/network_monitor/environment/path.sh
[68.132s] -- Installing: /home/vboxuser/UAV_UGV_netmonitoring/install/network_monitor/share/network_monitor/environment/path.dsv
[68.132s] -- Up-to-date: /home/vboxuser/UAV_UGV_netmonitoring/install/network_monitor/share/network_monitor/local_setup.bash
[68.133s] -- Up-to-date: /home/vboxuser/UAV_UGV_netmonitoring/install/network_monitor/share/network_monitor/local_setup.sh
[68.133s] -- Up-to-date: /home/vboxuser/UAV_UGV_netmonitoring/install/network_monitor/share/network_monitor/local_setup.zsh
[68.133s] -- Installing: /home/vboxuser/UAV_UGV_netmonitoring/install/network_monitor/share/network_monitor/local_setup.dsv
[68.133s] -- Installing: /home/vboxuser/UAV_UGV_netmonitoring/install/network_monitor/share/network_monitor/package.dsv
[68.133s] -- Up-to-date: /home/vboxuser/UAV_UGV_netmonitoring/install/network_monitor/share/ament_index/resource_index/packages/network_monitor
[68.133s] -- Up-to-date: /home/vboxuser/UAV_UGV_netmonitoring/install/network_monitor/share/network_monitor/cmake/network_monitorConfig.cmake
[68.133s] -- Up-to-date: /home/vboxuser/UAV_UGV_netmonitoring/install/network_monitor/share/network_monitor/cmake/network_monitorConfig-version.cmake
[68.133s] -- Up-to-date: /home/vboxuser/UAV_UGV_netmonitoring/install/network_monitor/share/network_monitor/package.xml
[68.136s] Invoked command in '/home/vboxuser/UAV_UGV_netmonitoring/build/network_monitor' returned '0': CMAKE_PREFIX_PATH=/home/vboxuser/UAV_UGV_netmonitoring/install/uav_msgs:/home/vboxuser/UAV_UGV_netmonitoring/install/weather_server:/home/vboxuser/UAV_UGV_netmonitoring/install/user_devices_sim:/home/vboxuser/UAV_UGV_netmonitoring/install/ugv_charger:/home/vboxuser/UAV_UGV_netmonitoring/install/uav_fleet:/home/vboxuser/UAV_UGV_netmonitoring/install/system_bringup:/home/vboxuser/UAV_UGV_netmonitoring/install/sink_gateway:/home/vboxuser/UAV_UGV_netmonitoring/install/network_monitor:/home/vboxuser/UAV_UGV_netmonitoring/install/fault_injector:/home/vboxuser/UAV_UGV_netmonitoring/install/coverage_planner:/home/vboxuser/UAV_UGV_netmonitoring/install/ch_manager:/home/vboxuser/ros2_ws/install/uav_msgs:/home/vboxuser/ros2_ws/install/action_tutorials_interfaces:/home/vboxuser/install/turtlesim:/home/vboxuser/ros2_ws/install/tutorial_interfaces:/home/vboxuser/ros2_ws/install/patrol_interfaces:/home/vboxuser/ros2_ws/install/weather_server:/home/vboxuser/ros2_ws/install/ugv_charger:/home/vboxuser/ros2_ws/install/uav_controller:/home/vboxuser/ros2_ws/install/traffic_generator:/home/vboxuser/ros2_ws/install/system_launcher:/home/vboxuser/ros2_ws/install/net_emulator:/home/vboxuser/ros2_ws/install/metrics_aggregator:/home/vboxuser/ros2_ws/install/fault_injector:/home/vboxuser/ros2_ws/install/coverage_planner:/home/vboxuser/ros2_ws/install/ch_manager:/home/vboxuser/ros2_ws/install/battery_manager:/home/vboxuser/ros2_ws/install/turtle_square_py:/home/vboxuser/ros2_ws/install/python_parameters:/home/vboxuser/ros2_ws/install/py_srvcli:/home/vboxuser/ros2_ws/install/py_pubsub:/home/vboxuser/ros2_ws/install/fibonacci_action:/opt/ros/humble /usr/bin/cmake --install /home/vboxuser/UAV_UGV_netmonitoring/build/network_monitor
