[0.361s] Invoking command in '/home/vboxuser/UAV_UGV_netmonitoring/build/ugv_charger': CMAKE_PREFIX_PATH=${CMAKE_PREFIX_PATH}:/home/vboxuser/ros2_ws/install/weather_server:/home/vboxuser/ros2_ws/install/ugv_charger:/home/vboxuser/ros2_ws/install/uav_controller:/home/vboxuser/ros2_ws/install/traffic_generator:/home/vboxuser/ros2_ws/install/system_launcher:/home/vboxuser/ros2_ws/install/net_emulator:/home/vboxuser/ros2_ws/install/metrics_aggregator:/home/vboxuser/ros2_ws/install/fault_injector:/home/vboxuser/ros2_ws/install/coverage_planner:/home/vboxuser/ros2_ws/install/ch_manager:/home/vboxuser/ros2_ws/install/battery_manager:/home/vboxuser/ros2_ws/install/turtle_square_py:/home/vboxuser/ros2_ws/install/python_parameters:/home/vboxuser/ros2_ws/install/py_srvcli:/home/vboxuser/ros2_ws/install/py_pubsub:/home/vboxuser/ros2_ws/install/fibonacci_action:/opt/ros/humble /usr/bin/cmake /home/vboxuser/UAV_UGV_netmonitoring/src/ugv_charger -DCMAKE_INSTALL_PREFIX=/home/vboxuser/UAV_UGV_netmonitoring/install/ugv_charger
[0.918s] -- The C compiler identification is GNU 11.4.0
[1.362s] -- The CXX compiler identification is GNU 11.4.0
[1.417s] -- Detecting C compiler ABI info
[2.057s] -- Detecting C compiler ABI info - done
[2.138s] -- Check for working C compiler: /usr/bin/cc - skipped
[2.138s] -- Detecting C compile features
[2.142s] -- Detecting C compile features - done
[2.147s] -- Detecting CXX compiler ABI info
[2.971s] -- Detecting CXX compiler ABI info - done
[3.008s] -- Check for working CXX compiler: /usr/bin/c++ - skipped
[3.008s] -- Detecting CXX compile features
[3.010s] -- Detecting CXX compile features - done
[3.016s] -- Found ament_cmake: 1.3.12 (/opt/ros/humble/share/ament_cmake/cmake)
[3.926s] -- Found Python3: /usr/bin/python3 (found version "3.10.12") found components: Interpreter 
[4.556s] -- Found ament_lint_auto: 0.12.14 (/opt/ros/humble/share/ament_lint_auto/cmake)
[5.027s] -- Added test 'lint_cmake' to check CMake code style
[5.029s] -- Added test 'xmllint' to check XML markup files
[5.033s] -- Configuring done
[5.036s] -- Generating done
[5.038s] -- Build files have been written to: /home/vboxuser/UAV_UGV_netmonitoring/build/ugv_charger
[5.100s] Invoked command in '/home/vboxuser/UAV_UGV_netmonitoring/build/ugv_charger' returned '0': CMAKE_PREFIX_PATH=${CMAKE_PREFIX_PATH}:/home/vboxuser/ros2_ws/install/weather_server:/home/vboxuser/ros2_ws/install/ugv_charger:/home/vboxuser/ros2_ws/install/uav_controller:/home/vboxuser/ros2_ws/install/traffic_generator:/home/vboxuser/ros2_ws/install/system_launcher:/home/vboxuser/ros2_ws/install/net_emulator:/home/vboxuser/ros2_ws/install/metrics_aggregator:/home/vboxuser/ros2_ws/install/fault_injector:/home/vboxuser/ros2_ws/install/coverage_planner:/home/vboxuser/ros2_ws/install/ch_manager:/home/vboxuser/ros2_ws/install/battery_manager:/home/vboxuser/ros2_ws/install/turtle_square_py:/home/vboxuser/ros2_ws/install/python_parameters:/home/vboxuser/ros2_ws/install/py_srvcli:/home/vboxuser/ros2_ws/install/py_pubsub:/home/vboxuser/ros2_ws/install/fibonacci_action:/opt/ros/humble /usr/bin/cmake /home/vboxuser/UAV_UGV_netmonitoring/src/ugv_charger -DCMAKE_INSTALL_PREFIX=/home/vboxuser/UAV_UGV_netmonitoring/install/ugv_charger
[5.122s] Invoking command in '/home/vboxuser/UAV_UGV_netmonitoring/build/ugv_charger': CMAKE_PREFIX_PATH=${CMAKE_PREFIX_PATH}:/home/vboxuser/ros2_ws/install/weather_server:/home/vboxuser/ros2_ws/install/ugv_charger:/home/vboxuser/ros2_ws/install/uav_controller:/home/vboxuser/ros2_ws/install/traffic_generator:/home/vboxuser/ros2_ws/install/system_launcher:/home/vboxuser/ros2_ws/install/net_emulator:/home/vboxuser/ros2_ws/install/metrics_aggregator:/home/vboxuser/ros2_ws/install/fault_injector:/home/vboxuser/ros2_ws/install/coverage_planner:/home/vboxuser/ros2_ws/install/ch_manager:/home/vboxuser/ros2_ws/install/battery_manager:/home/vboxuser/ros2_ws/install/turtle_square_py:/home/vboxuser/ros2_ws/install/python_parameters:/home/vboxuser/ros2_ws/install/py_srvcli:/home/vboxuser/ros2_ws/install/py_pubsub:/home/vboxuser/ros2_ws/install/fibonacci_action:/opt/ros/humble /usr/bin/cmake --build /home/vboxuser/UAV_UGV_netmonitoring/build/ugv_charger -- -j6 -l6
[5.648s] Invoked command in '/home/vboxuser/UAV_UGV_netmonitoring/build/ugv_charger' returned '0': CMAKE_PREFIX_PATH=${CMAKE_PREFIX_PATH}:/home/vboxuser/ros2_ws/install/weather_server:/home/vboxuser/ros2_ws/install/ugv_charger:/home/vboxuser/ros2_ws/install/uav_controller:/home/vboxuser/ros2_ws/install/traffic_generator:/home/vboxuser/ros2_ws/install/system_launcher:/home/vboxuser/ros2_ws/install/net_emulator:/home/vboxuser/ros2_ws/install/metrics_aggregator:/home/vboxuser/ros2_ws/install/fault_injector:/home/vboxuser/ros2_ws/install/coverage_planner:/home/vboxuser/ros2_ws/install/ch_manager:/home/vboxuser/ros2_ws/install/battery_manager:/home/vboxuser/ros2_ws/install/turtle_square_py:/home/vboxuser/ros2_ws/install/python_parameters:/home/vboxuser/ros2_ws/install/py_srvcli:/home/vboxuser/ros2_ws/install/py_pubsub:/home/vboxuser/ros2_ws/install/fibonacci_action:/opt/ros/humble /usr/bin/cmake --build /home/vboxuser/UAV_UGV_netmonitoring/build/ugv_charger -- -j6 -l6
[5.650s] Invoking command in '/home/vboxuser/UAV_UGV_netmonitoring/build/ugv_charger': CMAKE_PREFIX_PATH=${CMAKE_PREFIX_PATH}:/home/vboxuser/ros2_ws/install/weather_server:/home/vboxuser/ros2_ws/install/ugv_charger:/home/vboxuser/ros2_ws/install/uav_controller:/home/vboxuser/ros2_ws/install/traffic_generator:/home/vboxuser/ros2_ws/install/system_launcher:/home/vboxuser/ros2_ws/install/net_emulator:/home/vboxuser/ros2_ws/install/metrics_aggregator:/home/vboxuser/ros2_ws/install/fault_injector:/home/vboxuser/ros2_ws/install/coverage_planner:/home/vboxuser/ros2_ws/install/ch_manager:/home/vboxuser/ros2_ws/install/battery_manager:/home/vboxuser/ros2_ws/install/turtle_square_py:/home/vboxuser/ros2_ws/install/python_parameters:/home/vboxuser/ros2_ws/install/py_srvcli:/home/vboxuser/ros2_ws/install/py_pubsub:/home/vboxuser/ros2_ws/install/fibonacci_action:/opt/ros/humble /usr/bin/cmake --install /home/vboxuser/UAV_UGV_netmonitoring/build/ugv_charger
[5.716s] -- Install configuration: ""
[5.733s] -- Installing: /home/vboxuser/UAV_UGV_netmonitoring/install/ugv_charger/share/ament_index/resource_index/package_run_dependencies/ugv_charger
[5.733s] -- Installing: /home/vboxuser/UAV_UGV_netmonitoring/install/ugv_charger/share/ament_index/resource_index/parent_prefix_path/ugv_charger
[5.733s] -- Installing: /home/vboxuser/UAV_UGV_netmonitoring/install/ugv_charger/share/ugv_charger/environment/ament_prefix_path.sh
[5.733s] -- Installing: /home/vboxuser/UAV_UGV_netmonitoring/install/ugv_charger/share/ugv_charger/environment/ament_prefix_path.dsv
[5.733s] -- Installing: /home/vboxuser/UAV_UGV_netmonitoring/install/ugv_charger/share/ugv_charger/environment/path.sh
[5.733s] -- Installing: /home/vboxuser/UAV_UGV_netmonitoring/install/ugv_charger/share/ugv_charger/environment/path.dsv
[5.733s] -- Installing: /home/vboxuser/UAV_UGV_netmonitoring/install/ugv_charger/share/ugv_charger/local_setup.bash
[5.733s] -- Installing: /home/vboxuser/UAV_UGV_netmonitoring/install/ugv_charger/share/ugv_charger/local_setup.sh
[5.733s] -- Installing: /home/vboxuser/UAV_UGV_netmonitoring/install/ugv_charger/share/ugv_charger/local_setup.zsh
[5.733s] -- Installing: /home/vboxuser/UAV_UGV_netmonitoring/install/ugv_charger/share/ugv_charger/local_setup.dsv
[5.734s] -- Installing: /home/vboxuser/UAV_UGV_netmonitoring/install/ugv_charger/share/ugv_charger/package.dsv
[5.783s] -- Installing: /home/vboxuser/UAV_UGV_netmonitoring/install/ugv_charger/share/ament_index/resource_index/packages/ugv_charger
[5.806s] -- Installing: /home/vboxuser/UAV_UGV_netmonitoring/install/ugv_charger/share/ugv_charger/cmake/ugv_chargerConfig.cmake
[5.807s] -- Installing: /home/vboxuser/UAV_UGV_netmonitoring/install/ugv_charger/share/ugv_charger/cmake/ugv_chargerConfig-version.cmake
[5.807s] -- Installing: /home/vboxuser/UAV_UGV_netmonitoring/install/ugv_charger/share/ugv_charger/package.xml
[5.948s] Invoked command in '/home/vboxuser/UAV_UGV_netmonitoring/build/ugv_charger' returned '0': CMAKE_PREFIX_PATH=${CMAKE_PREFIX_PATH}:/home/vboxuser/ros2_ws/install/weather_server:/home/vboxuser/ros2_ws/install/ugv_charger:/home/vboxuser/ros2_ws/install/uav_controller:/home/vboxuser/ros2_ws/install/traffic_generator:/home/vboxuser/ros2_ws/install/system_launcher:/home/vboxuser/ros2_ws/install/net_emulator:/home/vboxuser/ros2_ws/install/metrics_aggregator:/home/vboxuser/ros2_ws/install/fault_injector:/home/vboxuser/ros2_ws/install/coverage_planner:/home/vboxuser/ros2_ws/install/ch_manager:/home/vboxuser/ros2_ws/install/battery_manager:/home/vboxuser/ros2_ws/install/turtle_square_py:/home/vboxuser/ros2_ws/install/python_parameters:/home/vboxuser/ros2_ws/install/py_srvcli:/home/vboxuser/ros2_ws/install/py_pubsub:/home/vboxuser/ros2_ws/install/fibonacci_action:/opt/ros/humble /usr/bin/cmake --install /home/vboxuser/UAV_UGV_netmonitoring/build/ugv_charger
