[0.143s] Invoking command in '/home/vboxuser/UAV_UGV_netmonitoring/build/network_monitor': CMAKE_PREFIX_PATH=/home/vboxuser/UAV_UGV_netmonitoring/install/uav_msgs:/home/vboxuser/UAV_UGV_netmonitoring/install/weather_server:/home/vboxuser/UAV_UGV_netmonitoring/install/user_devices_sim:/home/vboxuser/UAV_UGV_netmonitoring/install/ugv_charger:/home/vboxuser/UAV_UGV_netmonitoring/install/uav_fleet:/home/vboxuser/UAV_UGV_netmonitoring/install/system_bringup:/home/vboxuser/UAV_UGV_netmonitoring/install/sink_gateway:/home/vboxuser/UAV_UGV_netmonitoring/install/network_monitor:/home/vboxuser/UAV_UGV_netmonitoring/install/fault_injector:/home/vboxuser/UAV_UGV_netmonitoring/install/coverage_planner:/home/vboxuser/UAV_UGV_netmonitoring/install/ch_manager:/home/vboxuser/ros2_ws/install/uav_msgs:/home/vboxuser/ros2_ws/install/action_tutorials_interfaces:/home/vboxuser/install/turtlesim:/home/vboxuser/ros2_ws/install/tutorial_interfaces:/home/vboxuser/ros2_ws/install/patrol_interfaces:/home/vboxuser/ros2_ws/install/weather_server:/home/vboxuser/ros2_ws/install/ugv_charger:/home/vboxuser/ros2_ws/install/uav_controller:/home/vboxuser/ros2_ws/install/traffic_generator:/home/vboxuser/ros2_ws/install/system_launcher:/home/vboxuser/ros2_ws/install/net_emulator:/home/vboxuser/ros2_ws/install/metrics_aggregator:/home/vboxuser/ros2_ws/install/fault_injector:/home/vboxuser/ros2_ws/install/coverage_planner:/home/vboxuser/ros2_ws/install/ch_manager:/home/vboxuser/ros2_ws/install/battery_manager:/home/vboxuser/ros2_ws/install/turtle_square_py:/home/vboxuser/ros2_ws/install/python_parameters:/home/vboxuser/ros2_ws/install/py_srvcli:/home/vboxuser/ros2_ws/install/py_pubsub:/home/vboxuser/ros2_ws/install/fibonacci_action:/opt/ros/humble /usr/bin/cmake --build /home/vboxuser/UAV_UGV_netmonitoring/build/network_monitor -- -j6 -l6
[0.308s] [35m[1mConsolidate compiler generated dependencies of target network_monitor_node[0m
[0.540s] [ 50%] [32mBuilding CXX object CMakeFiles/network_monitor_node.dir/src/network_monitor_node.cpp.o[0m
[3.559s] In file included from [01m[K/opt/ros/humble/include/rclcpp/rclcpp/logging.hpp:24[m[K,
[3.559s]                  from [01m[K/opt/ros/humble/include/rclcpp/rclcpp/client.hpp:40[m[K,
[3.559s]                  from [01m[K/opt/ros/humble/include/rclcpp/rclcpp/callback_group.hpp:24[m[K,
[3.559s]                  from [01m[K/opt/ros/humble/include/rclcpp/rclcpp/any_executable.hpp:20[m[K,
[3.559s]                  from [01m[K/opt/ros/humble/include/rclcpp/rclcpp/memory_strategy.hpp:25[m[K,
[3.559s]                  from [01m[K/opt/ros/humble/include/rclcpp/rclcpp/memory_strategies.hpp:18[m[K,
[3.559s]                  from [01m[K/opt/ros/humble/include/rclcpp/rclcpp/executor_options.hpp:20[m[K,
[3.559s]                  from [01m[K/opt/ros/humble/include/rclcpp/rclcpp/executor.hpp:37[m[K,
[3.559s]                  from [01m[K/opt/ros/humble/include/rclcpp/rclcpp/executors/multi_threaded_executor.hpp:25[m[K,
[3.559s]                  from [01m[K/opt/ros/humble/include/rclcpp/rclcpp/executors.hpp:21[m[K,
[3.559s]                  from [01m[K/opt/ros/humble/include/rclcpp/rclcpp/rclcpp.hpp:155[m[K,
[3.559s]                  from [01m[K/home/vboxuser/UAV_UGV_netmonitoring/src/network_monitor/src/network_monitor_node.cpp:6[m[K:
[3.559s] [01m[K/home/vboxuser/UAV_UGV_netmonitoring/src/network_monitor/src/network_monitor_node.cpp:[m[K In member function ‘[01m[Kvoid NetworkMonitorNode::failureCallback(uav_msgs::msg::FailureEvent_<std::allocator<void> >::SharedPtr)[m[K’:
[3.559s] [01m[K/home/vboxuser/UAV_UGV_netmonitoring/src/network_monitor/src/network_monitor_node.cpp:154:30:[m[K [01;31m[Kerror: [m[K‘[01m[Kusing _stamp_type = struct builtin_interfaces::msg::Time_<std::allocator<void> >[m[K’ {aka ‘[01m[Kstruct builtin_interfaces::msg::Time_<std::allocator<void> >[m[K’} has no member named ‘[01m[Kseconds[m[K’
[3.559s]   154 |                   msg->stamp.[01;31m[Kseconds[m[K(),
[3.559s]       |                              [01;31m[K^~~~~~~[m[K
[10.402s] gmake[2]: *** [CMakeFiles/network_monitor_node.dir/build.make:76: CMakeFiles/network_monitor_node.dir/src/network_monitor_node.cpp.o] Error 1
[10.403s] gmake[1]: *** [CMakeFiles/Makefile2:137: CMakeFiles/network_monitor_node.dir/all] Error 2
[10.403s] gmake: *** [Makefile:146: all] Error 2
[10.407s] Invoked command in '/home/vboxuser/UAV_UGV_netmonitoring/build/network_monitor' returned '2': CMAKE_PREFIX_PATH=/home/vboxuser/UAV_UGV_netmonitoring/install/uav_msgs:/home/vboxuser/UAV_UGV_netmonitoring/install/weather_server:/home/vboxuser/UAV_UGV_netmonitoring/install/user_devices_sim:/home/vboxuser/UAV_UGV_netmonitoring/install/ugv_charger:/home/vboxuser/UAV_UGV_netmonitoring/install/uav_fleet:/home/vboxuser/UAV_UGV_netmonitoring/install/system_bringup:/home/vboxuser/UAV_UGV_netmonitoring/install/sink_gateway:/home/vboxuser/UAV_UGV_netmonitoring/install/network_monitor:/home/vboxuser/UAV_UGV_netmonitoring/install/fault_injector:/home/vboxuser/UAV_UGV_netmonitoring/install/coverage_planner:/home/vboxuser/UAV_UGV_netmonitoring/install/ch_manager:/home/vboxuser/ros2_ws/install/uav_msgs:/home/vboxuser/ros2_ws/install/action_tutorials_interfaces:/home/vboxuser/install/turtlesim:/home/vboxuser/ros2_ws/install/tutorial_interfaces:/home/vboxuser/ros2_ws/install/patrol_interfaces:/home/vboxuser/ros2_ws/install/weather_server:/home/vboxuser/ros2_ws/install/ugv_charger:/home/vboxuser/ros2_ws/install/uav_controller:/home/vboxuser/ros2_ws/install/traffic_generator:/home/vboxuser/ros2_ws/install/system_launcher:/home/vboxuser/ros2_ws/install/net_emulator:/home/vboxuser/ros2_ws/install/metrics_aggregator:/home/vboxuser/ros2_ws/install/fault_injector:/home/vboxuser/ros2_ws/install/coverage_planner:/home/vboxuser/ros2_ws/install/ch_manager:/home/vboxuser/ros2_ws/install/battery_manager:/home/vboxuser/ros2_ws/install/turtle_square_py:/home/vboxuser/ros2_ws/install/python_parameters:/home/vboxuser/ros2_ws/install/py_srvcli:/home/vboxuser/ros2_ws/install/py_pubsub:/home/vboxuser/ros2_ws/install/fibonacci_action:/opt/ros/humble /usr/bin/cmake --build /home/vboxuser/UAV_UGV_netmonitoring/build/network_monitor -- -j6 -l6
