-- Found ament_cmake: 1.3.12 (/opt/ros/humble/share/ament_cmake/cmake)
-- Found rclcpp: 16.0.15 (/opt/ros/humble/share/rclcpp/cmake)
-- Found rosidl_generator_c: 3.1.7 (/opt/ros/humble/share/rosidl_generator_c/cmake)
-- Found rosidl_adapter: 3.1.7 (/opt/ros/humble/share/rosidl_adapter/cmake)
-- Found rosidl_generator_cpp: 3.1.7 (/opt/ros/humble/share/rosidl_generator_cpp/cmake)
-- Using all available rosidl_typesupport_c: rosidl_typesupport_fastrtps_c;rosidl_typesupport_introspection_c
-- Using all available rosidl_typesupport_cpp: rosidl_typesupport_fastrtps_cpp;rosidl_typesupport_introspection_cpp
-- Found rmw_implementation_cmake: 6.1.2 (/opt/ros/humble/share/rmw_implementation_cmake/cmake)
-- Found rmw_fastrtps_cpp: 6.2.9 (/opt/ros/humble/share/rmw_fastrtps_cpp/cmake)
-- Using RMW implementation 'rmw_fastrtps_cpp' as default
-- Found uav_msgs: 0.0.0 (/home/vboxuser/UAV_UGV_netmonitoring/install/uav_msgs/share/uav_msgs/cmake)
-- Configuring done
-- Generating done
-- Build files have been written to: /home/vboxuser/UAV_UGV_netmonitoring/build/user_devices_sim
[35m[1mConsolidate compiler generated dependencies of target user_device_node[0m
[ 50%] [32mBuilding CXX object CMakeFiles/user_device_node.dir/src/user_device_node.cpp.o[0m
[100%] [32m[1mLinking CXX executable user_device_node[0m
[100%] Built target user_device_node
-- Install configuration: ""
-- Installing: /home/vboxuser/UAV_UGV_netmonitoring/install/user_devices_sim/lib/user_devices_sim/user_device_node
-- Set runtime path of "/home/vboxuser/UAV_UGV_netmonitoring/install/user_devices_sim/lib/user_devices_sim/user_device_node" to ""
-- Up-to-date: /home/vboxuser/UAV_UGV_netmonitoring/install/user_devices_sim/share/ament_index/resource_index/package_run_dependencies/user_devices_sim
-- Up-to-date: /home/vboxuser/UAV_UGV_netmonitoring/install/user_devices_sim/share/ament_index/resource_index/parent_prefix_path/user_devices_sim
-- Up-to-date: /home/vboxuser/UAV_UGV_netmonitoring/install/user_devices_sim/share/user_devices_sim/environment/ament_prefix_path.sh
-- Installing: /home/vboxuser/UAV_UGV_netmonitoring/install/user_devices_sim/share/user_devices_sim/environment/ament_prefix_path.dsv
-- Up-to-date: /home/vboxuser/UAV_UGV_netmonitoring/install/user_devices_sim/share/user_devices_sim/environment/path.sh
-- Installing: /home/vboxuser/UAV_UGV_netmonitoring/install/user_devices_sim/share/user_devices_sim/environment/path.dsv
-- Up-to-date: /home/vboxuser/UAV_UGV_netmonitoring/install/user_devices_sim/share/user_devices_sim/local_setup.bash
-- Up-to-date: /home/vboxuser/UAV_UGV_netmonitoring/install/user_devices_sim/share/user_devices_sim/local_setup.sh
-- Up-to-date: /home/vboxuser/UAV_UGV_netmonitoring/install/user_devices_sim/share/user_devices_sim/local_setup.zsh
-- Installing: /home/vboxuser/UAV_UGV_netmonitoring/install/user_devices_sim/share/user_devices_sim/local_setup.dsv
-- Installing: /home/vboxuser/UAV_UGV_netmonitoring/install/user_devices_sim/share/user_devices_sim/package.dsv
-- Up-to-date: /home/vboxuser/UAV_UGV_netmonitoring/install/user_devices_sim/share/ament_index/resource_index/packages/user_devices_sim
-- Up-to-date: /home/vboxuser/UAV_UGV_netmonitoring/install/user_devices_sim/share/user_devices_sim/cmake/user_devices_simConfig.cmake
-- Up-to-date: /home/vboxuser/UAV_UGV_netmonitoring/install/user_devices_sim/share/user_devices_sim/cmake/user_devices_simConfig-version.cmake
-- Up-to-date: /home/vboxuser/UAV_UGV_netmonitoring/install/user_devices_sim/share/user_devices_sim/package.xml
