[0.282s] Invoking command in '/home/vboxuser/UAV_UGV_netmonitoring/build/network_monitor': CMAKE_PREFIX_PATH=${CMAKE_PREFIX_PATH}:/home/vboxuser/ros2_ws/install/weather_server:/home/vboxuser/ros2_ws/install/ugv_charger:/home/vboxuser/ros2_ws/install/uav_controller:/home/vboxuser/ros2_ws/install/traffic_generator:/home/vboxuser/ros2_ws/install/system_launcher:/home/vboxuser/ros2_ws/install/net_emulator:/home/vboxuser/ros2_ws/install/metrics_aggregator:/home/vboxuser/ros2_ws/install/fault_injector:/home/vboxuser/ros2_ws/install/coverage_planner:/home/vboxuser/ros2_ws/install/ch_manager:/home/vboxuser/ros2_ws/install/battery_manager:/home/vboxuser/ros2_ws/install/turtle_square_py:/home/vboxuser/ros2_ws/install/python_parameters:/home/vboxuser/ros2_ws/install/py_srvcli:/home/vboxuser/ros2_ws/install/py_pubsub:/home/vboxuser/ros2_ws/install/fibonacci_action:/opt/ros/humble /usr/bin/cmake /home/vboxuser/UAV_UGV_netmonitoring/src/network_monitor -DCMAKE_INSTALL_PREFIX=/home/vboxuser/UAV_UGV_netmonitoring/install/network_monitor
[1.119s] -- The C compiler identification is GNU 11.4.0
[1.899s] -- The CXX compiler identification is GNU 11.4.0
[1.962s] -- Detecting C compiler ABI info
[2.468s] -- Detecting C compiler ABI info - done
[2.468s] -- Check for working C compiler: /usr/bin/cc - skipped
[2.469s] -- Detecting C compile features
[2.469s] -- Detecting C compile features - done
[2.469s] -- Detecting CXX compiler ABI info
[3.289s] -- Detecting CXX compiler ABI info - done
[3.334s] -- Check for working CXX compiler: /usr/bin/c++ - skipped
[3.345s] -- Detecting CXX compile features
[3.348s] -- Detecting CXX compile features - done
[3.379s] -- Found ament_cmake: 1.3.12 (/opt/ros/humble/share/ament_cmake/cmake)
[4.781s] -- Found Python3: /usr/bin/python3 (found version "3.10.12") found components: Interpreter 
[5.426s] -- Found ament_lint_auto: 0.12.14 (/opt/ros/humble/share/ament_lint_auto/cmake)
[5.867s] -- Added test 'lint_cmake' to check CMake code style
[5.880s] -- Added test 'xmllint' to check XML markup files
[5.886s] -- Configuring done
[5.887s] -- Generating done
[5.915s] -- Build files have been written to: /home/vboxuser/UAV_UGV_netmonitoring/build/network_monitor
[5.942s] Invoked command in '/home/vboxuser/UAV_UGV_netmonitoring/build/network_monitor' returned '0': CMAKE_PREFIX_PATH=${CMAKE_PREFIX_PATH}:/home/vboxuser/ros2_ws/install/weather_server:/home/vboxuser/ros2_ws/install/ugv_charger:/home/vboxuser/ros2_ws/install/uav_controller:/home/vboxuser/ros2_ws/install/traffic_generator:/home/vboxuser/ros2_ws/install/system_launcher:/home/vboxuser/ros2_ws/install/net_emulator:/home/vboxuser/ros2_ws/install/metrics_aggregator:/home/vboxuser/ros2_ws/install/fault_injector:/home/vboxuser/ros2_ws/install/coverage_planner:/home/vboxuser/ros2_ws/install/ch_manager:/home/vboxuser/ros2_ws/install/battery_manager:/home/vboxuser/ros2_ws/install/turtle_square_py:/home/vboxuser/ros2_ws/install/python_parameters:/home/vboxuser/ros2_ws/install/py_srvcli:/home/vboxuser/ros2_ws/install/py_pubsub:/home/vboxuser/ros2_ws/install/fibonacci_action:/opt/ros/humble /usr/bin/cmake /home/vboxuser/UAV_UGV_netmonitoring/src/network_monitor -DCMAKE_INSTALL_PREFIX=/home/vboxuser/UAV_UGV_netmonitoring/install/network_monitor
[5.947s] Invoking command in '/home/vboxuser/UAV_UGV_netmonitoring/build/network_monitor': CMAKE_PREFIX_PATH=${CMAKE_PREFIX_PATH}:/home/vboxuser/ros2_ws/install/weather_server:/home/vboxuser/ros2_ws/install/ugv_charger:/home/vboxuser/ros2_ws/install/uav_controller:/home/vboxuser/ros2_ws/install/traffic_generator:/home/vboxuser/ros2_ws/install/system_launcher:/home/vboxuser/ros2_ws/install/net_emulator:/home/vboxuser/ros2_ws/install/metrics_aggregator:/home/vboxuser/ros2_ws/install/fault_injector:/home/vboxuser/ros2_ws/install/coverage_planner:/home/vboxuser/ros2_ws/install/ch_manager:/home/vboxuser/ros2_ws/install/battery_manager:/home/vboxuser/ros2_ws/install/turtle_square_py:/home/vboxuser/ros2_ws/install/python_parameters:/home/vboxuser/ros2_ws/install/py_srvcli:/home/vboxuser/ros2_ws/install/py_pubsub:/home/vboxuser/ros2_ws/install/fibonacci_action:/opt/ros/humble /usr/bin/cmake --build /home/vboxuser/UAV_UGV_netmonitoring/build/network_monitor -- -j6 -l6
[6.579s] Invoked command in '/home/vboxuser/UAV_UGV_netmonitoring/build/network_monitor' returned '0': CMAKE_PREFIX_PATH=${CMAKE_PREFIX_PATH}:/home/vboxuser/ros2_ws/install/weather_server:/home/vboxuser/ros2_ws/install/ugv_charger:/home/vboxuser/ros2_ws/install/uav_controller:/home/vboxuser/ros2_ws/install/traffic_generator:/home/vboxuser/ros2_ws/install/system_launcher:/home/vboxuser/ros2_ws/install/net_emulator:/home/vboxuser/ros2_ws/install/metrics_aggregator:/home/vboxuser/ros2_ws/install/fault_injector:/home/vboxuser/ros2_ws/install/coverage_planner:/home/vboxuser/ros2_ws/install/ch_manager:/home/vboxuser/ros2_ws/install/battery_manager:/home/vboxuser/ros2_ws/install/turtle_square_py:/home/vboxuser/ros2_ws/install/python_parameters:/home/vboxuser/ros2_ws/install/py_srvcli:/home/vboxuser/ros2_ws/install/py_pubsub:/home/vboxuser/ros2_ws/install/fibonacci_action:/opt/ros/humble /usr/bin/cmake --build /home/vboxuser/UAV_UGV_netmonitoring/build/network_monitor -- -j6 -l6
[6.586s] Invoking command in '/home/vboxuser/UAV_UGV_netmonitoring/build/network_monitor': CMAKE_PREFIX_PATH=${CMAKE_PREFIX_PATH}:/home/vboxuser/ros2_ws/install/weather_server:/home/vboxuser/ros2_ws/install/ugv_charger:/home/vboxuser/ros2_ws/install/uav_controller:/home/vboxuser/ros2_ws/install/traffic_generator:/home/vboxuser/ros2_ws/install/system_launcher:/home/vboxuser/ros2_ws/install/net_emulator:/home/vboxuser/ros2_ws/install/metrics_aggregator:/home/vboxuser/ros2_ws/install/fault_injector:/home/vboxuser/ros2_ws/install/coverage_planner:/home/vboxuser/ros2_ws/install/ch_manager:/home/vboxuser/ros2_ws/install/battery_manager:/home/vboxuser/ros2_ws/install/turtle_square_py:/home/vboxuser/ros2_ws/install/python_parameters:/home/vboxuser/ros2_ws/install/py_srvcli:/home/vboxuser/ros2_ws/install/py_pubsub:/home/vboxuser/ros2_ws/install/fibonacci_action:/opt/ros/humble /usr/bin/cmake --install /home/vboxuser/UAV_UGV_netmonitoring/build/network_monitor
[6.836s] -- Install configuration: ""
[6.845s] -- Installing: /home/vboxuser/UAV_UGV_netmonitoring/install/network_monitor/share/ament_index/resource_index/package_run_dependencies/network_monitor
[6.845s] -- Installing: /home/vboxuser/UAV_UGV_netmonitoring/install/network_monitor/share/ament_index/resource_index/parent_prefix_path/network_monitor
[6.845s] -- Installing: /home/vboxuser/UAV_UGV_netmonitoring/install/network_monitor/share/network_monitor/environment/ament_prefix_path.sh
[6.845s] -- Installing: /home/vboxuser/UAV_UGV_netmonitoring/install/network_monitor/share/network_monitor/environment/ament_prefix_path.dsv
[6.845s] -- Installing: /home/vboxuser/UAV_UGV_netmonitoring/install/network_monitor/share/network_monitor/environment/path.sh
[6.845s] -- Installing: /home/vboxuser/UAV_UGV_netmonitoring/install/network_monitor/share/network_monitor/environment/path.dsv
[6.845s] -- Installing: /home/vboxuser/UAV_UGV_netmonitoring/install/network_monitor/share/network_monitor/local_setup.bash
[6.845s] -- Installing: /home/vboxuser/UAV_UGV_netmonitoring/install/network_monitor/share/network_monitor/local_setup.sh
[6.845s] -- Installing: /home/vboxuser/UAV_UGV_netmonitoring/install/network_monitor/share/network_monitor/local_setup.zsh
[6.845s] -- Installing: /home/vboxuser/UAV_UGV_netmonitoring/install/network_monitor/share/network_monitor/local_setup.dsv
[6.845s] -- Installing: /home/vboxuser/UAV_UGV_netmonitoring/install/network_monitor/share/network_monitor/package.dsv
[6.845s] -- Installing: /home/vboxuser/UAV_UGV_netmonitoring/install/network_monitor/share/ament_index/resource_index/packages/network_monitor
[6.846s] -- Installing: /home/vboxuser/UAV_UGV_netmonitoring/install/network_monitor/share/network_monitor/cmake/network_monitorConfig.cmake
[6.846s] -- Installing: /home/vboxuser/UAV_UGV_netmonitoring/install/network_monitor/share/network_monitor/cmake/network_monitorConfig-version.cmake
[6.846s] -- Installing: /home/vboxuser/UAV_UGV_netmonitoring/install/network_monitor/share/network_monitor/package.xml
[6.924s] Invoked command in '/home/vboxuser/UAV_UGV_netmonitoring/build/network_monitor' returned '0': CMAKE_PREFIX_PATH=${CMAKE_PREFIX_PATH}:/home/vboxuser/ros2_ws/install/weather_server:/home/vboxuser/ros2_ws/install/ugv_charger:/home/vboxuser/ros2_ws/install/uav_controller:/home/vboxuser/ros2_ws/install/traffic_generator:/home/vboxuser/ros2_ws/install/system_launcher:/home/vboxuser/ros2_ws/install/net_emulator:/home/vboxuser/ros2_ws/install/metrics_aggregator:/home/vboxuser/ros2_ws/install/fault_injector:/home/vboxuser/ros2_ws/install/coverage_planner:/home/vboxuser/ros2_ws/install/ch_manager:/home/vboxuser/ros2_ws/install/battery_manager:/home/vboxuser/ros2_ws/install/turtle_square_py:/home/vboxuser/ros2_ws/install/python_parameters:/home/vboxuser/ros2_ws/install/py_srvcli:/home/vboxuser/ros2_ws/install/py_pubsub:/home/vboxuser/ros2_ws/install/fibonacci_action:/opt/ros/humble /usr/bin/cmake --install /home/vboxuser/UAV_UGV_netmonitoring/build/network_monitor
