[0.392s] Invoking command in '/home/vboxuser/UAV_UGV_netmonitoring/build/uav_msgs': CMAKE_PREFIX_PATH=${CMAKE_PREFIX_PATH}:/home/vboxuser/ros2_ws/install/weather_server:/home/vboxuser/ros2_ws/install/ugv_charger:/home/vboxuser/ros2_ws/install/uav_controller:/home/vboxuser/ros2_ws/install/traffic_generator:/home/vboxuser/ros2_ws/install/system_launcher:/home/vboxuser/ros2_ws/install/net_emulator:/home/vboxuser/ros2_ws/install/metrics_aggregator:/home/vboxuser/ros2_ws/install/fault_injector:/home/vboxuser/ros2_ws/install/coverage_planner:/home/vboxuser/ros2_ws/install/ch_manager:/home/vboxuser/ros2_ws/install/battery_manager:/home/vboxuser/ros2_ws/install/turtle_square_py:/home/vboxuser/ros2_ws/install/python_parameters:/home/vboxuser/ros2_ws/install/py_srvcli:/home/vboxuser/ros2_ws/install/py_pubsub:/home/vboxuser/ros2_ws/install/fibonacci_action:/opt/ros/humble /usr/bin/cmake --build /home/vboxuser/UAV_UGV_netmonitoring/build/uav_msgs -- -j6 -l6
[0.966s] [  1%] Built target uav_msgs__cpp
[1.194s] [ 12%] Built target uav_msgs__rosidl_generator_c
[1.285s] [ 12%] Built target ament_cmake_python_copy_uav_msgs
[1.285s] [ 23%] Built target uav_msgs__rosidl_typesupport_cpp
[1.285s] [ 35%] Built target uav_msgs__rosidl_typesupport_introspection_cpp
[1.308s] [ 46%] Built target uav_msgs__rosidl_typesupport_fastrtps_c
[1.325s] [ 57%] Built target uav_msgs__rosidl_typesupport_fastrtps_cpp
[1.326s] [ 69%] Built target uav_msgs__rosidl_typesupport_c
[1.380s] [ 80%] Built target uav_msgs__rosidl_typesupport_introspection_c
[1.582s] [ 80%] Built target uav_msgs
[1.783s] [ 81%] Built target uav_msgs__py
[2.020s] [ 91%] Built target uav_msgs__rosidl_generator_py
[2.146s] [ 94%] Built target uav_msgs__rosidl_typesupport_fastrtps_c__pyext
[2.169s] [ 97%] Built target uav_msgs__rosidl_typesupport_introspection_c__pyext
[2.194s] [100%] Built target uav_msgs__rosidl_typesupport_c__pyext
[2.448s] running egg_info
[2.449s] writing uav_msgs.egg-info/PKG-INFO
[2.449s] writing dependency_links to uav_msgs.egg-info/dependency_links.txt
[2.449s] writing top-level names to uav_msgs.egg-info/top_level.txt
[2.474s] reading manifest file 'uav_msgs.egg-info/SOURCES.txt'
[2.474s] writing manifest file 'uav_msgs.egg-info/SOURCES.txt'
[2.618s] [100%] Built target ament_cmake_python_build_uav_msgs_egg
[2.792s] Invoked command in '/home/vboxuser/UAV_UGV_netmonitoring/build/uav_msgs' returned '0': CMAKE_PREFIX_PATH=${CMAKE_PREFIX_PATH}:/home/vboxuser/ros2_ws/install/weather_server:/home/vboxuser/ros2_ws/install/ugv_charger:/home/vboxuser/ros2_ws/install/uav_controller:/home/vboxuser/ros2_ws/install/traffic_generator:/home/vboxuser/ros2_ws/install/system_launcher:/home/vboxuser/ros2_ws/install/net_emulator:/home/vboxuser/ros2_ws/install/metrics_aggregator:/home/vboxuser/ros2_ws/install/fault_injector:/home/vboxuser/ros2_ws/install/coverage_planner:/home/vboxuser/ros2_ws/install/ch_manager:/home/vboxuser/ros2_ws/install/battery_manager:/home/vboxuser/ros2_ws/install/turtle_square_py:/home/vboxuser/ros2_ws/install/python_parameters:/home/vboxuser/ros2_ws/install/py_srvcli:/home/vboxuser/ros2_ws/install/py_pubsub:/home/vboxuser/ros2_ws/install/fibonacci_action:/opt/ros/humble /usr/bin/cmake --build /home/vboxuser/UAV_UGV_netmonitoring/build/uav_msgs -- -j6 -l6
[2.793s] Invoking command in '/home/vboxuser/UAV_UGV_netmonitoring/build/uav_msgs': CMAKE_PREFIX_PATH=${CMAKE_PREFIX_PATH}:/home/vboxuser/ros2_ws/install/weather_server:/home/vboxuser/ros2_ws/install/ugv_charger:/home/vboxuser/ros2_ws/install/uav_controller:/home/vboxuser/ros2_ws/install/traffic_generator:/home/vboxuser/ros2_ws/install/system_launcher:/home/vboxuser/ros2_ws/install/net_emulator:/home/vboxuser/ros2_ws/install/metrics_aggregator:/home/vboxuser/ros2_ws/install/fault_injector:/home/vboxuser/ros2_ws/install/coverage_planner:/home/vboxuser/ros2_ws/install/ch_manager:/home/vboxuser/ros2_ws/install/battery_manager:/home/vboxuser/ros2_ws/install/turtle_square_py:/home/vboxuser/ros2_ws/install/python_parameters:/home/vboxuser/ros2_ws/install/py_srvcli:/home/vboxuser/ros2_ws/install/py_pubsub:/home/vboxuser/ros2_ws/install/fibonacci_action:/opt/ros/humble /usr/bin/cmake --install /home/vboxuser/UAV_UGV_netmonitoring/build/uav_msgs
[2.874s] -- Install configuration: ""
[2.874s] -- Up-to-date: /home/vboxuser/UAV_UGV_netmonitoring/install/uav_msgs/share/ament_index/resource_index/rosidl_interfaces/uav_msgs
[2.874s] -- Up-to-date: /home/vboxuser/UAV_UGV_netmonitoring/install/uav_msgs/include/uav_msgs/uav_msgs
[2.874s] -- Up-to-date: /home/vboxuser/UAV_UGV_netmonitoring/install/uav_msgs/include/uav_msgs/uav_msgs/msg
[2.874s] -- Up-to-date: /home/vboxuser/UAV_UGV_netmonitoring/install/uav_msgs/include/uav_msgs/uav_msgs/msg/uav_status.h
[2.874s] -- Up-to-date: /home/vboxuser/UAV_UGV_netmonitoring/install/uav_msgs/include/uav_msgs/uav_msgs/msg/traffic_message.h
[2.874s] -- Up-to-date: /home/vboxuser/UAV_UGV_netmonitoring/install/uav_msgs/include/uav_msgs/uav_msgs/msg/rosidl_generator_c__visibility_control.h
[2.875s] -- Up-to-date: /home/vboxuser/UAV_UGV_netmonitoring/install/uav_msgs/include/uav_msgs/uav_msgs/msg/cluster_info.h
[2.875s] -- Up-to-date: /home/vboxuser/UAV_UGV_netmonitoring/install/uav_msgs/include/uav_msgs/uav_msgs/msg/heartbeat.h
[2.875s] -- Up-to-date: /home/vboxuser/UAV_UGV_netmonitoring/install/uav_msgs/include/uav_msgs/uav_msgs/msg/detail
[2.875s] -- Up-to-date: /home/vboxuser/UAV_UGV_netmonitoring/install/uav_msgs/include/uav_msgs/uav_msgs/msg/detail/traffic_message__functions.c
[2.878s] -- Up-to-date: /home/vboxuser/UAV_UGV_netmonitoring/install/uav_msgs/include/uav_msgs/uav_msgs/msg/detail/heartbeat__functions.h
[2.878s] -- Up-to-date: /home/vboxuser/UAV_UGV_netmonitoring/install/uav_msgs/include/uav_msgs/uav_msgs/msg/detail/heartbeat__functions.c
[2.878s] -- Up-to-date: /home/vboxuser/UAV_UGV_netmonitoring/install/uav_msgs/include/uav_msgs/uav_msgs/msg/detail/cluster_info__functions.c
[2.878s] -- Up-to-date: /home/vboxuser/UAV_UGV_netmonitoring/install/uav_msgs/include/uav_msgs/uav_msgs/msg/detail/uav_status__functions.h
[2.878s] -- Up-to-date: /home/vboxuser/UAV_UGV_netmonitoring/install/uav_msgs/include/uav_msgs/uav_msgs/msg/detail/uav_status__type_support.h
[2.878s] -- Up-to-date: /home/vboxuser/UAV_UGV_netmonitoring/install/uav_msgs/include/uav_msgs/uav_msgs/msg/detail/heartbeat__struct.h
[2.878s] -- Up-to-date: /home/vboxuser/UAV_UGV_netmonitoring/install/uav_msgs/include/uav_msgs/uav_msgs/msg/detail/heartbeat__type_support.h
[2.878s] -- Up-to-date: /home/vboxuser/UAV_UGV_netmonitoring/install/uav_msgs/include/uav_msgs/uav_msgs/msg/detail/uav_status__struct.h
[2.879s] -- Up-to-date: /home/vboxuser/UAV_UGV_netmonitoring/install/uav_msgs/include/uav_msgs/uav_msgs/msg/detail/traffic_message__type_support.h
[2.879s] -- Up-to-date: /home/vboxuser/UAV_UGV_netmonitoring/install/uav_msgs/include/uav_msgs/uav_msgs/msg/detail/cluster_info__functions.h
[2.885s] -- Up-to-date: /home/vboxuser/UAV_UGV_netmonitoring/install/uav_msgs/include/uav_msgs/uav_msgs/msg/detail/cluster_info__struct.h
[2.885s] -- Up-to-date: /home/vboxuser/UAV_UGV_netmonitoring/install/uav_msgs/include/uav_msgs/uav_msgs/msg/detail/uav_status__functions.c
[2.885s] -- Up-to-date: /home/vboxuser/UAV_UGV_netmonitoring/install/uav_msgs/include/uav_msgs/uav_msgs/msg/detail/traffic_message__struct.h
[2.885s] -- Up-to-date: /home/vboxuser/UAV_UGV_netmonitoring/install/uav_msgs/include/uav_msgs/uav_msgs/msg/detail/traffic_message__functions.h
[2.885s] -- Up-to-date: /home/vboxuser/UAV_UGV_netmonitoring/install/uav_msgs/include/uav_msgs/uav_msgs/msg/detail/cluster_info__type_support.h
[2.885s] -- Up-to-date: /home/vboxuser/UAV_UGV_netmonitoring/install/uav_msgs/include/uav_msgs/uav_msgs/action
[2.885s] -- Up-to-date: /home/vboxuser/UAV_UGV_netmonitoring/install/uav_msgs/include/uav_msgs/uav_msgs/action/detail
[2.885s] -- Up-to-date: /home/vboxuser/UAV_UGV_netmonitoring/install/uav_msgs/include/uav_msgs/uav_msgs/action/detail/dock_and_charge__type_support.h
[2.885s] -- Up-to-date: /home/vboxuser/UAV_UGV_netmonitoring/install/uav_msgs/include/uav_msgs/uav_msgs/action/detail/dock_and_charge__functions.c
[2.885s] -- Up-to-date: /home/vboxuser/UAV_UGV_netmonitoring/install/uav_msgs/include/uav_msgs/uav_msgs/action/detail/dock_and_charge__struct.h
[2.886s] -- Up-to-date: /home/vboxuser/UAV_UGV_netmonitoring/install/uav_msgs/include/uav_msgs/uav_msgs/action/detail/dock_and_charge__functions.h
[2.886s] -- Up-to-date: /home/vboxuser/UAV_UGV_netmonitoring/install/uav_msgs/include/uav_msgs/uav_msgs/action/dock_and_charge.h
[2.886s] -- Up-to-date: /home/vboxuser/UAV_UGV_netmonitoring/install/uav_msgs/include/uav_msgs/uav_msgs/srv
[2.886s] -- Up-to-date: /home/vboxuser/UAV_UGV_netmonitoring/install/uav_msgs/include/uav_msgs/uav_msgs/srv/request_charge.h
[2.886s] -- Up-to-date: /home/vboxuser/UAV_UGV_netmonitoring/install/uav_msgs/include/uav_msgs/uav_msgs/srv/detail
[2.886s] -- Up-to-date: /home/vboxuser/UAV_UGV_netmonitoring/install/uav_msgs/include/uav_msgs/uav_msgs/srv/detail/request_charge__type_support.h
[2.886s] -- Up-to-date: /home/vboxuser/UAV_UGV_netmonitoring/install/uav_msgs/include/uav_msgs/uav_msgs/srv/detail/request_charge__functions.h
[2.886s] -- Up-to-date: /home/vboxuser/UAV_UGV_netmonitoring/install/uav_msgs/include/uav_msgs/uav_msgs/srv/detail/request_charge__struct.h
[2.886s] -- Up-to-date: /home/vboxuser/UAV_UGV_netmonitoring/install/uav_msgs/include/uav_msgs/uav_msgs/srv/detail/request_charge__functions.c
[2.886s] -- Up-to-date: /home/vboxuser/UAV_UGV_netmonitoring/install/uav_msgs/share/uav_msgs/environment/library_path.sh
[2.886s] -- Up-to-date: /home/vboxuser/UAV_UGV_netmonitoring/install/uav_msgs/share/uav_msgs/environment/library_path.dsv
[2.886s] -- Up-to-date: /home/vboxuser/UAV_UGV_netmonitoring/install/uav_msgs/lib/libuav_msgs__rosidl_generator_c.so
[2.886s] -- Up-to-date: /home/vboxuser/UAV_UGV_netmonitoring/install/uav_msgs/include/uav_msgs/uav_msgs
[2.886s] -- Up-to-date: /home/vboxuser/UAV_UGV_netmonitoring/install/uav_msgs/include/uav_msgs/uav_msgs/msg
[2.886s] -- Up-to-date: /home/vboxuser/UAV_UGV_netmonitoring/install/uav_msgs/include/uav_msgs/uav_msgs/msg/rosidl_typesupport_fastrtps_c__visibility_control.h
[2.886s] -- Up-to-date: /home/vboxuser/UAV_UGV_netmonitoring/install/uav_msgs/include/uav_msgs/uav_msgs/msg/detail
[2.886s] -- Up-to-date: /home/vboxuser/UAV_UGV_netmonitoring/install/uav_msgs/include/uav_msgs/uav_msgs/msg/detail/heartbeat__rosidl_typesupport_fastrtps_c.h
[2.886s] -- Up-to-date: /home/vboxuser/UAV_UGV_netmonitoring/install/uav_msgs/include/uav_msgs/uav_msgs/msg/detail/uav_status__rosidl_typesupport_fastrtps_c.h
[2.887s] -- Up-to-date: /home/vboxuser/UAV_UGV_netmonitoring/install/uav_msgs/include/uav_msgs/uav_msgs/msg/detail/cluster_info__rosidl_typesupport_fastrtps_c.h
[2.887s] -- Up-to-date: /home/vboxuser/UAV_UGV_netmonitoring/install/uav_msgs/include/uav_msgs/uav_msgs/msg/detail/traffic_message__rosidl_typesupport_fastrtps_c.h
[2.888s] -- Up-to-date: /home/vboxuser/UAV_UGV_netmonitoring/install/uav_msgs/include/uav_msgs/uav_msgs/action
[2.896s] -- Up-to-date: /home/vboxuser/UAV_UGV_netmonitoring/install/uav_msgs/include/uav_msgs/uav_msgs/action/detail
[2.896s] -- Up-to-date: /home/vboxuser/UAV_UGV_netmonitoring/install/uav_msgs/include/uav_msgs/uav_msgs/action/detail/dock_and_charge__rosidl_typesupport_fastrtps_c.h
[2.896s] -- Up-to-date: /home/vboxuser/UAV_UGV_netmonitoring/install/uav_msgs/include/uav_msgs/uav_msgs/srv
[2.896s] -- Up-to-date: /home/vboxuser/UAV_UGV_netmonitoring/install/uav_msgs/include/uav_msgs/uav_msgs/srv/detail
[2.896s] -- Up-to-date: /home/vboxuser/UAV_UGV_netmonitoring/install/uav_msgs/include/uav_msgs/uav_msgs/srv/detail/request_charge__rosidl_typesupport_fastrtps_c.h
[2.896s] -- Up-to-date: /home/vboxuser/UAV_UGV_netmonitoring/install/uav_msgs/lib/libuav_msgs__rosidl_typesupport_fastrtps_c.so
[2.896s] -- Up-to-date: /home/vboxuser/UAV_UGV_netmonitoring/install/uav_msgs/include/uav_msgs/uav_msgs
[2.896s] -- Up-to-date: /home/vboxuser/UAV_UGV_netmonitoring/install/uav_msgs/include/uav_msgs/uav_msgs/msg
[2.896s] -- Up-to-date: /home/vboxuser/UAV_UGV_netmonitoring/install/uav_msgs/include/uav_msgs/uav_msgs/msg/detail
[2.896s] -- Up-to-date: /home/vboxuser/UAV_UGV_netmonitoring/install/uav_msgs/include/uav_msgs/uav_msgs/msg/detail/cluster_info__rosidl_typesupport_introspection_c.h
[2.896s] -- Up-to-date: /home/vboxuser/UAV_UGV_netmonitoring/install/uav_msgs/include/uav_msgs/uav_msgs/msg/detail/heartbeat__rosidl_typesupport_introspection_c.h
[2.896s] -- Up-to-date: /home/vboxuser/UAV_UGV_netmonitoring/install/uav_msgs/include/uav_msgs/uav_msgs/msg/detail/cluster_info__type_support.c
[2.896s] -- Up-to-date: /home/vboxuser/UAV_UGV_netmonitoring/install/uav_msgs/include/uav_msgs/uav_msgs/msg/detail/uav_status__type_support.c
[2.896s] -- Up-to-date: /home/vboxuser/UAV_UGV_netmonitoring/install/uav_msgs/include/uav_msgs/uav_msgs/msg/detail/uav_status__rosidl_typesupport_introspection_c.h
[2.916s] -- Up-to-date: /home/vboxuser/UAV_UGV_netmonitoring/install/uav_msgs/include/uav_msgs/uav_msgs/msg/detail/traffic_message__rosidl_typesupport_introspection_c.h
[2.916s] -- Up-to-date: /home/vboxuser/UAV_UGV_netmonitoring/install/uav_msgs/include/uav_msgs/uav_msgs/msg/detail/heartbeat__type_support.c
[2.916s] -- Up-to-date: /home/vboxuser/UAV_UGV_netmonitoring/install/uav_msgs/include/uav_msgs/uav_msgs/msg/detail/traffic_message__type_support.c
[2.916s] -- Up-to-date: /home/vboxuser/UAV_UGV_netmonitoring/install/uav_msgs/include/uav_msgs/uav_msgs/msg/rosidl_typesupport_introspection_c__visibility_control.h
[2.916s] -- Up-to-date: /home/vboxuser/UAV_UGV_netmonitoring/install/uav_msgs/include/uav_msgs/uav_msgs/action
[2.928s] -- Up-to-date: /home/vboxuser/UAV_UGV_netmonitoring/install/uav_msgs/include/uav_msgs/uav_msgs/action/detail
[2.928s] -- Up-to-date: /home/vboxuser/UAV_UGV_netmonitoring/install/uav_msgs/include/uav_msgs/uav_msgs/action/detail/dock_and_charge__rosidl_typesupport_introspection_c.h
[2.928s] -- Up-to-date: /home/vboxuser/UAV_UGV_netmonitoring/install/uav_msgs/include/uav_msgs/uav_msgs/action/detail/dock_and_charge__type_support.c
[2.928s] -- Up-to-date: /home/vboxuser/UAV_UGV_netmonitoring/install/uav_msgs/include/uav_msgs/uav_msgs/srv
[2.928s] -- Up-to-date: /home/vboxuser/UAV_UGV_netmonitoring/install/uav_msgs/include/uav_msgs/uav_msgs/srv/detail
[2.928s] -- Up-to-date: /home/vboxuser/UAV_UGV_netmonitoring/install/uav_msgs/include/uav_msgs/uav_msgs/srv/detail/request_charge__rosidl_typesupport_introspection_c.h
[2.928s] -- Up-to-date: /home/vboxuser/UAV_UGV_netmonitoring/install/uav_msgs/include/uav_msgs/uav_msgs/srv/detail/request_charge__type_support.c
[2.928s] -- Up-to-date: /home/vboxuser/UAV_UGV_netmonitoring/install/uav_msgs/lib/libuav_msgs__rosidl_typesupport_introspection_c.so
[2.928s] -- Up-to-date: /home/vboxuser/UAV_UGV_netmonitoring/install/uav_msgs/lib/libuav_msgs__rosidl_typesupport_c.so
[2.928s] -- Up-to-date: /home/vboxuser/UAV_UGV_netmonitoring/install/uav_msgs/include/uav_msgs/uav_msgs
[2.929s] -- Up-to-date: /home/vboxuser/UAV_UGV_netmonitoring/install/uav_msgs/include/uav_msgs/uav_msgs/msg
[2.929s] -- Up-to-date: /home/vboxuser/UAV_UGV_netmonitoring/install/uav_msgs/include/uav_msgs/uav_msgs/msg/traffic_message.hpp
[2.929s] -- Up-to-date: /home/vboxuser/UAV_UGV_netmonitoring/install/uav_msgs/include/uav_msgs/uav_msgs/msg/cluster_info.hpp
[2.929s] -- Up-to-date: /home/vboxuser/UAV_UGV_netmonitoring/install/uav_msgs/include/uav_msgs/uav_msgs/msg/rosidl_generator_cpp__visibility_control.hpp
[2.929s] -- Up-to-date: /home/vboxuser/UAV_UGV_netmonitoring/install/uav_msgs/include/uav_msgs/uav_msgs/msg/heartbeat.hpp
[2.929s] -- Up-to-date: /home/vboxuser/UAV_UGV_netmonitoring/install/uav_msgs/include/uav_msgs/uav_msgs/msg/detail
[2.929s] -- Up-to-date: /home/vboxuser/UAV_UGV_netmonitoring/install/uav_msgs/include/uav_msgs/uav_msgs/msg/detail/uav_status__traits.hpp
[2.929s] -- Up-to-date: /home/vboxuser/UAV_UGV_netmonitoring/install/uav_msgs/include/uav_msgs/uav_msgs/msg/detail/traffic_message__traits.hpp
[2.929s] -- Up-to-date: /home/vboxuser/UAV_UGV_netmonitoring/install/uav_msgs/include/uav_msgs/uav_msgs/msg/detail/heartbeat__builder.hpp
[2.929s] -- Up-to-date: /home/vboxuser/UAV_UGV_netmonitoring/install/uav_msgs/include/uav_msgs/uav_msgs/msg/detail/uav_status__builder.hpp
[2.929s] -- Up-to-date: /home/vboxuser/UAV_UGV_netmonitoring/install/uav_msgs/include/uav_msgs/uav_msgs/msg/detail/heartbeat__type_support.hpp
[2.951s] -- Up-to-date: /home/vboxuser/UAV_UGV_netmonitoring/install/uav_msgs/include/uav_msgs/uav_msgs/msg/detail/uav_status__type_support.hpp
[2.952s] -- Up-to-date: /home/vboxuser/UAV_UGV_netmonitoring/install/uav_msgs/include/uav_msgs/uav_msgs/msg/detail/traffic_message__struct.hpp
[2.952s] -- Up-to-date: /home/vboxuser/UAV_UGV_netmonitoring/install/uav_msgs/include/uav_msgs/uav_msgs/msg/detail/heartbeat__traits.hpp
[2.952s] -- Up-to-date: /home/vboxuser/UAV_UGV_netmonitoring/install/uav_msgs/include/uav_msgs/uav_msgs/msg/detail/cluster_info__builder.hpp
[2.952s] -- Up-to-date: /home/vboxuser/UAV_UGV_netmonitoring/install/uav_msgs/include/uav_msgs/uav_msgs/msg/detail/heartbeat__struct.hpp
[2.952s] -- Up-to-date: /home/vboxuser/UAV_UGV_netmonitoring/install/uav_msgs/include/uav_msgs/uav_msgs/msg/detail/uav_status__struct.hpp
[2.952s] -- Up-to-date: /home/vboxuser/UAV_UGV_netmonitoring/install/uav_msgs/include/uav_msgs/uav_msgs/msg/detail/cluster_info__struct.hpp
[2.952s] -- Up-to-date: /home/vboxuser/UAV_UGV_netmonitoring/install/uav_msgs/include/uav_msgs/uav_msgs/msg/detail/traffic_message__type_support.hpp
[2.952s] -- Up-to-date: /home/vboxuser/UAV_UGV_netmonitoring/install/uav_msgs/include/uav_msgs/uav_msgs/msg/detail/cluster_info__traits.hpp
[2.952s] -- Up-to-date: /home/vboxuser/UAV_UGV_netmonitoring/install/uav_msgs/include/uav_msgs/uav_msgs/msg/detail/traffic_message__builder.hpp
[2.952s] -- Up-to-date: /home/vboxuser/UAV_UGV_netmonitoring/install/uav_msgs/include/uav_msgs/uav_msgs/msg/detail/cluster_info__type_support.hpp
[2.952s] -- Up-to-date: /home/vboxuser/UAV_UGV_netmonitoring/install/uav_msgs/include/uav_msgs/uav_msgs/msg/uav_status.hpp
[2.952s] -- Up-to-date: /home/vboxuser/UAV_UGV_netmonitoring/install/uav_msgs/include/uav_msgs/uav_msgs/action
[2.952s] -- Up-to-date: /home/vboxuser/UAV_UGV_netmonitoring/install/uav_msgs/include/uav_msgs/uav_msgs/action/dock_and_charge.hpp
[2.961s] -- Up-to-date: /home/vboxuser/UAV_UGV_netmonitoring/install/uav_msgs/include/uav_msgs/uav_msgs/action/detail
[2.961s] -- Up-to-date: /home/vboxuser/UAV_UGV_netmonitoring/install/uav_msgs/include/uav_msgs/uav_msgs/action/detail/dock_and_charge__struct.hpp
[2.962s] -- Up-to-date: /home/vboxuser/UAV_UGV_netmonitoring/install/uav_msgs/include/uav_msgs/uav_msgs/action/detail/dock_and_charge__type_support.hpp
[2.962s] -- Up-to-date: /home/vboxuser/UAV_UGV_netmonitoring/install/uav_msgs/include/uav_msgs/uav_msgs/action/detail/dock_and_charge__traits.hpp
[2.962s] -- Up-to-date: /home/vboxuser/UAV_UGV_netmonitoring/install/uav_msgs/include/uav_msgs/uav_msgs/action/detail/dock_and_charge__builder.hpp
[2.962s] -- Up-to-date: /home/vboxuser/UAV_UGV_netmonitoring/install/uav_msgs/include/uav_msgs/uav_msgs/srv
[2.962s] -- Up-to-date: /home/vboxuser/UAV_UGV_netmonitoring/install/uav_msgs/include/uav_msgs/uav_msgs/srv/request_charge.hpp
[2.962s] -- Up-to-date: /home/vboxuser/UAV_UGV_netmonitoring/install/uav_msgs/include/uav_msgs/uav_msgs/srv/detail
[2.962s] -- Up-to-date: /home/vboxuser/UAV_UGV_netmonitoring/install/uav_msgs/include/uav_msgs/uav_msgs/srv/detail/request_charge__type_support.hpp
[2.962s] -- Up-to-date: /home/vboxuser/UAV_UGV_netmonitoring/install/uav_msgs/include/uav_msgs/uav_msgs/srv/detail/request_charge__builder.hpp
[2.962s] -- Up-to-date: /home/vboxuser/UAV_UGV_netmonitoring/install/uav_msgs/include/uav_msgs/uav_msgs/srv/detail/request_charge__traits.hpp
[2.962s] -- Up-to-date: /home/vboxuser/UAV_UGV_netmonitoring/install/uav_msgs/include/uav_msgs/uav_msgs/srv/detail/request_charge__struct.hpp
[2.965s] -- Up-to-date: /home/vboxuser/UAV_UGV_netmonitoring/install/uav_msgs/include/uav_msgs/uav_msgs
[2.965s] -- Up-to-date: /home/vboxuser/UAV_UGV_netmonitoring/install/uav_msgs/include/uav_msgs/uav_msgs/msg
[2.965s] -- Up-to-date: /home/vboxuser/UAV_UGV_netmonitoring/install/uav_msgs/include/uav_msgs/uav_msgs/msg/rosidl_typesupport_fastrtps_cpp__visibility_control.h
[2.965s] -- Up-to-date: /home/vboxuser/UAV_UGV_netmonitoring/install/uav_msgs/include/uav_msgs/uav_msgs/msg/detail
[2.965s] -- Up-to-date: /home/vboxuser/UAV_UGV_netmonitoring/install/uav_msgs/include/uav_msgs/uav_msgs/msg/detail/dds_fastrtps
[2.965s] -- Up-to-date: /home/vboxuser/UAV_UGV_netmonitoring/install/uav_msgs/include/uav_msgs/uav_msgs/msg/detail/cluster_info__rosidl_typesupport_fastrtps_cpp.hpp
[2.965s] -- Up-to-date: /home/vboxuser/UAV_UGV_netmonitoring/install/uav_msgs/include/uav_msgs/uav_msgs/msg/detail/heartbeat__rosidl_typesupport_fastrtps_cpp.hpp
[2.965s] -- Up-to-date: /home/vboxuser/UAV_UGV_netmonitoring/install/uav_msgs/include/uav_msgs/uav_msgs/msg/detail/traffic_message__rosidl_typesupport_fastrtps_cpp.hpp
[2.965s] -- Up-to-date: /home/vboxuser/UAV_UGV_netmonitoring/install/uav_msgs/include/uav_msgs/uav_msgs/msg/detail/uav_status__rosidl_typesupport_fastrtps_cpp.hpp
[2.965s] -- Up-to-date: /home/vboxuser/UAV_UGV_netmonitoring/install/uav_msgs/include/uav_msgs/uav_msgs/action
[2.965s] -- Up-to-date: /home/vboxuser/UAV_UGV_netmonitoring/install/uav_msgs/include/uav_msgs/uav_msgs/action/detail
[2.965s] -- Up-to-date: /home/vboxuser/UAV_UGV_netmonitoring/install/uav_msgs/include/uav_msgs/uav_msgs/action/detail/dds_fastrtps
[2.965s] -- Up-to-date: /home/vboxuser/UAV_UGV_netmonitoring/install/uav_msgs/include/uav_msgs/uav_msgs/action/detail/dock_and_charge__rosidl_typesupport_fastrtps_cpp.hpp
[2.965s] -- Up-to-date: /home/vboxuser/UAV_UGV_netmonitoring/install/uav_msgs/include/uav_msgs/uav_msgs/srv
[2.965s] -- Up-to-date: /home/vboxuser/UAV_UGV_netmonitoring/install/uav_msgs/include/uav_msgs/uav_msgs/srv/detail
[2.965s] -- Up-to-date: /home/vboxuser/UAV_UGV_netmonitoring/install/uav_msgs/include/uav_msgs/uav_msgs/srv/detail/dds_fastrtps
[2.965s] -- Up-to-date: /home/vboxuser/UAV_UGV_netmonitoring/install/uav_msgs/include/uav_msgs/uav_msgs/srv/detail/request_charge__rosidl_typesupport_fastrtps_cpp.hpp
[2.965s] -- Up-to-date: /home/vboxuser/UAV_UGV_netmonitoring/install/uav_msgs/lib/libuav_msgs__rosidl_typesupport_fastrtps_cpp.so
[2.965s] -- Up-to-date: /home/vboxuser/UAV_UGV_netmonitoring/install/uav_msgs/include/uav_msgs/uav_msgs
[2.965s] -- Up-to-date: /home/vboxuser/UAV_UGV_netmonitoring/install/uav_msgs/include/uav_msgs/uav_msgs/msg
[2.965s] -- Up-to-date: /home/vboxuser/UAV_UGV_netmonitoring/install/uav_msgs/include/uav_msgs/uav_msgs/msg/detail
[2.965s] -- Up-to-date: /home/vboxuser/UAV_UGV_netmonitoring/install/uav_msgs/include/uav_msgs/uav_msgs/msg/detail/traffic_message__rosidl_typesupport_introspection_cpp.hpp
[2.965s] -- Up-to-date: /home/vboxuser/UAV_UGV_netmonitoring/install/uav_msgs/include/uav_msgs/uav_msgs/msg/detail/heartbeat__rosidl_typesupport_introspection_cpp.hpp
[2.965s] -- Up-to-date: /home/vboxuser/UAV_UGV_netmonitoring/install/uav_msgs/include/uav_msgs/uav_msgs/msg/detail/heartbeat__type_support.cpp
[2.965s] -- Up-to-date: /home/vboxuser/UAV_UGV_netmonitoring/install/uav_msgs/include/uav_msgs/uav_msgs/msg/detail/traffic_message__type_support.cpp
[2.965s] -- Up-to-date: /home/vboxuser/UAV_UGV_netmonitoring/install/uav_msgs/include/uav_msgs/uav_msgs/msg/detail/cluster_info__type_support.cpp
[2.965s] -- Up-to-date: /home/vboxuser/UAV_UGV_netmonitoring/install/uav_msgs/include/uav_msgs/uav_msgs/msg/detail/uav_status__rosidl_typesupport_introspection_cpp.hpp
[2.966s] -- Up-to-date: /home/vboxuser/UAV_UGV_netmonitoring/install/uav_msgs/include/uav_msgs/uav_msgs/msg/detail/uav_status__type_support.cpp
[2.966s] -- Up-to-date: /home/vboxuser/UAV_UGV_netmonitoring/install/uav_msgs/include/uav_msgs/uav_msgs/msg/detail/cluster_info__rosidl_typesupport_introspection_cpp.hpp
[2.966s] -- Up-to-date: /home/vboxuser/UAV_UGV_netmonitoring/install/uav_msgs/include/uav_msgs/uav_msgs/action
[2.966s] -- Up-to-date: /home/vboxuser/UAV_UGV_netmonitoring/install/uav_msgs/include/uav_msgs/uav_msgs/action/detail
[2.966s] -- Up-to-date: /home/vboxuser/UAV_UGV_netmonitoring/install/uav_msgs/include/uav_msgs/uav_msgs/action/detail/dock_and_charge__type_support.cpp
[2.966s] -- Up-to-date: /home/vboxuser/UAV_UGV_netmonitoring/install/uav_msgs/include/uav_msgs/uav_msgs/action/detail/dock_and_charge__rosidl_typesupport_introspection_cpp.hpp
[2.966s] -- Up-to-date: /home/vboxuser/UAV_UGV_netmonitoring/install/uav_msgs/include/uav_msgs/uav_msgs/srv
[2.967s] -- Up-to-date: /home/vboxuser/UAV_UGV_netmonitoring/install/uav_msgs/include/uav_msgs/uav_msgs/srv/detail
[2.967s] -- Up-to-date: /home/vboxuser/UAV_UGV_netmonitoring/install/uav_msgs/include/uav_msgs/uav_msgs/srv/detail/request_charge__rosidl_typesupport_introspection_cpp.hpp
[2.967s] -- Up-to-date: /home/vboxuser/UAV_UGV_netmonitoring/install/uav_msgs/include/uav_msgs/uav_msgs/srv/detail/request_charge__type_support.cpp
[2.967s] -- Up-to-date: /home/vboxuser/UAV_UGV_netmonitoring/install/uav_msgs/lib/libuav_msgs__rosidl_typesupport_introspection_cpp.so
[2.967s] -- Up-to-date: /home/vboxuser/UAV_UGV_netmonitoring/install/uav_msgs/lib/libuav_msgs__rosidl_typesupport_cpp.so
[2.967s] -- Up-to-date: /home/vboxuser/UAV_UGV_netmonitoring/install/uav_msgs/share/uav_msgs/environment/pythonpath.sh
[2.967s] -- Up-to-date: /home/vboxuser/UAV_UGV_netmonitoring/install/uav_msgs/share/uav_msgs/environment/pythonpath.dsv
[2.967s] -- Up-to-date: /home/vboxuser/UAV_UGV_netmonitoring/install/uav_msgs/local/lib/python3.10/dist-packages/uav_msgs-0.0.0-py3.10.egg-info
[2.967s] -- Installing: /home/vboxuser/UAV_UGV_netmonitoring/install/uav_msgs/local/lib/python3.10/dist-packages/uav_msgs-0.0.0-py3.10.egg-info/top_level.txt
[2.967s] -- Installing: /home/vboxuser/UAV_UGV_netmonitoring/install/uav_msgs/local/lib/python3.10/dist-packages/uav_msgs-0.0.0-py3.10.egg-info/SOURCES.txt
[2.967s] -- Installing: /home/vboxuser/UAV_UGV_netmonitoring/install/uav_msgs/local/lib/python3.10/dist-packages/uav_msgs-0.0.0-py3.10.egg-info/PKG-INFO
[2.967s] -- Installing: /home/vboxuser/UAV_UGV_netmonitoring/install/uav_msgs/local/lib/python3.10/dist-packages/uav_msgs-0.0.0-py3.10.egg-info/dependency_links.txt
[2.967s] -- Up-to-date: /home/vboxuser/UAV_UGV_netmonitoring/install/uav_msgs/local/lib/python3.10/dist-packages/uav_msgs
[2.967s] -- Up-to-date: /home/vboxuser/UAV_UGV_netmonitoring/install/uav_msgs/local/lib/python3.10/dist-packages/uav_msgs/__init__.py
[2.967s] -- Up-to-date: /home/vboxuser/UAV_UGV_netmonitoring/install/uav_msgs/local/lib/python3.10/dist-packages/uav_msgs/libuav_msgs__rosidl_generator_py.so
[2.972s] -- Up-to-date: /home/vboxuser/UAV_UGV_netmonitoring/install/uav_msgs/local/lib/python3.10/dist-packages/uav_msgs/msg
[2.972s] -- Up-to-date: /home/vboxuser/UAV_UGV_netmonitoring/install/uav_msgs/local/lib/python3.10/dist-packages/uav_msgs/msg/__init__.py
[2.972s] -- Up-to-date: /home/vboxuser/UAV_UGV_netmonitoring/install/uav_msgs/local/lib/python3.10/dist-packages/uav_msgs/msg/_uav_status.py
[2.972s] -- Up-to-date: /home/vboxuser/UAV_UGV_netmonitoring/install/uav_msgs/local/lib/python3.10/dist-packages/uav_msgs/msg/_heartbeat.py
[2.972s] -- Up-to-date: /home/vboxuser/UAV_UGV_netmonitoring/install/uav_msgs/local/lib/python3.10/dist-packages/uav_msgs/msg/_cluster_info.py
[2.972s] -- Up-to-date: /home/vboxuser/UAV_UGV_netmonitoring/install/uav_msgs/local/lib/python3.10/dist-packages/uav_msgs/msg/_heartbeat_s.c
[2.972s] -- Up-to-date: /home/vboxuser/UAV_UGV_netmonitoring/install/uav_msgs/local/lib/python3.10/dist-packages/uav_msgs/msg/_uav_status_s.c
[2.972s] -- Up-to-date: /home/vboxuser/UAV_UGV_netmonitoring/install/uav_msgs/local/lib/python3.10/dist-packages/uav_msgs/msg/_traffic_message_s.c
[2.972s] -- Up-to-date: /home/vboxuser/UAV_UGV_netmonitoring/install/uav_msgs/local/lib/python3.10/dist-packages/uav_msgs/msg/_cluster_info_s.c
[2.972s] -- Up-to-date: /home/vboxuser/UAV_UGV_netmonitoring/install/uav_msgs/local/lib/python3.10/dist-packages/uav_msgs/msg/_traffic_message.py
[2.972s] -- Up-to-date: /home/vboxuser/UAV_UGV_netmonitoring/install/uav_msgs/local/lib/python3.10/dist-packages/uav_msgs/_uav_msgs_s.ep.rosidl_typesupport_c.c
[2.972s] -- Up-to-date: /home/vboxuser/UAV_UGV_netmonitoring/install/uav_msgs/local/lib/python3.10/dist-packages/uav_msgs/uav_msgs_s__rosidl_typesupport_introspection_c.cpython-310-x86_64-linux-gnu.so
[2.972s] -- Up-to-date: /home/vboxuser/UAV_UGV_netmonitoring/install/uav_msgs/local/lib/python3.10/dist-packages/uav_msgs/action
[2.972s] -- Up-to-date: /home/vboxuser/UAV_UGV_netmonitoring/install/uav_msgs/local/lib/python3.10/dist-packages/uav_msgs/action/__init__.py
[2.972s] -- Up-to-date: /home/vboxuser/UAV_UGV_netmonitoring/install/uav_msgs/local/lib/python3.10/dist-packages/uav_msgs/action/_dock_and_charge_s.c
[2.972s] -- Up-to-date: /home/vboxuser/UAV_UGV_netmonitoring/install/uav_msgs/local/lib/python3.10/dist-packages/uav_msgs/action/_dock_and_charge.py
[2.972s] -- Up-to-date: /home/vboxuser/UAV_UGV_netmonitoring/install/uav_msgs/local/lib/python3.10/dist-packages/uav_msgs/srv
[2.972s] -- Up-to-date: /home/vboxuser/UAV_UGV_netmonitoring/install/uav_msgs/local/lib/python3.10/dist-packages/uav_msgs/srv/__init__.py
[2.972s] -- Up-to-date: /home/vboxuser/UAV_UGV_netmonitoring/install/uav_msgs/local/lib/python3.10/dist-packages/uav_msgs/srv/_request_charge_s.c
[2.972s] -- Up-to-date: /home/vboxuser/UAV_UGV_netmonitoring/install/uav_msgs/local/lib/python3.10/dist-packages/uav_msgs/srv/_request_charge.py
[2.972s] -- Up-to-date: /home/vboxuser/UAV_UGV_netmonitoring/install/uav_msgs/local/lib/python3.10/dist-packages/uav_msgs/_uav_msgs_s.ep.rosidl_typesupport_introspection_c.c
[2.972s] -- Up-to-date: /home/vboxuser/UAV_UGV_netmonitoring/install/uav_msgs/local/lib/python3.10/dist-packages/uav_msgs/uav_msgs_s__rosidl_typesupport_fastrtps_c.cpython-310-x86_64-linux-gnu.so
[2.972s] -- Up-to-date: /home/vboxuser/UAV_UGV_netmonitoring/install/uav_msgs/local/lib/python3.10/dist-packages/uav_msgs/_uav_msgs_s.ep.rosidl_typesupport_fastrtps_c.c
[2.972s] -- Up-to-date: /home/vboxuser/UAV_UGV_netmonitoring/install/uav_msgs/local/lib/python3.10/dist-packages/uav_msgs/uav_msgs_s__rosidl_typesupport_c.cpython-310-x86_64-linux-gnu.so
[3.072s] Listing '/home/vboxuser/UAV_UGV_netmonitoring/install/uav_msgs/local/lib/python3.10/dist-packages/uav_msgs'...
[3.072s] Listing '/home/vboxuser/UAV_UGV_netmonitoring/install/uav_msgs/local/lib/python3.10/dist-packages/uav_msgs/action'...
[3.072s] Listing '/home/vboxuser/UAV_UGV_netmonitoring/install/uav_msgs/local/lib/python3.10/dist-packages/uav_msgs/msg'...
[3.072s] Listing '/home/vboxuser/UAV_UGV_netmonitoring/install/uav_msgs/local/lib/python3.10/dist-packages/uav_msgs/srv'...
[3.084s] -- Up-to-date: /home/vboxuser/UAV_UGV_netmonitoring/install/uav_msgs/local/lib/python3.10/dist-packages/uav_msgs/uav_msgs_s__rosidl_typesupport_fastrtps_c.cpython-310-x86_64-linux-gnu.so
[3.084s] -- Up-to-date: /home/vboxuser/UAV_UGV_netmonitoring/install/uav_msgs/local/lib/python3.10/dist-packages/uav_msgs/uav_msgs_s__rosidl_typesupport_introspection_c.cpython-310-x86_64-linux-gnu.so
[3.087s] -- Up-to-date: /home/vboxuser/UAV_UGV_netmonitoring/install/uav_msgs/local/lib/python3.10/dist-packages/uav_msgs/uav_msgs_s__rosidl_typesupport_c.cpython-310-x86_64-linux-gnu.so
[3.087s] -- Up-to-date: /home/vboxuser/UAV_UGV_netmonitoring/install/uav_msgs/lib/libuav_msgs__rosidl_generator_py.so
[3.089s] -- Up-to-date: /home/vboxuser/UAV_UGV_netmonitoring/install/uav_msgs/share/uav_msgs/msg/UavStatus.idl
[3.089s] -- Up-to-date: /home/vboxuser/UAV_UGV_netmonitoring/install/uav_msgs/share/uav_msgs/msg/Heartbeat.idl
[3.091s] -- Up-to-date: /home/vboxuser/UAV_UGV_netmonitoring/install/uav_msgs/share/uav_msgs/msg/TrafficMessage.idl
[3.093s] -- Up-to-date: /home/vboxuser/UAV_UGV_netmonitoring/install/uav_msgs/share/uav_msgs/msg/ClusterInfo.idl
[3.093s] -- Up-to-date: /home/vboxuser/UAV_UGV_netmonitoring/install/uav_msgs/share/uav_msgs/srv/RequestCharge.idl
[3.093s] -- Up-to-date: /home/vboxuser/UAV_UGV_netmonitoring/install/uav_msgs/share/uav_msgs/action/DockAndCharge.idl
[3.093s] -- Up-to-date: /home/vboxuser/UAV_UGV_netmonitoring/install/uav_msgs/share/uav_msgs/msg/UavStatus.msg
[3.093s] -- Up-to-date: /home/vboxuser/UAV_UGV_netmonitoring/install/uav_msgs/share/uav_msgs/msg/Heartbeat.msg
[3.093s] -- Up-to-date: /home/vboxuser/UAV_UGV_netmonitoring/install/uav_msgs/share/uav_msgs/msg/TrafficMessage.msg
[3.094s] -- Up-to-date: /home/vboxuser/UAV_UGV_netmonitoring/install/uav_msgs/share/uav_msgs/msg/ClusterInfo.msg
[3.094s] -- Up-to-date: /home/vboxuser/UAV_UGV_netmonitoring/install/uav_msgs/share/uav_msgs/srv/RequestCharge.srv
[3.095s] -- Up-to-date: /home/vboxuser/UAV_UGV_netmonitoring/install/uav_msgs/share/uav_msgs/srv/RequestCharge_Request.msg
[3.095s] -- Up-to-date: /home/vboxuser/UAV_UGV_netmonitoring/install/uav_msgs/share/uav_msgs/srv/RequestCharge_Response.msg
[3.097s] -- Up-to-date: /home/vboxuser/UAV_UGV_netmonitoring/install/uav_msgs/share/uav_msgs/action/DockAndCharge.action
[3.097s] -- Up-to-date: /home/vboxuser/UAV_UGV_netmonitoring/install/uav_msgs/share/ament_index/resource_index/package_run_dependencies/uav_msgs
[3.097s] -- Up-to-date: /home/vboxuser/UAV_UGV_netmonitoring/install/uav_msgs/share/ament_index/resource_index/parent_prefix_path/uav_msgs
[3.097s] -- Up-to-date: /home/vboxuser/UAV_UGV_netmonitoring/install/uav_msgs/share/uav_msgs/environment/ament_prefix_path.sh
[3.097s] -- Up-to-date: /home/vboxuser/UAV_UGV_netmonitoring/install/uav_msgs/share/uav_msgs/environment/ament_prefix_path.dsv
[3.097s] -- Up-to-date: /home/vboxuser/UAV_UGV_netmonitoring/install/uav_msgs/share/uav_msgs/environment/path.sh
[3.098s] -- Up-to-date: /home/vboxuser/UAV_UGV_netmonitoring/install/uav_msgs/share/uav_msgs/environment/path.dsv
[3.099s] -- Up-to-date: /home/vboxuser/UAV_UGV_netmonitoring/install/uav_msgs/share/uav_msgs/local_setup.bash
[3.099s] -- Up-to-date: /home/vboxuser/UAV_UGV_netmonitoring/install/uav_msgs/share/uav_msgs/local_setup.sh
[3.099s] -- Up-to-date: /home/vboxuser/UAV_UGV_netmonitoring/install/uav_msgs/share/uav_msgs/local_setup.zsh
[3.099s] -- Up-to-date: /home/vboxuser/UAV_UGV_netmonitoring/install/uav_msgs/share/uav_msgs/local_setup.dsv
[3.102s] -- Installing: /home/vboxuser/UAV_UGV_netmonitoring/install/uav_msgs/share/uav_msgs/package.dsv
[3.102s] -- Up-to-date: /home/vboxuser/UAV_UGV_netmonitoring/install/uav_msgs/share/ament_index/resource_index/packages/uav_msgs
[3.102s] -- Up-to-date: /home/vboxuser/UAV_UGV_netmonitoring/install/uav_msgs/share/uav_msgs/cmake/export_uav_msgs__rosidl_generator_cExport.cmake
[3.103s] -- Up-to-date: /home/vboxuser/UAV_UGV_netmonitoring/install/uav_msgs/share/uav_msgs/cmake/export_uav_msgs__rosidl_generator_cExport-noconfig.cmake
[3.103s] -- Up-to-date: /home/vboxuser/UAV_UGV_netmonitoring/install/uav_msgs/share/uav_msgs/cmake/export_uav_msgs__rosidl_typesupport_fastrtps_cExport.cmake
[3.103s] -- Up-to-date: /home/vboxuser/UAV_UGV_netmonitoring/install/uav_msgs/share/uav_msgs/cmake/export_uav_msgs__rosidl_typesupport_fastrtps_cExport-noconfig.cmake
[3.103s] -- Up-to-date: /home/vboxuser/UAV_UGV_netmonitoring/install/uav_msgs/share/uav_msgs/cmake/uav_msgs__rosidl_typesupport_introspection_cExport.cmake
[3.103s] -- Up-to-date: /home/vboxuser/UAV_UGV_netmonitoring/install/uav_msgs/share/uav_msgs/cmake/uav_msgs__rosidl_typesupport_introspection_cExport-noconfig.cmake
[3.103s] -- Up-to-date: /home/vboxuser/UAV_UGV_netmonitoring/install/uav_msgs/share/uav_msgs/cmake/uav_msgs__rosidl_typesupport_cExport.cmake
[3.104s] -- Up-to-date: /home/vboxuser/UAV_UGV_netmonitoring/install/uav_msgs/share/uav_msgs/cmake/uav_msgs__rosidl_typesupport_cExport-noconfig.cmake
[3.105s] -- Up-to-date: /home/vboxuser/UAV_UGV_netmonitoring/install/uav_msgs/share/uav_msgs/cmake/export_uav_msgs__rosidl_generator_cppExport.cmake
[3.105s] -- Up-to-date: /home/vboxuser/UAV_UGV_netmonitoring/install/uav_msgs/share/uav_msgs/cmake/export_uav_msgs__rosidl_typesupport_fastrtps_cppExport.cmake
[3.109s] -- Up-to-date: /home/vboxuser/UAV_UGV_netmonitoring/install/uav_msgs/share/uav_msgs/cmake/export_uav_msgs__rosidl_typesupport_fastrtps_cppExport-noconfig.cmake
[3.123s] -- Up-to-date: /home/vboxuser/UAV_UGV_netmonitoring/install/uav_msgs/share/uav_msgs/cmake/uav_msgs__rosidl_typesupport_introspection_cppExport.cmake
[3.123s] -- Up-to-date: /home/vboxuser/UAV_UGV_netmonitoring/install/uav_msgs/share/uav_msgs/cmake/uav_msgs__rosidl_typesupport_introspection_cppExport-noconfig.cmake
[3.125s] -- Up-to-date: /home/vboxuser/UAV_UGV_netmonitoring/install/uav_msgs/share/uav_msgs/cmake/uav_msgs__rosidl_typesupport_cppExport.cmake
[3.125s] -- Up-to-date: /home/vboxuser/UAV_UGV_netmonitoring/install/uav_msgs/share/uav_msgs/cmake/uav_msgs__rosidl_typesupport_cppExport-noconfig.cmake
[3.125s] -- Up-to-date: /home/vboxuser/UAV_UGV_netmonitoring/install/uav_msgs/share/uav_msgs/cmake/export_uav_msgs__rosidl_generator_pyExport.cmake
[3.125s] -- Up-to-date: /home/vboxuser/UAV_UGV_netmonitoring/install/uav_msgs/share/uav_msgs/cmake/export_uav_msgs__rosidl_generator_pyExport-noconfig.cmake
[3.125s] -- Up-to-date: /home/vboxuser/UAV_UGV_netmonitoring/install/uav_msgs/share/uav_msgs/cmake/rosidl_cmake-extras.cmake
[3.125s] -- Up-to-date: /home/vboxuser/UAV_UGV_netmonitoring/install/uav_msgs/share/uav_msgs/cmake/ament_cmake_export_dependencies-extras.cmake
[3.125s] -- Up-to-date: /home/vboxuser/UAV_UGV_netmonitoring/install/uav_msgs/share/uav_msgs/cmake/ament_cmake_export_include_directories-extras.cmake
[3.125s] -- Up-to-date: /home/vboxuser/UAV_UGV_netmonitoring/install/uav_msgs/share/uav_msgs/cmake/ament_cmake_export_libraries-extras.cmake
[3.125s] -- Up-to-date: /home/vboxuser/UAV_UGV_netmonitoring/install/uav_msgs/share/uav_msgs/cmake/ament_cmake_export_targets-extras.cmake
[3.125s] -- Up-to-date: /home/vboxuser/UAV_UGV_netmonitoring/install/uav_msgs/share/uav_msgs/cmake/rosidl_cmake_export_typesupport_targets-extras.cmake
[3.125s] -- Up-to-date: /home/vboxuser/UAV_UGV_netmonitoring/install/uav_msgs/share/uav_msgs/cmake/rosidl_cmake_export_typesupport_libraries-extras.cmake
[3.125s] -- Up-to-date: /home/vboxuser/UAV_UGV_netmonitoring/install/uav_msgs/share/uav_msgs/cmake/uav_msgsConfig.cmake
[3.125s] -- Up-to-date: /home/vboxuser/UAV_UGV_netmonitoring/install/uav_msgs/share/uav_msgs/cmake/uav_msgsConfig-version.cmake
[3.150s] -- Up-to-date: /home/vboxuser/UAV_UGV_netmonitoring/install/uav_msgs/share/uav_msgs/package.xml
[3.167s] Invoked command in '/home/vboxuser/UAV_UGV_netmonitoring/build/uav_msgs' returned '0': CMAKE_PREFIX_PATH=${CMAKE_PREFIX_PATH}:/home/vboxuser/ros2_ws/install/weather_server:/home/vboxuser/ros2_ws/install/ugv_charger:/home/vboxuser/ros2_ws/install/uav_controller:/home/vboxuser/ros2_ws/install/traffic_generator:/home/vboxuser/ros2_ws/install/system_launcher:/home/vboxuser/ros2_ws/install/net_emulator:/home/vboxuser/ros2_ws/install/metrics_aggregator:/home/vboxuser/ros2_ws/install/fault_injector:/home/vboxuser/ros2_ws/install/coverage_planner:/home/vboxuser/ros2_ws/install/ch_manager:/home/vboxuser/ros2_ws/install/battery_manager:/home/vboxuser/ros2_ws/install/turtle_square_py:/home/vboxuser/ros2_ws/install/python_parameters:/home/vboxuser/ros2_ws/install/py_srvcli:/home/vboxuser/ros2_ws/install/py_pubsub:/home/vboxuser/ros2_ws/install/fibonacci_action:/opt/ros/humble /usr/bin/cmake --install /home/vboxuser/UAV_UGV_netmonitoring/build/uav_msgs
